[0.038s] Invoking command in '/home/hidro/galactic_ws/build/hidro_robots': CMAKE_PREFIX_PATH=${CMAKE_PREFIX_PATH}:/opt/ros/galactic /usr/bin/cmake --build /home/hidro/galactic_ws/build/hidro_robots -- -j8 -l8
[0.089s] Invoked command in '/home/hidro/galactic_ws/build/hidro_robots' returned '0': CMAKE_PREFIX_PATH=${CMAKE_PREFIX_PATH}:/opt/ros/galactic /usr/bin/cmake --build /home/hidro/galactic_ws/build/hidro_robots -- -j8 -l8
[0.139s] Invoking command in '/home/hidro/galactic_ws/build/hidro_robots': CMAKE_PREFIX_PATH=${CMAKE_PREFIX_PATH}:/opt/ros/galactic /usr/bin/cmake --install /home/hidro/galactic_ws/build/hidro_robots
[0.153s] -- Install configuration: "Release"
[0.154s] -- Up-to-date: /home/hidro/galactic_ws/install/hidro_robots/share/hidro_robots//robots
[0.155s] -- Up-to-date: /home/hidro/galactic_ws/install/hidro_robots/share/hidro_robots//robots/borinot
[0.155s] -- Up-to-date: /home/hidro/galactic_ws/install/hidro_robots/share/hidro_robots//robots/borinot/meshes
[0.155s] -- Up-to-date: /home/hidro/galactic_ws/install/hidro_robots/share/hidro_robots//robots/borinot/meshes/borinot__base_link.dae
[0.156s] -- Up-to-date: /home/hidro/galactic_ws/install/hidro_robots/share/hidro_robots//robots/borinot/meshes/hexacopter370.dae
[0.156s] -- Up-to-date: /home/hidro/galactic_ws/install/hidro_robots/share/hidro_robots//robots/borinot/meshes/propeller_cw.dae
[0.156s] -- Up-to-date: /home/hidro/galactic_ws/install/hidro_robots/share/hidro_robots//robots/borinot/meshes/propeller_ccw.dae
[0.157s] -- Up-to-date: /home/hidro/galactic_ws/install/hidro_robots/share/hidro_robots//robots/borinot/model.config
[0.158s] -- Up-to-date: /home/hidro/galactic_ws/install/hidro_robots/share/hidro_robots//robots/borinot/borinot.urdf
[0.158s] -- Up-to-date: /home/hidro/galactic_ws/install/hidro_robots/share/hidro_robots//robots/borinot/borinot.sdf
[0.159s] -- Up-to-date: /home/hidro/galactic_ws/install/hidro_robots/share/hidro_robots//robots/iris_px4
[0.159s] -- Up-to-date: /home/hidro/galactic_ws/install/hidro_robots/share/hidro_robots//robots/iris_px4/meshes
[0.159s] -- Up-to-date: /home/hidro/galactic_ws/install/hidro_robots/share/hidro_robots//robots/iris_px4/meshes/iris_prop_ccw.dae
[0.159s] -- Up-to-date: /home/hidro/galactic_ws/install/hidro_robots/share/hidro_robots//robots/iris_px4/meshes/iris.stl
[0.160s] -- Up-to-date: /home/hidro/galactic_ws/install/hidro_robots/share/hidro_robots//robots/iris_px4/meshes/iris_prop_cw.dae
[0.160s] -- Up-to-date: /home/hidro/galactic_ws/install/hidro_robots/share/hidro_robots//robots/iris_px4/iris_px4.urdf
[0.160s] -- Up-to-date: /home/hidro/galactic_ws/install/hidro_robots/share/hidro_robots//robots/hexacopter370_flying_arm_3
[0.160s] -- Up-to-date: /home/hidro/galactic_ws/install/hidro_robots/share/hidro_robots//robots/hexacopter370_flying_arm_3/hexacopter370_flying_arm_3.urdf
[0.161s] -- Up-to-date: /home/hidro/galactic_ws/install/hidro_robots/share/hidro_robots//robots/hexacopter370_flying_arm_3/meshes
[0.161s] -- Up-to-date: /home/hidro/galactic_ws/install/hidro_robots/share/hidro_robots//robots/hexacopter370_flying_arm_3/meshes/hexacopter370.dae
[0.161s] -- Up-to-date: /home/hidro/galactic_ws/install/hidro_robots/share/hidro_robots//robots/hexacopter370_flying_arm_3/meshes/base_link.dae
[0.161s] -- Up-to-date: /home/hidro/galactic_ws/install/hidro_robots/share/hidro_robots//robots/hexacopter370_flying_arm_3/meshes/propeller_cw.dae
[0.161s] -- Up-to-date: /home/hidro/galactic_ws/install/hidro_robots/share/hidro_robots//robots/hexacopter370_flying_arm_3/meshes/link_1.dae
[0.162s] -- Up-to-date: /home/hidro/galactic_ws/install/hidro_robots/share/hidro_robots//robots/hexacopter370_flying_arm_3/meshes/link_2.dae
[0.162s] -- Up-to-date: /home/hidro/galactic_ws/install/hidro_robots/share/hidro_robots//robots/hexacopter370_flying_arm_3/meshes/link_3.dae
[0.162s] -- Up-to-date: /home/hidro/galactic_ws/install/hidro_robots/share/hidro_robots//robots/hexacopter370_flying_arm_3/meshes/propeller_ccw.dae
[0.163s] -- Up-to-date: /home/hidro/galactic_ws/install/hidro_robots/share/hidro_robots//robots/borinot_flying_arm_2
[0.163s] -- Up-to-date: /home/hidro/galactic_ws/install/hidro_robots/share/hidro_robots//robots/borinot_flying_arm_2/borinot_flying_arm_2.urdf
[0.164s] -- Up-to-date: /home/hidro/galactic_ws/install/hidro_robots/share/hidro_robots//robots/borinot_flying_arm_2/meshes
[0.164s] -- Up-to-date: /home/hidro/galactic_ws/install/hidro_robots/share/hidro_robots//robots/borinot_flying_arm_2/meshes/borinot__base_link.dae
[0.164s] -- Up-to-date: /home/hidro/galactic_ws/install/hidro_robots/share/hidro_robots//robots/borinot_flying_arm_2/meshes/flying_arm_2__link2.dae
[0.164s] -- Up-to-date: /home/hidro/galactic_ws/install/hidro_robots/share/hidro_robots//robots/borinot_flying_arm_2/meshes/propeller_cw.dae
[0.164s] -- Up-to-date: /home/hidro/galactic_ws/install/hidro_robots/share/hidro_robots//robots/borinot_flying_arm_2/meshes/flying_arm_2__link1.dae
[0.165s] -- Up-to-date: /home/hidro/galactic_ws/install/hidro_robots/share/hidro_robots//robots/borinot_flying_arm_2/meshes/propeller_ccw.dae
[0.165s] -- Up-to-date: /home/hidro/galactic_ws/install/hidro_robots/share/hidro_robots//robots/borinot_flying_arm_2/model.config
[0.165s] -- Up-to-date: /home/hidro/galactic_ws/install/hidro_robots/share/hidro_robots//robots/borinot_flying_arm_2/borinot_flying_arm_2.sdf
[0.165s] -- Up-to-date: /home/hidro/galactic_ws/install/hidro_robots/share/hidro_robots//robots/iris
[0.165s] -- Up-to-date: /home/hidro/galactic_ws/install/hidro_robots/share/hidro_robots//robots/iris/meshes
[0.165s] -- Up-to-date: /home/hidro/galactic_ws/install/hidro_robots/share/hidro_robots//robots/iris/meshes/iris_prop_ccw.dae
[0.165s] -- Up-to-date: /home/hidro/galactic_ws/install/hidro_robots/share/hidro_robots//robots/iris/meshes/iris.stl
[0.166s] -- Up-to-date: /home/hidro/galactic_ws/install/hidro_robots/share/hidro_robots//robots/iris/meshes/iris_prop_cw.dae
[0.166s] -- Up-to-date: /home/hidro/galactic_ws/install/hidro_robots/share/hidro_robots//robots/iris/iris_px4.urdf
[0.166s] -- Up-to-date: /home/hidro/galactic_ws/install/hidro_robots/share/hidro_robots//robots/iris/iris.urdf
[0.166s] -- Up-to-date: /home/hidro/galactic_ws/install/hidro_robots/share/hidro_robots//robots/hextilt
[0.166s] -- Up-to-date: /home/hidro/galactic_ws/install/hidro_robots/share/hidro_robots//robots/hextilt/meshes
[0.166s] -- Up-to-date: /home/hidro/galactic_ws/install/hidro_robots/share/hidro_robots//robots/hextilt/meshes/hextilt.dae
[0.166s] -- Up-to-date: /home/hidro/galactic_ws/install/hidro_robots/share/hidro_robots//robots/hextilt/hextilt.urdf
[0.167s] -- Up-to-date: /home/hidro/galactic_ws/install/hidro_robots/share/hidro_robots//robots/hextilt_flying_arm_5
[0.167s] -- Up-to-date: /home/hidro/galactic_ws/install/hidro_robots/share/hidro_robots//robots/hextilt_flying_arm_5/meshes
[0.167s] -- Up-to-date: /home/hidro/galactic_ws/install/hidro_robots/share/hidro_robots//robots/hextilt_flying_arm_5/meshes/base_link.dae
[0.167s] -- Up-to-date: /home/hidro/galactic_ws/install/hidro_robots/share/hidro_robots//robots/hextilt_flying_arm_5/meshes/link_5.dae
[0.168s] -- Up-to-date: /home/hidro/galactic_ws/install/hidro_robots/share/hidro_robots//robots/hextilt_flying_arm_5/meshes/link_1.dae
[0.168s] -- Up-to-date: /home/hidro/galactic_ws/install/hidro_robots/share/hidro_robots//robots/hextilt_flying_arm_5/meshes/link_4.dae
[0.168s] -- Up-to-date: /home/hidro/galactic_ws/install/hidro_robots/share/hidro_robots//robots/hextilt_flying_arm_5/meshes/hextilt.dae
[0.168s] -- Up-to-date: /home/hidro/galactic_ws/install/hidro_robots/share/hidro_robots//robots/hextilt_flying_arm_5/meshes/link_2.dae
[0.168s] -- Up-to-date: /home/hidro/galactic_ws/install/hidro_robots/share/hidro_robots//robots/hextilt_flying_arm_5/meshes/link_3.dae
[0.169s] -- Up-to-date: /home/hidro/galactic_ws/install/hidro_robots/share/hidro_robots//robots/hextilt_flying_arm_5/hextilt_flying_arm_5.urdf
[0.171s] -- Up-to-date: /home/hidro/galactic_ws/install/hidro_robots/share/hidro_robots//robots/hexacopter370
[0.175s] -- Up-to-date: /home/hidro/galactic_ws/install/hidro_robots/share/hidro_robots//robots/hexacopter370/hexacopter370.urdf
[0.176s] -- Up-to-date: /home/hidro/galactic_ws/install/hidro_robots/share/hidro_robots//robots/hexacopter370/meshes
[0.183s] -- Up-to-date: /home/hidro/galactic_ws/install/hidro_robots/share/hidro_robots//robots/hexacopter370/meshes/hexacopter370.dae
[0.185s] -- Up-to-date: /home/hidro/galactic_ws/install/hidro_robots/share/hidro_robots//robots/hexacopter370/meshes/propeller_cw.dae
[0.185s] -- Up-to-date: /home/hidro/galactic_ws/install/hidro_robots/share/hidro_robots//robots/hexacopter370/meshes/propeller_ccw.dae
[0.185s] -- Up-to-date: /home/hidro/galactic_ws/install/hidro_robots/share/hidro_robots//robots/hexacopter680_flying_arm_2
[0.186s] -- Up-to-date: /home/hidro/galactic_ws/install/hidro_robots/share/hidro_robots//robots/hexacopter680_flying_arm_2/meshes
[0.186s] -- Up-to-date: /home/hidro/galactic_ws/install/hidro_robots/share/hidro_robots//robots/hexacopter680_flying_arm_2/meshes/link1.dae
[0.186s] -- Up-to-date: /home/hidro/galactic_ws/install/hidro_robots/share/hidro_robots//robots/hexacopter680_flying_arm_2/meshes/base_link.dae
[0.186s] -- Up-to-date: /home/hidro/galactic_ws/install/hidro_robots/share/hidro_robots//robots/hexacopter680_flying_arm_2/meshes/link2.dae
[0.187s] -- Up-to-date: /home/hidro/galactic_ws/install/hidro_robots/share/hidro_robots//robots/hexacopter680_flying_arm_2/meshes/hexacopter680.dae
[0.187s] -- Up-to-date: /home/hidro/galactic_ws/install/hidro_robots/share/hidro_robots//robots/hexacopter680_flying_arm_2/hexacopter680_flying_arm_2.urdf
[0.188s] -- Up-to-date: /home/hidro/galactic_ws/install/hidro_robots/share/ament_index/resource_index/package_run_dependencies/hidro_robots
[0.188s] -- Up-to-date: /home/hidro/galactic_ws/install/hidro_robots/share/ament_index/resource_index/parent_prefix_path/hidro_robots
[0.188s] -- Up-to-date: /home/hidro/galactic_ws/install/hidro_robots/share/hidro_robots/environment/ament_prefix_path.sh
[0.189s] -- Up-to-date: /home/hidro/galactic_ws/install/hidro_robots/share/hidro_robots/environment/ament_prefix_path.dsv
[0.194s] -- Up-to-date: /home/hidro/galactic_ws/install/hidro_robots/share/hidro_robots/environment/path.sh
[0.195s] -- Up-to-date: /home/hidro/galactic_ws/install/hidro_robots/share/hidro_robots/environment/path.dsv
[0.203s] -- Up-to-date: /home/hidro/galactic_ws/install/hidro_robots/share/hidro_robots/local_setup.bash
[0.207s] -- Up-to-date: /home/hidro/galactic_ws/install/hidro_robots/share/hidro_robots/local_setup.sh
[0.207s] -- Up-to-date: /home/hidro/galactic_ws/install/hidro_robots/share/hidro_robots/local_setup.zsh
[0.209s] -- Up-to-date: /home/hidro/galactic_ws/install/hidro_robots/share/hidro_robots/local_setup.dsv
[0.209s] -- Installing: /home/hidro/galactic_ws/install/hidro_robots/share/hidro_robots/package.dsv
[0.210s] -- Up-to-date: /home/hidro/galactic_ws/install/hidro_robots/share/ament_index/resource_index/packages/hidro_robots
[0.210s] -- Up-to-date: /home/hidro/galactic_ws/install/hidro_robots/share/hidro_robots/cmake/hidro_robotsConfig.cmake
[0.213s] -- Up-to-date: /home/hidro/galactic_ws/install/hidro_robots/share/hidro_robots/cmake/hidro_robotsConfig-version.cmake
[0.219s] -- Up-to-date: /home/hidro/galactic_ws/install/hidro_robots/share/hidro_robots/package.xml
[0.220s] Invoked command in '/home/hidro/galactic_ws/build/hidro_robots' returned '0': CMAKE_PREFIX_PATH=${CMAKE_PREFIX_PATH}:/opt/ros/galactic /usr/bin/cmake --install /home/hidro/galactic_ws/build/hidro_robots
