[0.040s] Invoking command in '/home/hidro/galactic_ws/build/hidro_ros2_utils': CMAKE_PREFIX_PATH=${CMAKE_PREFIX_PATH}:/opt/ros/galactic /usr/bin/cmake --build /home/hidro/galactic_ws/build/hidro_ros2_utils -- -j8 -l8
[0.104s] [  3%] Built target hidro_ros2_utils__cpp
[0.109s] [ 16%] Built target hidro_ros2_utils__rosidl_generator_c
[0.145s] [ 29%] Built target hidro_ros2_utils__rosidl_typesupport_introspection_cpp
[0.148s] [ 41%] Built target hidro_ros2_utils__rosidl_typesupport_introspection_c
[0.213s] [ 54%] Built target hidro_ros2_utils__rosidl_typesupport_c
[0.213s] [ 67%] Built target hidro_ros2_utils__rosidl_typesupport_cpp
[0.239s] [ 67%] Built target hidro_ros2_utils
[0.244s] [ 70%] Built target hidro_ros2_utils__py
[0.256s] [ 77%] Built target hidro_ros2_utils_lib
[0.278s] [ 87%] Built target hidro_ros2_utils__python
[0.313s] [ 93%] Built target hidro_ros2_utils__rosidl_typesupport_introspection_c__pyext
[0.320s] [100%] Built target hidro_ros2_utils__rosidl_typesupport_c__pyext
[0.332s] Invoked command in '/home/hidro/galactic_ws/build/hidro_ros2_utils' returned '0': CMAKE_PREFIX_PATH=${CMAKE_PREFIX_PATH}:/opt/ros/galactic /usr/bin/cmake --build /home/hidro/galactic_ws/build/hidro_ros2_utils -- -j8 -l8
[0.391s] Invoking command in '/home/hidro/galactic_ws/build/hidro_ros2_utils': CMAKE_PREFIX_PATH=${CMAKE_PREFIX_PATH}:/opt/ros/galactic /usr/bin/cmake --install /home/hidro/galactic_ws/build/hidro_ros2_utils
[0.400s] -- Install configuration: "Release"
[0.401s] -- Up-to-date: /home/hidro/galactic_ws/install/hidro_ros2_utils/share/ament_index/resource_index/rosidl_interfaces/hidro_ros2_utils
[0.401s] -- Up-to-date: /home/hidro/galactic_ws/install/hidro_ros2_utils/include/hidro_ros2_utils
[0.401s] -- Up-to-date: /home/hidro/galactic_ws/install/hidro_ros2_utils/include/hidro_ros2_utils/srv
[0.401s] -- Up-to-date: /home/hidro/galactic_ws/install/hidro_ros2_utils/include/hidro_ros2_utils/srv/transition_command.h
[0.402s] -- Up-to-date: /home/hidro/galactic_ws/install/hidro_ros2_utils/include/hidro_ros2_utils/srv/detail
[0.402s] -- Up-to-date: /home/hidro/galactic_ws/install/hidro_ros2_utils/include/hidro_ros2_utils/srv/detail/transition_command__type_support.h
[0.402s] -- Up-to-date: /home/hidro/galactic_ws/install/hidro_ros2_utils/include/hidro_ros2_utils/srv/detail/transition_command__functions.h
[0.402s] -- Up-to-date: /home/hidro/galactic_ws/install/hidro_ros2_utils/include/hidro_ros2_utils/srv/detail/transition_command__struct.h
[0.402s] -- Up-to-date: /home/hidro/galactic_ws/install/hidro_ros2_utils/include/hidro_ros2_utils/srv/detail/transition_command__functions.c
[0.403s] -- Up-to-date: /home/hidro/galactic_ws/install/hidro_ros2_utils/include/hidro_ros2_utils/msg
[0.403s] -- Up-to-date: /home/hidro/galactic_ws/install/hidro_ros2_utils/include/hidro_ros2_utils/msg/state_machine_status.h
[0.403s] -- Up-to-date: /home/hidro/galactic_ws/install/hidro_ros2_utils/include/hidro_ros2_utils/msg/rosidl_generator_c__visibility_control.h
[0.403s] -- Up-to-date: /home/hidro/galactic_ws/install/hidro_ros2_utils/include/hidro_ros2_utils/msg/detail
[0.403s] -- Up-to-date: /home/hidro/galactic_ws/install/hidro_ros2_utils/include/hidro_ros2_utils/msg/detail/state_machine_status__functions.c
[0.404s] -- Up-to-date: /home/hidro/galactic_ws/install/hidro_ros2_utils/include/hidro_ros2_utils/msg/detail/state_machine_status__type_support.h
[0.404s] -- Up-to-date: /home/hidro/galactic_ws/install/hidro_ros2_utils/include/hidro_ros2_utils/msg/detail/state_machine_status__functions.h
[0.404s] -- Up-to-date: /home/hidro/galactic_ws/install/hidro_ros2_utils/include/hidro_ros2_utils/msg/detail/state_machine_status__struct.h
[0.404s] -- Up-to-date: /home/hidro/galactic_ws/install/hidro_ros2_utils/share/hidro_ros2_utils/environment/library_path.sh
[0.405s] -- Up-to-date: /home/hidro/galactic_ws/install/hidro_ros2_utils/share/hidro_ros2_utils/environment/library_path.dsv
[0.405s] -- Up-to-date: /home/hidro/galactic_ws/install/hidro_ros2_utils/lib/libhidro_ros2_utils__rosidl_generator_c.so
[0.405s] -- Up-to-date: /home/hidro/galactic_ws/install/hidro_ros2_utils/include/hidro_ros2_utils
[0.405s] -- Up-to-date: /home/hidro/galactic_ws/install/hidro_ros2_utils/include/hidro_ros2_utils/srv
[0.405s] -- Up-to-date: /home/hidro/galactic_ws/install/hidro_ros2_utils/include/hidro_ros2_utils/srv/detail
[0.406s] -- Up-to-date: /home/hidro/galactic_ws/install/hidro_ros2_utils/include/hidro_ros2_utils/srv/detail/transition_command__type_support.c
[0.406s] -- Up-to-date: /home/hidro/galactic_ws/install/hidro_ros2_utils/include/hidro_ros2_utils/srv/detail/transition_command__rosidl_typesupport_introspection_c.h
[0.406s] -- Up-to-date: /home/hidro/galactic_ws/install/hidro_ros2_utils/include/hidro_ros2_utils/msg
[0.406s] -- Up-to-date: /home/hidro/galactic_ws/install/hidro_ros2_utils/include/hidro_ros2_utils/msg/rosidl_typesupport_introspection_c__visibility_control.h
[0.406s] -- Up-to-date: /home/hidro/galactic_ws/install/hidro_ros2_utils/include/hidro_ros2_utils/msg/detail
[0.406s] -- Up-to-date: /home/hidro/galactic_ws/install/hidro_ros2_utils/include/hidro_ros2_utils/msg/detail/state_machine_status__type_support.c
[0.406s] -- Up-to-date: /home/hidro/galactic_ws/install/hidro_ros2_utils/include/hidro_ros2_utils/msg/detail/state_machine_status__rosidl_typesupport_introspection_c.h
[0.406s] -- Up-to-date: /home/hidro/galactic_ws/install/hidro_ros2_utils/lib/libhidro_ros2_utils__rosidl_typesupport_introspection_c.so
[0.407s] -- Up-to-date: /home/hidro/galactic_ws/install/hidro_ros2_utils/lib/libhidro_ros2_utils__rosidl_typesupport_c.so
[0.407s] -- Up-to-date: /home/hidro/galactic_ws/install/hidro_ros2_utils/include/hidro_ros2_utils
[0.407s] -- Up-to-date: /home/hidro/galactic_ws/install/hidro_ros2_utils/include/hidro_ros2_utils/srv
[0.407s] -- Up-to-date: /home/hidro/galactic_ws/install/hidro_ros2_utils/include/hidro_ros2_utils/srv/transition_command.hpp
[0.407s] -- Up-to-date: /home/hidro/galactic_ws/install/hidro_ros2_utils/include/hidro_ros2_utils/srv/detail
[0.407s] -- Up-to-date: /home/hidro/galactic_ws/install/hidro_ros2_utils/include/hidro_ros2_utils/srv/detail/transition_command__struct.hpp
[0.407s] -- Up-to-date: /home/hidro/galactic_ws/install/hidro_ros2_utils/include/hidro_ros2_utils/srv/detail/transition_command__traits.hpp
[0.408s] -- Up-to-date: /home/hidro/galactic_ws/install/hidro_ros2_utils/include/hidro_ros2_utils/srv/detail/transition_command__builder.hpp
[0.408s] -- Up-to-date: /home/hidro/galactic_ws/install/hidro_ros2_utils/include/hidro_ros2_utils/msg
[0.408s] -- Up-to-date: /home/hidro/galactic_ws/install/hidro_ros2_utils/include/hidro_ros2_utils/msg/state_machine_status.hpp
[0.408s] -- Up-to-date: /home/hidro/galactic_ws/install/hidro_ros2_utils/include/hidro_ros2_utils/msg/detail
[0.408s] -- Up-to-date: /home/hidro/galactic_ws/install/hidro_ros2_utils/include/hidro_ros2_utils/msg/detail/state_machine_status__traits.hpp
[0.408s] -- Up-to-date: /home/hidro/galactic_ws/install/hidro_ros2_utils/include/hidro_ros2_utils/msg/detail/state_machine_status__builder.hpp
[0.408s] -- Up-to-date: /home/hidro/galactic_ws/install/hidro_ros2_utils/include/hidro_ros2_utils/msg/detail/state_machine_status__struct.hpp
[0.408s] -- Up-to-date: /home/hidro/galactic_ws/install/hidro_ros2_utils/include/hidro_ros2_utils
[0.409s] -- Up-to-date: /home/hidro/galactic_ws/install/hidro_ros2_utils/include/hidro_ros2_utils/srv
[0.409s] -- Up-to-date: /home/hidro/galactic_ws/install/hidro_ros2_utils/include/hidro_ros2_utils/srv/detail
[0.409s] -- Up-to-date: /home/hidro/galactic_ws/install/hidro_ros2_utils/include/hidro_ros2_utils/srv/detail/transition_command__type_support.cpp
[0.409s] -- Up-to-date: /home/hidro/galactic_ws/install/hidro_ros2_utils/include/hidro_ros2_utils/srv/detail/transition_command__rosidl_typesupport_introspection_cpp.hpp
[0.409s] -- Up-to-date: /home/hidro/galactic_ws/install/hidro_ros2_utils/include/hidro_ros2_utils/msg
[0.409s] -- Up-to-date: /home/hidro/galactic_ws/install/hidro_ros2_utils/include/hidro_ros2_utils/msg/detail
[0.410s] -- Up-to-date: /home/hidro/galactic_ws/install/hidro_ros2_utils/include/hidro_ros2_utils/msg/detail/state_machine_status__rosidl_typesupport_introspection_cpp.hpp
[0.410s] -- Up-to-date: /home/hidro/galactic_ws/install/hidro_ros2_utils/include/hidro_ros2_utils/msg/detail/state_machine_status__type_support.cpp
[0.410s] -- Up-to-date: /home/hidro/galactic_ws/install/hidro_ros2_utils/lib/libhidro_ros2_utils__rosidl_typesupport_introspection_cpp.so
[0.410s] -- Up-to-date: /home/hidro/galactic_ws/install/hidro_ros2_utils/lib/libhidro_ros2_utils__rosidl_typesupport_cpp.so
[0.410s] -- Up-to-date: /home/hidro/galactic_ws/install/hidro_ros2_utils/share/hidro_ros2_utils/environment/pythonpath.sh
[0.410s] -- Up-to-date: /home/hidro/galactic_ws/install/hidro_ros2_utils/share/hidro_ros2_utils/environment/pythonpath.dsv
[0.410s] -- Up-to-date: /home/hidro/galactic_ws/install/hidro_ros2_utils/lib/python3.8/site-packages/hidro_ros2_utils/__init__.py
[0.441s] -- Up-to-date: /home/hidro/galactic_ws/install/hidro_ros2_utils/lib/python3.8/site-packages/hidro_ros2_utils/srv
[0.441s] -- Up-to-date: /home/hidro/galactic_ws/install/hidro_ros2_utils/lib/python3.8/site-packages/hidro_ros2_utils/srv/__init__.py
[0.442s] -- Up-to-date: /home/hidro/galactic_ws/install/hidro_ros2_utils/lib/python3.8/site-packages/hidro_ros2_utils/srv/_transition_command.py
[0.442s] -- Up-to-date: /home/hidro/galactic_ws/install/hidro_ros2_utils/lib/python3.8/site-packages/hidro_ros2_utils/srv/_transition_command_s.c
[0.442s] -- Up-to-date: /home/hidro/galactic_ws/install/hidro_ros2_utils/lib/python3.8/site-packages/hidro_ros2_utils/msg
[0.442s] -- Up-to-date: /home/hidro/galactic_ws/install/hidro_ros2_utils/lib/python3.8/site-packages/hidro_ros2_utils/msg/__init__.py
[0.442s] -- Up-to-date: /home/hidro/galactic_ws/install/hidro_ros2_utils/lib/python3.8/site-packages/hidro_ros2_utils/msg/_state_machine_status.py
[0.442s] -- Up-to-date: /home/hidro/galactic_ws/install/hidro_ros2_utils/lib/python3.8/site-packages/hidro_ros2_utils/msg/_state_machine_status_s.c
[0.442s] -- Up-to-date: /home/hidro/galactic_ws/install/hidro_ros2_utils/lib/python3.8/site-packages/hidro_ros2_utils/hidro_ros2_utils_s__rosidl_typesupport_introspection_c.cpython-38-x86_64-linux-gnu.so
[0.443s] -- Up-to-date: /home/hidro/galactic_ws/install/hidro_ros2_utils/lib/python3.8/site-packages/hidro_ros2_utils/hidro_ros2_utils_s__rosidl_typesupport_c.cpython-38-x86_64-linux-gnu.so
[0.443s] -- Up-to-date: /home/hidro/galactic_ws/install/hidro_ros2_utils/lib/libhidro_ros2_utils__python.so
[0.444s] -- Up-to-date: /home/hidro/galactic_ws/install/hidro_ros2_utils/share/hidro_ros2_utils/srv/TransitionCommand.idl
[0.444s] -- Up-to-date: /home/hidro/galactic_ws/install/hidro_ros2_utils/share/hidro_ros2_utils/msg/StateMachineStatus.idl
[0.444s] -- Up-to-date: /home/hidro/galactic_ws/install/hidro_ros2_utils/share/hidro_ros2_utils/srv/TransitionCommand.srv
[0.444s] -- Up-to-date: /home/hidro/galactic_ws/install/hidro_ros2_utils/share/hidro_ros2_utils/srv/TransitionCommand_Request.msg
[0.444s] -- Up-to-date: /home/hidro/galactic_ws/install/hidro_ros2_utils/share/hidro_ros2_utils/srv/TransitionCommand_Response.msg
[0.444s] -- Up-to-date: /home/hidro/galactic_ws/install/hidro_ros2_utils/share/hidro_ros2_utils/msg/StateMachineStatus.msg
[0.445s] -- Up-to-date: /home/hidro/galactic_ws/install/hidro_ros2_utils/include/hidro_ros2_utils
[0.445s] -- Up-to-date: /home/hidro/galactic_ws/install/hidro_ros2_utils/include/hidro_ros2_utils/state_machine_interface.hpp
[0.445s] -- Up-to-date: /home/hidro/galactic_ws/install/hidro_ros2_utils/lib/libhidro_ros2_utils_lib.so
[0.445s] -- Up-to-date: /home/hidro/galactic_ws/install/hidro_ros2_utils/share/ament_index/resource_index/package_run_dependencies/hidro_ros2_utils
[0.445s] -- Up-to-date: /home/hidro/galactic_ws/install/hidro_ros2_utils/share/ament_index/resource_index/parent_prefix_path/hidro_ros2_utils
[0.445s] -- Up-to-date: /home/hidro/galactic_ws/install/hidro_ros2_utils/share/hidro_ros2_utils/environment/ament_prefix_path.sh
[0.446s] -- Up-to-date: /home/hidro/galactic_ws/install/hidro_ros2_utils/share/hidro_ros2_utils/environment/ament_prefix_path.dsv
[0.446s] -- Up-to-date: /home/hidro/galactic_ws/install/hidro_ros2_utils/share/hidro_ros2_utils/environment/path.sh
[0.446s] -- Up-to-date: /home/hidro/galactic_ws/install/hidro_ros2_utils/share/hidro_ros2_utils/environment/path.dsv
[0.446s] -- Up-to-date: /home/hidro/galactic_ws/install/hidro_ros2_utils/share/hidro_ros2_utils/local_setup.bash
[0.446s] -- Up-to-date: /home/hidro/galactic_ws/install/hidro_ros2_utils/share/hidro_ros2_utils/local_setup.sh
[0.447s] -- Up-to-date: /home/hidro/galactic_ws/install/hidro_ros2_utils/share/hidro_ros2_utils/local_setup.zsh
[0.447s] -- Up-to-date: /home/hidro/galactic_ws/install/hidro_ros2_utils/share/hidro_ros2_utils/local_setup.dsv
[0.447s] -- Installing: /home/hidro/galactic_ws/install/hidro_ros2_utils/share/hidro_ros2_utils/package.dsv
[0.447s] -- Up-to-date: /home/hidro/galactic_ws/install/hidro_ros2_utils/share/ament_index/resource_index/packages/hidro_ros2_utils
[0.447s] -- Up-to-date: /home/hidro/galactic_ws/install/hidro_ros2_utils/share/hidro_ros2_utils/cmake/hidro_ros2_utils__rosidl_generator_cExport.cmake
[0.447s] -- Up-to-date: /home/hidro/galactic_ws/install/hidro_ros2_utils/share/hidro_ros2_utils/cmake/hidro_ros2_utils__rosidl_generator_cExport-release.cmake
[0.447s] -- Up-to-date: /home/hidro/galactic_ws/install/hidro_ros2_utils/share/hidro_ros2_utils/cmake/hidro_ros2_utils__rosidl_typesupport_introspection_cExport.cmake
[0.448s] -- Up-to-date: /home/hidro/galactic_ws/install/hidro_ros2_utils/share/hidro_ros2_utils/cmake/hidro_ros2_utils__rosidl_typesupport_introspection_cExport-release.cmake
[0.448s] -- Up-to-date: /home/hidro/galactic_ws/install/hidro_ros2_utils/share/hidro_ros2_utils/cmake/hidro_ros2_utils__rosidl_typesupport_cExport.cmake
[0.448s] -- Up-to-date: /home/hidro/galactic_ws/install/hidro_ros2_utils/share/hidro_ros2_utils/cmake/hidro_ros2_utils__rosidl_typesupport_cExport-release.cmake
[0.448s] -- Up-to-date: /home/hidro/galactic_ws/install/hidro_ros2_utils/share/hidro_ros2_utils/cmake/hidro_ros2_utils__rosidl_generator_cppExport.cmake
[0.448s] -- Up-to-date: /home/hidro/galactic_ws/install/hidro_ros2_utils/share/hidro_ros2_utils/cmake/hidro_ros2_utils__rosidl_typesupport_introspection_cppExport.cmake
[0.449s] -- Up-to-date: /home/hidro/galactic_ws/install/hidro_ros2_utils/share/hidro_ros2_utils/cmake/hidro_ros2_utils__rosidl_typesupport_introspection_cppExport-release.cmake
[0.449s] -- Up-to-date: /home/hidro/galactic_ws/install/hidro_ros2_utils/share/hidro_ros2_utils/cmake/hidro_ros2_utils__rosidl_typesupport_cppExport.cmake
[0.449s] -- Up-to-date: /home/hidro/galactic_ws/install/hidro_ros2_utils/share/hidro_ros2_utils/cmake/hidro_ros2_utils__rosidl_typesupport_cppExport-release.cmake
[0.449s] -- Up-to-date: /home/hidro/galactic_ws/install/hidro_ros2_utils/share/hidro_ros2_utils/cmake/hidro_ros2_utilsTargetsExport.cmake
[0.449s] -- Up-to-date: /home/hidro/galactic_ws/install/hidro_ros2_utils/share/hidro_ros2_utils/cmake/hidro_ros2_utilsTargetsExport-release.cmake
[0.449s] -- Up-to-date: /home/hidro/galactic_ws/install/hidro_ros2_utils/share/hidro_ros2_utils/cmake/rosidl_cmake-extras.cmake
[0.449s] -- Up-to-date: /home/hidro/galactic_ws/install/hidro_ros2_utils/share/hidro_ros2_utils/cmake/ament_cmake_export_dependencies-extras.cmake
[0.449s] -- Up-to-date: /home/hidro/galactic_ws/install/hidro_ros2_utils/share/hidro_ros2_utils/cmake/ament_cmake_export_libraries-extras.cmake
[0.449s] -- Up-to-date: /home/hidro/galactic_ws/install/hidro_ros2_utils/share/hidro_ros2_utils/cmake/ament_cmake_export_targets-extras.cmake
[0.450s] -- Up-to-date: /home/hidro/galactic_ws/install/hidro_ros2_utils/share/hidro_ros2_utils/cmake/ament_cmake_export_include_directories-extras.cmake
[0.450s] -- Up-to-date: /home/hidro/galactic_ws/install/hidro_ros2_utils/share/hidro_ros2_utils/cmake/rosidl_cmake_export_typesupport_targets-extras.cmake
[0.450s] -- Up-to-date: /home/hidro/galactic_ws/install/hidro_ros2_utils/share/hidro_ros2_utils/cmake/hidro_ros2_utilsConfig.cmake
[0.450s] -- Up-to-date: /home/hidro/galactic_ws/install/hidro_ros2_utils/share/hidro_ros2_utils/cmake/hidro_ros2_utilsConfig-version.cmake
[0.450s] -- Up-to-date: /home/hidro/galactic_ws/install/hidro_ros2_utils/share/hidro_ros2_utils/package.xml
[0.454s] Invoked command in '/home/hidro/galactic_ws/build/hidro_ros2_utils' returned '0': CMAKE_PREFIX_PATH=${CMAKE_PREFIX_PATH}:/opt/ros/galactic /usr/bin/cmake --install /home/hidro/galactic_ws/build/hidro_ros2_utils
