[0.040s] Invoking command in '/home/hidro/galactic_ws/build/hidro_robots': CMAKE_PREFIX_PATH=${CMAKE_PREFIX_PATH}:/opt/ros/galactic /usr/bin/cmake --build /home/hidro/galactic_ws/build/hidro_robots -- -j8 -l8
[0.115s] Invoked command in '/home/hidro/galactic_ws/build/hidro_robots' returned '0': CMAKE_PREFIX_PATH=${CMAKE_PREFIX_PATH}:/opt/ros/galactic /usr/bin/cmake --build /home/hidro/galactic_ws/build/hidro_robots -- -j8 -l8
[0.163s] Invoking command in '/home/hidro/galactic_ws/build/hidro_robots': CMAKE_PREFIX_PATH=${CMAKE_PREFIX_PATH}:/opt/ros/galactic /usr/bin/cmake --install /home/hidro/galactic_ws/build/hidro_robots
[0.179s] -- Install configuration: "Release"
[0.179s] -- Up-to-date: /home/hidro/galactic_ws/install/hidro_robots/share/hidro_robots//robots
[0.180s] -- Up-to-date: /home/hidro/galactic_ws/install/hidro_robots/share/hidro_robots//robots/borinot
[0.180s] -- Up-to-date: /home/hidro/galactic_ws/install/hidro_robots/share/hidro_robots//robots/borinot/meshes
[0.181s] -- Up-to-date: /home/hidro/galactic_ws/install/hidro_robots/share/hidro_robots//robots/borinot/meshes/borinot__base_link.dae
[0.182s] -- Up-to-date: /home/hidro/galactic_ws/install/hidro_robots/share/hidro_robots//robots/borinot/meshes/hexacopter370.dae
[0.182s] -- Up-to-date: /home/hidro/galactic_ws/install/hidro_robots/share/hidro_robots//robots/borinot/meshes/propeller_cw.dae
[0.182s] -- Up-to-date: /home/hidro/galactic_ws/install/hidro_robots/share/hidro_robots//robots/borinot/meshes/propeller_ccw.dae
[0.182s] -- Up-to-date: /home/hidro/galactic_ws/install/hidro_robots/share/hidro_robots//robots/borinot/model.config
[0.182s] -- Up-to-date: /home/hidro/galactic_ws/install/hidro_robots/share/hidro_robots//robots/borinot/borinot.urdf
[0.182s] -- Up-to-date: /home/hidro/galactic_ws/install/hidro_robots/share/hidro_robots//robots/borinot/borinot.sdf
[0.184s] -- Up-to-date: /home/hidro/galactic_ws/install/hidro_robots/share/hidro_robots//robots/iris_px4
[0.184s] -- Up-to-date: /home/hidro/galactic_ws/install/hidro_robots/share/hidro_robots//robots/iris_px4/meshes
[0.185s] -- Up-to-date: /home/hidro/galactic_ws/install/hidro_robots/share/hidro_robots//robots/iris_px4/meshes/iris_prop_ccw.dae
[0.185s] -- Up-to-date: /home/hidro/galactic_ws/install/hidro_robots/share/hidro_robots//robots/iris_px4/meshes/iris.stl
[0.185s] -- Up-to-date: /home/hidro/galactic_ws/install/hidro_robots/share/hidro_robots//robots/iris_px4/meshes/iris_prop_cw.dae
[0.186s] -- Up-to-date: /home/hidro/galactic_ws/install/hidro_robots/share/hidro_robots//robots/iris_px4/iris_px4.urdf
[0.186s] -- Up-to-date: /home/hidro/galactic_ws/install/hidro_robots/share/hidro_robots//robots/hexacopter370_flying_arm_3
[0.186s] -- Up-to-date: /home/hidro/galactic_ws/install/hidro_robots/share/hidro_robots//robots/hexacopter370_flying_arm_3/hexacopter370_flying_arm_3.urdf
[0.187s] -- Up-to-date: /home/hidro/galactic_ws/install/hidro_robots/share/hidro_robots//robots/hexacopter370_flying_arm_3/meshes
[0.187s] -- Up-to-date: /home/hidro/galactic_ws/install/hidro_robots/share/hidro_robots//robots/hexacopter370_flying_arm_3/meshes/hexacopter370.dae
[0.189s] -- Up-to-date: /home/hidro/galactic_ws/install/hidro_robots/share/hidro_robots//robots/hexacopter370_flying_arm_3/meshes/base_link.dae
[0.190s] -- Up-to-date: /home/hidro/galactic_ws/install/hidro_robots/share/hidro_robots//robots/hexacopter370_flying_arm_3/meshes/propeller_cw.dae
[0.190s] -- Up-to-date: /home/hidro/galactic_ws/install/hidro_robots/share/hidro_robots//robots/hexacopter370_flying_arm_3/meshes/link_1.dae
[0.190s] -- Up-to-date: /home/hidro/galactic_ws/install/hidro_robots/share/hidro_robots//robots/hexacopter370_flying_arm_3/meshes/link_2.dae
[0.190s] -- Up-to-date: /home/hidro/galactic_ws/install/hidro_robots/share/hidro_robots//robots/hexacopter370_flying_arm_3/meshes/link_3.dae
[0.190s] -- Up-to-date: /home/hidro/galactic_ws/install/hidro_robots/share/hidro_robots//robots/hexacopter370_flying_arm_3/meshes/propeller_ccw.dae
[0.191s] -- Up-to-date: /home/hidro/galactic_ws/install/hidro_robots/share/hidro_robots//robots/borinot_flying_arm_2
[0.191s] -- Up-to-date: /home/hidro/galactic_ws/install/hidro_robots/share/hidro_robots//robots/borinot_flying_arm_2/borinot_flying_arm_2.urdf
[0.191s] -- Up-to-date: /home/hidro/galactic_ws/install/hidro_robots/share/hidro_robots//robots/borinot_flying_arm_2/meshes
[0.192s] -- Up-to-date: /home/hidro/galactic_ws/install/hidro_robots/share/hidro_robots//robots/borinot_flying_arm_2/meshes/borinot__base_link.dae
[0.195s] -- Up-to-date: /home/hidro/galactic_ws/install/hidro_robots/share/hidro_robots//robots/borinot_flying_arm_2/meshes/flying_arm_2__link2.dae
[0.196s] -- Up-to-date: /home/hidro/galactic_ws/install/hidro_robots/share/hidro_robots//robots/borinot_flying_arm_2/meshes/propeller_cw.dae
[0.197s] -- Up-to-date: /home/hidro/galactic_ws/install/hidro_robots/share/hidro_robots//robots/borinot_flying_arm_2/meshes/flying_arm_2__link1.dae
[0.197s] -- Up-to-date: /home/hidro/galactic_ws/install/hidro_robots/share/hidro_robots//robots/borinot_flying_arm_2/meshes/propeller_ccw.dae
[0.197s] -- Up-to-date: /home/hidro/galactic_ws/install/hidro_robots/share/hidro_robots//robots/borinot_flying_arm_2/model.config
[0.198s] -- Up-to-date: /home/hidro/galactic_ws/install/hidro_robots/share/hidro_robots//robots/borinot_flying_arm_2/borinot_flying_arm_2.sdf
[0.198s] -- Up-to-date: /home/hidro/galactic_ws/install/hidro_robots/share/hidro_robots//robots/iris
[0.198s] -- Up-to-date: /home/hidro/galactic_ws/install/hidro_robots/share/hidro_robots//robots/iris/meshes
[0.198s] -- Up-to-date: /home/hidro/galactic_ws/install/hidro_robots/share/hidro_robots//robots/iris/meshes/iris_prop_ccw.dae
[0.198s] -- Up-to-date: /home/hidro/galactic_ws/install/hidro_robots/share/hidro_robots//robots/iris/meshes/iris.stl
[0.198s] -- Up-to-date: /home/hidro/galactic_ws/install/hidro_robots/share/hidro_robots//robots/iris/meshes/iris_prop_cw.dae
[0.199s] -- Up-to-date: /home/hidro/galactic_ws/install/hidro_robots/share/hidro_robots//robots/iris/iris_px4.urdf
[0.199s] -- Up-to-date: /home/hidro/galactic_ws/install/hidro_robots/share/hidro_robots//robots/iris/iris.urdf
[0.199s] -- Up-to-date: /home/hidro/galactic_ws/install/hidro_robots/share/hidro_robots//robots/hextilt
[0.199s] -- Up-to-date: /home/hidro/galactic_ws/install/hidro_robots/share/hidro_robots//robots/hextilt/meshes
[0.200s] -- Up-to-date: /home/hidro/galactic_ws/install/hidro_robots/share/hidro_robots//robots/hextilt/meshes/hextilt.dae
[0.200s] -- Up-to-date: /home/hidro/galactic_ws/install/hidro_robots/share/hidro_robots//robots/hextilt/hextilt.urdf
[0.200s] -- Up-to-date: /home/hidro/galactic_ws/install/hidro_robots/share/hidro_robots//robots/hextilt_flying_arm_5
[0.201s] -- Up-to-date: /home/hidro/galactic_ws/install/hidro_robots/share/hidro_robots//robots/hextilt_flying_arm_5/meshes
[0.202s] -- Up-to-date: /home/hidro/galactic_ws/install/hidro_robots/share/hidro_robots//robots/hextilt_flying_arm_5/meshes/base_link.dae
[0.202s] -- Up-to-date: /home/hidro/galactic_ws/install/hidro_robots/share/hidro_robots//robots/hextilt_flying_arm_5/meshes/link_5.dae
[0.202s] -- Up-to-date: /home/hidro/galactic_ws/install/hidro_robots/share/hidro_robots//robots/hextilt_flying_arm_5/meshes/link_1.dae
[0.203s] -- Up-to-date: /home/hidro/galactic_ws/install/hidro_robots/share/hidro_robots//robots/hextilt_flying_arm_5/meshes/link_4.dae
[0.203s] -- Up-to-date: /home/hidro/galactic_ws/install/hidro_robots/share/hidro_robots//robots/hextilt_flying_arm_5/meshes/hextilt.dae
[0.218s] -- Up-to-date: /home/hidro/galactic_ws/install/hidro_robots/share/hidro_robots//robots/hextilt_flying_arm_5/meshes/link_2.dae
[0.218s] -- Up-to-date: /home/hidro/galactic_ws/install/hidro_robots/share/hidro_robots//robots/hextilt_flying_arm_5/meshes/link_3.dae
[0.218s] -- Up-to-date: /home/hidro/galactic_ws/install/hidro_robots/share/hidro_robots//robots/hextilt_flying_arm_5/hextilt_flying_arm_5.urdf
[0.218s] -- Up-to-date: /home/hidro/galactic_ws/install/hidro_robots/share/hidro_robots//robots/hexacopter370
[0.219s] -- Up-to-date: /home/hidro/galactic_ws/install/hidro_robots/share/hidro_robots//robots/hexacopter370/hexacopter370.urdf
[0.219s] -- Up-to-date: /home/hidro/galactic_ws/install/hidro_robots/share/hidro_robots//robots/hexacopter370/meshes
[0.219s] -- Up-to-date: /home/hidro/galactic_ws/install/hidro_robots/share/hidro_robots//robots/hexacopter370/meshes/hexacopter370.dae
[0.219s] -- Up-to-date: /home/hidro/galactic_ws/install/hidro_robots/share/hidro_robots//robots/hexacopter370/meshes/propeller_cw.dae
[0.219s] -- Up-to-date: /home/hidro/galactic_ws/install/hidro_robots/share/hidro_robots//robots/hexacopter370/meshes/propeller_ccw.dae
[0.220s] -- Up-to-date: /home/hidro/galactic_ws/install/hidro_robots/share/hidro_robots//robots/hexacopter680_flying_arm_2
[0.220s] -- Up-to-date: /home/hidro/galactic_ws/install/hidro_robots/share/hidro_robots//robots/hexacopter680_flying_arm_2/meshes
[0.220s] -- Up-to-date: /home/hidro/galactic_ws/install/hidro_robots/share/hidro_robots//robots/hexacopter680_flying_arm_2/meshes/link1.dae
[0.221s] -- Up-to-date: /home/hidro/galactic_ws/install/hidro_robots/share/hidro_robots//robots/hexacopter680_flying_arm_2/meshes/base_link.dae
[0.221s] -- Up-to-date: /home/hidro/galactic_ws/install/hidro_robots/share/hidro_robots//robots/hexacopter680_flying_arm_2/meshes/link2.dae
[0.221s] -- Up-to-date: /home/hidro/galactic_ws/install/hidro_robots/share/hidro_robots//robots/hexacopter680_flying_arm_2/meshes/hexacopter680.dae
[0.221s] -- Up-to-date: /home/hidro/galactic_ws/install/hidro_robots/share/hidro_robots//robots/hexacopter680_flying_arm_2/hexacopter680_flying_arm_2.urdf
[0.221s] -- Up-to-date: /home/hidro/galactic_ws/install/hidro_robots/share/ament_index/resource_index/package_run_dependencies/hidro_robots
[0.221s] -- Up-to-date: /home/hidro/galactic_ws/install/hidro_robots/share/ament_index/resource_index/parent_prefix_path/hidro_robots
[0.221s] -- Up-to-date: /home/hidro/galactic_ws/install/hidro_robots/share/hidro_robots/environment/ament_prefix_path.sh
[0.222s] -- Up-to-date: /home/hidro/galactic_ws/install/hidro_robots/share/hidro_robots/environment/ament_prefix_path.dsv
[0.222s] -- Up-to-date: /home/hidro/galactic_ws/install/hidro_robots/share/hidro_robots/environment/path.sh
[0.222s] -- Up-to-date: /home/hidro/galactic_ws/install/hidro_robots/share/hidro_robots/environment/path.dsv
[0.222s] -- Up-to-date: /home/hidro/galactic_ws/install/hidro_robots/share/hidro_robots/local_setup.bash
[0.222s] -- Up-to-date: /home/hidro/galactic_ws/install/hidro_robots/share/hidro_robots/local_setup.sh
[0.222s] -- Up-to-date: /home/hidro/galactic_ws/install/hidro_robots/share/hidro_robots/local_setup.zsh
[0.222s] -- Up-to-date: /home/hidro/galactic_ws/install/hidro_robots/share/hidro_robots/local_setup.dsv
[0.223s] -- Installing: /home/hidro/galactic_ws/install/hidro_robots/share/hidro_robots/package.dsv
[0.223s] -- Up-to-date: /home/hidro/galactic_ws/install/hidro_robots/share/ament_index/resource_index/packages/hidro_robots
[0.223s] -- Up-to-date: /home/hidro/galactic_ws/install/hidro_robots/share/hidro_robots/cmake/hidro_robotsConfig.cmake
[0.223s] -- Up-to-date: /home/hidro/galactic_ws/install/hidro_robots/share/hidro_robots/cmake/hidro_robotsConfig-version.cmake
[0.223s] -- Up-to-date: /home/hidro/galactic_ws/install/hidro_robots/share/hidro_robots/package.xml
[0.266s] Invoked command in '/home/hidro/galactic_ws/build/hidro_robots' returned '0': CMAKE_PREFIX_PATH=${CMAKE_PREFIX_PATH}:/opt/ros/galactic /usr/bin/cmake --install /home/hidro/galactic_ws/build/hidro_robots
