-- The C compiler identification is GNU 9.4.0
-- The CXX compiler identification is GNU 9.4.0
-- Check for working C compiler: /usr/bin/cc
-- Check for working C compiler: /usr/bin/cc -- works
-- Detecting C compiler ABI info
-- Detecting C compiler ABI info - done
-- Detecting C compile features
-- Detecting C compile features - done
-- Check for working CXX compiler: /usr/bin/c++
-- Check for working CXX compiler: /usr/bin/c++ -- works
-- Detecting CXX compiler ABI info
-- Detecting CXX compiler ABI info - done
-- Detecting CXX compile features
-- Detecting CXX compile features - done
-- Found ament_cmake: 1.1.6 (/opt/ros/galactic/share/ament_cmake/cmake)
-- Found PythonInterp: /usr/bin/python3 (found suitable version "3.8.10", minimum required is "3") 
-- Using PYTHON_EXECUTABLE: /usr/bin/python3
-- Found rclcpp: 9.2.2 (/opt/ros/galactic/share/rclcpp/cmake)
-- Using single rosidl_typesupport_c: rosidl_typesupport_introspection_c
-- Found rosidl_adapter: 2.2.3 (/opt/ros/galactic/share/rosidl_adapter/cmake)
-- Using single rosidl_typesupport_cpp: rosidl_typesupport_introspection_cpp
-- Found rmw_implementation_cmake: 3.3.1 (/opt/ros/galactic/share/rmw_implementation_cmake/cmake)
-- Found rmw_cyclonedds_cpp: 0.22.6 (/opt/ros/galactic/share/rmw_cyclonedds_cpp/cmake)
-- Using RMW implementation 'rmw_cyclonedds_cpp' as default
-- Looking for pthread.h
-- Looking for pthread.h - found
-- Performing Test CMAKE_HAVE_LIBC_PTHREAD
-- Performing Test CMAKE_HAVE_LIBC_PTHREAD - Failed
-- Looking for pthread_create in pthreads
-- Looking for pthread_create in pthreads - not found
-- Looking for pthread_create in pthread
-- Looking for pthread_create in pthread - found
-- Found Threads: TRUE  
-- Found rosidl_default_generators: 1.1.1 (/opt/ros/galactic/share/rosidl_default_generators/cmake)
-- Found PythonInterp: /usr/bin/python3 (found version "3.8.10") 
-- Using single rosidl_typesupport_c: rosidl_typesupport_introspection_c
-- Using single rosidl_typesupport_cpp: rosidl_typesupport_introspection_cpp
-- Found PythonInterp: /usr/bin/python3 (found suitable version "3.8.10", minimum required is "3.5") 
-- Found python_cmake_module: 0.8.1 (/opt/ros/galactic/share/python_cmake_module/cmake)
-- Found PythonLibs: /usr/lib/x86_64-linux-gnu/libpython3.8.so (found suitable version "3.8.10", minimum required is "3.5") 
-- Using PYTHON_EXECUTABLE: /usr/bin/python3
-- Using PYTHON_INCLUDE_DIRS: /usr/include/python3.8
-- Using PYTHON_LIBRARIES: /usr/lib/x86_64-linux-gnu/libpython3.8.so
-- Found PythonExtra: .so  
-- Configuring done
-- Generating done
-- Build files have been written to: /home/hidro/galactic_ws/build/hidro_ros2_utils
[  3%] [34m[1mGenerating C code for ROS interfaces[0m
[35m[1mScanning dependencies of target hidro_ros2_utils__cpp[0m
[  6%] [34m[1mGenerating C++ code for ROS interfaces[0m
[35m[1mScanning dependencies of target hidro_ros2_utils__rosidl_generator_c[0m
[  9%] [32mBuilding C object CMakeFiles/hidro_ros2_utils__rosidl_generator_c.dir/rosidl_generator_c/hidro_ros2_utils/srv/detail/transition_command__functions.c.o[0m
[ 12%] [32mBuilding C object CMakeFiles/hidro_ros2_utils__rosidl_generator_c.dir/rosidl_generator_c/hidro_ros2_utils/msg/detail/state_machine_status__functions.c.o[0m
[ 12%] Built target hidro_ros2_utils__cpp
[ 16%] [34m[1mGenerating C++ introspection for ROS interfaces[0m
[ 19%] [32m[1mLinking C shared library libhidro_ros2_utils__rosidl_generator_c.so[0m
[ 19%] Built target hidro_ros2_utils__rosidl_generator_c
[ 22%] [34m[1mGenerating C introspection for ROS interfaces[0m
[35m[1mScanning dependencies of target hidro_ros2_utils__rosidl_typesupport_introspection_cpp[0m
[ 25%] [32mBuilding CXX object CMakeFiles/hidro_ros2_utils__rosidl_typesupport_introspection_cpp.dir/rosidl_typesupport_introspection_cpp/hidro_ros2_utils/srv/detail/transition_command__type_support.cpp.o[0m
[ 29%] [32mBuilding CXX object CMakeFiles/hidro_ros2_utils__rosidl_typesupport_introspection_cpp.dir/rosidl_typesupport_introspection_cpp/hidro_ros2_utils/msg/detail/state_machine_status__type_support.cpp.o[0m
[35m[1mScanning dependencies of target hidro_ros2_utils__rosidl_typesupport_introspection_c[0m
[ 32%] [32mBuilding C object CMakeFiles/hidro_ros2_utils__rosidl_typesupport_introspection_c.dir/rosidl_typesupport_introspection_c/hidro_ros2_utils/msg/detail/state_machine_status__type_support.c.o[0m
[ 35%] [32mBuilding C object CMakeFiles/hidro_ros2_utils__rosidl_typesupport_introspection_c.dir/rosidl_typesupport_introspection_c/hidro_ros2_utils/srv/detail/transition_command__type_support.c.o[0m
[ 38%] [32m[1mLinking C shared library libhidro_ros2_utils__rosidl_typesupport_introspection_c.so[0m
[ 38%] Built target hidro_ros2_utils__rosidl_typesupport_introspection_c
[ 41%] [34m[1mGenerating C type support dispatch for ROS interfaces[0m
[ 45%] [32m[1mLinking CXX shared library libhidro_ros2_utils__rosidl_typesupport_introspection_cpp.so[0m
[ 45%] Built target hidro_ros2_utils__rosidl_typesupport_introspection_cpp
[ 48%] [34m[1mGenerating C++ type support dispatch for ROS interfaces[0m
[35m[1mScanning dependencies of target hidro_ros2_utils__rosidl_typesupport_c[0m
[ 51%] [32mBuilding CXX object CMakeFiles/hidro_ros2_utils__rosidl_typesupport_c.dir/rosidl_typesupport_c/hidro_ros2_utils/srv/transition_command__type_support.cpp.o[0m
[ 54%] [32mBuilding CXX object CMakeFiles/hidro_ros2_utils__rosidl_typesupport_c.dir/rosidl_typesupport_c/hidro_ros2_utils/msg/state_machine_status__type_support.cpp.o[0m
[ 58%] [32m[1mLinking CXX shared library libhidro_ros2_utils__rosidl_typesupport_c.so[0m
[ 58%] Built target hidro_ros2_utils__rosidl_typesupport_c
[35m[1mScanning dependencies of target hidro_ros2_utils__rosidl_typesupport_cpp[0m
[ 61%] [32mBuilding CXX object CMakeFiles/hidro_ros2_utils__rosidl_typesupport_cpp.dir/rosidl_typesupport_cpp/hidro_ros2_utils/msg/state_machine_status__type_support.cpp.o[0m
[ 64%] [32mBuilding CXX object CMakeFiles/hidro_ros2_utils__rosidl_typesupport_cpp.dir/rosidl_typesupport_cpp/hidro_ros2_utils/srv/transition_command__type_support.cpp.o[0m
[ 67%] [32m[1mLinking CXX shared library libhidro_ros2_utils__rosidl_typesupport_cpp.so[0m
[ 67%] Built target hidro_ros2_utils__rosidl_typesupport_cpp
[35m[1mScanning dependencies of target hidro_ros2_utils[0m
[ 67%] Built target hidro_ros2_utils
[35m[1mScanning dependencies of target hidro_ros2_utils_lib[0m
[35m[1mScanning dependencies of target hidro_ros2_utils__py[0m
[ 70%] [34m[1mGenerating Python code for ROS interfaces[0m
[ 74%] [32mBuilding CXX object CMakeFiles/hidro_ros2_utils_lib.dir/src/state_machine_interface.cpp.o[0m
[ 74%] Built target hidro_ros2_utils__py
[35m[1mScanning dependencies of target hidro_ros2_utils__python[0m
[ 77%] [32mBuilding C object CMakeFiles/hidro_ros2_utils__python.dir/rosidl_generator_py/hidro_ros2_utils/srv/_transition_command_s.c.o[0m
[ 80%] [32mBuilding C object CMakeFiles/hidro_ros2_utils__python.dir/rosidl_generator_py/hidro_ros2_utils/msg/_state_machine_status_s.c.o[0m
[ 83%] [32m[1mLinking C shared library rosidl_generator_py/hidro_ros2_utils/libhidro_ros2_utils__python.so[0m
[ 83%] Built target hidro_ros2_utils__python
[35m[1mScanning dependencies of target hidro_ros2_utils__rosidl_typesupport_c__pyext[0m
[35m[1mScanning dependencies of target hidro_ros2_utils__rosidl_typesupport_introspection_c__pyext[0m
[ 87%] [32mBuilding C object CMakeFiles/hidro_ros2_utils__rosidl_typesupport_c__pyext.dir/rosidl_generator_py/hidro_ros2_utils/_hidro_ros2_utils_s.ep.rosidl_typesupport_c.c.o[0m
[ 90%] [32mBuilding C object CMakeFiles/hidro_ros2_utils__rosidl_typesupport_introspection_c__pyext.dir/rosidl_generator_py/hidro_ros2_utils/_hidro_ros2_utils_s.ep.rosidl_typesupport_introspection_c.c.o[0m
[ 93%] [32m[1mLinking C shared library rosidl_generator_py/hidro_ros2_utils/hidro_ros2_utils_s__rosidl_typesupport_c.cpython-38-x86_64-linux-gnu.so[0m
[ 96%] [32m[1mLinking C shared library rosidl_generator_py/hidro_ros2_utils/hidro_ros2_utils_s__rosidl_typesupport_introspection_c.cpython-38-x86_64-linux-gnu.so[0m
[ 96%] Built target hidro_ros2_utils__rosidl_typesupport_c__pyext
[ 96%] Built target hidro_ros2_utils__rosidl_typesupport_introspection_c__pyext
[100%] [32m[1mLinking CXX shared library libhidro_ros2_utils_lib.so[0m
[100%] Built target hidro_ros2_utils_lib
-- Install configuration: "Release"
-- Installing: /home/hidro/galactic_ws/install/hidro_ros2_utils/share/ament_index/resource_index/rosidl_interfaces/hidro_ros2_utils
-- Installing: /home/hidro/galactic_ws/install/hidro_ros2_utils/include/hidro_ros2_utils
-- Installing: /home/hidro/galactic_ws/install/hidro_ros2_utils/include/hidro_ros2_utils/srv
-- Installing: /home/hidro/galactic_ws/install/hidro_ros2_utils/include/hidro_ros2_utils/srv/transition_command.h
-- Installing: /home/hidro/galactic_ws/install/hidro_ros2_utils/include/hidro_ros2_utils/srv/detail
-- Installing: /home/hidro/galactic_ws/install/hidro_ros2_utils/include/hidro_ros2_utils/srv/detail/transition_command__type_support.h
-- Installing: /home/hidro/galactic_ws/install/hidro_ros2_utils/include/hidro_ros2_utils/srv/detail/transition_command__functions.h
-- Installing: /home/hidro/galactic_ws/install/hidro_ros2_utils/include/hidro_ros2_utils/srv/detail/transition_command__struct.h
-- Installing: /home/hidro/galactic_ws/install/hidro_ros2_utils/include/hidro_ros2_utils/srv/detail/transition_command__functions.c
-- Installing: /home/hidro/galactic_ws/install/hidro_ros2_utils/include/hidro_ros2_utils/msg
-- Installing: /home/hidro/galactic_ws/install/hidro_ros2_utils/include/hidro_ros2_utils/msg/state_machine_status.h
-- Installing: /home/hidro/galactic_ws/install/hidro_ros2_utils/include/hidro_ros2_utils/msg/rosidl_generator_c__visibility_control.h
-- Installing: /home/hidro/galactic_ws/install/hidro_ros2_utils/include/hidro_ros2_utils/msg/detail
-- Installing: /home/hidro/galactic_ws/install/hidro_ros2_utils/include/hidro_ros2_utils/msg/detail/state_machine_status__functions.c
-- Installing: /home/hidro/galactic_ws/install/hidro_ros2_utils/include/hidro_ros2_utils/msg/detail/state_machine_status__type_support.h
-- Installing: /home/hidro/galactic_ws/install/hidro_ros2_utils/include/hidro_ros2_utils/msg/detail/state_machine_status__functions.h
-- Installing: /home/hidro/galactic_ws/install/hidro_ros2_utils/include/hidro_ros2_utils/msg/detail/state_machine_status__struct.h
-- Installing: /home/hidro/galactic_ws/install/hidro_ros2_utils/share/hidro_ros2_utils/environment/library_path.sh
-- Installing: /home/hidro/galactic_ws/install/hidro_ros2_utils/share/hidro_ros2_utils/environment/library_path.dsv
-- Installing: /home/hidro/galactic_ws/install/hidro_ros2_utils/lib/libhidro_ros2_utils__rosidl_generator_c.so
-- Set runtime path of "/home/hidro/galactic_ws/install/hidro_ros2_utils/lib/libhidro_ros2_utils__rosidl_generator_c.so" to ""
-- Up-to-date: /home/hidro/galactic_ws/install/hidro_ros2_utils/include/hidro_ros2_utils
-- Up-to-date: /home/hidro/galactic_ws/install/hidro_ros2_utils/include/hidro_ros2_utils/srv
-- Up-to-date: /home/hidro/galactic_ws/install/hidro_ros2_utils/include/hidro_ros2_utils/srv/detail
-- Installing: /home/hidro/galactic_ws/install/hidro_ros2_utils/include/hidro_ros2_utils/srv/detail/transition_command__type_support.c
-- Installing: /home/hidro/galactic_ws/install/hidro_ros2_utils/include/hidro_ros2_utils/srv/detail/transition_command__rosidl_typesupport_introspection_c.h
-- Up-to-date: /home/hidro/galactic_ws/install/hidro_ros2_utils/include/hidro_ros2_utils/msg
-- Installing: /home/hidro/galactic_ws/install/hidro_ros2_utils/include/hidro_ros2_utils/msg/rosidl_typesupport_introspection_c__visibility_control.h
-- Up-to-date: /home/hidro/galactic_ws/install/hidro_ros2_utils/include/hidro_ros2_utils/msg/detail
-- Installing: /home/hidro/galactic_ws/install/hidro_ros2_utils/include/hidro_ros2_utils/msg/detail/state_machine_status__type_support.c
-- Installing: /home/hidro/galactic_ws/install/hidro_ros2_utils/include/hidro_ros2_utils/msg/detail/state_machine_status__rosidl_typesupport_introspection_c.h
-- Installing: /home/hidro/galactic_ws/install/hidro_ros2_utils/lib/libhidro_ros2_utils__rosidl_typesupport_introspection_c.so
-- Set runtime path of "/home/hidro/galactic_ws/install/hidro_ros2_utils/lib/libhidro_ros2_utils__rosidl_typesupport_introspection_c.so" to ""
-- Installing: /home/hidro/galactic_ws/install/hidro_ros2_utils/lib/libhidro_ros2_utils__rosidl_typesupport_c.so
-- Set runtime path of "/home/hidro/galactic_ws/install/hidro_ros2_utils/lib/libhidro_ros2_utils__rosidl_typesupport_c.so" to ""
-- Up-to-date: /home/hidro/galactic_ws/install/hidro_ros2_utils/include/hidro_ros2_utils
-- Up-to-date: /home/hidro/galactic_ws/install/hidro_ros2_utils/include/hidro_ros2_utils/srv
-- Installing: /home/hidro/galactic_ws/install/hidro_ros2_utils/include/hidro_ros2_utils/srv/transition_command.hpp
-- Up-to-date: /home/hidro/galactic_ws/install/hidro_ros2_utils/include/hidro_ros2_utils/srv/detail
-- Installing: /home/hidro/galactic_ws/install/hidro_ros2_utils/include/hidro_ros2_utils/srv/detail/transition_command__struct.hpp
-- Installing: /home/hidro/galactic_ws/install/hidro_ros2_utils/include/hidro_ros2_utils/srv/detail/transition_command__traits.hpp
-- Installing: /home/hidro/galactic_ws/install/hidro_ros2_utils/include/hidro_ros2_utils/srv/detail/transition_command__builder.hpp
-- Up-to-date: /home/hidro/galactic_ws/install/hidro_ros2_utils/include/hidro_ros2_utils/msg
-- Installing: /home/hidro/galactic_ws/install/hidro_ros2_utils/include/hidro_ros2_utils/msg/state_machine_status.hpp
-- Up-to-date: /home/hidro/galactic_ws/install/hidro_ros2_utils/include/hidro_ros2_utils/msg/detail
-- Installing: /home/hidro/galactic_ws/install/hidro_ros2_utils/include/hidro_ros2_utils/msg/detail/state_machine_status__traits.hpp
-- Installing: /home/hidro/galactic_ws/install/hidro_ros2_utils/include/hidro_ros2_utils/msg/detail/state_machine_status__builder.hpp
-- Installing: /home/hidro/galactic_ws/install/hidro_ros2_utils/include/hidro_ros2_utils/msg/detail/state_machine_status__struct.hpp
-- Up-to-date: /home/hidro/galactic_ws/install/hidro_ros2_utils/include/hidro_ros2_utils
-- Up-to-date: /home/hidro/galactic_ws/install/hidro_ros2_utils/include/hidro_ros2_utils/srv
-- Up-to-date: /home/hidro/galactic_ws/install/hidro_ros2_utils/include/hidro_ros2_utils/srv/detail
-- Installing: /home/hidro/galactic_ws/install/hidro_ros2_utils/include/hidro_ros2_utils/srv/detail/transition_command__type_support.cpp
-- Installing: /home/hidro/galactic_ws/install/hidro_ros2_utils/include/hidro_ros2_utils/srv/detail/transition_command__rosidl_typesupport_introspection_cpp.hpp
-- Up-to-date: /home/hidro/galactic_ws/install/hidro_ros2_utils/include/hidro_ros2_utils/msg
-- Up-to-date: /home/hidro/galactic_ws/install/hidro_ros2_utils/include/hidro_ros2_utils/msg/detail
-- Installing: /home/hidro/galactic_ws/install/hidro_ros2_utils/include/hidro_ros2_utils/msg/detail/state_machine_status__rosidl_typesupport_introspection_cpp.hpp
-- Installing: /home/hidro/galactic_ws/install/hidro_ros2_utils/include/hidro_ros2_utils/msg/detail/state_machine_status__type_support.cpp
-- Installing: /home/hidro/galactic_ws/install/hidro_ros2_utils/lib/libhidro_ros2_utils__rosidl_typesupport_introspection_cpp.so
-- Set runtime path of "/home/hidro/galactic_ws/install/hidro_ros2_utils/lib/libhidro_ros2_utils__rosidl_typesupport_introspection_cpp.so" to ""
-- Installing: /home/hidro/galactic_ws/install/hidro_ros2_utils/lib/libhidro_ros2_utils__rosidl_typesupport_cpp.so
-- Set runtime path of "/home/hidro/galactic_ws/install/hidro_ros2_utils/lib/libhidro_ros2_utils__rosidl_typesupport_cpp.so" to ""
-- Installing: /home/hidro/galactic_ws/install/hidro_ros2_utils/share/hidro_ros2_utils/environment/pythonpath.sh
-- Installing: /home/hidro/galactic_ws/install/hidro_ros2_utils/share/hidro_ros2_utils/environment/pythonpath.dsv
-- Installing: /home/hidro/galactic_ws/install/hidro_ros2_utils/lib/python3.8/site-packages/hidro_ros2_utils/__init__.py
Compiling '/home/hidro/galactic_ws/install/hidro_ros2_utils/lib/python3.8/site-packages/hidro_ros2_utils/__init__.py'...
-- Installing: /home/hidro/galactic_ws/install/hidro_ros2_utils/lib/python3.8/site-packages/hidro_ros2_utils/srv
-- Installing: /home/hidro/galactic_ws/install/hidro_ros2_utils/lib/python3.8/site-packages/hidro_ros2_utils/srv/__init__.py
-- Installing: /home/hidro/galactic_ws/install/hidro_ros2_utils/lib/python3.8/site-packages/hidro_ros2_utils/srv/_transition_command.py
-- Installing: /home/hidro/galactic_ws/install/hidro_ros2_utils/lib/python3.8/site-packages/hidro_ros2_utils/srv/_transition_command_s.c
-- Installing: /home/hidro/galactic_ws/install/hidro_ros2_utils/lib/python3.8/site-packages/hidro_ros2_utils/msg
-- Installing: /home/hidro/galactic_ws/install/hidro_ros2_utils/lib/python3.8/site-packages/hidro_ros2_utils/msg/__init__.py
-- Installing: /home/hidro/galactic_ws/install/hidro_ros2_utils/lib/python3.8/site-packages/hidro_ros2_utils/msg/_state_machine_status.py
-- Installing: /home/hidro/galactic_ws/install/hidro_ros2_utils/lib/python3.8/site-packages/hidro_ros2_utils/msg/_state_machine_status_s.c
-- Installing: /home/hidro/galactic_ws/install/hidro_ros2_utils/lib/python3.8/site-packages/hidro_ros2_utils/hidro_ros2_utils_s__rosidl_typesupport_introspection_c.cpython-38-x86_64-linux-gnu.so
-- Set runtime path of "/home/hidro/galactic_ws/install/hidro_ros2_utils/lib/python3.8/site-packages/hidro_ros2_utils/hidro_ros2_utils_s__rosidl_typesupport_introspection_c.cpython-38-x86_64-linux-gnu.so" to ""
-- Installing: /home/hidro/galactic_ws/install/hidro_ros2_utils/lib/python3.8/site-packages/hidro_ros2_utils/hidro_ros2_utils_s__rosidl_typesupport_c.cpython-38-x86_64-linux-gnu.so
-- Set runtime path of "/home/hidro/galactic_ws/install/hidro_ros2_utils/lib/python3.8/site-packages/hidro_ros2_utils/hidro_ros2_utils_s__rosidl_typesupport_c.cpython-38-x86_64-linux-gnu.so" to ""
-- Installing: /home/hidro/galactic_ws/install/hidro_ros2_utils/lib/libhidro_ros2_utils__python.so
-- Set runtime path of "/home/hidro/galactic_ws/install/hidro_ros2_utils/lib/libhidro_ros2_utils__python.so" to ""
-- Installing: /home/hidro/galactic_ws/install/hidro_ros2_utils/share/hidro_ros2_utils/srv/TransitionCommand.idl
-- Installing: /home/hidro/galactic_ws/install/hidro_ros2_utils/share/hidro_ros2_utils/msg/StateMachineStatus.idl
-- Installing: /home/hidro/galactic_ws/install/hidro_ros2_utils/share/hidro_ros2_utils/srv/TransitionCommand.srv
-- Installing: /home/hidro/galactic_ws/install/hidro_ros2_utils/share/hidro_ros2_utils/srv/TransitionCommand_Request.msg
-- Installing: /home/hidro/galactic_ws/install/hidro_ros2_utils/share/hidro_ros2_utils/srv/TransitionCommand_Response.msg
-- Installing: /home/hidro/galactic_ws/install/hidro_ros2_utils/share/hidro_ros2_utils/msg/StateMachineStatus.msg
-- Up-to-date: /home/hidro/galactic_ws/install/hidro_ros2_utils/include/hidro_ros2_utils
-- Installing: /home/hidro/galactic_ws/install/hidro_ros2_utils/include/hidro_ros2_utils/state_machine_interface.hpp
-- Installing: /home/hidro/galactic_ws/install/hidro_ros2_utils/lib/libhidro_ros2_utils_lib.so
-- Set runtime path of "/home/hidro/galactic_ws/install/hidro_ros2_utils/lib/libhidro_ros2_utils_lib.so" to ""
-- Installing: /home/hidro/galactic_ws/install/hidro_ros2_utils/share/ament_index/resource_index/package_run_dependencies/hidro_ros2_utils
-- Installing: /home/hidro/galactic_ws/install/hidro_ros2_utils/share/ament_index/resource_index/parent_prefix_path/hidro_ros2_utils
-- Installing: /home/hidro/galactic_ws/install/hidro_ros2_utils/share/hidro_ros2_utils/environment/ament_prefix_path.sh
-- Installing: /home/hidro/galactic_ws/install/hidro_ros2_utils/share/hidro_ros2_utils/environment/ament_prefix_path.dsv
-- Installing: /home/hidro/galactic_ws/install/hidro_ros2_utils/share/hidro_ros2_utils/environment/path.sh
-- Installing: /home/hidro/galactic_ws/install/hidro_ros2_utils/share/hidro_ros2_utils/environment/path.dsv
-- Installing: /home/hidro/galactic_ws/install/hidro_ros2_utils/share/hidro_ros2_utils/local_setup.bash
-- Installing: /home/hidro/galactic_ws/install/hidro_ros2_utils/share/hidro_ros2_utils/local_setup.sh
-- Installing: /home/hidro/galactic_ws/install/hidro_ros2_utils/share/hidro_ros2_utils/local_setup.zsh
-- Installing: /home/hidro/galactic_ws/install/hidro_ros2_utils/share/hidro_ros2_utils/local_setup.dsv
-- Installing: /home/hidro/galactic_ws/install/hidro_ros2_utils/share/hidro_ros2_utils/package.dsv
-- Installing: /home/hidro/galactic_ws/install/hidro_ros2_utils/share/ament_index/resource_index/packages/hidro_ros2_utils
-- Installing: /home/hidro/galactic_ws/install/hidro_ros2_utils/share/hidro_ros2_utils/cmake/hidro_ros2_utils__rosidl_generator_cExport.cmake
-- Installing: /home/hidro/galactic_ws/install/hidro_ros2_utils/share/hidro_ros2_utils/cmake/hidro_ros2_utils__rosidl_generator_cExport-release.cmake
-- Installing: /home/hidro/galactic_ws/install/hidro_ros2_utils/share/hidro_ros2_utils/cmake/hidro_ros2_utils__rosidl_typesupport_introspection_cExport.cmake
-- Installing: /home/hidro/galactic_ws/install/hidro_ros2_utils/share/hidro_ros2_utils/cmake/hidro_ros2_utils__rosidl_typesupport_introspection_cExport-release.cmake
-- Installing: /home/hidro/galactic_ws/install/hidro_ros2_utils/share/hidro_ros2_utils/cmake/hidro_ros2_utils__rosidl_typesupport_cExport.cmake
-- Installing: /home/hidro/galactic_ws/install/hidro_ros2_utils/share/hidro_ros2_utils/cmake/hidro_ros2_utils__rosidl_typesupport_cExport-release.cmake
-- Installing: /home/hidro/galactic_ws/install/hidro_ros2_utils/share/hidro_ros2_utils/cmake/hidro_ros2_utils__rosidl_generator_cppExport.cmake
-- Installing: /home/hidro/galactic_ws/install/hidro_ros2_utils/share/hidro_ros2_utils/cmake/hidro_ros2_utils__rosidl_typesupport_introspection_cppExport.cmake
-- Installing: /home/hidro/galactic_ws/install/hidro_ros2_utils/share/hidro_ros2_utils/cmake/hidro_ros2_utils__rosidl_typesupport_introspection_cppExport-release.cmake
-- Installing: /home/hidro/galactic_ws/install/hidro_ros2_utils/share/hidro_ros2_utils/cmake/hidro_ros2_utils__rosidl_typesupport_cppExport.cmake
-- Installing: /home/hidro/galactic_ws/install/hidro_ros2_utils/share/hidro_ros2_utils/cmake/hidro_ros2_utils__rosidl_typesupport_cppExport-release.cmake
-- Installing: /home/hidro/galactic_ws/install/hidro_ros2_utils/share/hidro_ros2_utils/cmake/hidro_ros2_utilsTargetsExport.cmake
-- Installing: /home/hidro/galactic_ws/install/hidro_ros2_utils/share/hidro_ros2_utils/cmake/hidro_ros2_utilsTargetsExport-release.cmake
-- Installing: /home/hidro/galactic_ws/install/hidro_ros2_utils/share/hidro_ros2_utils/cmake/rosidl_cmake-extras.cmake
-- Installing: /home/hidro/galactic_ws/install/hidro_ros2_utils/share/hidro_ros2_utils/cmake/ament_cmake_export_dependencies-extras.cmake
-- Installing: /home/hidro/galactic_ws/install/hidro_ros2_utils/share/hidro_ros2_utils/cmake/ament_cmake_export_libraries-extras.cmake
-- Installing: /home/hidro/galactic_ws/install/hidro_ros2_utils/share/hidro_ros2_utils/cmake/ament_cmake_export_targets-extras.cmake
-- Installing: /home/hidro/galactic_ws/install/hidro_ros2_utils/share/hidro_ros2_utils/cmake/ament_cmake_export_include_directories-extras.cmake
-- Installing: /home/hidro/galactic_ws/install/hidro_ros2_utils/share/hidro_ros2_utils/cmake/rosidl_cmake_export_typesupport_targets-extras.cmake
-- Installing: /home/hidro/galactic_ws/install/hidro_ros2_utils/share/hidro_ros2_utils/cmake/hidro_ros2_utilsConfig.cmake
-- Installing: /home/hidro/galactic_ws/install/hidro_ros2_utils/share/hidro_ros2_utils/cmake/hidro_ros2_utilsConfig-version.cmake
-- Installing: /home/hidro/galactic_ws/install/hidro_ros2_utils/share/hidro_ros2_utils/package.xml
