[0.044s] Invoking command in '/home/hidro/galactic_ws/build/hidro_ros2_utils': CMAKE_PREFIX_PATH=${CMAKE_PREFIX_PATH}:/opt/ros/galactic /usr/bin/cmake /home/hidro/galactic_ws/src/hidro_ros2_utils -DCMAKE_EXPORT_COMPILE_COMMANDS=ON -DCMAKE_BUILD_TYPE=Release -DCMAKE_INSTALL_PREFIX=/home/hidro/galactic_ws/install/hidro_ros2_utils
[0.117s] -- The C compiler identification is GNU 9.4.0
[0.183s] -- The CXX compiler identification is GNU 9.4.0
[0.191s] -- Check for working C compiler: /usr/bin/cc
[0.276s] -- Check for working C compiler: /usr/bin/cc -- works
[0.278s] -- Detecting C compiler ABI info
[0.361s] -- Detecting C compiler ABI info - done
[0.384s] -- Detecting C compile features
[0.385s] -- Detecting C compile features - done
[0.388s] -- Check for working CXX compiler: /usr/bin/c++
[0.509s] -- Check for working CXX compiler: /usr/bin/c++ -- works
[0.511s] -- Detecting CXX compiler ABI info
[0.631s] -- Detecting CXX compiler ABI info - done
[0.647s] -- Detecting CXX compile features
[0.648s] -- Detecting CXX compile features - done
[0.650s] -- Found ament_cmake: 1.1.6 (/opt/ros/galactic/share/ament_cmake/cmake)
[0.673s] -- Found PythonInterp: /usr/bin/python3 (found suitable version "3.8.10", minimum required is "3") 
[0.673s] -- Using PYTHON_EXECUTABLE: /usr/bin/python3
[0.775s] -- Found rclcpp: 9.2.2 (/opt/ros/galactic/share/rclcpp/cmake)
[0.844s] -- Using single rosidl_typesupport_c: rosidl_typesupport_introspection_c
[0.850s] -- Found rosidl_adapter: 2.2.3 (/opt/ros/galactic/share/rosidl_adapter/cmake)
[0.875s] -- Using single rosidl_typesupport_cpp: rosidl_typesupport_introspection_cpp
[0.958s] -- Found rmw_implementation_cmake: 3.3.1 (/opt/ros/galactic/share/rmw_implementation_cmake/cmake)
[0.963s] -- Found rmw_cyclonedds_cpp: 0.22.6 (/opt/ros/galactic/share/rmw_cyclonedds_cpp/cmake)
[0.993s] -- Using RMW implementation 'rmw_cyclonedds_cpp' as default
[0.995s] -- Looking for pthread.h
[1.096s] -- Looking for pthread.h - found
[1.097s] -- Performing Test CMAKE_HAVE_LIBC_PTHREAD
[1.172s] -- Performing Test CMAKE_HAVE_LIBC_PTHREAD - Failed
[1.172s] -- Looking for pthread_create in pthreads
[1.230s] -- Looking for pthread_create in pthreads - not found
[1.230s] -- Looking for pthread_create in pthread
[1.300s] -- Looking for pthread_create in pthread - found
[1.301s] -- Found Threads: TRUE  
[1.454s] -- Found rosidl_default_generators: 1.1.1 (/opt/ros/galactic/share/rosidl_default_generators/cmake)
[1.481s] -- Found PythonInterp: /usr/bin/python3 (found version "3.8.10") 
[1.679s] -- Using single rosidl_typesupport_c: rosidl_typesupport_introspection_c
[1.751s] -- Using single rosidl_typesupport_cpp: rosidl_typesupport_introspection_cpp
[1.771s] -- Found PythonInterp: /usr/bin/python3 (found suitable version "3.8.10", minimum required is "3.5") 
[1.772s] -- Found python_cmake_module: 0.8.1 (/opt/ros/galactic/share/python_cmake_module/cmake)
[1.792s] -- Found PythonLibs: /usr/lib/x86_64-linux-gnu/libpython3.8.so (found suitable version "3.8.10", minimum required is "3.5") 
[1.792s] -- Using PYTHON_EXECUTABLE: /usr/bin/python3
[1.792s] -- Using PYTHON_INCLUDE_DIRS: /usr/include/python3.8
[1.792s] -- Using PYTHON_LIBRARIES: /usr/lib/x86_64-linux-gnu/libpython3.8.so
[1.810s] -- Found PythonExtra: .so  
[1.878s] -- Configuring done
[1.919s] -- Generating done
[1.921s] -- Build files have been written to: /home/hidro/galactic_ws/build/hidro_ros2_utils
[1.926s] Invoked command in '/home/hidro/galactic_ws/build/hidro_ros2_utils' returned '0': CMAKE_PREFIX_PATH=${CMAKE_PREFIX_PATH}:/opt/ros/galactic /usr/bin/cmake /home/hidro/galactic_ws/src/hidro_ros2_utils -DCMAKE_EXPORT_COMPILE_COMMANDS=ON -DCMAKE_BUILD_TYPE=Release -DCMAKE_INSTALL_PREFIX=/home/hidro/galactic_ws/install/hidro_ros2_utils
[1.927s] Invoking command in '/home/hidro/galactic_ws/build/hidro_ros2_utils': CMAKE_PREFIX_PATH=${CMAKE_PREFIX_PATH}:/opt/ros/galactic /usr/bin/cmake --build /home/hidro/galactic_ws/build/hidro_ros2_utils -- -j8 -l8
[1.972s] [  3%] [34m[1mGenerating C code for ROS interfaces[0m
[1.972s] [35m[1mScanning dependencies of target hidro_ros2_utils__cpp[0m
[1.989s] [  6%] [34m[1mGenerating C++ code for ROS interfaces[0m
[2.360s] [35m[1mScanning dependencies of target hidro_ros2_utils__rosidl_generator_c[0m
[2.391s] [  9%] [32mBuilding C object CMakeFiles/hidro_ros2_utils__rosidl_generator_c.dir/rosidl_generator_c/hidro_ros2_utils/srv/detail/transition_command__functions.c.o[0m
[2.393s] [ 12%] [32mBuilding C object CMakeFiles/hidro_ros2_utils__rosidl_generator_c.dir/rosidl_generator_c/hidro_ros2_utils/msg/detail/state_machine_status__functions.c.o[0m
[2.405s] [ 12%] Built target hidro_ros2_utils__cpp
[2.423s] [ 16%] [34m[1mGenerating C++ introspection for ROS interfaces[0m
[2.536s] [ 19%] [32m[1mLinking C shared library libhidro_ros2_utils__rosidl_generator_c.so[0m
[2.578s] [ 19%] Built target hidro_ros2_utils__rosidl_generator_c
[2.590s] [ 22%] [34m[1mGenerating C introspection for ROS interfaces[0m
[2.730s] [35m[1mScanning dependencies of target hidro_ros2_utils__rosidl_typesupport_introspection_cpp[0m
[2.751s] [ 25%] [32mBuilding CXX object CMakeFiles/hidro_ros2_utils__rosidl_typesupport_introspection_cpp.dir/rosidl_typesupport_introspection_cpp/hidro_ros2_utils/srv/detail/transition_command__type_support.cpp.o[0m
[2.752s] [ 29%] [32mBuilding CXX object CMakeFiles/hidro_ros2_utils__rosidl_typesupport_introspection_cpp.dir/rosidl_typesupport_introspection_cpp/hidro_ros2_utils/msg/detail/state_machine_status__type_support.cpp.o[0m
[2.897s] [35m[1mScanning dependencies of target hidro_ros2_utils__rosidl_typesupport_introspection_c[0m
[2.914s] [ 32%] [32mBuilding C object CMakeFiles/hidro_ros2_utils__rosidl_typesupport_introspection_c.dir/rosidl_typesupport_introspection_c/hidro_ros2_utils/msg/detail/state_machine_status__type_support.c.o[0m
[2.918s] [ 35%] [32mBuilding C object CMakeFiles/hidro_ros2_utils__rosidl_typesupport_introspection_c.dir/rosidl_typesupport_introspection_c/hidro_ros2_utils/srv/detail/transition_command__type_support.c.o[0m
[2.981s] [ 38%] [32m[1mLinking C shared library libhidro_ros2_utils__rosidl_typesupport_introspection_c.so[0m
[3.019s] [ 38%] Built target hidro_ros2_utils__rosidl_typesupport_introspection_c
[3.032s] [ 41%] [34m[1mGenerating C type support dispatch for ROS interfaces[0m
[3.316s] [ 45%] [32m[1mLinking CXX shared library libhidro_ros2_utils__rosidl_typesupport_introspection_cpp.so[0m
[3.421s] [ 45%] Built target hidro_ros2_utils__rosidl_typesupport_introspection_cpp
[3.438s] [ 48%] [34m[1mGenerating C++ type support dispatch for ROS interfaces[0m
[3.535s] [35m[1mScanning dependencies of target hidro_ros2_utils__rosidl_typesupport_c[0m
[3.572s] [ 51%] [32mBuilding CXX object CMakeFiles/hidro_ros2_utils__rosidl_typesupport_c.dir/rosidl_typesupport_c/hidro_ros2_utils/srv/transition_command__type_support.cpp.o[0m
[3.603s] [ 54%] [32mBuilding CXX object CMakeFiles/hidro_ros2_utils__rosidl_typesupport_c.dir/rosidl_typesupport_c/hidro_ros2_utils/msg/state_machine_status__type_support.cpp.o[0m
[3.680s] [ 58%] [32m[1mLinking CXX shared library libhidro_ros2_utils__rosidl_typesupport_c.so[0m
[3.730s] [ 58%] Built target hidro_ros2_utils__rosidl_typesupport_c
[3.815s] [35m[1mScanning dependencies of target hidro_ros2_utils__rosidl_typesupport_cpp[0m
[3.830s] [ 61%] [32mBuilding CXX object CMakeFiles/hidro_ros2_utils__rosidl_typesupport_cpp.dir/rosidl_typesupport_cpp/hidro_ros2_utils/msg/state_machine_status__type_support.cpp.o[0m
[3.832s] [ 64%] [32mBuilding CXX object CMakeFiles/hidro_ros2_utils__rosidl_typesupport_cpp.dir/rosidl_typesupport_cpp/hidro_ros2_utils/srv/transition_command__type_support.cpp.o[0m
[4.516s] [ 67%] [32m[1mLinking CXX shared library libhidro_ros2_utils__rosidl_typesupport_cpp.so[0m
[4.664s] [ 67%] Built target hidro_ros2_utils__rosidl_typesupport_cpp
[4.699s] [35m[1mScanning dependencies of target hidro_ros2_utils[0m
[4.766s] [ 67%] Built target hidro_ros2_utils
[4.823s] [35m[1mScanning dependencies of target hidro_ros2_utils_lib[0m
[4.842s] [35m[1mScanning dependencies of target hidro_ros2_utils__py[0m
[4.903s] [ 70%] [34m[1mGenerating Python code for ROS interfaces[0m
[4.915s] [ 74%] [32mBuilding CXX object CMakeFiles/hidro_ros2_utils_lib.dir/src/state_machine_interface.cpp.o[0m
[6.091s] [ 74%] Built target hidro_ros2_utils__py
[6.143s] [35m[1mScanning dependencies of target hidro_ros2_utils__python[0m
[6.235s] [ 77%] [32mBuilding C object CMakeFiles/hidro_ros2_utils__python.dir/rosidl_generator_py/hidro_ros2_utils/srv/_transition_command_s.c.o[0m
[6.270s] [ 80%] [32mBuilding C object CMakeFiles/hidro_ros2_utils__python.dir/rosidl_generator_py/hidro_ros2_utils/msg/_state_machine_status_s.c.o[0m
[6.597s] [ 83%] [32m[1mLinking C shared library rosidl_generator_py/hidro_ros2_utils/libhidro_ros2_utils__python.so[0m
[6.653s] [ 83%] Built target hidro_ros2_utils__python
[6.665s] [35m[1mScanning dependencies of target hidro_ros2_utils__rosidl_typesupport_c__pyext[0m
[6.669s] [35m[1mScanning dependencies of target hidro_ros2_utils__rosidl_typesupport_introspection_c__pyext[0m
[6.685s] [ 87%] [32mBuilding C object CMakeFiles/hidro_ros2_utils__rosidl_typesupport_c__pyext.dir/rosidl_generator_py/hidro_ros2_utils/_hidro_ros2_utils_s.ep.rosidl_typesupport_c.c.o[0m
[6.693s] [ 90%] [32mBuilding C object CMakeFiles/hidro_ros2_utils__rosidl_typesupport_introspection_c__pyext.dir/rosidl_generator_py/hidro_ros2_utils/_hidro_ros2_utils_s.ep.rosidl_typesupport_introspection_c.c.o[0m
[6.816s] [ 93%] [32m[1mLinking C shared library rosidl_generator_py/hidro_ros2_utils/hidro_ros2_utils_s__rosidl_typesupport_c.cpython-38-x86_64-linux-gnu.so[0m
[6.823s] [ 96%] [32m[1mLinking C shared library rosidl_generator_py/hidro_ros2_utils/hidro_ros2_utils_s__rosidl_typesupport_introspection_c.cpython-38-x86_64-linux-gnu.so[0m
[6.859s] [ 96%] Built target hidro_ros2_utils__rosidl_typesupport_c__pyext
[6.866s] [ 96%] Built target hidro_ros2_utils__rosidl_typesupport_introspection_c__pyext
[11.245s] [100%] [32m[1mLinking CXX shared library libhidro_ros2_utils_lib.so[0m
[11.359s] [100%] Built target hidro_ros2_utils_lib
[11.374s] Invoked command in '/home/hidro/galactic_ws/build/hidro_ros2_utils' returned '0': CMAKE_PREFIX_PATH=${CMAKE_PREFIX_PATH}:/opt/ros/galactic /usr/bin/cmake --build /home/hidro/galactic_ws/build/hidro_ros2_utils -- -j8 -l8
[11.428s] Invoking command in '/home/hidro/galactic_ws/build/hidro_ros2_utils': CMAKE_PREFIX_PATH=${CMAKE_PREFIX_PATH}:/opt/ros/galactic /usr/bin/cmake --install /home/hidro/galactic_ws/build/hidro_ros2_utils
[11.436s] -- Install configuration: "Release"
[11.437s] -- Installing: /home/hidro/galactic_ws/install/hidro_ros2_utils/share/ament_index/resource_index/rosidl_interfaces/hidro_ros2_utils
[11.437s] -- Installing: /home/hidro/galactic_ws/install/hidro_ros2_utils/include/hidro_ros2_utils
[11.437s] -- Installing: /home/hidro/galactic_ws/install/hidro_ros2_utils/include/hidro_ros2_utils/srv
[11.437s] -- Installing: /home/hidro/galactic_ws/install/hidro_ros2_utils/include/hidro_ros2_utils/srv/transition_command.h
[11.437s] -- Installing: /home/hidro/galactic_ws/install/hidro_ros2_utils/include/hidro_ros2_utils/srv/detail
[11.437s] -- Installing: /home/hidro/galactic_ws/install/hidro_ros2_utils/include/hidro_ros2_utils/srv/detail/transition_command__type_support.h
[11.438s] -- Installing: /home/hidro/galactic_ws/install/hidro_ros2_utils/include/hidro_ros2_utils/srv/detail/transition_command__functions.h
[11.438s] -- Installing: /home/hidro/galactic_ws/install/hidro_ros2_utils/include/hidro_ros2_utils/srv/detail/transition_command__struct.h
[11.438s] -- Installing: /home/hidro/galactic_ws/install/hidro_ros2_utils/include/hidro_ros2_utils/srv/detail/transition_command__functions.c
[11.438s] -- Installing: /home/hidro/galactic_ws/install/hidro_ros2_utils/include/hidro_ros2_utils/msg
[11.438s] -- Installing: /home/hidro/galactic_ws/install/hidro_ros2_utils/include/hidro_ros2_utils/msg/state_machine_status.h
[11.438s] -- Installing: /home/hidro/galactic_ws/install/hidro_ros2_utils/include/hidro_ros2_utils/msg/rosidl_generator_c__visibility_control.h
[11.438s] -- Installing: /home/hidro/galactic_ws/install/hidro_ros2_utils/include/hidro_ros2_utils/msg/detail
[11.439s] -- Installing: /home/hidro/galactic_ws/install/hidro_ros2_utils/include/hidro_ros2_utils/msg/detail/state_machine_status__functions.c
[11.439s] -- Installing: /home/hidro/galactic_ws/install/hidro_ros2_utils/include/hidro_ros2_utils/msg/detail/state_machine_status__type_support.h
[11.439s] -- Installing: /home/hidro/galactic_ws/install/hidro_ros2_utils/include/hidro_ros2_utils/msg/detail/state_machine_status__functions.h
[11.439s] -- Installing: /home/hidro/galactic_ws/install/hidro_ros2_utils/include/hidro_ros2_utils/msg/detail/state_machine_status__struct.h
[11.439s] -- Installing: /home/hidro/galactic_ws/install/hidro_ros2_utils/share/hidro_ros2_utils/environment/library_path.sh
[11.439s] -- Installing: /home/hidro/galactic_ws/install/hidro_ros2_utils/share/hidro_ros2_utils/environment/library_path.dsv
[11.440s] -- Installing: /home/hidro/galactic_ws/install/hidro_ros2_utils/lib/libhidro_ros2_utils__rosidl_generator_c.so
[11.440s] -- Set runtime path of "/home/hidro/galactic_ws/install/hidro_ros2_utils/lib/libhidro_ros2_utils__rosidl_generator_c.so" to ""
[11.440s] -- Up-to-date: /home/hidro/galactic_ws/install/hidro_ros2_utils/include/hidro_ros2_utils
[11.440s] -- Up-to-date: /home/hidro/galactic_ws/install/hidro_ros2_utils/include/hidro_ros2_utils/srv
[11.440s] -- Up-to-date: /home/hidro/galactic_ws/install/hidro_ros2_utils/include/hidro_ros2_utils/srv/detail
[11.440s] -- Installing: /home/hidro/galactic_ws/install/hidro_ros2_utils/include/hidro_ros2_utils/srv/detail/transition_command__type_support.c
[11.441s] -- Installing: /home/hidro/galactic_ws/install/hidro_ros2_utils/include/hidro_ros2_utils/srv/detail/transition_command__rosidl_typesupport_introspection_c.h
[11.441s] -- Up-to-date: /home/hidro/galactic_ws/install/hidro_ros2_utils/include/hidro_ros2_utils/msg
[11.441s] -- Installing: /home/hidro/galactic_ws/install/hidro_ros2_utils/include/hidro_ros2_utils/msg/rosidl_typesupport_introspection_c__visibility_control.h
[11.441s] -- Up-to-date: /home/hidro/galactic_ws/install/hidro_ros2_utils/include/hidro_ros2_utils/msg/detail
[11.441s] -- Installing: /home/hidro/galactic_ws/install/hidro_ros2_utils/include/hidro_ros2_utils/msg/detail/state_machine_status__type_support.c
[11.441s] -- Installing: /home/hidro/galactic_ws/install/hidro_ros2_utils/include/hidro_ros2_utils/msg/detail/state_machine_status__rosidl_typesupport_introspection_c.h
[11.441s] -- Installing: /home/hidro/galactic_ws/install/hidro_ros2_utils/lib/libhidro_ros2_utils__rosidl_typesupport_introspection_c.so
[11.442s] -- Set runtime path of "/home/hidro/galactic_ws/install/hidro_ros2_utils/lib/libhidro_ros2_utils__rosidl_typesupport_introspection_c.so" to ""
[11.442s] -- Installing: /home/hidro/galactic_ws/install/hidro_ros2_utils/lib/libhidro_ros2_utils__rosidl_typesupport_c.so
[11.442s] -- Set runtime path of "/home/hidro/galactic_ws/install/hidro_ros2_utils/lib/libhidro_ros2_utils__rosidl_typesupport_c.so" to ""
[11.442s] -- Up-to-date: /home/hidro/galactic_ws/install/hidro_ros2_utils/include/hidro_ros2_utils
[11.442s] -- Up-to-date: /home/hidro/galactic_ws/install/hidro_ros2_utils/include/hidro_ros2_utils/srv
[11.442s] -- Installing: /home/hidro/galactic_ws/install/hidro_ros2_utils/include/hidro_ros2_utils/srv/transition_command.hpp
[11.443s] -- Up-to-date: /home/hidro/galactic_ws/install/hidro_ros2_utils/include/hidro_ros2_utils/srv/detail
[11.443s] -- Installing: /home/hidro/galactic_ws/install/hidro_ros2_utils/include/hidro_ros2_utils/srv/detail/transition_command__struct.hpp
[11.443s] -- Installing: /home/hidro/galactic_ws/install/hidro_ros2_utils/include/hidro_ros2_utils/srv/detail/transition_command__traits.hpp
[11.443s] -- Installing: /home/hidro/galactic_ws/install/hidro_ros2_utils/include/hidro_ros2_utils/srv/detail/transition_command__builder.hpp
[11.443s] -- Up-to-date: /home/hidro/galactic_ws/install/hidro_ros2_utils/include/hidro_ros2_utils/msg
[11.443s] -- Installing: /home/hidro/galactic_ws/install/hidro_ros2_utils/include/hidro_ros2_utils/msg/state_machine_status.hpp
[11.444s] -- Up-to-date: /home/hidro/galactic_ws/install/hidro_ros2_utils/include/hidro_ros2_utils/msg/detail
[11.444s] -- Installing: /home/hidro/galactic_ws/install/hidro_ros2_utils/include/hidro_ros2_utils/msg/detail/state_machine_status__traits.hpp
[11.444s] -- Installing: /home/hidro/galactic_ws/install/hidro_ros2_utils/include/hidro_ros2_utils/msg/detail/state_machine_status__builder.hpp
[11.444s] -- Installing: /home/hidro/galactic_ws/install/hidro_ros2_utils/include/hidro_ros2_utils/msg/detail/state_machine_status__struct.hpp
[11.444s] -- Up-to-date: /home/hidro/galactic_ws/install/hidro_ros2_utils/include/hidro_ros2_utils
[11.444s] -- Up-to-date: /home/hidro/galactic_ws/install/hidro_ros2_utils/include/hidro_ros2_utils/srv
[11.444s] -- Up-to-date: /home/hidro/galactic_ws/install/hidro_ros2_utils/include/hidro_ros2_utils/srv/detail
[11.444s] -- Installing: /home/hidro/galactic_ws/install/hidro_ros2_utils/include/hidro_ros2_utils/srv/detail/transition_command__type_support.cpp
[11.445s] -- Installing: /home/hidro/galactic_ws/install/hidro_ros2_utils/include/hidro_ros2_utils/srv/detail/transition_command__rosidl_typesupport_introspection_cpp.hpp
[11.445s] -- Up-to-date: /home/hidro/galactic_ws/install/hidro_ros2_utils/include/hidro_ros2_utils/msg
[11.445s] -- Up-to-date: /home/hidro/galactic_ws/install/hidro_ros2_utils/include/hidro_ros2_utils/msg/detail
[11.445s] -- Installing: /home/hidro/galactic_ws/install/hidro_ros2_utils/include/hidro_ros2_utils/msg/detail/state_machine_status__rosidl_typesupport_introspection_cpp.hpp
[11.445s] -- Installing: /home/hidro/galactic_ws/install/hidro_ros2_utils/include/hidro_ros2_utils/msg/detail/state_machine_status__type_support.cpp
[11.445s] -- Installing: /home/hidro/galactic_ws/install/hidro_ros2_utils/lib/libhidro_ros2_utils__rosidl_typesupport_introspection_cpp.so
[11.445s] -- Set runtime path of "/home/hidro/galactic_ws/install/hidro_ros2_utils/lib/libhidro_ros2_utils__rosidl_typesupport_introspection_cpp.so" to ""
[11.446s] -- Installing: /home/hidro/galactic_ws/install/hidro_ros2_utils/lib/libhidro_ros2_utils__rosidl_typesupport_cpp.so
[11.446s] -- Set runtime path of "/home/hidro/galactic_ws/install/hidro_ros2_utils/lib/libhidro_ros2_utils__rosidl_typesupport_cpp.so" to ""
[11.446s] -- Installing: /home/hidro/galactic_ws/install/hidro_ros2_utils/share/hidro_ros2_utils/environment/pythonpath.sh
[11.446s] -- Installing: /home/hidro/galactic_ws/install/hidro_ros2_utils/share/hidro_ros2_utils/environment/pythonpath.dsv
[11.446s] -- Installing: /home/hidro/galactic_ws/install/hidro_ros2_utils/lib/python3.8/site-packages/hidro_ros2_utils/__init__.py
[11.475s] Compiling '/home/hidro/galactic_ws/install/hidro_ros2_utils/lib/python3.8/site-packages/hidro_ros2_utils/__init__.py'...
[11.480s] -- Installing: /home/hidro/galactic_ws/install/hidro_ros2_utils/lib/python3.8/site-packages/hidro_ros2_utils/srv
[11.480s] -- Installing: /home/hidro/galactic_ws/install/hidro_ros2_utils/lib/python3.8/site-packages/hidro_ros2_utils/srv/__init__.py
[11.480s] -- Installing: /home/hidro/galactic_ws/install/hidro_ros2_utils/lib/python3.8/site-packages/hidro_ros2_utils/srv/_transition_command.py
[11.480s] -- Installing: /home/hidro/galactic_ws/install/hidro_ros2_utils/lib/python3.8/site-packages/hidro_ros2_utils/srv/_transition_command_s.c
[11.480s] -- Installing: /home/hidro/galactic_ws/install/hidro_ros2_utils/lib/python3.8/site-packages/hidro_ros2_utils/msg
[11.480s] -- Installing: /home/hidro/galactic_ws/install/hidro_ros2_utils/lib/python3.8/site-packages/hidro_ros2_utils/msg/__init__.py
[11.481s] -- Installing: /home/hidro/galactic_ws/install/hidro_ros2_utils/lib/python3.8/site-packages/hidro_ros2_utils/msg/_state_machine_status.py
[11.481s] -- Installing: /home/hidro/galactic_ws/install/hidro_ros2_utils/lib/python3.8/site-packages/hidro_ros2_utils/msg/_state_machine_status_s.c
[11.481s] -- Installing: /home/hidro/galactic_ws/install/hidro_ros2_utils/lib/python3.8/site-packages/hidro_ros2_utils/hidro_ros2_utils_s__rosidl_typesupport_introspection_c.cpython-38-x86_64-linux-gnu.so
[11.481s] -- Set runtime path of "/home/hidro/galactic_ws/install/hidro_ros2_utils/lib/python3.8/site-packages/hidro_ros2_utils/hidro_ros2_utils_s__rosidl_typesupport_introspection_c.cpython-38-x86_64-linux-gnu.so" to ""
[11.482s] -- Installing: /home/hidro/galactic_ws/install/hidro_ros2_utils/lib/python3.8/site-packages/hidro_ros2_utils/hidro_ros2_utils_s__rosidl_typesupport_c.cpython-38-x86_64-linux-gnu.so
[11.482s] -- Set runtime path of "/home/hidro/galactic_ws/install/hidro_ros2_utils/lib/python3.8/site-packages/hidro_ros2_utils/hidro_ros2_utils_s__rosidl_typesupport_c.cpython-38-x86_64-linux-gnu.so" to ""
[11.482s] -- Installing: /home/hidro/galactic_ws/install/hidro_ros2_utils/lib/libhidro_ros2_utils__python.so
[11.483s] -- Set runtime path of "/home/hidro/galactic_ws/install/hidro_ros2_utils/lib/libhidro_ros2_utils__python.so" to ""
[11.483s] -- Installing: /home/hidro/galactic_ws/install/hidro_ros2_utils/share/hidro_ros2_utils/srv/TransitionCommand.idl
[11.483s] -- Installing: /home/hidro/galactic_ws/install/hidro_ros2_utils/share/hidro_ros2_utils/msg/StateMachineStatus.idl
[11.483s] -- Installing: /home/hidro/galactic_ws/install/hidro_ros2_utils/share/hidro_ros2_utils/srv/TransitionCommand.srv
[11.483s] -- Installing: /home/hidro/galactic_ws/install/hidro_ros2_utils/share/hidro_ros2_utils/srv/TransitionCommand_Request.msg
[11.484s] -- Installing: /home/hidro/galactic_ws/install/hidro_ros2_utils/share/hidro_ros2_utils/srv/TransitionCommand_Response.msg
[11.484s] -- Installing: /home/hidro/galactic_ws/install/hidro_ros2_utils/share/hidro_ros2_utils/msg/StateMachineStatus.msg
[11.484s] -- Up-to-date: /home/hidro/galactic_ws/install/hidro_ros2_utils/include/hidro_ros2_utils
[11.484s] -- Installing: /home/hidro/galactic_ws/install/hidro_ros2_utils/include/hidro_ros2_utils/state_machine_interface.hpp
[11.484s] -- Installing: /home/hidro/galactic_ws/install/hidro_ros2_utils/lib/libhidro_ros2_utils_lib.so
[11.485s] -- Set runtime path of "/home/hidro/galactic_ws/install/hidro_ros2_utils/lib/libhidro_ros2_utils_lib.so" to ""
[11.485s] -- Installing: /home/hidro/galactic_ws/install/hidro_ros2_utils/share/ament_index/resource_index/package_run_dependencies/hidro_ros2_utils
[11.485s] -- Installing: /home/hidro/galactic_ws/install/hidro_ros2_utils/share/ament_index/resource_index/parent_prefix_path/hidro_ros2_utils
[11.486s] -- Installing: /home/hidro/galactic_ws/install/hidro_ros2_utils/share/hidro_ros2_utils/environment/ament_prefix_path.sh
[11.486s] -- Installing: /home/hidro/galactic_ws/install/hidro_ros2_utils/share/hidro_ros2_utils/environment/ament_prefix_path.dsv
[11.486s] -- Installing: /home/hidro/galactic_ws/install/hidro_ros2_utils/share/hidro_ros2_utils/environment/path.sh
[11.486s] -- Installing: /home/hidro/galactic_ws/install/hidro_ros2_utils/share/hidro_ros2_utils/environment/path.dsv
[11.486s] -- Installing: /home/hidro/galactic_ws/install/hidro_ros2_utils/share/hidro_ros2_utils/local_setup.bash
[11.486s] -- Installing: /home/hidro/galactic_ws/install/hidro_ros2_utils/share/hidro_ros2_utils/local_setup.sh
[11.487s] -- Installing: /home/hidro/galactic_ws/install/hidro_ros2_utils/share/hidro_ros2_utils/local_setup.zsh
[11.487s] -- Installing: /home/hidro/galactic_ws/install/hidro_ros2_utils/share/hidro_ros2_utils/local_setup.dsv
[11.487s] -- Installing: /home/hidro/galactic_ws/install/hidro_ros2_utils/share/hidro_ros2_utils/package.dsv
[11.487s] -- Installing: /home/hidro/galactic_ws/install/hidro_ros2_utils/share/ament_index/resource_index/packages/hidro_ros2_utils
[11.487s] -- Installing: /home/hidro/galactic_ws/install/hidro_ros2_utils/share/hidro_ros2_utils/cmake/hidro_ros2_utils__rosidl_generator_cExport.cmake
[11.487s] -- Installing: /home/hidro/galactic_ws/install/hidro_ros2_utils/share/hidro_ros2_utils/cmake/hidro_ros2_utils__rosidl_generator_cExport-release.cmake
[11.488s] -- Installing: /home/hidro/galactic_ws/install/hidro_ros2_utils/share/hidro_ros2_utils/cmake/hidro_ros2_utils__rosidl_typesupport_introspection_cExport.cmake
[11.488s] -- Installing: /home/hidro/galactic_ws/install/hidro_ros2_utils/share/hidro_ros2_utils/cmake/hidro_ros2_utils__rosidl_typesupport_introspection_cExport-release.cmake
[11.488s] -- Installing: /home/hidro/galactic_ws/install/hidro_ros2_utils/share/hidro_ros2_utils/cmake/hidro_ros2_utils__rosidl_typesupport_cExport.cmake
[11.488s] -- Installing: /home/hidro/galactic_ws/install/hidro_ros2_utils/share/hidro_ros2_utils/cmake/hidro_ros2_utils__rosidl_typesupport_cExport-release.cmake
[11.489s] -- Installing: /home/hidro/galactic_ws/install/hidro_ros2_utils/share/hidro_ros2_utils/cmake/hidro_ros2_utils__rosidl_generator_cppExport.cmake
[11.489s] -- Installing: /home/hidro/galactic_ws/install/hidro_ros2_utils/share/hidro_ros2_utils/cmake/hidro_ros2_utils__rosidl_typesupport_introspection_cppExport.cmake
[11.489s] -- Installing: /home/hidro/galactic_ws/install/hidro_ros2_utils/share/hidro_ros2_utils/cmake/hidro_ros2_utils__rosidl_typesupport_introspection_cppExport-release.cmake
[11.489s] -- Installing: /home/hidro/galactic_ws/install/hidro_ros2_utils/share/hidro_ros2_utils/cmake/hidro_ros2_utils__rosidl_typesupport_cppExport.cmake
[11.489s] -- Installing: /home/hidro/galactic_ws/install/hidro_ros2_utils/share/hidro_ros2_utils/cmake/hidro_ros2_utils__rosidl_typesupport_cppExport-release.cmake
[11.490s] -- Installing: /home/hidro/galactic_ws/install/hidro_ros2_utils/share/hidro_ros2_utils/cmake/hidro_ros2_utilsTargetsExport.cmake
[11.490s] -- Installing: /home/hidro/galactic_ws/install/hidro_ros2_utils/share/hidro_ros2_utils/cmake/hidro_ros2_utilsTargetsExport-release.cmake
[11.490s] -- Installing: /home/hidro/galactic_ws/install/hidro_ros2_utils/share/hidro_ros2_utils/cmake/rosidl_cmake-extras.cmake
[11.490s] -- Installing: /home/hidro/galactic_ws/install/hidro_ros2_utils/share/hidro_ros2_utils/cmake/ament_cmake_export_dependencies-extras.cmake
[11.491s] -- Installing: /home/hidro/galactic_ws/install/hidro_ros2_utils/share/hidro_ros2_utils/cmake/ament_cmake_export_libraries-extras.cmake
[11.491s] -- Installing: /home/hidro/galactic_ws/install/hidro_ros2_utils/share/hidro_ros2_utils/cmake/ament_cmake_export_targets-extras.cmake
[11.491s] -- Installing: /home/hidro/galactic_ws/install/hidro_ros2_utils/share/hidro_ros2_utils/cmake/ament_cmake_export_include_directories-extras.cmake
[11.491s] -- Installing: /home/hidro/galactic_ws/install/hidro_ros2_utils/share/hidro_ros2_utils/cmake/rosidl_cmake_export_typesupport_targets-extras.cmake
[11.491s] -- Installing: /home/hidro/galactic_ws/install/hidro_ros2_utils/share/hidro_ros2_utils/cmake/hidro_ros2_utilsConfig.cmake
[11.491s] -- Installing: /home/hidro/galactic_ws/install/hidro_ros2_utils/share/hidro_ros2_utils/cmake/hidro_ros2_utilsConfig-version.cmake
[11.492s] -- Installing: /home/hidro/galactic_ws/install/hidro_ros2_utils/share/hidro_ros2_utils/package.xml
[11.496s] Invoked command in '/home/hidro/galactic_ws/build/hidro_ros2_utils' returned '0': CMAKE_PREFIX_PATH=${CMAKE_PREFIX_PATH}:/opt/ros/galactic /usr/bin/cmake --install /home/hidro/galactic_ws/build/hidro_ros2_utils
