[  1%] Built target odri_ros2_interfaces__cpp
[ 16%] Built target odri_ros2_interfaces__rosidl_generator_c
[ 32%] Built target odri_ros2_interfaces__rosidl_typesupport_introspection_cpp
[ 47%] Built target odri_ros2_interfaces__rosidl_typesupport_introspection_c
[ 63%] Built target odri_ros2_interfaces__rosidl_typesupport_c
[ 78%] Built target odri_ros2_interfaces__rosidl_typesupport_cpp
[ 78%] Built target odri_ros2_interfaces
[ 80%] Built target odri_ros2_interfaces__py
[ 94%] Built target odri_ros2_interfaces__python
[ 97%] Built target odri_ros2_interfaces__rosidl_typesupport_c__pyext
[100%] Built target odri_ros2_interfaces__rosidl_typesupport_introspection_c__pyext
-- Install configuration: "Release"
-- Up-to-date: /home/hidro/galactic_ws/install/odri_ros2_interfaces/share/ament_index/resource_index/rosidl_interfaces/odri_ros2_interfaces
-- Up-to-date: /home/hidro/galactic_ws/install/odri_ros2_interfaces/include/odri_ros2_interfaces
-- Up-to-date: /home/hidro/galactic_ws/install/odri_ros2_interfaces/include/odri_ros2_interfaces/msg
-- Up-to-date: /home/hidro/galactic_ws/install/odri_ros2_interfaces/include/odri_ros2_interfaces/msg/master_board_command.h
-- Up-to-date: /home/hidro/galactic_ws/install/odri_ros2_interfaces/include/odri_ros2_interfaces/msg/state_command.h
-- Up-to-date: /home/hidro/galactic_ws/install/odri_ros2_interfaces/include/odri_ros2_interfaces/msg/driver_command.h
-- Up-to-date: /home/hidro/galactic_ws/install/odri_ros2_interfaces/include/odri_ros2_interfaces/msg/driver_state.h
-- Up-to-date: /home/hidro/galactic_ws/install/odri_ros2_interfaces/include/odri_ros2_interfaces/msg/motor_command.h
-- Up-to-date: /home/hidro/galactic_ws/install/odri_ros2_interfaces/include/odri_ros2_interfaces/msg/master_board_state.h
-- Up-to-date: /home/hidro/galactic_ws/install/odri_ros2_interfaces/include/odri_ros2_interfaces/msg/motor_state.h
-- Up-to-date: /home/hidro/galactic_ws/install/odri_ros2_interfaces/include/odri_ros2_interfaces/msg/robot_command.h
-- Up-to-date: /home/hidro/galactic_ws/install/odri_ros2_interfaces/include/odri_ros2_interfaces/msg/robot_state.h
-- Up-to-date: /home/hidro/galactic_ws/install/odri_ros2_interfaces/include/odri_ros2_interfaces/msg/rosidl_generator_c__visibility_control.h
-- Up-to-date: /home/hidro/galactic_ws/install/odri_ros2_interfaces/include/odri_ros2_interfaces/msg/detail
-- Up-to-date: /home/hidro/galactic_ws/install/odri_ros2_interfaces/include/odri_ros2_interfaces/msg/detail/driver_command__functions.c
-- Up-to-date: /home/hidro/galactic_ws/install/odri_ros2_interfaces/include/odri_ros2_interfaces/msg/detail/master_board_command__type_support.h
-- Up-to-date: /home/hidro/galactic_ws/install/odri_ros2_interfaces/include/odri_ros2_interfaces/msg/detail/master_board_command__functions.c
-- Up-to-date: /home/hidro/galactic_ws/install/odri_ros2_interfaces/include/odri_ros2_interfaces/msg/detail/robot_state__functions.h
-- Up-to-date: /home/hidro/galactic_ws/install/odri_ros2_interfaces/include/odri_ros2_interfaces/msg/detail/robot_state__struct.h
-- Up-to-date: /home/hidro/galactic_ws/install/odri_ros2_interfaces/include/odri_ros2_interfaces/msg/detail/driver_state__struct.h
-- Up-to-date: /home/hidro/galactic_ws/install/odri_ros2_interfaces/include/odri_ros2_interfaces/msg/detail/master_board_command__struct.h
-- Up-to-date: /home/hidro/galactic_ws/install/odri_ros2_interfaces/include/odri_ros2_interfaces/msg/detail/motor_command__functions.h
-- Up-to-date: /home/hidro/galactic_ws/install/odri_ros2_interfaces/include/odri_ros2_interfaces/msg/detail/driver_state__functions.c
-- Up-to-date: /home/hidro/galactic_ws/install/odri_ros2_interfaces/include/odri_ros2_interfaces/msg/detail/state_command__functions.c
-- Up-to-date: /home/hidro/galactic_ws/install/odri_ros2_interfaces/include/odri_ros2_interfaces/msg/detail/state_command__struct.h
-- Up-to-date: /home/hidro/galactic_ws/install/odri_ros2_interfaces/include/odri_ros2_interfaces/msg/detail/driver_command__functions.h
-- Up-to-date: /home/hidro/galactic_ws/install/odri_ros2_interfaces/include/odri_ros2_interfaces/msg/detail/driver_state__functions.h
-- Up-to-date: /home/hidro/galactic_ws/install/odri_ros2_interfaces/include/odri_ros2_interfaces/msg/detail/driver_command__type_support.h
-- Up-to-date: /home/hidro/galactic_ws/install/odri_ros2_interfaces/include/odri_ros2_interfaces/msg/detail/motor_command__functions.c
-- Up-to-date: /home/hidro/galactic_ws/install/odri_ros2_interfaces/include/odri_ros2_interfaces/msg/detail/robot_command__functions.c
-- Up-to-date: /home/hidro/galactic_ws/install/odri_ros2_interfaces/include/odri_ros2_interfaces/msg/detail/state_command__type_support.h
-- Up-to-date: /home/hidro/galactic_ws/install/odri_ros2_interfaces/include/odri_ros2_interfaces/msg/detail/motor_state__struct.h
-- Up-to-date: /home/hidro/galactic_ws/install/odri_ros2_interfaces/include/odri_ros2_interfaces/msg/detail/master_board_state__struct.h
-- Up-to-date: /home/hidro/galactic_ws/install/odri_ros2_interfaces/include/odri_ros2_interfaces/msg/detail/motor_state__type_support.h
-- Up-to-date: /home/hidro/galactic_ws/install/odri_ros2_interfaces/include/odri_ros2_interfaces/msg/detail/motor_command__struct.h
-- Up-to-date: /home/hidro/galactic_ws/install/odri_ros2_interfaces/include/odri_ros2_interfaces/msg/detail/driver_state__type_support.h
-- Up-to-date: /home/hidro/galactic_ws/install/odri_ros2_interfaces/include/odri_ros2_interfaces/msg/detail/state_command__functions.h
-- Up-to-date: /home/hidro/galactic_ws/install/odri_ros2_interfaces/include/odri_ros2_interfaces/msg/detail/robot_command__type_support.h
-- Up-to-date: /home/hidro/galactic_ws/install/odri_ros2_interfaces/include/odri_ros2_interfaces/msg/detail/master_board_state__functions.h
-- Up-to-date: /home/hidro/galactic_ws/install/odri_ros2_interfaces/include/odri_ros2_interfaces/msg/detail/motor_command__type_support.h
-- Up-to-date: /home/hidro/galactic_ws/install/odri_ros2_interfaces/include/odri_ros2_interfaces/msg/detail/master_board_state__functions.c
-- Up-to-date: /home/hidro/galactic_ws/install/odri_ros2_interfaces/include/odri_ros2_interfaces/msg/detail/robot_command__functions.h
-- Up-to-date: /home/hidro/galactic_ws/install/odri_ros2_interfaces/include/odri_ros2_interfaces/msg/detail/master_board_command__functions.h
-- Up-to-date: /home/hidro/galactic_ws/install/odri_ros2_interfaces/include/odri_ros2_interfaces/msg/detail/robot_state__functions.c
-- Up-to-date: /home/hidro/galactic_ws/install/odri_ros2_interfaces/include/odri_ros2_interfaces/msg/detail/robot_state__type_support.h
-- Up-to-date: /home/hidro/galactic_ws/install/odri_ros2_interfaces/include/odri_ros2_interfaces/msg/detail/driver_command__struct.h
-- Up-to-date: /home/hidro/galactic_ws/install/odri_ros2_interfaces/include/odri_ros2_interfaces/msg/detail/robot_command__struct.h
-- Up-to-date: /home/hidro/galactic_ws/install/odri_ros2_interfaces/include/odri_ros2_interfaces/msg/detail/master_board_state__type_support.h
-- Up-to-date: /home/hidro/galactic_ws/install/odri_ros2_interfaces/include/odri_ros2_interfaces/msg/detail/motor_state__functions.c
-- Up-to-date: /home/hidro/galactic_ws/install/odri_ros2_interfaces/include/odri_ros2_interfaces/msg/detail/motor_state__functions.h
-- Up-to-date: /home/hidro/galactic_ws/install/odri_ros2_interfaces/share/odri_ros2_interfaces/environment/library_path.sh
-- Up-to-date: /home/hidro/galactic_ws/install/odri_ros2_interfaces/share/odri_ros2_interfaces/environment/library_path.dsv
-- Up-to-date: /home/hidro/galactic_ws/install/odri_ros2_interfaces/lib/libodri_ros2_interfaces__rosidl_generator_c.so
-- Up-to-date: /home/hidro/galactic_ws/install/odri_ros2_interfaces/include/odri_ros2_interfaces
-- Up-to-date: /home/hidro/galactic_ws/install/odri_ros2_interfaces/include/odri_ros2_interfaces/msg
-- Up-to-date: /home/hidro/galactic_ws/install/odri_ros2_interfaces/include/odri_ros2_interfaces/msg/rosidl_typesupport_introspection_c__visibility_control.h
-- Up-to-date: /home/hidro/galactic_ws/install/odri_ros2_interfaces/include/odri_ros2_interfaces/msg/detail
-- Up-to-date: /home/hidro/galactic_ws/install/odri_ros2_interfaces/include/odri_ros2_interfaces/msg/detail/driver_command__rosidl_typesupport_introspection_c.h
-- Up-to-date: /home/hidro/galactic_ws/install/odri_ros2_interfaces/include/odri_ros2_interfaces/msg/detail/master_board_command__rosidl_typesupport_introspection_c.h
-- Up-to-date: /home/hidro/galactic_ws/install/odri_ros2_interfaces/include/odri_ros2_interfaces/msg/detail/driver_state__type_support.c
-- Up-to-date: /home/hidro/galactic_ws/install/odri_ros2_interfaces/include/odri_ros2_interfaces/msg/detail/motor_state__rosidl_typesupport_introspection_c.h
-- Up-to-date: /home/hidro/galactic_ws/install/odri_ros2_interfaces/include/odri_ros2_interfaces/msg/detail/robot_state__rosidl_typesupport_introspection_c.h
-- Up-to-date: /home/hidro/galactic_ws/install/odri_ros2_interfaces/include/odri_ros2_interfaces/msg/detail/master_board_state__type_support.c
-- Up-to-date: /home/hidro/galactic_ws/install/odri_ros2_interfaces/include/odri_ros2_interfaces/msg/detail/motor_state__type_support.c
-- Up-to-date: /home/hidro/galactic_ws/install/odri_ros2_interfaces/include/odri_ros2_interfaces/msg/detail/robot_command__type_support.c
-- Up-to-date: /home/hidro/galactic_ws/install/odri_ros2_interfaces/include/odri_ros2_interfaces/msg/detail/robot_state__type_support.c
-- Up-to-date: /home/hidro/galactic_ws/install/odri_ros2_interfaces/include/odri_ros2_interfaces/msg/detail/robot_command__rosidl_typesupport_introspection_c.h
-- Up-to-date: /home/hidro/galactic_ws/install/odri_ros2_interfaces/include/odri_ros2_interfaces/msg/detail/master_board_command__type_support.c
-- Up-to-date: /home/hidro/galactic_ws/install/odri_ros2_interfaces/include/odri_ros2_interfaces/msg/detail/motor_command__type_support.c
-- Up-to-date: /home/hidro/galactic_ws/install/odri_ros2_interfaces/include/odri_ros2_interfaces/msg/detail/driver_state__rosidl_typesupport_introspection_c.h
-- Up-to-date: /home/hidro/galactic_ws/install/odri_ros2_interfaces/include/odri_ros2_interfaces/msg/detail/state_command__type_support.c
-- Up-to-date: /home/hidro/galactic_ws/install/odri_ros2_interfaces/include/odri_ros2_interfaces/msg/detail/state_command__rosidl_typesupport_introspection_c.h
-- Up-to-date: /home/hidro/galactic_ws/install/odri_ros2_interfaces/include/odri_ros2_interfaces/msg/detail/motor_command__rosidl_typesupport_introspection_c.h
-- Up-to-date: /home/hidro/galactic_ws/install/odri_ros2_interfaces/include/odri_ros2_interfaces/msg/detail/master_board_state__rosidl_typesupport_introspection_c.h
-- Up-to-date: /home/hidro/galactic_ws/install/odri_ros2_interfaces/include/odri_ros2_interfaces/msg/detail/driver_command__type_support.c
-- Up-to-date: /home/hidro/galactic_ws/install/odri_ros2_interfaces/lib/libodri_ros2_interfaces__rosidl_typesupport_introspection_c.so
-- Up-to-date: /home/hidro/galactic_ws/install/odri_ros2_interfaces/lib/libodri_ros2_interfaces__rosidl_typesupport_c.so
-- Up-to-date: /home/hidro/galactic_ws/install/odri_ros2_interfaces/include/odri_ros2_interfaces
-- Up-to-date: /home/hidro/galactic_ws/install/odri_ros2_interfaces/include/odri_ros2_interfaces/msg
-- Up-to-date: /home/hidro/galactic_ws/install/odri_ros2_interfaces/include/odri_ros2_interfaces/msg/motor_state.hpp
-- Up-to-date: /home/hidro/galactic_ws/install/odri_ros2_interfaces/include/odri_ros2_interfaces/msg/master_board_state.hpp
-- Up-to-date: /home/hidro/galactic_ws/install/odri_ros2_interfaces/include/odri_ros2_interfaces/msg/state_command.hpp
-- Up-to-date: /home/hidro/galactic_ws/install/odri_ros2_interfaces/include/odri_ros2_interfaces/msg/driver_state.hpp
-- Up-to-date: /home/hidro/galactic_ws/install/odri_ros2_interfaces/include/odri_ros2_interfaces/msg/driver_command.hpp
-- Up-to-date: /home/hidro/galactic_ws/install/odri_ros2_interfaces/include/odri_ros2_interfaces/msg/robot_state.hpp
-- Up-to-date: /home/hidro/galactic_ws/install/odri_ros2_interfaces/include/odri_ros2_interfaces/msg/motor_command.hpp
-- Up-to-date: /home/hidro/galactic_ws/install/odri_ros2_interfaces/include/odri_ros2_interfaces/msg/master_board_command.hpp
-- Up-to-date: /home/hidro/galactic_ws/install/odri_ros2_interfaces/include/odri_ros2_interfaces/msg/robot_command.hpp
-- Up-to-date: /home/hidro/galactic_ws/install/odri_ros2_interfaces/include/odri_ros2_interfaces/msg/detail
-- Up-to-date: /home/hidro/galactic_ws/install/odri_ros2_interfaces/include/odri_ros2_interfaces/msg/detail/robot_state__traits.hpp
-- Up-to-date: /home/hidro/galactic_ws/install/odri_ros2_interfaces/include/odri_ros2_interfaces/msg/detail/motor_state__traits.hpp
-- Up-to-date: /home/hidro/galactic_ws/install/odri_ros2_interfaces/include/odri_ros2_interfaces/msg/detail/state_command__traits.hpp
-- Up-to-date: /home/hidro/galactic_ws/install/odri_ros2_interfaces/include/odri_ros2_interfaces/msg/detail/motor_state__builder.hpp
-- Up-to-date: /home/hidro/galactic_ws/install/odri_ros2_interfaces/include/odri_ros2_interfaces/msg/detail/driver_state__struct.hpp
-- Up-to-date: /home/hidro/galactic_ws/install/odri_ros2_interfaces/include/odri_ros2_interfaces/msg/detail/driver_command__struct.hpp
-- Up-to-date: /home/hidro/galactic_ws/install/odri_ros2_interfaces/include/odri_ros2_interfaces/msg/detail/motor_command__builder.hpp
-- Up-to-date: /home/hidro/galactic_ws/install/odri_ros2_interfaces/include/odri_ros2_interfaces/msg/detail/driver_command__builder.hpp
-- Up-to-date: /home/hidro/galactic_ws/install/odri_ros2_interfaces/include/odri_ros2_interfaces/msg/detail/state_command__builder.hpp
-- Up-to-date: /home/hidro/galactic_ws/install/odri_ros2_interfaces/include/odri_ros2_interfaces/msg/detail/robot_state__struct.hpp
-- Up-to-date: /home/hidro/galactic_ws/install/odri_ros2_interfaces/include/odri_ros2_interfaces/msg/detail/driver_command__traits.hpp
-- Up-to-date: /home/hidro/galactic_ws/install/odri_ros2_interfaces/include/odri_ros2_interfaces/msg/detail/master_board_state__builder.hpp
-- Up-to-date: /home/hidro/galactic_ws/install/odri_ros2_interfaces/include/odri_ros2_interfaces/msg/detail/driver_state__traits.hpp
-- Up-to-date: /home/hidro/galactic_ws/install/odri_ros2_interfaces/include/odri_ros2_interfaces/msg/detail/master_board_command__traits.hpp
-- Up-to-date: /home/hidro/galactic_ws/install/odri_ros2_interfaces/include/odri_ros2_interfaces/msg/detail/master_board_command__struct.hpp
-- Up-to-date: /home/hidro/galactic_ws/install/odri_ros2_interfaces/include/odri_ros2_interfaces/msg/detail/driver_state__builder.hpp
-- Up-to-date: /home/hidro/galactic_ws/install/odri_ros2_interfaces/include/odri_ros2_interfaces/msg/detail/robot_state__builder.hpp
-- Up-to-date: /home/hidro/galactic_ws/install/odri_ros2_interfaces/include/odri_ros2_interfaces/msg/detail/robot_command__builder.hpp
-- Up-to-date: /home/hidro/galactic_ws/install/odri_ros2_interfaces/include/odri_ros2_interfaces/msg/detail/master_board_state__struct.hpp
-- Up-to-date: /home/hidro/galactic_ws/install/odri_ros2_interfaces/include/odri_ros2_interfaces/msg/detail/motor_command__traits.hpp
-- Up-to-date: /home/hidro/galactic_ws/install/odri_ros2_interfaces/include/odri_ros2_interfaces/msg/detail/robot_command__struct.hpp
-- Up-to-date: /home/hidro/galactic_ws/install/odri_ros2_interfaces/include/odri_ros2_interfaces/msg/detail/motor_state__struct.hpp
-- Up-to-date: /home/hidro/galactic_ws/install/odri_ros2_interfaces/include/odri_ros2_interfaces/msg/detail/master_board_state__traits.hpp
-- Up-to-date: /home/hidro/galactic_ws/install/odri_ros2_interfaces/include/odri_ros2_interfaces/msg/detail/motor_command__struct.hpp
-- Up-to-date: /home/hidro/galactic_ws/install/odri_ros2_interfaces/include/odri_ros2_interfaces/msg/detail/state_command__struct.hpp
-- Up-to-date: /home/hidro/galactic_ws/install/odri_ros2_interfaces/include/odri_ros2_interfaces/msg/detail/robot_command__traits.hpp
-- Up-to-date: /home/hidro/galactic_ws/install/odri_ros2_interfaces/include/odri_ros2_interfaces/msg/detail/master_board_command__builder.hpp
-- Up-to-date: /home/hidro/galactic_ws/install/odri_ros2_interfaces/include/odri_ros2_interfaces
-- Up-to-date: /home/hidro/galactic_ws/install/odri_ros2_interfaces/include/odri_ros2_interfaces/msg
-- Up-to-date: /home/hidro/galactic_ws/install/odri_ros2_interfaces/include/odri_ros2_interfaces/msg/detail
-- Up-to-date: /home/hidro/galactic_ws/install/odri_ros2_interfaces/include/odri_ros2_interfaces/msg/detail/driver_command__rosidl_typesupport_introspection_cpp.hpp
-- Up-to-date: /home/hidro/galactic_ws/install/odri_ros2_interfaces/include/odri_ros2_interfaces/msg/detail/motor_state__rosidl_typesupport_introspection_cpp.hpp
-- Up-to-date: /home/hidro/galactic_ws/install/odri_ros2_interfaces/include/odri_ros2_interfaces/msg/detail/master_board_state__rosidl_typesupport_introspection_cpp.hpp
-- Up-to-date: /home/hidro/galactic_ws/install/odri_ros2_interfaces/include/odri_ros2_interfaces/msg/detail/motor_command__type_support.cpp
-- Up-to-date: /home/hidro/galactic_ws/install/odri_ros2_interfaces/include/odri_ros2_interfaces/msg/detail/robot_command__type_support.cpp
-- Up-to-date: /home/hidro/galactic_ws/install/odri_ros2_interfaces/include/odri_ros2_interfaces/msg/detail/motor_command__rosidl_typesupport_introspection_cpp.hpp
-- Up-to-date: /home/hidro/galactic_ws/install/odri_ros2_interfaces/include/odri_ros2_interfaces/msg/detail/master_board_command__rosidl_typesupport_introspection_cpp.hpp
-- Up-to-date: /home/hidro/galactic_ws/install/odri_ros2_interfaces/include/odri_ros2_interfaces/msg/detail/master_board_command__type_support.cpp
-- Up-to-date: /home/hidro/galactic_ws/install/odri_ros2_interfaces/include/odri_ros2_interfaces/msg/detail/driver_command__type_support.cpp
-- Up-to-date: /home/hidro/galactic_ws/install/odri_ros2_interfaces/include/odri_ros2_interfaces/msg/detail/robot_command__rosidl_typesupport_introspection_cpp.hpp
-- Up-to-date: /home/hidro/galactic_ws/install/odri_ros2_interfaces/include/odri_ros2_interfaces/msg/detail/master_board_state__type_support.cpp
-- Up-to-date: /home/hidro/galactic_ws/install/odri_ros2_interfaces/include/odri_ros2_interfaces/msg/detail/state_command__rosidl_typesupport_introspection_cpp.hpp
-- Up-to-date: /home/hidro/galactic_ws/install/odri_ros2_interfaces/include/odri_ros2_interfaces/msg/detail/robot_state__type_support.cpp
-- Up-to-date: /home/hidro/galactic_ws/install/odri_ros2_interfaces/include/odri_ros2_interfaces/msg/detail/driver_state__rosidl_typesupport_introspection_cpp.hpp
-- Up-to-date: /home/hidro/galactic_ws/install/odri_ros2_interfaces/include/odri_ros2_interfaces/msg/detail/state_command__type_support.cpp
-- Up-to-date: /home/hidro/galactic_ws/install/odri_ros2_interfaces/include/odri_ros2_interfaces/msg/detail/driver_state__type_support.cpp
-- Up-to-date: /home/hidro/galactic_ws/install/odri_ros2_interfaces/include/odri_ros2_interfaces/msg/detail/motor_state__type_support.cpp
-- Up-to-date: /home/hidro/galactic_ws/install/odri_ros2_interfaces/include/odri_ros2_interfaces/msg/detail/robot_state__rosidl_typesupport_introspection_cpp.hpp
-- Up-to-date: /home/hidro/galactic_ws/install/odri_ros2_interfaces/lib/libodri_ros2_interfaces__rosidl_typesupport_introspection_cpp.so
-- Up-to-date: /home/hidro/galactic_ws/install/odri_ros2_interfaces/lib/libodri_ros2_interfaces__rosidl_typesupport_cpp.so
-- Up-to-date: /home/hidro/galactic_ws/install/odri_ros2_interfaces/share/odri_ros2_interfaces/environment/pythonpath.sh
-- Up-to-date: /home/hidro/galactic_ws/install/odri_ros2_interfaces/share/odri_ros2_interfaces/environment/pythonpath.dsv
-- Up-to-date: /home/hidro/galactic_ws/install/odri_ros2_interfaces/lib/python3.8/site-packages/odri_ros2_interfaces/__init__.py
-- Up-to-date: /home/hidro/galactic_ws/install/odri_ros2_interfaces/lib/python3.8/site-packages/odri_ros2_interfaces/msg
-- Up-to-date: /home/hidro/galactic_ws/install/odri_ros2_interfaces/lib/python3.8/site-packages/odri_ros2_interfaces/msg/_robot_command_s.c
-- Up-to-date: /home/hidro/galactic_ws/install/odri_ros2_interfaces/lib/python3.8/site-packages/odri_ros2_interfaces/msg/__init__.py
-- Up-to-date: /home/hidro/galactic_ws/install/odri_ros2_interfaces/lib/python3.8/site-packages/odri_ros2_interfaces/msg/_motor_command.py
-- Up-to-date: /home/hidro/galactic_ws/install/odri_ros2_interfaces/lib/python3.8/site-packages/odri_ros2_interfaces/msg/_motor_state_s.c
-- Up-to-date: /home/hidro/galactic_ws/install/odri_ros2_interfaces/lib/python3.8/site-packages/odri_ros2_interfaces/msg/_master_board_state_s.c
-- Up-to-date: /home/hidro/galactic_ws/install/odri_ros2_interfaces/lib/python3.8/site-packages/odri_ros2_interfaces/msg/_driver_command.py
-- Up-to-date: /home/hidro/galactic_ws/install/odri_ros2_interfaces/lib/python3.8/site-packages/odri_ros2_interfaces/msg/_driver_state_s.c
-- Up-to-date: /home/hidro/galactic_ws/install/odri_ros2_interfaces/lib/python3.8/site-packages/odri_ros2_interfaces/msg/_state_command.py
-- Up-to-date: /home/hidro/galactic_ws/install/odri_ros2_interfaces/lib/python3.8/site-packages/odri_ros2_interfaces/msg/_motor_command_s.c
-- Up-to-date: /home/hidro/galactic_ws/install/odri_ros2_interfaces/lib/python3.8/site-packages/odri_ros2_interfaces/msg/_robot_command.py
-- Up-to-date: /home/hidro/galactic_ws/install/odri_ros2_interfaces/lib/python3.8/site-packages/odri_ros2_interfaces/msg/_master_board_command.py
-- Up-to-date: /home/hidro/galactic_ws/install/odri_ros2_interfaces/lib/python3.8/site-packages/odri_ros2_interfaces/msg/_robot_state_s.c
-- Up-to-date: /home/hidro/galactic_ws/install/odri_ros2_interfaces/lib/python3.8/site-packages/odri_ros2_interfaces/msg/_motor_state.py
-- Up-to-date: /home/hidro/galactic_ws/install/odri_ros2_interfaces/lib/python3.8/site-packages/odri_ros2_interfaces/msg/_master_board_command_s.c
-- Up-to-date: /home/hidro/galactic_ws/install/odri_ros2_interfaces/lib/python3.8/site-packages/odri_ros2_interfaces/msg/_master_board_state.py
-- Up-to-date: /home/hidro/galactic_ws/install/odri_ros2_interfaces/lib/python3.8/site-packages/odri_ros2_interfaces/msg/_state_command_s.c
-- Up-to-date: /home/hidro/galactic_ws/install/odri_ros2_interfaces/lib/python3.8/site-packages/odri_ros2_interfaces/msg/_robot_state.py
-- Up-to-date: /home/hidro/galactic_ws/install/odri_ros2_interfaces/lib/python3.8/site-packages/odri_ros2_interfaces/msg/_driver_command_s.c
-- Up-to-date: /home/hidro/galactic_ws/install/odri_ros2_interfaces/lib/python3.8/site-packages/odri_ros2_interfaces/msg/_driver_state.py
-- Up-to-date: /home/hidro/galactic_ws/install/odri_ros2_interfaces/lib/python3.8/site-packages/odri_ros2_interfaces/odri_ros2_interfaces_s__rosidl_typesupport_introspection_c.cpython-38-x86_64-linux-gnu.so
-- Up-to-date: /home/hidro/galactic_ws/install/odri_ros2_interfaces/lib/python3.8/site-packages/odri_ros2_interfaces/odri_ros2_interfaces_s__rosidl_typesupport_c.cpython-38-x86_64-linux-gnu.so
-- Up-to-date: /home/hidro/galactic_ws/install/odri_ros2_interfaces/lib/libodri_ros2_interfaces__python.so
-- Up-to-date: /home/hidro/galactic_ws/install/odri_ros2_interfaces/share/odri_ros2_interfaces/msg/MotorState.idl
-- Up-to-date: /home/hidro/galactic_ws/install/odri_ros2_interfaces/share/odri_ros2_interfaces/msg/DriverState.idl
-- Up-to-date: /home/hidro/galactic_ws/install/odri_ros2_interfaces/share/odri_ros2_interfaces/msg/MasterBoardState.idl
-- Up-to-date: /home/hidro/galactic_ws/install/odri_ros2_interfaces/share/odri_ros2_interfaces/msg/MotorCommand.idl
-- Up-to-date: /home/hidro/galactic_ws/install/odri_ros2_interfaces/share/odri_ros2_interfaces/msg/DriverCommand.idl
-- Up-to-date: /home/hidro/galactic_ws/install/odri_ros2_interfaces/share/odri_ros2_interfaces/msg/MasterBoardCommand.idl
-- Up-to-date: /home/hidro/galactic_ws/install/odri_ros2_interfaces/share/odri_ros2_interfaces/msg/RobotCommand.idl
-- Up-to-date: /home/hidro/galactic_ws/install/odri_ros2_interfaces/share/odri_ros2_interfaces/msg/RobotState.idl
-- Up-to-date: /home/hidro/galactic_ws/install/odri_ros2_interfaces/share/odri_ros2_interfaces/msg/StateCommand.idl
-- Up-to-date: /home/hidro/galactic_ws/install/odri_ros2_interfaces/share/odri_ros2_interfaces/msg/MotorState.msg
-- Up-to-date: /home/hidro/galactic_ws/install/odri_ros2_interfaces/share/odri_ros2_interfaces/msg/DriverState.msg
-- Up-to-date: /home/hidro/galactic_ws/install/odri_ros2_interfaces/share/odri_ros2_interfaces/msg/MasterBoardState.msg
-- Up-to-date: /home/hidro/galactic_ws/install/odri_ros2_interfaces/share/odri_ros2_interfaces/msg/MotorCommand.msg
-- Up-to-date: /home/hidro/galactic_ws/install/odri_ros2_interfaces/share/odri_ros2_interfaces/msg/DriverCommand.msg
-- Up-to-date: /home/hidro/galactic_ws/install/odri_ros2_interfaces/share/odri_ros2_interfaces/msg/MasterBoardCommand.msg
-- Up-to-date: /home/hidro/galactic_ws/install/odri_ros2_interfaces/share/odri_ros2_interfaces/msg/RobotCommand.msg
-- Up-to-date: /home/hidro/galactic_ws/install/odri_ros2_interfaces/share/odri_ros2_interfaces/msg/RobotState.msg
-- Up-to-date: /home/hidro/galactic_ws/install/odri_ros2_interfaces/share/odri_ros2_interfaces/msg/StateCommand.msg
-- Up-to-date: /home/hidro/galactic_ws/install/odri_ros2_interfaces/share/ament_index/resource_index/package_run_dependencies/odri_ros2_interfaces
-- Up-to-date: /home/hidro/galactic_ws/install/odri_ros2_interfaces/share/ament_index/resource_index/parent_prefix_path/odri_ros2_interfaces
-- Up-to-date: /home/hidro/galactic_ws/install/odri_ros2_interfaces/share/odri_ros2_interfaces/environment/ament_prefix_path.sh
-- Up-to-date: /home/hidro/galactic_ws/install/odri_ros2_interfaces/share/odri_ros2_interfaces/environment/ament_prefix_path.dsv
-- Up-to-date: /home/hidro/galactic_ws/install/odri_ros2_interfaces/share/odri_ros2_interfaces/environment/path.sh
-- Up-to-date: /home/hidro/galactic_ws/install/odri_ros2_interfaces/share/odri_ros2_interfaces/environment/path.dsv
-- Up-to-date: /home/hidro/galactic_ws/install/odri_ros2_interfaces/share/odri_ros2_interfaces/local_setup.bash
-- Up-to-date: /home/hidro/galactic_ws/install/odri_ros2_interfaces/share/odri_ros2_interfaces/local_setup.sh
-- Up-to-date: /home/hidro/galactic_ws/install/odri_ros2_interfaces/share/odri_ros2_interfaces/local_setup.zsh
-- Up-to-date: /home/hidro/galactic_ws/install/odri_ros2_interfaces/share/odri_ros2_interfaces/local_setup.dsv
-- Installing: /home/hidro/galactic_ws/install/odri_ros2_interfaces/share/odri_ros2_interfaces/package.dsv
-- Up-to-date: /home/hidro/galactic_ws/install/odri_ros2_interfaces/share/ament_index/resource_index/packages/odri_ros2_interfaces
-- Up-to-date: /home/hidro/galactic_ws/install/odri_ros2_interfaces/share/odri_ros2_interfaces/cmake/odri_ros2_interfaces__rosidl_generator_cExport.cmake
-- Up-to-date: /home/hidro/galactic_ws/install/odri_ros2_interfaces/share/odri_ros2_interfaces/cmake/odri_ros2_interfaces__rosidl_generator_cExport-release.cmake
-- Up-to-date: /home/hidro/galactic_ws/install/odri_ros2_interfaces/share/odri_ros2_interfaces/cmake/odri_ros2_interfaces__rosidl_typesupport_introspection_cExport.cmake
-- Up-to-date: /home/hidro/galactic_ws/install/odri_ros2_interfaces/share/odri_ros2_interfaces/cmake/odri_ros2_interfaces__rosidl_typesupport_introspection_cExport-release.cmake
-- Up-to-date: /home/hidro/galactic_ws/install/odri_ros2_interfaces/share/odri_ros2_interfaces/cmake/odri_ros2_interfaces__rosidl_typesupport_cExport.cmake
-- Up-to-date: /home/hidro/galactic_ws/install/odri_ros2_interfaces/share/odri_ros2_interfaces/cmake/odri_ros2_interfaces__rosidl_typesupport_cExport-release.cmake
-- Up-to-date: /home/hidro/galactic_ws/install/odri_ros2_interfaces/share/odri_ros2_interfaces/cmake/odri_ros2_interfaces__rosidl_generator_cppExport.cmake
-- Up-to-date: /home/hidro/galactic_ws/install/odri_ros2_interfaces/share/odri_ros2_interfaces/cmake/odri_ros2_interfaces__rosidl_typesupport_introspection_cppExport.cmake
-- Up-to-date: /home/hidro/galactic_ws/install/odri_ros2_interfaces/share/odri_ros2_interfaces/cmake/odri_ros2_interfaces__rosidl_typesupport_introspection_cppExport-release.cmake
-- Up-to-date: /home/hidro/galactic_ws/install/odri_ros2_interfaces/share/odri_ros2_interfaces/cmake/odri_ros2_interfaces__rosidl_typesupport_cppExport.cmake
-- Up-to-date: /home/hidro/galactic_ws/install/odri_ros2_interfaces/share/odri_ros2_interfaces/cmake/odri_ros2_interfaces__rosidl_typesupport_cppExport-release.cmake
-- Up-to-date: /home/hidro/galactic_ws/install/odri_ros2_interfaces/share/odri_ros2_interfaces/cmake/rosidl_cmake-extras.cmake
-- Up-to-date: /home/hidro/galactic_ws/install/odri_ros2_interfaces/share/odri_ros2_interfaces/cmake/ament_cmake_export_dependencies-extras.cmake
-- Up-to-date: /home/hidro/galactic_ws/install/odri_ros2_interfaces/share/odri_ros2_interfaces/cmake/ament_cmake_export_libraries-extras.cmake
-- Up-to-date: /home/hidro/galactic_ws/install/odri_ros2_interfaces/share/odri_ros2_interfaces/cmake/ament_cmake_export_targets-extras.cmake
-- Up-to-date: /home/hidro/galactic_ws/install/odri_ros2_interfaces/share/odri_ros2_interfaces/cmake/ament_cmake_export_include_directories-extras.cmake
-- Up-to-date: /home/hidro/galactic_ws/install/odri_ros2_interfaces/share/odri_ros2_interfaces/cmake/rosidl_cmake_export_typesupport_targets-extras.cmake
-- Up-to-date: /home/hidro/galactic_ws/install/odri_ros2_interfaces/share/odri_ros2_interfaces/cmake/odri_ros2_interfacesConfig.cmake
-- Up-to-date: /home/hidro/galactic_ws/install/odri_ros2_interfaces/share/odri_ros2_interfaces/cmake/odri_ros2_interfacesConfig-version.cmake
-- Up-to-date: /home/hidro/galactic_ws/install/odri_ros2_interfaces/share/odri_ros2_interfaces/package.xml
