[ 12%] Built target hidro_ros2_utils__rosidl_generator_c
[ 16%] Built target hidro_ros2_utils__cpp
[ 29%] Built target hidro_ros2_utils__rosidl_typesupport_introspection_c
[ 41%] Built target hidro_ros2_utils__rosidl_typesupport_introspection_cpp
[ 67%] Built target hidro_ros2_utils__rosidl_typesupport_cpp
[ 67%] Built target hidro_ros2_utils__rosidl_typesupport_c
[ 67%] Built target hidro_ros2_utils
[ 70%] Built target hidro_ros2_utils__py
[ 77%] Built target hidro_ros2_utils_lib
[ 87%] Built target hidro_ros2_utils__python
[ 93%] Built target hidro_ros2_utils__rosidl_typesupport_c__pyext
[100%] Built target hidro_ros2_utils__rosidl_typesupport_introspection_c__pyext
-- Install configuration: "Release"
-- Up-to-date: /home/hidro/galactic_ws/install/hidro_ros2_utils/share/ament_index/resource_index/rosidl_interfaces/hidro_ros2_utils
-- Up-to-date: /home/hidro/galactic_ws/install/hidro_ros2_utils/include/hidro_ros2_utils
-- Up-to-date: /home/hidro/galactic_ws/install/hidro_ros2_utils/include/hidro_ros2_utils/srv
-- Up-to-date: /home/hidro/galactic_ws/install/hidro_ros2_utils/include/hidro_ros2_utils/srv/transition_command.h
-- Up-to-date: /home/hidro/galactic_ws/install/hidro_ros2_utils/include/hidro_ros2_utils/srv/detail
-- Up-to-date: /home/hidro/galactic_ws/install/hidro_ros2_utils/include/hidro_ros2_utils/srv/detail/transition_command__type_support.h
-- Up-to-date: /home/hidro/galactic_ws/install/hidro_ros2_utils/include/hidro_ros2_utils/srv/detail/transition_command__functions.h
-- Up-to-date: /home/hidro/galactic_ws/install/hidro_ros2_utils/include/hidro_ros2_utils/srv/detail/transition_command__struct.h
-- Up-to-date: /home/hidro/galactic_ws/install/hidro_ros2_utils/include/hidro_ros2_utils/srv/detail/transition_command__functions.c
-- Up-to-date: /home/hidro/galactic_ws/install/hidro_ros2_utils/include/hidro_ros2_utils/msg
-- Up-to-date: /home/hidro/galactic_ws/install/hidro_ros2_utils/include/hidro_ros2_utils/msg/state_machine_status.h
-- Up-to-date: /home/hidro/galactic_ws/install/hidro_ros2_utils/include/hidro_ros2_utils/msg/rosidl_generator_c__visibility_control.h
-- Up-to-date: /home/hidro/galactic_ws/install/hidro_ros2_utils/include/hidro_ros2_utils/msg/detail
-- Up-to-date: /home/hidro/galactic_ws/install/hidro_ros2_utils/include/hidro_ros2_utils/msg/detail/state_machine_status__functions.c
-- Up-to-date: /home/hidro/galactic_ws/install/hidro_ros2_utils/include/hidro_ros2_utils/msg/detail/state_machine_status__type_support.h
-- Up-to-date: /home/hidro/galactic_ws/install/hidro_ros2_utils/include/hidro_ros2_utils/msg/detail/state_machine_status__functions.h
-- Up-to-date: /home/hidro/galactic_ws/install/hidro_ros2_utils/include/hidro_ros2_utils/msg/detail/state_machine_status__struct.h
-- Up-to-date: /home/hidro/galactic_ws/install/hidro_ros2_utils/share/hidro_ros2_utils/environment/library_path.sh
-- Up-to-date: /home/hidro/galactic_ws/install/hidro_ros2_utils/share/hidro_ros2_utils/environment/library_path.dsv
-- Up-to-date: /home/hidro/galactic_ws/install/hidro_ros2_utils/lib/libhidro_ros2_utils__rosidl_generator_c.so
-- Up-to-date: /home/hidro/galactic_ws/install/hidro_ros2_utils/include/hidro_ros2_utils
-- Up-to-date: /home/hidro/galactic_ws/install/hidro_ros2_utils/include/hidro_ros2_utils/srv
-- Up-to-date: /home/hidro/galactic_ws/install/hidro_ros2_utils/include/hidro_ros2_utils/srv/detail
-- Up-to-date: /home/hidro/galactic_ws/install/hidro_ros2_utils/include/hidro_ros2_utils/srv/detail/transition_command__type_support.c
-- Up-to-date: /home/hidro/galactic_ws/install/hidro_ros2_utils/include/hidro_ros2_utils/srv/detail/transition_command__rosidl_typesupport_introspection_c.h
-- Up-to-date: /home/hidro/galactic_ws/install/hidro_ros2_utils/include/hidro_ros2_utils/msg
-- Up-to-date: /home/hidro/galactic_ws/install/hidro_ros2_utils/include/hidro_ros2_utils/msg/rosidl_typesupport_introspection_c__visibility_control.h
-- Up-to-date: /home/hidro/galactic_ws/install/hidro_ros2_utils/include/hidro_ros2_utils/msg/detail
-- Up-to-date: /home/hidro/galactic_ws/install/hidro_ros2_utils/include/hidro_ros2_utils/msg/detail/state_machine_status__type_support.c
-- Up-to-date: /home/hidro/galactic_ws/install/hidro_ros2_utils/include/hidro_ros2_utils/msg/detail/state_machine_status__rosidl_typesupport_introspection_c.h
-- Up-to-date: /home/hidro/galactic_ws/install/hidro_ros2_utils/lib/libhidro_ros2_utils__rosidl_typesupport_introspection_c.so
-- Up-to-date: /home/hidro/galactic_ws/install/hidro_ros2_utils/lib/libhidro_ros2_utils__rosidl_typesupport_c.so
-- Up-to-date: /home/hidro/galactic_ws/install/hidro_ros2_utils/include/hidro_ros2_utils
-- Up-to-date: /home/hidro/galactic_ws/install/hidro_ros2_utils/include/hidro_ros2_utils/srv
-- Up-to-date: /home/hidro/galactic_ws/install/hidro_ros2_utils/include/hidro_ros2_utils/srv/transition_command.hpp
-- Up-to-date: /home/hidro/galactic_ws/install/hidro_ros2_utils/include/hidro_ros2_utils/srv/detail
-- Up-to-date: /home/hidro/galactic_ws/install/hidro_ros2_utils/include/hidro_ros2_utils/srv/detail/transition_command__struct.hpp
-- Up-to-date: /home/hidro/galactic_ws/install/hidro_ros2_utils/include/hidro_ros2_utils/srv/detail/transition_command__traits.hpp
-- Up-to-date: /home/hidro/galactic_ws/install/hidro_ros2_utils/include/hidro_ros2_utils/srv/detail/transition_command__builder.hpp
-- Up-to-date: /home/hidro/galactic_ws/install/hidro_ros2_utils/include/hidro_ros2_utils/msg
-- Up-to-date: /home/hidro/galactic_ws/install/hidro_ros2_utils/include/hidro_ros2_utils/msg/state_machine_status.hpp
-- Up-to-date: /home/hidro/galactic_ws/install/hidro_ros2_utils/include/hidro_ros2_utils/msg/detail
-- Up-to-date: /home/hidro/galactic_ws/install/hidro_ros2_utils/include/hidro_ros2_utils/msg/detail/state_machine_status__traits.hpp
-- Up-to-date: /home/hidro/galactic_ws/install/hidro_ros2_utils/include/hidro_ros2_utils/msg/detail/state_machine_status__builder.hpp
-- Up-to-date: /home/hidro/galactic_ws/install/hidro_ros2_utils/include/hidro_ros2_utils/msg/detail/state_machine_status__struct.hpp
-- Up-to-date: /home/hidro/galactic_ws/install/hidro_ros2_utils/include/hidro_ros2_utils
-- Up-to-date: /home/hidro/galactic_ws/install/hidro_ros2_utils/include/hidro_ros2_utils/srv
-- Up-to-date: /home/hidro/galactic_ws/install/hidro_ros2_utils/include/hidro_ros2_utils/srv/detail
-- Up-to-date: /home/hidro/galactic_ws/install/hidro_ros2_utils/include/hidro_ros2_utils/srv/detail/transition_command__type_support.cpp
-- Up-to-date: /home/hidro/galactic_ws/install/hidro_ros2_utils/include/hidro_ros2_utils/srv/detail/transition_command__rosidl_typesupport_introspection_cpp.hpp
-- Up-to-date: /home/hidro/galactic_ws/install/hidro_ros2_utils/include/hidro_ros2_utils/msg
-- Up-to-date: /home/hidro/galactic_ws/install/hidro_ros2_utils/include/hidro_ros2_utils/msg/detail
-- Up-to-date: /home/hidro/galactic_ws/install/hidro_ros2_utils/include/hidro_ros2_utils/msg/detail/state_machine_status__rosidl_typesupport_introspection_cpp.hpp
-- Up-to-date: /home/hidro/galactic_ws/install/hidro_ros2_utils/include/hidro_ros2_utils/msg/detail/state_machine_status__type_support.cpp
-- Up-to-date: /home/hidro/galactic_ws/install/hidro_ros2_utils/lib/libhidro_ros2_utils__rosidl_typesupport_introspection_cpp.so
-- Up-to-date: /home/hidro/galactic_ws/install/hidro_ros2_utils/lib/libhidro_ros2_utils__rosidl_typesupport_cpp.so
-- Up-to-date: /home/hidro/galactic_ws/install/hidro_ros2_utils/share/hidro_ros2_utils/environment/pythonpath.sh
-- Up-to-date: /home/hidro/galactic_ws/install/hidro_ros2_utils/share/hidro_ros2_utils/environment/pythonpath.dsv
-- Up-to-date: /home/hidro/galactic_ws/install/hidro_ros2_utils/lib/python3.8/site-packages/hidro_ros2_utils/__init__.py
-- Up-to-date: /home/hidro/galactic_ws/install/hidro_ros2_utils/lib/python3.8/site-packages/hidro_ros2_utils/srv
-- Up-to-date: /home/hidro/galactic_ws/install/hidro_ros2_utils/lib/python3.8/site-packages/hidro_ros2_utils/srv/__init__.py
-- Up-to-date: /home/hidro/galactic_ws/install/hidro_ros2_utils/lib/python3.8/site-packages/hidro_ros2_utils/srv/_transition_command.py
-- Up-to-date: /home/hidro/galactic_ws/install/hidro_ros2_utils/lib/python3.8/site-packages/hidro_ros2_utils/srv/_transition_command_s.c
-- Up-to-date: /home/hidro/galactic_ws/install/hidro_ros2_utils/lib/python3.8/site-packages/hidro_ros2_utils/msg
-- Up-to-date: /home/hidro/galactic_ws/install/hidro_ros2_utils/lib/python3.8/site-packages/hidro_ros2_utils/msg/__init__.py
-- Up-to-date: /home/hidro/galactic_ws/install/hidro_ros2_utils/lib/python3.8/site-packages/hidro_ros2_utils/msg/_state_machine_status.py
-- Up-to-date: /home/hidro/galactic_ws/install/hidro_ros2_utils/lib/python3.8/site-packages/hidro_ros2_utils/msg/_state_machine_status_s.c
-- Up-to-date: /home/hidro/galactic_ws/install/hidro_ros2_utils/lib/python3.8/site-packages/hidro_ros2_utils/hidro_ros2_utils_s__rosidl_typesupport_introspection_c.cpython-38-x86_64-linux-gnu.so
-- Up-to-date: /home/hidro/galactic_ws/install/hidro_ros2_utils/lib/python3.8/site-packages/hidro_ros2_utils/hidro_ros2_utils_s__rosidl_typesupport_c.cpython-38-x86_64-linux-gnu.so
-- Up-to-date: /home/hidro/galactic_ws/install/hidro_ros2_utils/lib/libhidro_ros2_utils__python.so
-- Up-to-date: /home/hidro/galactic_ws/install/hidro_ros2_utils/share/hidro_ros2_utils/srv/TransitionCommand.idl
-- Up-to-date: /home/hidro/galactic_ws/install/hidro_ros2_utils/share/hidro_ros2_utils/msg/StateMachineStatus.idl
-- Up-to-date: /home/hidro/galactic_ws/install/hidro_ros2_utils/share/hidro_ros2_utils/srv/TransitionCommand.srv
-- Up-to-date: /home/hidro/galactic_ws/install/hidro_ros2_utils/share/hidro_ros2_utils/srv/TransitionCommand_Request.msg
-- Up-to-date: /home/hidro/galactic_ws/install/hidro_ros2_utils/share/hidro_ros2_utils/srv/TransitionCommand_Response.msg
-- Up-to-date: /home/hidro/galactic_ws/install/hidro_ros2_utils/share/hidro_ros2_utils/msg/StateMachineStatus.msg
-- Up-to-date: /home/hidro/galactic_ws/install/hidro_ros2_utils/include/hidro_ros2_utils
-- Up-to-date: /home/hidro/galactic_ws/install/hidro_ros2_utils/include/hidro_ros2_utils/state_machine_interface.hpp
-- Up-to-date: /home/hidro/galactic_ws/install/hidro_ros2_utils/lib/libhidro_ros2_utils_lib.so
-- Up-to-date: /home/hidro/galactic_ws/install/hidro_ros2_utils/share/ament_index/resource_index/package_run_dependencies/hidro_ros2_utils
-- Up-to-date: /home/hidro/galactic_ws/install/hidro_ros2_utils/share/ament_index/resource_index/parent_prefix_path/hidro_ros2_utils
-- Up-to-date: /home/hidro/galactic_ws/install/hidro_ros2_utils/share/hidro_ros2_utils/environment/ament_prefix_path.sh
-- Up-to-date: /home/hidro/galactic_ws/install/hidro_ros2_utils/share/hidro_ros2_utils/environment/ament_prefix_path.dsv
-- Up-to-date: /home/hidro/galactic_ws/install/hidro_ros2_utils/share/hidro_ros2_utils/environment/path.sh
-- Up-to-date: /home/hidro/galactic_ws/install/hidro_ros2_utils/share/hidro_ros2_utils/environment/path.dsv
-- Up-to-date: /home/hidro/galactic_ws/install/hidro_ros2_utils/share/hidro_ros2_utils/local_setup.bash
-- Up-to-date: /home/hidro/galactic_ws/install/hidro_ros2_utils/share/hidro_ros2_utils/local_setup.sh
-- Up-to-date: /home/hidro/galactic_ws/install/hidro_ros2_utils/share/hidro_ros2_utils/local_setup.zsh
-- Up-to-date: /home/hidro/galactic_ws/install/hidro_ros2_utils/share/hidro_ros2_utils/local_setup.dsv
-- Installing: /home/hidro/galactic_ws/install/hidro_ros2_utils/share/hidro_ros2_utils/package.dsv
-- Up-to-date: /home/hidro/galactic_ws/install/hidro_ros2_utils/share/ament_index/resource_index/packages/hidro_ros2_utils
-- Up-to-date: /home/hidro/galactic_ws/install/hidro_ros2_utils/share/hidro_ros2_utils/cmake/hidro_ros2_utils__rosidl_generator_cExport.cmake
-- Up-to-date: /home/hidro/galactic_ws/install/hidro_ros2_utils/share/hidro_ros2_utils/cmake/hidro_ros2_utils__rosidl_generator_cExport-release.cmake
-- Up-to-date: /home/hidro/galactic_ws/install/hidro_ros2_utils/share/hidro_ros2_utils/cmake/hidro_ros2_utils__rosidl_typesupport_introspection_cExport.cmake
-- Up-to-date: /home/hidro/galactic_ws/install/hidro_ros2_utils/share/hidro_ros2_utils/cmake/hidro_ros2_utils__rosidl_typesupport_introspection_cExport-release.cmake
-- Up-to-date: /home/hidro/galactic_ws/install/hidro_ros2_utils/share/hidro_ros2_utils/cmake/hidro_ros2_utils__rosidl_typesupport_cExport.cmake
-- Up-to-date: /home/hidro/galactic_ws/install/hidro_ros2_utils/share/hidro_ros2_utils/cmake/hidro_ros2_utils__rosidl_typesupport_cExport-release.cmake
-- Up-to-date: /home/hidro/galactic_ws/install/hidro_ros2_utils/share/hidro_ros2_utils/cmake/hidro_ros2_utils__rosidl_generator_cppExport.cmake
-- Up-to-date: /home/hidro/galactic_ws/install/hidro_ros2_utils/share/hidro_ros2_utils/cmake/hidro_ros2_utils__rosidl_typesupport_introspection_cppExport.cmake
-- Up-to-date: /home/hidro/galactic_ws/install/hidro_ros2_utils/share/hidro_ros2_utils/cmake/hidro_ros2_utils__rosidl_typesupport_introspection_cppExport-release.cmake
-- Up-to-date: /home/hidro/galactic_ws/install/hidro_ros2_utils/share/hidro_ros2_utils/cmake/hidro_ros2_utils__rosidl_typesupport_cppExport.cmake
-- Up-to-date: /home/hidro/galactic_ws/install/hidro_ros2_utils/share/hidro_ros2_utils/cmake/hidro_ros2_utils__rosidl_typesupport_cppExport-release.cmake
-- Up-to-date: /home/hidro/galactic_ws/install/hidro_ros2_utils/share/hidro_ros2_utils/cmake/hidro_ros2_utilsTargetsExport.cmake
-- Up-to-date: /home/hidro/galactic_ws/install/hidro_ros2_utils/share/hidro_ros2_utils/cmake/hidro_ros2_utilsTargetsExport-release.cmake
-- Up-to-date: /home/hidro/galactic_ws/install/hidro_ros2_utils/share/hidro_ros2_utils/cmake/rosidl_cmake-extras.cmake
-- Up-to-date: /home/hidro/galactic_ws/install/hidro_ros2_utils/share/hidro_ros2_utils/cmake/ament_cmake_export_dependencies-extras.cmake
-- Up-to-date: /home/hidro/galactic_ws/install/hidro_ros2_utils/share/hidro_ros2_utils/cmake/ament_cmake_export_libraries-extras.cmake
-- Up-to-date: /home/hidro/galactic_ws/install/hidro_ros2_utils/share/hidro_ros2_utils/cmake/ament_cmake_export_targets-extras.cmake
-- Up-to-date: /home/hidro/galactic_ws/install/hidro_ros2_utils/share/hidro_ros2_utils/cmake/ament_cmake_export_include_directories-extras.cmake
-- Up-to-date: /home/hidro/galactic_ws/install/hidro_ros2_utils/share/hidro_ros2_utils/cmake/rosidl_cmake_export_typesupport_targets-extras.cmake
-- Up-to-date: /home/hidro/galactic_ws/install/hidro_ros2_utils/share/hidro_ros2_utils/cmake/hidro_ros2_utilsConfig.cmake
-- Up-to-date: /home/hidro/galactic_ws/install/hidro_ros2_utils/share/hidro_ros2_utils/cmake/hidro_ros2_utilsConfig-version.cmake
-- Up-to-date: /home/hidro/galactic_ws/install/hidro_ros2_utils/share/hidro_ros2_utils/package.xml
