[100%] Built target odri_gazebo_plugin
-- Install configuration: "Release"
-- Up-to-date: /home/hidro/galactic_ws/install/odri_ros2_gazebo/share/odri_ros2_gazebo/environment/library_path.sh
-- Up-to-date: /home/hidro/galactic_ws/install/odri_ros2_gazebo/share/odri_ros2_gazebo/environment/library_path.dsv
-- Up-to-date: /home/hidro/galactic_ws/install/odri_ros2_gazebo/include/odri_ros2_gazebo
-- Up-to-date: /home/hidro/galactic_ws/install/odri_ros2_gazebo/include/odri_ros2_gazebo/odri_gazebo_plugin.hpp
-- Up-to-date: /home/hidro/galactic_ws/install/odri_ros2_gazebo/lib/libodri_gazebo_plugin.so
-- Up-to-date: /home/hidro/galactic_ws/install/odri_ros2_gazebo/share/ament_index/resource_index/package_run_dependencies/odri_ros2_gazebo
-- Up-to-date: /home/hidro/galactic_ws/install/odri_ros2_gazebo/share/ament_index/resource_index/parent_prefix_path/odri_ros2_gazebo
-- Up-to-date: /home/hidro/galactic_ws/install/odri_ros2_gazebo/share/odri_ros2_gazebo/environment/ament_prefix_path.sh
-- Up-to-date: /home/hidro/galactic_ws/install/odri_ros2_gazebo/share/odri_ros2_gazebo/environment/ament_prefix_path.dsv
-- Up-to-date: /home/hidro/galactic_ws/install/odri_ros2_gazebo/share/odri_ros2_gazebo/environment/path.sh
-- Up-to-date: /home/hidro/galactic_ws/install/odri_ros2_gazebo/share/odri_ros2_gazebo/environment/path.dsv
-- Up-to-date: /home/hidro/galactic_ws/install/odri_ros2_gazebo/share/odri_ros2_gazebo/local_setup.bash
-- Up-to-date: /home/hidro/galactic_ws/install/odri_ros2_gazebo/share/odri_ros2_gazebo/local_setup.sh
-- Up-to-date: /home/hidro/galactic_ws/install/odri_ros2_gazebo/share/odri_ros2_gazebo/local_setup.zsh
-- Up-to-date: /home/hidro/galactic_ws/install/odri_ros2_gazebo/share/odri_ros2_gazebo/local_setup.dsv
-- Installing: /home/hidro/galactic_ws/install/odri_ros2_gazebo/share/odri_ros2_gazebo/package.dsv
-- Up-to-date: /home/hidro/galactic_ws/install/odri_ros2_gazebo/share/ament_index/resource_index/packages/odri_ros2_gazebo
-- Up-to-date: /home/hidro/galactic_ws/install/odri_ros2_gazebo/share/odri_ros2_gazebo/cmake/odri_ros2_gazeboTargetsExport.cmake
-- Up-to-date: /home/hidro/galactic_ws/install/odri_ros2_gazebo/share/odri_ros2_gazebo/cmake/odri_ros2_gazeboTargetsExport-release.cmake
-- Up-to-date: /home/hidro/galactic_ws/install/odri_ros2_gazebo/share/odri_ros2_gazebo/cmake/ament_cmake_export_targets-extras.cmake
-- Up-to-date: /home/hidro/galactic_ws/install/odri_ros2_gazebo/share/odri_ros2_gazebo/cmake/ament_cmake_export_dependencies-extras.cmake
-- Up-to-date: /home/hidro/galactic_ws/install/odri_ros2_gazebo/share/odri_ros2_gazebo/cmake/odri_ros2_gazeboConfig.cmake
-- Up-to-date: /home/hidro/galactic_ws/install/odri_ros2_gazebo/share/odri_ros2_gazebo/cmake/odri_ros2_gazeboConfig-version.cmake
-- Up-to-date: /home/hidro/galactic_ws/install/odri_ros2_gazebo/share/odri_ros2_gazebo/package.xml
