[0.019s] Invoking command in '/home/hidro/galactic_ws/build/odri_ros2_gazebo': CMAKE_PREFIX_PATH=/home/hidro/galactic_ws/install/odri_ros2_interfaces:/home/hidro/galactic_ws/install/vrpn_client_ros:/home/hidro/galactic_ws/install/solo12_bringup:/home/hidro/galactic_ws/install/offline_trajectory_publisher_state_machine_interface:/home/hidro/galactic_ws/install/odri_ros2_examples:/home/hidro/galactic_ws/install/odri_ros2_hardware:/home/hidro/galactic_ws/install/odri_ros2_gazebo:/home/hidro/galactic_ws/install/hidro_ros2_utils:/home/hidro/galactic_ws/install/hidro_robots:/opt/openrobots:/opt/openrobots:/opt/ros/galactic LD_LIBRARY_PATH=/home/hidro/galactic_ws/install/odri_ros2_interfaces/lib:/home/hidro/galactic_ws/install/odri_ros2_gazebo/lib:/home/hidro/galactic_ws/install/hidro_ros2_utils/lib:/opt/ros/galactic/opt/yaml_cpp_vendor/lib:/opt/ros/galactic/lib/x86_64-linux-gnu:/opt/ros/galactic/lib:/opt/openrobots/lib:/usr/local/lib:/opt/openrobots/lib:/usr/local/lib PYTHONPATH=/home/hidro/galactic_ws/install/odri_ros2_interfaces/lib/python3.8/site-packages:/home/hidro/galactic_ws/install/hidro_ros2_utils/lib/python3.8/site-packages:/opt/ros/galactic/lib/python3.8/site-packages:/opt/openrobots/lib/python3.8/site-packages:/usr/local/lib/python3.8/site-packages:/opt/openrobots/lib/python3.8/site-packages:/usr/local/lib/python3.8/site-packages /usr/bin/cmake --build /home/hidro/galactic_ws/build/odri_ros2_gazebo -- -j8 -l8
[0.099s] [100%] Built target odri_gazebo_plugin
[0.111s] Invoked command in '/home/hidro/galactic_ws/build/odri_ros2_gazebo' returned '0': CMAKE_PREFIX_PATH=/home/hidro/galactic_ws/install/odri_ros2_interfaces:/home/hidro/galactic_ws/install/vrpn_client_ros:/home/hidro/galactic_ws/install/solo12_bringup:/home/hidro/galactic_ws/install/offline_trajectory_publisher_state_machine_interface:/home/hidro/galactic_ws/install/odri_ros2_examples:/home/hidro/galactic_ws/install/odri_ros2_hardware:/home/hidro/galactic_ws/install/odri_ros2_gazebo:/home/hidro/galactic_ws/install/hidro_ros2_utils:/home/hidro/galactic_ws/install/hidro_robots:/opt/openrobots:/opt/openrobots:/opt/ros/galactic LD_LIBRARY_PATH=/home/hidro/galactic_ws/install/odri_ros2_interfaces/lib:/home/hidro/galactic_ws/install/odri_ros2_gazebo/lib:/home/hidro/galactic_ws/install/hidro_ros2_utils/lib:/opt/ros/galactic/opt/yaml_cpp_vendor/lib:/opt/ros/galactic/lib/x86_64-linux-gnu:/opt/ros/galactic/lib:/opt/openrobots/lib:/usr/local/lib:/opt/openrobots/lib:/usr/local/lib PYTHONPATH=/home/hidro/galactic_ws/install/odri_ros2_interfaces/lib/python3.8/site-packages:/home/hidro/galactic_ws/install/hidro_ros2_utils/lib/python3.8/site-packages:/opt/ros/galactic/lib/python3.8/site-packages:/opt/openrobots/lib/python3.8/site-packages:/usr/local/lib/python3.8/site-packages:/opt/openrobots/lib/python3.8/site-packages:/usr/local/lib/python3.8/site-packages /usr/bin/cmake --build /home/hidro/galactic_ws/build/odri_ros2_gazebo -- -j8 -l8
[0.147s] Invoking command in '/home/hidro/galactic_ws/build/odri_ros2_gazebo': CMAKE_PREFIX_PATH=/home/hidro/galactic_ws/install/odri_ros2_interfaces:/home/hidro/galactic_ws/install/vrpn_client_ros:/home/hidro/galactic_ws/install/solo12_bringup:/home/hidro/galactic_ws/install/offline_trajectory_publisher_state_machine_interface:/home/hidro/galactic_ws/install/odri_ros2_examples:/home/hidro/galactic_ws/install/odri_ros2_hardware:/home/hidro/galactic_ws/install/odri_ros2_gazebo:/home/hidro/galactic_ws/install/hidro_ros2_utils:/home/hidro/galactic_ws/install/hidro_robots:/opt/openrobots:/opt/openrobots:/opt/ros/galactic LD_LIBRARY_PATH=/home/hidro/galactic_ws/install/odri_ros2_interfaces/lib:/home/hidro/galactic_ws/install/odri_ros2_gazebo/lib:/home/hidro/galactic_ws/install/hidro_ros2_utils/lib:/opt/ros/galactic/opt/yaml_cpp_vendor/lib:/opt/ros/galactic/lib/x86_64-linux-gnu:/opt/ros/galactic/lib:/opt/openrobots/lib:/usr/local/lib:/opt/openrobots/lib:/usr/local/lib PYTHONPATH=/home/hidro/galactic_ws/install/odri_ros2_interfaces/lib/python3.8/site-packages:/home/hidro/galactic_ws/install/hidro_ros2_utils/lib/python3.8/site-packages:/opt/ros/galactic/lib/python3.8/site-packages:/opt/openrobots/lib/python3.8/site-packages:/usr/local/lib/python3.8/site-packages:/opt/openrobots/lib/python3.8/site-packages:/usr/local/lib/python3.8/site-packages /usr/bin/cmake --install /home/hidro/galactic_ws/build/odri_ros2_gazebo
[0.157s] -- Install configuration: "Release"
[0.158s] -- Up-to-date: /home/hidro/galactic_ws/install/odri_ros2_gazebo/share/odri_ros2_gazebo/environment/library_path.sh
[0.158s] -- Up-to-date: /home/hidro/galactic_ws/install/odri_ros2_gazebo/share/odri_ros2_gazebo/environment/library_path.dsv
[0.158s] -- Up-to-date: /home/hidro/galactic_ws/install/odri_ros2_gazebo/include/odri_ros2_gazebo
[0.159s] -- Up-to-date: /home/hidro/galactic_ws/install/odri_ros2_gazebo/include/odri_ros2_gazebo/odri_gazebo_plugin.hpp
[0.159s] -- Up-to-date: /home/hidro/galactic_ws/install/odri_ros2_gazebo/lib/libodri_gazebo_plugin.so
[0.159s] -- Up-to-date: /home/hidro/galactic_ws/install/odri_ros2_gazebo/share/ament_index/resource_index/package_run_dependencies/odri_ros2_gazebo
[0.159s] -- Up-to-date: /home/hidro/galactic_ws/install/odri_ros2_gazebo/share/ament_index/resource_index/parent_prefix_path/odri_ros2_gazebo
[0.159s] -- Up-to-date: /home/hidro/galactic_ws/install/odri_ros2_gazebo/share/odri_ros2_gazebo/environment/ament_prefix_path.sh
[0.159s] -- Up-to-date: /home/hidro/galactic_ws/install/odri_ros2_gazebo/share/odri_ros2_gazebo/environment/ament_prefix_path.dsv
[0.160s] -- Up-to-date: /home/hidro/galactic_ws/install/odri_ros2_gazebo/share/odri_ros2_gazebo/environment/path.sh
[0.160s] -- Up-to-date: /home/hidro/galactic_ws/install/odri_ros2_gazebo/share/odri_ros2_gazebo/environment/path.dsv
[0.160s] -- Up-to-date: /home/hidro/galactic_ws/install/odri_ros2_gazebo/share/odri_ros2_gazebo/local_setup.bash
[0.160s] -- Up-to-date: /home/hidro/galactic_ws/install/odri_ros2_gazebo/share/odri_ros2_gazebo/local_setup.sh
[0.160s] -- Up-to-date: /home/hidro/galactic_ws/install/odri_ros2_gazebo/share/odri_ros2_gazebo/local_setup.zsh
[0.160s] -- Up-to-date: /home/hidro/galactic_ws/install/odri_ros2_gazebo/share/odri_ros2_gazebo/local_setup.dsv
[0.160s] -- Installing: /home/hidro/galactic_ws/install/odri_ros2_gazebo/share/odri_ros2_gazebo/package.dsv
[0.161s] -- Up-to-date: /home/hidro/galactic_ws/install/odri_ros2_gazebo/share/ament_index/resource_index/packages/odri_ros2_gazebo
[0.161s] -- Up-to-date: /home/hidro/galactic_ws/install/odri_ros2_gazebo/share/odri_ros2_gazebo/cmake/odri_ros2_gazeboTargetsExport.cmake
[0.161s] -- Up-to-date: /home/hidro/galactic_ws/install/odri_ros2_gazebo/share/odri_ros2_gazebo/cmake/odri_ros2_gazeboTargetsExport-release.cmake
[0.161s] -- Up-to-date: /home/hidro/galactic_ws/install/odri_ros2_gazebo/share/odri_ros2_gazebo/cmake/ament_cmake_export_targets-extras.cmake
[0.161s] -- Up-to-date: /home/hidro/galactic_ws/install/odri_ros2_gazebo/share/odri_ros2_gazebo/cmake/ament_cmake_export_dependencies-extras.cmake
[0.161s] -- Up-to-date: /home/hidro/galactic_ws/install/odri_ros2_gazebo/share/odri_ros2_gazebo/cmake/odri_ros2_gazeboConfig.cmake
[0.165s] -- Up-to-date: /home/hidro/galactic_ws/install/odri_ros2_gazebo/share/odri_ros2_gazebo/cmake/odri_ros2_gazeboConfig-version.cmake
[0.165s] -- Up-to-date: /home/hidro/galactic_ws/install/odri_ros2_gazebo/share/odri_ros2_gazebo/package.xml
[0.166s] Invoked command in '/home/hidro/galactic_ws/build/odri_ros2_gazebo' returned '0': CMAKE_PREFIX_PATH=/home/hidro/galactic_ws/install/odri_ros2_interfaces:/home/hidro/galactic_ws/install/vrpn_client_ros:/home/hidro/galactic_ws/install/solo12_bringup:/home/hidro/galactic_ws/install/offline_trajectory_publisher_state_machine_interface:/home/hidro/galactic_ws/install/odri_ros2_examples:/home/hidro/galactic_ws/install/odri_ros2_hardware:/home/hidro/galactic_ws/install/odri_ros2_gazebo:/home/hidro/galactic_ws/install/hidro_ros2_utils:/home/hidro/galactic_ws/install/hidro_robots:/opt/openrobots:/opt/openrobots:/opt/ros/galactic LD_LIBRARY_PATH=/home/hidro/galactic_ws/install/odri_ros2_interfaces/lib:/home/hidro/galactic_ws/install/odri_ros2_gazebo/lib:/home/hidro/galactic_ws/install/hidro_ros2_utils/lib:/opt/ros/galactic/opt/yaml_cpp_vendor/lib:/opt/ros/galactic/lib/x86_64-linux-gnu:/opt/ros/galactic/lib:/opt/openrobots/lib:/usr/local/lib:/opt/openrobots/lib:/usr/local/lib PYTHONPATH=/home/hidro/galactic_ws/install/odri_ros2_interfaces/lib/python3.8/site-packages:/home/hidro/galactic_ws/install/hidro_ros2_utils/lib/python3.8/site-packages:/opt/ros/galactic/lib/python3.8/site-packages:/opt/openrobots/lib/python3.8/site-packages:/usr/local/lib/python3.8/site-packages:/opt/openrobots/lib/python3.8/site-packages:/usr/local/lib/python3.8/site-packages /usr/bin/cmake --install /home/hidro/galactic_ws/build/odri_ros2_gazebo
