[0.031s] Invoking command in '/home/hidro/galactic_ws/build/solo12_bringup': /usr/bin/cmake --build /home/hidro/galactic_ws/build/solo12_bringup -- -j8 -l8
[0.099s] Invoked command in '/home/hidro/galactic_ws/build/solo12_bringup' returned '0': /usr/bin/cmake --build /home/hidro/galactic_ws/build/solo12_bringup -- -j8 -l8
[0.149s] Invoking command in '/home/hidro/galactic_ws/build/solo12_bringup': /usr/bin/cmake --install /home/hidro/galactic_ws/build/solo12_bringup
[0.188s] -- Install configuration: "Release"
[0.191s] -- Up-to-date: /home/hidro/galactic_ws/install/solo12_bringup/share/ament_index/resource_index/package_run_dependencies/solo12_bringup
[0.192s] -- Up-to-date: /home/hidro/galactic_ws/install/solo12_bringup/share/ament_index/resource_index/parent_prefix_path/solo12_bringup
[0.193s] -- Up-to-date: /home/hidro/galactic_ws/install/solo12_bringup/share/solo12_bringup/environment/ament_prefix_path.sh
[0.195s] -- Up-to-date: /home/hidro/galactic_ws/install/solo12_bringup/share/solo12_bringup/environment/ament_prefix_path.dsv
[0.196s] -- Up-to-date: /home/hidro/galactic_ws/install/solo12_bringup/share/solo12_bringup/environment/path.sh
[0.197s] -- Up-to-date: /home/hidro/galactic_ws/install/solo12_bringup/share/solo12_bringup/environment/path.dsv
[0.197s] -- Up-to-date: /home/hidro/galactic_ws/install/solo12_bringup/share/solo12_bringup/local_setup.bash
[0.198s] -- Up-to-date: /home/hidro/galactic_ws/install/solo12_bringup/share/solo12_bringup/local_setup.sh
[0.198s] -- Up-to-date: /home/hidro/galactic_ws/install/solo12_bringup/share/solo12_bringup/local_setup.zsh
[0.198s] -- Up-to-date: /home/hidro/galactic_ws/install/solo12_bringup/share/solo12_bringup/local_setup.dsv
[0.198s] -- Installing: /home/hidro/galactic_ws/install/solo12_bringup/share/solo12_bringup/package.dsv
[0.199s] -- Up-to-date: /home/hidro/galactic_ws/install/solo12_bringup/share/ament_index/resource_index/packages/solo12_bringup
[0.199s] -- Up-to-date: /home/hidro/galactic_ws/install/solo12_bringup/share/solo12_bringup/cmake/solo12_bringupConfig.cmake
[0.201s] -- Up-to-date: /home/hidro/galactic_ws/install/solo12_bringup/share/solo12_bringup/cmake/solo12_bringupConfig-version.cmake
[0.203s] -- Up-to-date: /home/hidro/galactic_ws/install/solo12_bringup/share/solo12_bringup/package.xml
[0.230s] Invoked command in '/home/hidro/galactic_ws/build/solo12_bringup' returned '0': /usr/bin/cmake --install /home/hidro/galactic_ws/build/solo12_bringup
