[0.032s] Invoking command in '/home/hidro/galactic_ws/build/odri_ros2_interfaces': /usr/bin/cmake --build /home/hidro/galactic_ws/build/odri_ros2_interfaces -- -j8 -l8
[0.133s] [  1%] Built target odri_ros2_interfaces__cpp
[0.142s] [ 16%] Built target odri_ros2_interfaces__rosidl_generator_c
[0.176s] [ 32%] Built target odri_ros2_interfaces__rosidl_typesupport_introspection_cpp
[0.215s] [ 47%] Built target odri_ros2_interfaces__rosidl_typesupport_introspection_c
[0.230s] [ 63%] Built target odri_ros2_interfaces__rosidl_typesupport_cpp
[0.231s] [ 78%] Built target odri_ros2_interfaces__rosidl_typesupport_c
[0.252s] [ 78%] Built target odri_ros2_interfaces
[0.281s] [ 80%] Built target odri_ros2_interfaces__py
[0.322s] [ 94%] Built target odri_ros2_interfaces__python
[0.351s] [ 97%] Built target odri_ros2_interfaces__rosidl_typesupport_introspection_c__pyext
[0.353s] [100%] Built target odri_ros2_interfaces__rosidl_typesupport_c__pyext
[0.366s] Invoked command in '/home/hidro/galactic_ws/build/odri_ros2_interfaces' returned '0': /usr/bin/cmake --build /home/hidro/galactic_ws/build/odri_ros2_interfaces -- -j8 -l8
[0.478s] Invoking command in '/home/hidro/galactic_ws/build/odri_ros2_interfaces': /usr/bin/cmake --install /home/hidro/galactic_ws/build/odri_ros2_interfaces
[0.488s] -- Install configuration: "Release"
[0.489s] -- Up-to-date: /home/hidro/galactic_ws/install/odri_ros2_interfaces/share/ament_index/resource_index/rosidl_interfaces/odri_ros2_interfaces
[0.489s] -- Up-to-date: /home/hidro/galactic_ws/install/odri_ros2_interfaces/include/odri_ros2_interfaces
[0.489s] -- Up-to-date: /home/hidro/galactic_ws/install/odri_ros2_interfaces/include/odri_ros2_interfaces/msg
[0.489s] -- Up-to-date: /home/hidro/galactic_ws/install/odri_ros2_interfaces/include/odri_ros2_interfaces/msg/master_board_command.h
[0.489s] -- Up-to-date: /home/hidro/galactic_ws/install/odri_ros2_interfaces/include/odri_ros2_interfaces/msg/state_command.h
[0.489s] -- Up-to-date: /home/hidro/galactic_ws/install/odri_ros2_interfaces/include/odri_ros2_interfaces/msg/driver_command.h
[0.490s] -- Up-to-date: /home/hidro/galactic_ws/install/odri_ros2_interfaces/include/odri_ros2_interfaces/msg/driver_state.h
[0.490s] -- Up-to-date: /home/hidro/galactic_ws/install/odri_ros2_interfaces/include/odri_ros2_interfaces/msg/motor_command.h
[0.491s] -- Up-to-date: /home/hidro/galactic_ws/install/odri_ros2_interfaces/include/odri_ros2_interfaces/msg/master_board_state.h
[0.491s] -- Up-to-date: /home/hidro/galactic_ws/install/odri_ros2_interfaces/include/odri_ros2_interfaces/msg/motor_state.h
[0.491s] -- Up-to-date: /home/hidro/galactic_ws/install/odri_ros2_interfaces/include/odri_ros2_interfaces/msg/robot_command.h
[0.492s] -- Up-to-date: /home/hidro/galactic_ws/install/odri_ros2_interfaces/include/odri_ros2_interfaces/msg/robot_state.h
[0.494s] -- Up-to-date: /home/hidro/galactic_ws/install/odri_ros2_interfaces/include/odri_ros2_interfaces/msg/rosidl_generator_c__visibility_control.h
[0.495s] -- Up-to-date: /home/hidro/galactic_ws/install/odri_ros2_interfaces/include/odri_ros2_interfaces/msg/detail
[0.495s] -- Up-to-date: /home/hidro/galactic_ws/install/odri_ros2_interfaces/include/odri_ros2_interfaces/msg/detail/driver_command__functions.c
[0.496s] -- Up-to-date: /home/hidro/galactic_ws/install/odri_ros2_interfaces/include/odri_ros2_interfaces/msg/detail/master_board_command__type_support.h
[0.496s] -- Up-to-date: /home/hidro/galactic_ws/install/odri_ros2_interfaces/include/odri_ros2_interfaces/msg/detail/master_board_command__functions.c
[0.496s] -- Up-to-date: /home/hidro/galactic_ws/install/odri_ros2_interfaces/include/odri_ros2_interfaces/msg/detail/robot_state__functions.h
[0.497s] -- Up-to-date: /home/hidro/galactic_ws/install/odri_ros2_interfaces/include/odri_ros2_interfaces/msg/detail/robot_state__struct.h
[0.501s] -- Up-to-date: /home/hidro/galactic_ws/install/odri_ros2_interfaces/include/odri_ros2_interfaces/msg/detail/driver_state__struct.h
[0.502s] -- Up-to-date: /home/hidro/galactic_ws/install/odri_ros2_interfaces/include/odri_ros2_interfaces/msg/detail/master_board_command__struct.h
[0.502s] -- Up-to-date: /home/hidro/galactic_ws/install/odri_ros2_interfaces/include/odri_ros2_interfaces/msg/detail/motor_command__functions.h
[0.502s] -- Up-to-date: /home/hidro/galactic_ws/install/odri_ros2_interfaces/include/odri_ros2_interfaces/msg/detail/driver_state__functions.c
[0.502s] -- Up-to-date: /home/hidro/galactic_ws/install/odri_ros2_interfaces/include/odri_ros2_interfaces/msg/detail/state_command__functions.c
[0.502s] -- Up-to-date: /home/hidro/galactic_ws/install/odri_ros2_interfaces/include/odri_ros2_interfaces/msg/detail/state_command__struct.h
[0.502s] -- Up-to-date: /home/hidro/galactic_ws/install/odri_ros2_interfaces/include/odri_ros2_interfaces/msg/detail/driver_command__functions.h
[0.502s] -- Up-to-date: /home/hidro/galactic_ws/install/odri_ros2_interfaces/include/odri_ros2_interfaces/msg/detail/driver_state__functions.h
[0.502s] -- Up-to-date: /home/hidro/galactic_ws/install/odri_ros2_interfaces/include/odri_ros2_interfaces/msg/detail/driver_command__type_support.h
[0.502s] -- Up-to-date: /home/hidro/galactic_ws/install/odri_ros2_interfaces/include/odri_ros2_interfaces/msg/detail/motor_command__functions.c
[0.503s] -- Up-to-date: /home/hidro/galactic_ws/install/odri_ros2_interfaces/include/odri_ros2_interfaces/msg/detail/robot_command__functions.c
[0.503s] -- Up-to-date: /home/hidro/galactic_ws/install/odri_ros2_interfaces/include/odri_ros2_interfaces/msg/detail/state_command__type_support.h
[0.504s] -- Up-to-date: /home/hidro/galactic_ws/install/odri_ros2_interfaces/include/odri_ros2_interfaces/msg/detail/motor_state__struct.h
[0.504s] -- Up-to-date: /home/hidro/galactic_ws/install/odri_ros2_interfaces/include/odri_ros2_interfaces/msg/detail/master_board_state__struct.h
[0.504s] -- Up-to-date: /home/hidro/galactic_ws/install/odri_ros2_interfaces/include/odri_ros2_interfaces/msg/detail/motor_state__type_support.h
[0.504s] -- Up-to-date: /home/hidro/galactic_ws/install/odri_ros2_interfaces/include/odri_ros2_interfaces/msg/detail/motor_command__struct.h
[0.504s] -- Up-to-date: /home/hidro/galactic_ws/install/odri_ros2_interfaces/include/odri_ros2_interfaces/msg/detail/driver_state__type_support.h
[0.504s] -- Up-to-date: /home/hidro/galactic_ws/install/odri_ros2_interfaces/include/odri_ros2_interfaces/msg/detail/state_command__functions.h
[0.505s] -- Up-to-date: /home/hidro/galactic_ws/install/odri_ros2_interfaces/include/odri_ros2_interfaces/msg/detail/robot_command__type_support.h
[0.505s] -- Up-to-date: /home/hidro/galactic_ws/install/odri_ros2_interfaces/include/odri_ros2_interfaces/msg/detail/master_board_state__functions.h
[0.505s] -- Up-to-date: /home/hidro/galactic_ws/install/odri_ros2_interfaces/include/odri_ros2_interfaces/msg/detail/motor_command__type_support.h
[0.505s] -- Up-to-date: /home/hidro/galactic_ws/install/odri_ros2_interfaces/include/odri_ros2_interfaces/msg/detail/master_board_state__functions.c
[0.505s] -- Up-to-date: /home/hidro/galactic_ws/install/odri_ros2_interfaces/include/odri_ros2_interfaces/msg/detail/robot_command__functions.h
[0.505s] -- Up-to-date: /home/hidro/galactic_ws/install/odri_ros2_interfaces/include/odri_ros2_interfaces/msg/detail/master_board_command__functions.h
[0.505s] -- Up-to-date: /home/hidro/galactic_ws/install/odri_ros2_interfaces/include/odri_ros2_interfaces/msg/detail/robot_state__functions.c
[0.505s] -- Up-to-date: /home/hidro/galactic_ws/install/odri_ros2_interfaces/include/odri_ros2_interfaces/msg/detail/robot_state__type_support.h
[0.505s] -- Up-to-date: /home/hidro/galactic_ws/install/odri_ros2_interfaces/include/odri_ros2_interfaces/msg/detail/driver_command__struct.h
[0.505s] -- Up-to-date: /home/hidro/galactic_ws/install/odri_ros2_interfaces/include/odri_ros2_interfaces/msg/detail/robot_command__struct.h
[0.506s] -- Up-to-date: /home/hidro/galactic_ws/install/odri_ros2_interfaces/include/odri_ros2_interfaces/msg/detail/master_board_state__type_support.h
[0.506s] -- Up-to-date: /home/hidro/galactic_ws/install/odri_ros2_interfaces/include/odri_ros2_interfaces/msg/detail/motor_state__functions.c
[0.508s] -- Up-to-date: /home/hidro/galactic_ws/install/odri_ros2_interfaces/include/odri_ros2_interfaces/msg/detail/motor_state__functions.h
[0.508s] -- Up-to-date: /home/hidro/galactic_ws/install/odri_ros2_interfaces/share/odri_ros2_interfaces/environment/library_path.sh
[0.509s] -- Up-to-date: /home/hidro/galactic_ws/install/odri_ros2_interfaces/share/odri_ros2_interfaces/environment/library_path.dsv
[0.509s] -- Up-to-date: /home/hidro/galactic_ws/install/odri_ros2_interfaces/lib/libodri_ros2_interfaces__rosidl_generator_c.so
[0.510s] -- Up-to-date: /home/hidro/galactic_ws/install/odri_ros2_interfaces/include/odri_ros2_interfaces
[0.510s] -- Up-to-date: /home/hidro/galactic_ws/install/odri_ros2_interfaces/include/odri_ros2_interfaces/msg
[0.510s] -- Up-to-date: /home/hidro/galactic_ws/install/odri_ros2_interfaces/include/odri_ros2_interfaces/msg/rosidl_typesupport_introspection_c__visibility_control.h
[0.510s] -- Up-to-date: /home/hidro/galactic_ws/install/odri_ros2_interfaces/include/odri_ros2_interfaces/msg/detail
[0.510s] -- Up-to-date: /home/hidro/galactic_ws/install/odri_ros2_interfaces/include/odri_ros2_interfaces/msg/detail/driver_command__rosidl_typesupport_introspection_c.h
[0.511s] -- Up-to-date: /home/hidro/galactic_ws/install/odri_ros2_interfaces/include/odri_ros2_interfaces/msg/detail/master_board_command__rosidl_typesupport_introspection_c.h
[0.511s] -- Up-to-date: /home/hidro/galactic_ws/install/odri_ros2_interfaces/include/odri_ros2_interfaces/msg/detail/driver_state__type_support.c
[0.511s] -- Up-to-date: /home/hidro/galactic_ws/install/odri_ros2_interfaces/include/odri_ros2_interfaces/msg/detail/motor_state__rosidl_typesupport_introspection_c.h
[0.511s] -- Up-to-date: /home/hidro/galactic_ws/install/odri_ros2_interfaces/include/odri_ros2_interfaces/msg/detail/robot_state__rosidl_typesupport_introspection_c.h
[0.511s] -- Up-to-date: /home/hidro/galactic_ws/install/odri_ros2_interfaces/include/odri_ros2_interfaces/msg/detail/master_board_state__type_support.c
[0.511s] -- Up-to-date: /home/hidro/galactic_ws/install/odri_ros2_interfaces/include/odri_ros2_interfaces/msg/detail/motor_state__type_support.c
[0.511s] -- Up-to-date: /home/hidro/galactic_ws/install/odri_ros2_interfaces/include/odri_ros2_interfaces/msg/detail/robot_command__type_support.c
[0.512s] -- Up-to-date: /home/hidro/galactic_ws/install/odri_ros2_interfaces/include/odri_ros2_interfaces/msg/detail/robot_state__type_support.c
[0.512s] -- Up-to-date: /home/hidro/galactic_ws/install/odri_ros2_interfaces/include/odri_ros2_interfaces/msg/detail/robot_command__rosidl_typesupport_introspection_c.h
[0.512s] -- Up-to-date: /home/hidro/galactic_ws/install/odri_ros2_interfaces/include/odri_ros2_interfaces/msg/detail/master_board_command__type_support.c
[0.512s] -- Up-to-date: /home/hidro/galactic_ws/install/odri_ros2_interfaces/include/odri_ros2_interfaces/msg/detail/motor_command__type_support.c
[0.512s] -- Up-to-date: /home/hidro/galactic_ws/install/odri_ros2_interfaces/include/odri_ros2_interfaces/msg/detail/driver_state__rosidl_typesupport_introspection_c.h
[0.512s] -- Up-to-date: /home/hidro/galactic_ws/install/odri_ros2_interfaces/include/odri_ros2_interfaces/msg/detail/state_command__type_support.c
[0.512s] -- Up-to-date: /home/hidro/galactic_ws/install/odri_ros2_interfaces/include/odri_ros2_interfaces/msg/detail/state_command__rosidl_typesupport_introspection_c.h
[0.512s] -- Up-to-date: /home/hidro/galactic_ws/install/odri_ros2_interfaces/include/odri_ros2_interfaces/msg/detail/motor_command__rosidl_typesupport_introspection_c.h
[0.513s] -- Up-to-date: /home/hidro/galactic_ws/install/odri_ros2_interfaces/include/odri_ros2_interfaces/msg/detail/master_board_state__rosidl_typesupport_introspection_c.h
[0.513s] -- Up-to-date: /home/hidro/galactic_ws/install/odri_ros2_interfaces/include/odri_ros2_interfaces/msg/detail/driver_command__type_support.c
[0.513s] -- Up-to-date: /home/hidro/galactic_ws/install/odri_ros2_interfaces/lib/libodri_ros2_interfaces__rosidl_typesupport_introspection_c.so
[0.513s] -- Up-to-date: /home/hidro/galactic_ws/install/odri_ros2_interfaces/lib/libodri_ros2_interfaces__rosidl_typesupport_c.so
[0.513s] -- Up-to-date: /home/hidro/galactic_ws/install/odri_ros2_interfaces/include/odri_ros2_interfaces
[0.513s] -- Up-to-date: /home/hidro/galactic_ws/install/odri_ros2_interfaces/include/odri_ros2_interfaces/msg
[0.513s] -- Up-to-date: /home/hidro/galactic_ws/install/odri_ros2_interfaces/include/odri_ros2_interfaces/msg/motor_state.hpp
[0.513s] -- Up-to-date: /home/hidro/galactic_ws/install/odri_ros2_interfaces/include/odri_ros2_interfaces/msg/master_board_state.hpp
[0.513s] -- Up-to-date: /home/hidro/galactic_ws/install/odri_ros2_interfaces/include/odri_ros2_interfaces/msg/state_command.hpp
[0.514s] -- Up-to-date: /home/hidro/galactic_ws/install/odri_ros2_interfaces/include/odri_ros2_interfaces/msg/driver_state.hpp
[0.514s] -- Up-to-date: /home/hidro/galactic_ws/install/odri_ros2_interfaces/include/odri_ros2_interfaces/msg/driver_command.hpp
[0.514s] -- Up-to-date: /home/hidro/galactic_ws/install/odri_ros2_interfaces/include/odri_ros2_interfaces/msg/robot_state.hpp
[0.514s] -- Up-to-date: /home/hidro/galactic_ws/install/odri_ros2_interfaces/include/odri_ros2_interfaces/msg/motor_command.hpp
[0.514s] -- Up-to-date: /home/hidro/galactic_ws/install/odri_ros2_interfaces/include/odri_ros2_interfaces/msg/master_board_command.hpp
[0.514s] -- Up-to-date: /home/hidro/galactic_ws/install/odri_ros2_interfaces/include/odri_ros2_interfaces/msg/robot_command.hpp
[0.514s] -- Up-to-date: /home/hidro/galactic_ws/install/odri_ros2_interfaces/include/odri_ros2_interfaces/msg/detail
[0.514s] -- Up-to-date: /home/hidro/galactic_ws/install/odri_ros2_interfaces/include/odri_ros2_interfaces/msg/detail/robot_state__traits.hpp
[0.515s] -- Up-to-date: /home/hidro/galactic_ws/install/odri_ros2_interfaces/include/odri_ros2_interfaces/msg/detail/motor_state__traits.hpp
[0.515s] -- Up-to-date: /home/hidro/galactic_ws/install/odri_ros2_interfaces/include/odri_ros2_interfaces/msg/detail/state_command__traits.hpp
[0.515s] -- Up-to-date: /home/hidro/galactic_ws/install/odri_ros2_interfaces/include/odri_ros2_interfaces/msg/detail/motor_state__builder.hpp
[0.515s] -- Up-to-date: /home/hidro/galactic_ws/install/odri_ros2_interfaces/include/odri_ros2_interfaces/msg/detail/driver_state__struct.hpp
[0.515s] -- Up-to-date: /home/hidro/galactic_ws/install/odri_ros2_interfaces/include/odri_ros2_interfaces/msg/detail/driver_command__struct.hpp
[0.515s] -- Up-to-date: /home/hidro/galactic_ws/install/odri_ros2_interfaces/include/odri_ros2_interfaces/msg/detail/motor_command__builder.hpp
[0.515s] -- Up-to-date: /home/hidro/galactic_ws/install/odri_ros2_interfaces/include/odri_ros2_interfaces/msg/detail/driver_command__builder.hpp
[0.516s] -- Up-to-date: /home/hidro/galactic_ws/install/odri_ros2_interfaces/include/odri_ros2_interfaces/msg/detail/state_command__builder.hpp
[0.516s] -- Up-to-date: /home/hidro/galactic_ws/install/odri_ros2_interfaces/include/odri_ros2_interfaces/msg/detail/robot_state__struct.hpp
[0.516s] -- Up-to-date: /home/hidro/galactic_ws/install/odri_ros2_interfaces/include/odri_ros2_interfaces/msg/detail/driver_command__traits.hpp
[0.516s] -- Up-to-date: /home/hidro/galactic_ws/install/odri_ros2_interfaces/include/odri_ros2_interfaces/msg/detail/master_board_state__builder.hpp
[0.516s] -- Up-to-date: /home/hidro/galactic_ws/install/odri_ros2_interfaces/include/odri_ros2_interfaces/msg/detail/driver_state__traits.hpp
[0.516s] -- Up-to-date: /home/hidro/galactic_ws/install/odri_ros2_interfaces/include/odri_ros2_interfaces/msg/detail/master_board_command__traits.hpp
[0.516s] -- Up-to-date: /home/hidro/galactic_ws/install/odri_ros2_interfaces/include/odri_ros2_interfaces/msg/detail/master_board_command__struct.hpp
[0.516s] -- Up-to-date: /home/hidro/galactic_ws/install/odri_ros2_interfaces/include/odri_ros2_interfaces/msg/detail/driver_state__builder.hpp
[0.517s] -- Up-to-date: /home/hidro/galactic_ws/install/odri_ros2_interfaces/include/odri_ros2_interfaces/msg/detail/robot_state__builder.hpp
[0.517s] -- Up-to-date: /home/hidro/galactic_ws/install/odri_ros2_interfaces/include/odri_ros2_interfaces/msg/detail/robot_command__builder.hpp
[0.517s] -- Up-to-date: /home/hidro/galactic_ws/install/odri_ros2_interfaces/include/odri_ros2_interfaces/msg/detail/master_board_state__struct.hpp
[0.517s] -- Up-to-date: /home/hidro/galactic_ws/install/odri_ros2_interfaces/include/odri_ros2_interfaces/msg/detail/motor_command__traits.hpp
[0.517s] -- Up-to-date: /home/hidro/galactic_ws/install/odri_ros2_interfaces/include/odri_ros2_interfaces/msg/detail/robot_command__struct.hpp
[0.517s] -- Up-to-date: /home/hidro/galactic_ws/install/odri_ros2_interfaces/include/odri_ros2_interfaces/msg/detail/motor_state__struct.hpp
[0.517s] -- Up-to-date: /home/hidro/galactic_ws/install/odri_ros2_interfaces/include/odri_ros2_interfaces/msg/detail/master_board_state__traits.hpp
[0.518s] -- Up-to-date: /home/hidro/galactic_ws/install/odri_ros2_interfaces/include/odri_ros2_interfaces/msg/detail/motor_command__struct.hpp
[0.518s] -- Up-to-date: /home/hidro/galactic_ws/install/odri_ros2_interfaces/include/odri_ros2_interfaces/msg/detail/state_command__struct.hpp
[0.518s] -- Up-to-date: /home/hidro/galactic_ws/install/odri_ros2_interfaces/include/odri_ros2_interfaces/msg/detail/robot_command__traits.hpp
[0.518s] -- Up-to-date: /home/hidro/galactic_ws/install/odri_ros2_interfaces/include/odri_ros2_interfaces/msg/detail/master_board_command__builder.hpp
[0.518s] -- Up-to-date: /home/hidro/galactic_ws/install/odri_ros2_interfaces/include/odri_ros2_interfaces
[0.518s] -- Up-to-date: /home/hidro/galactic_ws/install/odri_ros2_interfaces/include/odri_ros2_interfaces/msg
[0.518s] -- Up-to-date: /home/hidro/galactic_ws/install/odri_ros2_interfaces/include/odri_ros2_interfaces/msg/detail
[0.519s] -- Up-to-date: /home/hidro/galactic_ws/install/odri_ros2_interfaces/include/odri_ros2_interfaces/msg/detail/driver_command__rosidl_typesupport_introspection_cpp.hpp
[0.519s] -- Up-to-date: /home/hidro/galactic_ws/install/odri_ros2_interfaces/include/odri_ros2_interfaces/msg/detail/motor_state__rosidl_typesupport_introspection_cpp.hpp
[0.519s] -- Up-to-date: /home/hidro/galactic_ws/install/odri_ros2_interfaces/include/odri_ros2_interfaces/msg/detail/master_board_state__rosidl_typesupport_introspection_cpp.hpp
[0.519s] -- Up-to-date: /home/hidro/galactic_ws/install/odri_ros2_interfaces/include/odri_ros2_interfaces/msg/detail/motor_command__type_support.cpp
[0.519s] -- Up-to-date: /home/hidro/galactic_ws/install/odri_ros2_interfaces/include/odri_ros2_interfaces/msg/detail/robot_command__type_support.cpp
[0.519s] -- Up-to-date: /home/hidro/galactic_ws/install/odri_ros2_interfaces/include/odri_ros2_interfaces/msg/detail/motor_command__rosidl_typesupport_introspection_cpp.hpp
[0.519s] -- Up-to-date: /home/hidro/galactic_ws/install/odri_ros2_interfaces/include/odri_ros2_interfaces/msg/detail/master_board_command__rosidl_typesupport_introspection_cpp.hpp
[0.520s] -- Up-to-date: /home/hidro/galactic_ws/install/odri_ros2_interfaces/include/odri_ros2_interfaces/msg/detail/master_board_command__type_support.cpp
[0.520s] -- Up-to-date: /home/hidro/galactic_ws/install/odri_ros2_interfaces/include/odri_ros2_interfaces/msg/detail/driver_command__type_support.cpp
[0.520s] -- Up-to-date: /home/hidro/galactic_ws/install/odri_ros2_interfaces/include/odri_ros2_interfaces/msg/detail/robot_command__rosidl_typesupport_introspection_cpp.hpp
[0.520s] -- Up-to-date: /home/hidro/galactic_ws/install/odri_ros2_interfaces/include/odri_ros2_interfaces/msg/detail/master_board_state__type_support.cpp
[0.520s] -- Up-to-date: /home/hidro/galactic_ws/install/odri_ros2_interfaces/include/odri_ros2_interfaces/msg/detail/state_command__rosidl_typesupport_introspection_cpp.hpp
[0.520s] -- Up-to-date: /home/hidro/galactic_ws/install/odri_ros2_interfaces/include/odri_ros2_interfaces/msg/detail/robot_state__type_support.cpp
[0.521s] -- Up-to-date: /home/hidro/galactic_ws/install/odri_ros2_interfaces/include/odri_ros2_interfaces/msg/detail/driver_state__rosidl_typesupport_introspection_cpp.hpp
[0.521s] -- Up-to-date: /home/hidro/galactic_ws/install/odri_ros2_interfaces/include/odri_ros2_interfaces/msg/detail/state_command__type_support.cpp
[0.521s] -- Up-to-date: /home/hidro/galactic_ws/install/odri_ros2_interfaces/include/odri_ros2_interfaces/msg/detail/driver_state__type_support.cpp
[0.521s] -- Up-to-date: /home/hidro/galactic_ws/install/odri_ros2_interfaces/include/odri_ros2_interfaces/msg/detail/motor_state__type_support.cpp
[0.521s] -- Up-to-date: /home/hidro/galactic_ws/install/odri_ros2_interfaces/include/odri_ros2_interfaces/msg/detail/robot_state__rosidl_typesupport_introspection_cpp.hpp
[0.521s] -- Up-to-date: /home/hidro/galactic_ws/install/odri_ros2_interfaces/lib/libodri_ros2_interfaces__rosidl_typesupport_introspection_cpp.so
[0.521s] -- Up-to-date: /home/hidro/galactic_ws/install/odri_ros2_interfaces/lib/libodri_ros2_interfaces__rosidl_typesupport_cpp.so
[0.521s] -- Up-to-date: /home/hidro/galactic_ws/install/odri_ros2_interfaces/share/odri_ros2_interfaces/environment/pythonpath.sh
[0.521s] -- Up-to-date: /home/hidro/galactic_ws/install/odri_ros2_interfaces/share/odri_ros2_interfaces/environment/pythonpath.dsv
[0.521s] -- Up-to-date: /home/hidro/galactic_ws/install/odri_ros2_interfaces/lib/python3.8/site-packages/odri_ros2_interfaces/__init__.py
[0.539s] -- Up-to-date: /home/hidro/galactic_ws/install/odri_ros2_interfaces/lib/python3.8/site-packages/odri_ros2_interfaces/msg
[0.539s] -- Up-to-date: /home/hidro/galactic_ws/install/odri_ros2_interfaces/lib/python3.8/site-packages/odri_ros2_interfaces/msg/_robot_command_s.c
[0.539s] -- Up-to-date: /home/hidro/galactic_ws/install/odri_ros2_interfaces/lib/python3.8/site-packages/odri_ros2_interfaces/msg/__init__.py
[0.539s] -- Up-to-date: /home/hidro/galactic_ws/install/odri_ros2_interfaces/lib/python3.8/site-packages/odri_ros2_interfaces/msg/_motor_command.py
[0.539s] -- Up-to-date: /home/hidro/galactic_ws/install/odri_ros2_interfaces/lib/python3.8/site-packages/odri_ros2_interfaces/msg/_motor_state_s.c
[0.540s] -- Up-to-date: /home/hidro/galactic_ws/install/odri_ros2_interfaces/lib/python3.8/site-packages/odri_ros2_interfaces/msg/_master_board_state_s.c
[0.540s] -- Up-to-date: /home/hidro/galactic_ws/install/odri_ros2_interfaces/lib/python3.8/site-packages/odri_ros2_interfaces/msg/_driver_command.py
[0.540s] -- Up-to-date: /home/hidro/galactic_ws/install/odri_ros2_interfaces/lib/python3.8/site-packages/odri_ros2_interfaces/msg/_driver_state_s.c
[0.540s] -- Up-to-date: /home/hidro/galactic_ws/install/odri_ros2_interfaces/lib/python3.8/site-packages/odri_ros2_interfaces/msg/_state_command.py
[0.540s] -- Up-to-date: /home/hidro/galactic_ws/install/odri_ros2_interfaces/lib/python3.8/site-packages/odri_ros2_interfaces/msg/_motor_command_s.c
[0.540s] -- Up-to-date: /home/hidro/galactic_ws/install/odri_ros2_interfaces/lib/python3.8/site-packages/odri_ros2_interfaces/msg/_robot_command.py
[0.541s] -- Up-to-date: /home/hidro/galactic_ws/install/odri_ros2_interfaces/lib/python3.8/site-packages/odri_ros2_interfaces/msg/_master_board_command.py
[0.541s] -- Up-to-date: /home/hidro/galactic_ws/install/odri_ros2_interfaces/lib/python3.8/site-packages/odri_ros2_interfaces/msg/_robot_state_s.c
[0.541s] -- Up-to-date: /home/hidro/galactic_ws/install/odri_ros2_interfaces/lib/python3.8/site-packages/odri_ros2_interfaces/msg/_motor_state.py
[0.541s] -- Up-to-date: /home/hidro/galactic_ws/install/odri_ros2_interfaces/lib/python3.8/site-packages/odri_ros2_interfaces/msg/_master_board_command_s.c
[0.541s] -- Up-to-date: /home/hidro/galactic_ws/install/odri_ros2_interfaces/lib/python3.8/site-packages/odri_ros2_interfaces/msg/_master_board_state.py
[0.541s] -- Up-to-date: /home/hidro/galactic_ws/install/odri_ros2_interfaces/lib/python3.8/site-packages/odri_ros2_interfaces/msg/_state_command_s.c
[0.542s] -- Up-to-date: /home/hidro/galactic_ws/install/odri_ros2_interfaces/lib/python3.8/site-packages/odri_ros2_interfaces/msg/_robot_state.py
[0.542s] -- Up-to-date: /home/hidro/galactic_ws/install/odri_ros2_interfaces/lib/python3.8/site-packages/odri_ros2_interfaces/msg/_driver_command_s.c
[0.542s] -- Up-to-date: /home/hidro/galactic_ws/install/odri_ros2_interfaces/lib/python3.8/site-packages/odri_ros2_interfaces/msg/_driver_state.py
[0.542s] -- Up-to-date: /home/hidro/galactic_ws/install/odri_ros2_interfaces/lib/python3.8/site-packages/odri_ros2_interfaces/odri_ros2_interfaces_s__rosidl_typesupport_introspection_c.cpython-38-x86_64-linux-gnu.so
[0.542s] -- Up-to-date: /home/hidro/galactic_ws/install/odri_ros2_interfaces/lib/python3.8/site-packages/odri_ros2_interfaces/odri_ros2_interfaces_s__rosidl_typesupport_c.cpython-38-x86_64-linux-gnu.so
[0.542s] -- Up-to-date: /home/hidro/galactic_ws/install/odri_ros2_interfaces/lib/libodri_ros2_interfaces__python.so
[0.543s] -- Up-to-date: /home/hidro/galactic_ws/install/odri_ros2_interfaces/share/odri_ros2_interfaces/msg/MotorState.idl
[0.543s] -- Up-to-date: /home/hidro/galactic_ws/install/odri_ros2_interfaces/share/odri_ros2_interfaces/msg/DriverState.idl
[0.543s] -- Up-to-date: /home/hidro/galactic_ws/install/odri_ros2_interfaces/share/odri_ros2_interfaces/msg/MasterBoardState.idl
[0.543s] -- Up-to-date: /home/hidro/galactic_ws/install/odri_ros2_interfaces/share/odri_ros2_interfaces/msg/MotorCommand.idl
[0.543s] -- Up-to-date: /home/hidro/galactic_ws/install/odri_ros2_interfaces/share/odri_ros2_interfaces/msg/DriverCommand.idl
[0.544s] -- Up-to-date: /home/hidro/galactic_ws/install/odri_ros2_interfaces/share/odri_ros2_interfaces/msg/MasterBoardCommand.idl
[0.544s] -- Up-to-date: /home/hidro/galactic_ws/install/odri_ros2_interfaces/share/odri_ros2_interfaces/msg/RobotCommand.idl
[0.544s] -- Up-to-date: /home/hidro/galactic_ws/install/odri_ros2_interfaces/share/odri_ros2_interfaces/msg/RobotState.idl
[0.544s] -- Up-to-date: /home/hidro/galactic_ws/install/odri_ros2_interfaces/share/odri_ros2_interfaces/msg/StateCommand.idl
[0.544s] -- Up-to-date: /home/hidro/galactic_ws/install/odri_ros2_interfaces/share/odri_ros2_interfaces/msg/MotorState.msg
[0.544s] -- Up-to-date: /home/hidro/galactic_ws/install/odri_ros2_interfaces/share/odri_ros2_interfaces/msg/DriverState.msg
[0.545s] -- Up-to-date: /home/hidro/galactic_ws/install/odri_ros2_interfaces/share/odri_ros2_interfaces/msg/MasterBoardState.msg
[0.545s] -- Up-to-date: /home/hidro/galactic_ws/install/odri_ros2_interfaces/share/odri_ros2_interfaces/msg/MotorCommand.msg
[0.545s] -- Up-to-date: /home/hidro/galactic_ws/install/odri_ros2_interfaces/share/odri_ros2_interfaces/msg/DriverCommand.msg
[0.545s] -- Up-to-date: /home/hidro/galactic_ws/install/odri_ros2_interfaces/share/odri_ros2_interfaces/msg/MasterBoardCommand.msg
[0.546s] -- Up-to-date: /home/hidro/galactic_ws/install/odri_ros2_interfaces/share/odri_ros2_interfaces/msg/RobotCommand.msg
[0.546s] -- Up-to-date: /home/hidro/galactic_ws/install/odri_ros2_interfaces/share/odri_ros2_interfaces/msg/RobotState.msg
[0.546s] -- Up-to-date: /home/hidro/galactic_ws/install/odri_ros2_interfaces/share/odri_ros2_interfaces/msg/StateCommand.msg
[0.546s] -- Up-to-date: /home/hidro/galactic_ws/install/odri_ros2_interfaces/share/ament_index/resource_index/package_run_dependencies/odri_ros2_interfaces
[0.546s] -- Up-to-date: /home/hidro/galactic_ws/install/odri_ros2_interfaces/share/ament_index/resource_index/parent_prefix_path/odri_ros2_interfaces
[0.546s] -- Up-to-date: /home/hidro/galactic_ws/install/odri_ros2_interfaces/share/odri_ros2_interfaces/environment/ament_prefix_path.sh
[0.546s] -- Up-to-date: /home/hidro/galactic_ws/install/odri_ros2_interfaces/share/odri_ros2_interfaces/environment/ament_prefix_path.dsv
[0.547s] -- Up-to-date: /home/hidro/galactic_ws/install/odri_ros2_interfaces/share/odri_ros2_interfaces/environment/path.sh
[0.547s] -- Up-to-date: /home/hidro/galactic_ws/install/odri_ros2_interfaces/share/odri_ros2_interfaces/environment/path.dsv
[0.547s] -- Up-to-date: /home/hidro/galactic_ws/install/odri_ros2_interfaces/share/odri_ros2_interfaces/local_setup.bash
[0.547s] -- Up-to-date: /home/hidro/galactic_ws/install/odri_ros2_interfaces/share/odri_ros2_interfaces/local_setup.sh
[0.547s] -- Up-to-date: /home/hidro/galactic_ws/install/odri_ros2_interfaces/share/odri_ros2_interfaces/local_setup.zsh
[0.547s] -- Up-to-date: /home/hidro/galactic_ws/install/odri_ros2_interfaces/share/odri_ros2_interfaces/local_setup.dsv
[0.548s] -- Installing: /home/hidro/galactic_ws/install/odri_ros2_interfaces/share/odri_ros2_interfaces/package.dsv
[0.548s] -- Up-to-date: /home/hidro/galactic_ws/install/odri_ros2_interfaces/share/ament_index/resource_index/packages/odri_ros2_interfaces
[0.548s] -- Up-to-date: /home/hidro/galactic_ws/install/odri_ros2_interfaces/share/odri_ros2_interfaces/cmake/odri_ros2_interfaces__rosidl_generator_cExport.cmake
[0.548s] -- Up-to-date: /home/hidro/galactic_ws/install/odri_ros2_interfaces/share/odri_ros2_interfaces/cmake/odri_ros2_interfaces__rosidl_generator_cExport-release.cmake
[0.548s] -- Up-to-date: /home/hidro/galactic_ws/install/odri_ros2_interfaces/share/odri_ros2_interfaces/cmake/odri_ros2_interfaces__rosidl_typesupport_introspection_cExport.cmake
[0.548s] -- Up-to-date: /home/hidro/galactic_ws/install/odri_ros2_interfaces/share/odri_ros2_interfaces/cmake/odri_ros2_interfaces__rosidl_typesupport_introspection_cExport-release.cmake
[0.549s] -- Up-to-date: /home/hidro/galactic_ws/install/odri_ros2_interfaces/share/odri_ros2_interfaces/cmake/odri_ros2_interfaces__rosidl_typesupport_cExport.cmake
[0.549s] -- Up-to-date: /home/hidro/galactic_ws/install/odri_ros2_interfaces/share/odri_ros2_interfaces/cmake/odri_ros2_interfaces__rosidl_typesupport_cExport-release.cmake
[0.549s] -- Up-to-date: /home/hidro/galactic_ws/install/odri_ros2_interfaces/share/odri_ros2_interfaces/cmake/odri_ros2_interfaces__rosidl_generator_cppExport.cmake
[0.549s] -- Up-to-date: /home/hidro/galactic_ws/install/odri_ros2_interfaces/share/odri_ros2_interfaces/cmake/odri_ros2_interfaces__rosidl_typesupport_introspection_cppExport.cmake
[0.550s] -- Up-to-date: /home/hidro/galactic_ws/install/odri_ros2_interfaces/share/odri_ros2_interfaces/cmake/odri_ros2_interfaces__rosidl_typesupport_introspection_cppExport-release.cmake
[0.550s] -- Up-to-date: /home/hidro/galactic_ws/install/odri_ros2_interfaces/share/odri_ros2_interfaces/cmake/odri_ros2_interfaces__rosidl_typesupport_cppExport.cmake
[0.550s] -- Up-to-date: /home/hidro/galactic_ws/install/odri_ros2_interfaces/share/odri_ros2_interfaces/cmake/odri_ros2_interfaces__rosidl_typesupport_cppExport-release.cmake
[0.551s] -- Up-to-date: /home/hidro/galactic_ws/install/odri_ros2_interfaces/share/odri_ros2_interfaces/cmake/rosidl_cmake-extras.cmake
[0.551s] -- Up-to-date: /home/hidro/galactic_ws/install/odri_ros2_interfaces/share/odri_ros2_interfaces/cmake/ament_cmake_export_dependencies-extras.cmake
[0.551s] -- Up-to-date: /home/hidro/galactic_ws/install/odri_ros2_interfaces/share/odri_ros2_interfaces/cmake/ament_cmake_export_libraries-extras.cmake
[0.551s] -- Up-to-date: /home/hidro/galactic_ws/install/odri_ros2_interfaces/share/odri_ros2_interfaces/cmake/ament_cmake_export_targets-extras.cmake
[0.551s] -- Up-to-date: /home/hidro/galactic_ws/install/odri_ros2_interfaces/share/odri_ros2_interfaces/cmake/ament_cmake_export_include_directories-extras.cmake
[0.551s] -- Up-to-date: /home/hidro/galactic_ws/install/odri_ros2_interfaces/share/odri_ros2_interfaces/cmake/rosidl_cmake_export_typesupport_targets-extras.cmake
[0.552s] -- Up-to-date: /home/hidro/galactic_ws/install/odri_ros2_interfaces/share/odri_ros2_interfaces/cmake/odri_ros2_interfacesConfig.cmake
[0.552s] -- Up-to-date: /home/hidro/galactic_ws/install/odri_ros2_interfaces/share/odri_ros2_interfaces/cmake/odri_ros2_interfacesConfig-version.cmake
[0.552s] -- Up-to-date: /home/hidro/galactic_ws/install/odri_ros2_interfaces/share/odri_ros2_interfaces/package.xml
[0.557s] Invoked command in '/home/hidro/galactic_ws/build/odri_ros2_interfaces' returned '0': /usr/bin/cmake --install /home/hidro/galactic_ws/build/odri_ros2_interfaces
