[0.016s] Invoking command in '/home/hidro/galactic_ws/build/odri_ros2_gazebo': AMENT_PREFIX_PATH=/home/hidro/galactic_ws/install/odri_ros2_interfaces CMAKE_PREFIX_PATH=/home/hidro/galactic_ws/install/odri_ros2_interfaces:/opt/openrobots:/opt/openrobots LD_LIBRARY_PATH=/home/hidro/galactic_ws/install/odri_ros2_interfaces/lib:/opt/openrobots/lib:/usr/local/lib:/opt/openrobots/lib:/usr/local/lib PYTHONPATH=/home/hidro/galactic_ws/install/odri_ros2_interfaces/lib/python3.8/site-packages:/opt/openrobots/lib/python3.8/site-packages:/usr/local/lib/python3.8/site-packages:/opt/openrobots/lib/python3.8/site-packages:/usr/local/lib/python3.8/site-packages /usr/bin/cmake --build /home/hidro/galactic_ws/build/odri_ros2_gazebo -- -j8 -l8
[0.106s] [100%] Built target odri_gazebo_plugin
[0.118s] Invoked command in '/home/hidro/galactic_ws/build/odri_ros2_gazebo' returned '0': AMENT_PREFIX_PATH=/home/hidro/galactic_ws/install/odri_ros2_interfaces CMAKE_PREFIX_PATH=/home/hidro/galactic_ws/install/odri_ros2_interfaces:/opt/openrobots:/opt/openrobots LD_LIBRARY_PATH=/home/hidro/galactic_ws/install/odri_ros2_interfaces/lib:/opt/openrobots/lib:/usr/local/lib:/opt/openrobots/lib:/usr/local/lib PYTHONPATH=/home/hidro/galactic_ws/install/odri_ros2_interfaces/lib/python3.8/site-packages:/opt/openrobots/lib/python3.8/site-packages:/usr/local/lib/python3.8/site-packages:/opt/openrobots/lib/python3.8/site-packages:/usr/local/lib/python3.8/site-packages /usr/bin/cmake --build /home/hidro/galactic_ws/build/odri_ros2_gazebo -- -j8 -l8
[0.144s] Invoking command in '/home/hidro/galactic_ws/build/odri_ros2_gazebo': AMENT_PREFIX_PATH=/home/hidro/galactic_ws/install/odri_ros2_interfaces CMAKE_PREFIX_PATH=/home/hidro/galactic_ws/install/odri_ros2_interfaces:/opt/openrobots:/opt/openrobots LD_LIBRARY_PATH=/home/hidro/galactic_ws/install/odri_ros2_interfaces/lib:/opt/openrobots/lib:/usr/local/lib:/opt/openrobots/lib:/usr/local/lib PYTHONPATH=/home/hidro/galactic_ws/install/odri_ros2_interfaces/lib/python3.8/site-packages:/opt/openrobots/lib/python3.8/site-packages:/usr/local/lib/python3.8/site-packages:/opt/openrobots/lib/python3.8/site-packages:/usr/local/lib/python3.8/site-packages /usr/bin/cmake --install /home/hidro/galactic_ws/build/odri_ros2_gazebo
[0.152s] -- Install configuration: "Release"
[0.153s] -- Up-to-date: /home/hidro/galactic_ws/install/odri_ros2_gazebo/share/odri_ros2_gazebo/environment/library_path.sh
[0.153s] -- Up-to-date: /home/hidro/galactic_ws/install/odri_ros2_gazebo/share/odri_ros2_gazebo/environment/library_path.dsv
[0.153s] -- Up-to-date: /home/hidro/galactic_ws/install/odri_ros2_gazebo/include/odri_ros2_gazebo
[0.153s] -- Up-to-date: /home/hidro/galactic_ws/install/odri_ros2_gazebo/include/odri_ros2_gazebo/odri_gazebo_plugin.hpp
[0.154s] -- Up-to-date: /home/hidro/galactic_ws/install/odri_ros2_gazebo/lib/libodri_gazebo_plugin.so
[0.155s] -- Up-to-date: /home/hidro/galactic_ws/install/odri_ros2_gazebo/share/ament_index/resource_index/package_run_dependencies/odri_ros2_gazebo
[0.155s] -- Up-to-date: /home/hidro/galactic_ws/install/odri_ros2_gazebo/share/ament_index/resource_index/parent_prefix_path/odri_ros2_gazebo
[0.155s] -- Up-to-date: /home/hidro/galactic_ws/install/odri_ros2_gazebo/share/odri_ros2_gazebo/environment/ament_prefix_path.sh
[0.155s] -- Up-to-date: /home/hidro/galactic_ws/install/odri_ros2_gazebo/share/odri_ros2_gazebo/environment/ament_prefix_path.dsv
[0.155s] -- Up-to-date: /home/hidro/galactic_ws/install/odri_ros2_gazebo/share/odri_ros2_gazebo/environment/path.sh
[0.156s] -- Up-to-date: /home/hidro/galactic_ws/install/odri_ros2_gazebo/share/odri_ros2_gazebo/environment/path.dsv
[0.156s] -- Up-to-date: /home/hidro/galactic_ws/install/odri_ros2_gazebo/share/odri_ros2_gazebo/local_setup.bash
[0.156s] -- Up-to-date: /home/hidro/galactic_ws/install/odri_ros2_gazebo/share/odri_ros2_gazebo/local_setup.sh
[0.156s] -- Up-to-date: /home/hidro/galactic_ws/install/odri_ros2_gazebo/share/odri_ros2_gazebo/local_setup.zsh
[0.156s] -- Up-to-date: /home/hidro/galactic_ws/install/odri_ros2_gazebo/share/odri_ros2_gazebo/local_setup.dsv
[0.156s] -- Installing: /home/hidro/galactic_ws/install/odri_ros2_gazebo/share/odri_ros2_gazebo/package.dsv
[0.156s] -- Up-to-date: /home/hidro/galactic_ws/install/odri_ros2_gazebo/share/ament_index/resource_index/packages/odri_ros2_gazebo
[0.157s] -- Up-to-date: /home/hidro/galactic_ws/install/odri_ros2_gazebo/share/odri_ros2_gazebo/cmake/odri_ros2_gazeboTargetsExport.cmake
[0.157s] -- Up-to-date: /home/hidro/galactic_ws/install/odri_ros2_gazebo/share/odri_ros2_gazebo/cmake/odri_ros2_gazeboTargetsExport-release.cmake
[0.157s] -- Up-to-date: /home/hidro/galactic_ws/install/odri_ros2_gazebo/share/odri_ros2_gazebo/cmake/ament_cmake_export_targets-extras.cmake
[0.157s] -- Up-to-date: /home/hidro/galactic_ws/install/odri_ros2_gazebo/share/odri_ros2_gazebo/cmake/ament_cmake_export_dependencies-extras.cmake
[0.157s] -- Up-to-date: /home/hidro/galactic_ws/install/odri_ros2_gazebo/share/odri_ros2_gazebo/cmake/odri_ros2_gazeboConfig.cmake
[0.158s] -- Up-to-date: /home/hidro/galactic_ws/install/odri_ros2_gazebo/share/odri_ros2_gazebo/cmake/odri_ros2_gazeboConfig-version.cmake
[0.158s] -- Up-to-date: /home/hidro/galactic_ws/install/odri_ros2_gazebo/share/odri_ros2_gazebo/package.xml
[0.183s] Invoked command in '/home/hidro/galactic_ws/build/odri_ros2_gazebo' returned '0': AMENT_PREFIX_PATH=/home/hidro/galactic_ws/install/odri_ros2_interfaces CMAKE_PREFIX_PATH=/home/hidro/galactic_ws/install/odri_ros2_interfaces:/opt/openrobots:/opt/openrobots LD_LIBRARY_PATH=/home/hidro/galactic_ws/install/odri_ros2_interfaces/lib:/opt/openrobots/lib:/usr/local/lib:/opt/openrobots/lib:/usr/local/lib PYTHONPATH=/home/hidro/galactic_ws/install/odri_ros2_interfaces/lib/python3.8/site-packages:/opt/openrobots/lib/python3.8/site-packages:/usr/local/lib/python3.8/site-packages:/opt/openrobots/lib/python3.8/site-packages:/usr/local/lib/python3.8/site-packages /usr/bin/cmake --install /home/hidro/galactic_ws/build/odri_ros2_gazebo
