[0.049s] Invoking command in '/home/hidro/galactic_ws/build/odri_ros2_interfaces': CMAKE_PREFIX_PATH=${CMAKE_PREFIX_PATH}:/opt/ros/galactic /usr/bin/cmake --build /home/hidro/galactic_ws/build/odri_ros2_interfaces -- -j8 -l8
[0.175s] [  1%] Built target odri_ros2_interfaces__cpp
[0.185s] [ 16%] Built target odri_ros2_interfaces__rosidl_generator_c
[0.235s] [ 32%] Built target odri_ros2_interfaces__rosidl_typesupport_introspection_cpp
[0.264s] [ 47%] Built target odri_ros2_interfaces__rosidl_typesupport_introspection_c
[0.274s] [ 63%] Built target odri_ros2_interfaces__rosidl_typesupport_cpp
[0.284s] [ 78%] Built target odri_ros2_interfaces__rosidl_typesupport_c
[0.311s] [ 78%] Built target odri_ros2_interfaces
[0.345s] [ 80%] Built target odri_ros2_interfaces__py
[0.390s] [ 94%] Built target odri_ros2_interfaces__python
[0.420s] [ 97%] Built target odri_ros2_interfaces__rosidl_typesupport_introspection_c__pyext
[0.425s] [100%] Built target odri_ros2_interfaces__rosidl_typesupport_c__pyext
[0.437s] Invoked command in '/home/hidro/galactic_ws/build/odri_ros2_interfaces' returned '0': CMAKE_PREFIX_PATH=${CMAKE_PREFIX_PATH}:/opt/ros/galactic /usr/bin/cmake --build /home/hidro/galactic_ws/build/odri_ros2_interfaces -- -j8 -l8
[0.584s] Invoking command in '/home/hidro/galactic_ws/build/odri_ros2_interfaces': CMAKE_PREFIX_PATH=${CMAKE_PREFIX_PATH}:/opt/ros/galactic /usr/bin/cmake --install /home/hidro/galactic_ws/build/odri_ros2_interfaces
[0.594s] -- Install configuration: "Release"
[0.594s] -- Up-to-date: /home/hidro/galactic_ws/install/odri_ros2_interfaces/share/ament_index/resource_index/rosidl_interfaces/odri_ros2_interfaces
[0.594s] -- Up-to-date: /home/hidro/galactic_ws/install/odri_ros2_interfaces/include/odri_ros2_interfaces
[0.594s] -- Up-to-date: /home/hidro/galactic_ws/install/odri_ros2_interfaces/include/odri_ros2_interfaces/msg
[0.595s] -- Up-to-date: /home/hidro/galactic_ws/install/odri_ros2_interfaces/include/odri_ros2_interfaces/msg/master_board_command.h
[0.595s] -- Up-to-date: /home/hidro/galactic_ws/install/odri_ros2_interfaces/include/odri_ros2_interfaces/msg/state_command.h
[0.595s] -- Up-to-date: /home/hidro/galactic_ws/install/odri_ros2_interfaces/include/odri_ros2_interfaces/msg/driver_command.h
[0.595s] -- Up-to-date: /home/hidro/galactic_ws/install/odri_ros2_interfaces/include/odri_ros2_interfaces/msg/driver_state.h
[0.596s] -- Up-to-date: /home/hidro/galactic_ws/install/odri_ros2_interfaces/include/odri_ros2_interfaces/msg/motor_command.h
[0.596s] -- Up-to-date: /home/hidro/galactic_ws/install/odri_ros2_interfaces/include/odri_ros2_interfaces/msg/master_board_state.h
[0.596s] -- Up-to-date: /home/hidro/galactic_ws/install/odri_ros2_interfaces/include/odri_ros2_interfaces/msg/motor_state.h
[0.596s] -- Up-to-date: /home/hidro/galactic_ws/install/odri_ros2_interfaces/include/odri_ros2_interfaces/msg/robot_command.h
[0.597s] -- Up-to-date: /home/hidro/galactic_ws/install/odri_ros2_interfaces/include/odri_ros2_interfaces/msg/robot_state.h
[0.597s] -- Up-to-date: /home/hidro/galactic_ws/install/odri_ros2_interfaces/include/odri_ros2_interfaces/msg/rosidl_generator_c__visibility_control.h
[0.597s] -- Up-to-date: /home/hidro/galactic_ws/install/odri_ros2_interfaces/include/odri_ros2_interfaces/msg/detail
[0.597s] -- Up-to-date: /home/hidro/galactic_ws/install/odri_ros2_interfaces/include/odri_ros2_interfaces/msg/detail/driver_command__functions.c
[0.597s] -- Up-to-date: /home/hidro/galactic_ws/install/odri_ros2_interfaces/include/odri_ros2_interfaces/msg/detail/master_board_command__type_support.h
[0.597s] -- Up-to-date: /home/hidro/galactic_ws/install/odri_ros2_interfaces/include/odri_ros2_interfaces/msg/detail/master_board_command__functions.c
[0.598s] -- Up-to-date: /home/hidro/galactic_ws/install/odri_ros2_interfaces/include/odri_ros2_interfaces/msg/detail/robot_state__functions.h
[0.598s] -- Up-to-date: /home/hidro/galactic_ws/install/odri_ros2_interfaces/include/odri_ros2_interfaces/msg/detail/robot_state__struct.h
[0.599s] -- Up-to-date: /home/hidro/galactic_ws/install/odri_ros2_interfaces/include/odri_ros2_interfaces/msg/detail/driver_state__struct.h
[0.599s] -- Up-to-date: /home/hidro/galactic_ws/install/odri_ros2_interfaces/include/odri_ros2_interfaces/msg/detail/master_board_command__struct.h
[0.599s] -- Up-to-date: /home/hidro/galactic_ws/install/odri_ros2_interfaces/include/odri_ros2_interfaces/msg/detail/motor_command__functions.h
[0.599s] -- Up-to-date: /home/hidro/galactic_ws/install/odri_ros2_interfaces/include/odri_ros2_interfaces/msg/detail/driver_state__functions.c
[0.599s] -- Up-to-date: /home/hidro/galactic_ws/install/odri_ros2_interfaces/include/odri_ros2_interfaces/msg/detail/state_command__functions.c
[0.599s] -- Up-to-date: /home/hidro/galactic_ws/install/odri_ros2_interfaces/include/odri_ros2_interfaces/msg/detail/state_command__struct.h
[0.600s] -- Up-to-date: /home/hidro/galactic_ws/install/odri_ros2_interfaces/include/odri_ros2_interfaces/msg/detail/driver_command__functions.h
[0.600s] -- Up-to-date: /home/hidro/galactic_ws/install/odri_ros2_interfaces/include/odri_ros2_interfaces/msg/detail/driver_state__functions.h
[0.600s] -- Up-to-date: /home/hidro/galactic_ws/install/odri_ros2_interfaces/include/odri_ros2_interfaces/msg/detail/driver_command__type_support.h
[0.600s] -- Up-to-date: /home/hidro/galactic_ws/install/odri_ros2_interfaces/include/odri_ros2_interfaces/msg/detail/motor_command__functions.c
[0.600s] -- Up-to-date: /home/hidro/galactic_ws/install/odri_ros2_interfaces/include/odri_ros2_interfaces/msg/detail/robot_command__functions.c
[0.601s] -- Up-to-date: /home/hidro/galactic_ws/install/odri_ros2_interfaces/include/odri_ros2_interfaces/msg/detail/state_command__type_support.h
[0.601s] -- Up-to-date: /home/hidro/galactic_ws/install/odri_ros2_interfaces/include/odri_ros2_interfaces/msg/detail/motor_state__struct.h
[0.601s] -- Up-to-date: /home/hidro/galactic_ws/install/odri_ros2_interfaces/include/odri_ros2_interfaces/msg/detail/master_board_state__struct.h
[0.602s] -- Up-to-date: /home/hidro/galactic_ws/install/odri_ros2_interfaces/include/odri_ros2_interfaces/msg/detail/motor_state__type_support.h
[0.602s] -- Up-to-date: /home/hidro/galactic_ws/install/odri_ros2_interfaces/include/odri_ros2_interfaces/msg/detail/motor_command__struct.h
[0.602s] -- Up-to-date: /home/hidro/galactic_ws/install/odri_ros2_interfaces/include/odri_ros2_interfaces/msg/detail/driver_state__type_support.h
[0.602s] -- Up-to-date: /home/hidro/galactic_ws/install/odri_ros2_interfaces/include/odri_ros2_interfaces/msg/detail/state_command__functions.h
[0.603s] -- Up-to-date: /home/hidro/galactic_ws/install/odri_ros2_interfaces/include/odri_ros2_interfaces/msg/detail/robot_command__type_support.h
[0.603s] -- Up-to-date: /home/hidro/galactic_ws/install/odri_ros2_interfaces/include/odri_ros2_interfaces/msg/detail/master_board_state__functions.h
[0.603s] -- Up-to-date: /home/hidro/galactic_ws/install/odri_ros2_interfaces/include/odri_ros2_interfaces/msg/detail/motor_command__type_support.h
[0.603s] -- Up-to-date: /home/hidro/galactic_ws/install/odri_ros2_interfaces/include/odri_ros2_interfaces/msg/detail/master_board_state__functions.c
[0.603s] -- Up-to-date: /home/hidro/galactic_ws/install/odri_ros2_interfaces/include/odri_ros2_interfaces/msg/detail/robot_command__functions.h
[0.603s] -- Up-to-date: /home/hidro/galactic_ws/install/odri_ros2_interfaces/include/odri_ros2_interfaces/msg/detail/master_board_command__functions.h
[0.604s] -- Up-to-date: /home/hidro/galactic_ws/install/odri_ros2_interfaces/include/odri_ros2_interfaces/msg/detail/robot_state__functions.c
[0.604s] -- Up-to-date: /home/hidro/galactic_ws/install/odri_ros2_interfaces/include/odri_ros2_interfaces/msg/detail/robot_state__type_support.h
[0.604s] -- Up-to-date: /home/hidro/galactic_ws/install/odri_ros2_interfaces/include/odri_ros2_interfaces/msg/detail/driver_command__struct.h
[0.604s] -- Up-to-date: /home/hidro/galactic_ws/install/odri_ros2_interfaces/include/odri_ros2_interfaces/msg/detail/robot_command__struct.h
[0.605s] -- Up-to-date: /home/hidro/galactic_ws/install/odri_ros2_interfaces/include/odri_ros2_interfaces/msg/detail/master_board_state__type_support.h
[0.605s] -- Up-to-date: /home/hidro/galactic_ws/install/odri_ros2_interfaces/include/odri_ros2_interfaces/msg/detail/motor_state__functions.c
[0.605s] -- Up-to-date: /home/hidro/galactic_ws/install/odri_ros2_interfaces/include/odri_ros2_interfaces/msg/detail/motor_state__functions.h
[0.605s] -- Up-to-date: /home/hidro/galactic_ws/install/odri_ros2_interfaces/share/odri_ros2_interfaces/environment/library_path.sh
[0.605s] -- Up-to-date: /home/hidro/galactic_ws/install/odri_ros2_interfaces/share/odri_ros2_interfaces/environment/library_path.dsv
[0.605s] -- Up-to-date: /home/hidro/galactic_ws/install/odri_ros2_interfaces/lib/libodri_ros2_interfaces__rosidl_generator_c.so
[0.606s] -- Up-to-date: /home/hidro/galactic_ws/install/odri_ros2_interfaces/include/odri_ros2_interfaces
[0.606s] -- Up-to-date: /home/hidro/galactic_ws/install/odri_ros2_interfaces/include/odri_ros2_interfaces/msg
[0.606s] -- Up-to-date: /home/hidro/galactic_ws/install/odri_ros2_interfaces/include/odri_ros2_interfaces/msg/rosidl_typesupport_introspection_c__visibility_control.h
[0.606s] -- Up-to-date: /home/hidro/galactic_ws/install/odri_ros2_interfaces/include/odri_ros2_interfaces/msg/detail
[0.606s] -- Up-to-date: /home/hidro/galactic_ws/install/odri_ros2_interfaces/include/odri_ros2_interfaces/msg/detail/driver_command__rosidl_typesupport_introspection_c.h
[0.606s] -- Up-to-date: /home/hidro/galactic_ws/install/odri_ros2_interfaces/include/odri_ros2_interfaces/msg/detail/master_board_command__rosidl_typesupport_introspection_c.h
[0.606s] -- Up-to-date: /home/hidro/galactic_ws/install/odri_ros2_interfaces/include/odri_ros2_interfaces/msg/detail/driver_state__type_support.c
[0.607s] -- Up-to-date: /home/hidro/galactic_ws/install/odri_ros2_interfaces/include/odri_ros2_interfaces/msg/detail/motor_state__rosidl_typesupport_introspection_c.h
[0.607s] -- Up-to-date: /home/hidro/galactic_ws/install/odri_ros2_interfaces/include/odri_ros2_interfaces/msg/detail/robot_state__rosidl_typesupport_introspection_c.h
[0.607s] -- Up-to-date: /home/hidro/galactic_ws/install/odri_ros2_interfaces/include/odri_ros2_interfaces/msg/detail/master_board_state__type_support.c
[0.607s] -- Up-to-date: /home/hidro/galactic_ws/install/odri_ros2_interfaces/include/odri_ros2_interfaces/msg/detail/motor_state__type_support.c
[0.607s] -- Up-to-date: /home/hidro/galactic_ws/install/odri_ros2_interfaces/include/odri_ros2_interfaces/msg/detail/robot_command__type_support.c
[0.607s] -- Up-to-date: /home/hidro/galactic_ws/install/odri_ros2_interfaces/include/odri_ros2_interfaces/msg/detail/robot_state__type_support.c
[0.608s] -- Up-to-date: /home/hidro/galactic_ws/install/odri_ros2_interfaces/include/odri_ros2_interfaces/msg/detail/robot_command__rosidl_typesupport_introspection_c.h
[0.608s] -- Up-to-date: /home/hidro/galactic_ws/install/odri_ros2_interfaces/include/odri_ros2_interfaces/msg/detail/master_board_command__type_support.c
[0.608s] -- Up-to-date: /home/hidro/galactic_ws/install/odri_ros2_interfaces/include/odri_ros2_interfaces/msg/detail/motor_command__type_support.c
[0.608s] -- Up-to-date: /home/hidro/galactic_ws/install/odri_ros2_interfaces/include/odri_ros2_interfaces/msg/detail/driver_state__rosidl_typesupport_introspection_c.h
[0.608s] -- Up-to-date: /home/hidro/galactic_ws/install/odri_ros2_interfaces/include/odri_ros2_interfaces/msg/detail/state_command__type_support.c
[0.608s] -- Up-to-date: /home/hidro/galactic_ws/install/odri_ros2_interfaces/include/odri_ros2_interfaces/msg/detail/state_command__rosidl_typesupport_introspection_c.h
[0.608s] -- Up-to-date: /home/hidro/galactic_ws/install/odri_ros2_interfaces/include/odri_ros2_interfaces/msg/detail/motor_command__rosidl_typesupport_introspection_c.h
[0.609s] -- Up-to-date: /home/hidro/galactic_ws/install/odri_ros2_interfaces/include/odri_ros2_interfaces/msg/detail/master_board_state__rosidl_typesupport_introspection_c.h
[0.609s] -- Up-to-date: /home/hidro/galactic_ws/install/odri_ros2_interfaces/include/odri_ros2_interfaces/msg/detail/driver_command__type_support.c
[0.609s] -- Up-to-date: /home/hidro/galactic_ws/install/odri_ros2_interfaces/lib/libodri_ros2_interfaces__rosidl_typesupport_introspection_c.so
[0.609s] -- Up-to-date: /home/hidro/galactic_ws/install/odri_ros2_interfaces/lib/libodri_ros2_interfaces__rosidl_typesupport_c.so
[0.609s] -- Up-to-date: /home/hidro/galactic_ws/install/odri_ros2_interfaces/include/odri_ros2_interfaces
[0.609s] -- Up-to-date: /home/hidro/galactic_ws/install/odri_ros2_interfaces/include/odri_ros2_interfaces/msg
[0.609s] -- Up-to-date: /home/hidro/galactic_ws/install/odri_ros2_interfaces/include/odri_ros2_interfaces/msg/motor_state.hpp
[0.610s] -- Up-to-date: /home/hidro/galactic_ws/install/odri_ros2_interfaces/include/odri_ros2_interfaces/msg/master_board_state.hpp
[0.610s] -- Up-to-date: /home/hidro/galactic_ws/install/odri_ros2_interfaces/include/odri_ros2_interfaces/msg/state_command.hpp
[0.610s] -- Up-to-date: /home/hidro/galactic_ws/install/odri_ros2_interfaces/include/odri_ros2_interfaces/msg/driver_state.hpp
[0.610s] -- Up-to-date: /home/hidro/galactic_ws/install/odri_ros2_interfaces/include/odri_ros2_interfaces/msg/driver_command.hpp
[0.610s] -- Up-to-date: /home/hidro/galactic_ws/install/odri_ros2_interfaces/include/odri_ros2_interfaces/msg/robot_state.hpp
[0.610s] -- Up-to-date: /home/hidro/galactic_ws/install/odri_ros2_interfaces/include/odri_ros2_interfaces/msg/motor_command.hpp
[0.611s] -- Up-to-date: /home/hidro/galactic_ws/install/odri_ros2_interfaces/include/odri_ros2_interfaces/msg/master_board_command.hpp
[0.611s] -- Up-to-date: /home/hidro/galactic_ws/install/odri_ros2_interfaces/include/odri_ros2_interfaces/msg/robot_command.hpp
[0.611s] -- Up-to-date: /home/hidro/galactic_ws/install/odri_ros2_interfaces/include/odri_ros2_interfaces/msg/detail
[0.611s] -- Up-to-date: /home/hidro/galactic_ws/install/odri_ros2_interfaces/include/odri_ros2_interfaces/msg/detail/robot_state__traits.hpp
[0.611s] -- Up-to-date: /home/hidro/galactic_ws/install/odri_ros2_interfaces/include/odri_ros2_interfaces/msg/detail/motor_state__traits.hpp
[0.612s] -- Up-to-date: /home/hidro/galactic_ws/install/odri_ros2_interfaces/include/odri_ros2_interfaces/msg/detail/state_command__traits.hpp
[0.612s] -- Up-to-date: /home/hidro/galactic_ws/install/odri_ros2_interfaces/include/odri_ros2_interfaces/msg/detail/motor_state__builder.hpp
[0.612s] -- Up-to-date: /home/hidro/galactic_ws/install/odri_ros2_interfaces/include/odri_ros2_interfaces/msg/detail/driver_state__struct.hpp
[0.612s] -- Up-to-date: /home/hidro/galactic_ws/install/odri_ros2_interfaces/include/odri_ros2_interfaces/msg/detail/driver_command__struct.hpp
[0.612s] -- Up-to-date: /home/hidro/galactic_ws/install/odri_ros2_interfaces/include/odri_ros2_interfaces/msg/detail/motor_command__builder.hpp
[0.612s] -- Up-to-date: /home/hidro/galactic_ws/install/odri_ros2_interfaces/include/odri_ros2_interfaces/msg/detail/driver_command__builder.hpp
[0.612s] -- Up-to-date: /home/hidro/galactic_ws/install/odri_ros2_interfaces/include/odri_ros2_interfaces/msg/detail/state_command__builder.hpp
[0.613s] -- Up-to-date: /home/hidro/galactic_ws/install/odri_ros2_interfaces/include/odri_ros2_interfaces/msg/detail/robot_state__struct.hpp
[0.613s] -- Up-to-date: /home/hidro/galactic_ws/install/odri_ros2_interfaces/include/odri_ros2_interfaces/msg/detail/driver_command__traits.hpp
[0.613s] -- Up-to-date: /home/hidro/galactic_ws/install/odri_ros2_interfaces/include/odri_ros2_interfaces/msg/detail/master_board_state__builder.hpp
[0.613s] -- Up-to-date: /home/hidro/galactic_ws/install/odri_ros2_interfaces/include/odri_ros2_interfaces/msg/detail/driver_state__traits.hpp
[0.613s] -- Up-to-date: /home/hidro/galactic_ws/install/odri_ros2_interfaces/include/odri_ros2_interfaces/msg/detail/master_board_command__traits.hpp
[0.614s] -- Up-to-date: /home/hidro/galactic_ws/install/odri_ros2_interfaces/include/odri_ros2_interfaces/msg/detail/master_board_command__struct.hpp
[0.614s] -- Up-to-date: /home/hidro/galactic_ws/install/odri_ros2_interfaces/include/odri_ros2_interfaces/msg/detail/driver_state__builder.hpp
[0.614s] -- Up-to-date: /home/hidro/galactic_ws/install/odri_ros2_interfaces/include/odri_ros2_interfaces/msg/detail/robot_state__builder.hpp
[0.614s] -- Up-to-date: /home/hidro/galactic_ws/install/odri_ros2_interfaces/include/odri_ros2_interfaces/msg/detail/robot_command__builder.hpp
[0.614s] -- Up-to-date: /home/hidro/galactic_ws/install/odri_ros2_interfaces/include/odri_ros2_interfaces/msg/detail/master_board_state__struct.hpp
[0.614s] -- Up-to-date: /home/hidro/galactic_ws/install/odri_ros2_interfaces/include/odri_ros2_interfaces/msg/detail/motor_command__traits.hpp
[0.615s] -- Up-to-date: /home/hidro/galactic_ws/install/odri_ros2_interfaces/include/odri_ros2_interfaces/msg/detail/robot_command__struct.hpp
[0.615s] -- Up-to-date: /home/hidro/galactic_ws/install/odri_ros2_interfaces/include/odri_ros2_interfaces/msg/detail/motor_state__struct.hpp
[0.615s] -- Up-to-date: /home/hidro/galactic_ws/install/odri_ros2_interfaces/include/odri_ros2_interfaces/msg/detail/master_board_state__traits.hpp
[0.615s] -- Up-to-date: /home/hidro/galactic_ws/install/odri_ros2_interfaces/include/odri_ros2_interfaces/msg/detail/motor_command__struct.hpp
[0.615s] -- Up-to-date: /home/hidro/galactic_ws/install/odri_ros2_interfaces/include/odri_ros2_interfaces/msg/detail/state_command__struct.hpp
[0.616s] -- Up-to-date: /home/hidro/galactic_ws/install/odri_ros2_interfaces/include/odri_ros2_interfaces/msg/detail/robot_command__traits.hpp
[0.616s] -- Up-to-date: /home/hidro/galactic_ws/install/odri_ros2_interfaces/include/odri_ros2_interfaces/msg/detail/master_board_command__builder.hpp
[0.616s] -- Up-to-date: /home/hidro/galactic_ws/install/odri_ros2_interfaces/include/odri_ros2_interfaces
[0.616s] -- Up-to-date: /home/hidro/galactic_ws/install/odri_ros2_interfaces/include/odri_ros2_interfaces/msg
[0.616s] -- Up-to-date: /home/hidro/galactic_ws/install/odri_ros2_interfaces/include/odri_ros2_interfaces/msg/detail
[0.617s] -- Up-to-date: /home/hidro/galactic_ws/install/odri_ros2_interfaces/include/odri_ros2_interfaces/msg/detail/driver_command__rosidl_typesupport_introspection_cpp.hpp
[0.617s] -- Up-to-date: /home/hidro/galactic_ws/install/odri_ros2_interfaces/include/odri_ros2_interfaces/msg/detail/motor_state__rosidl_typesupport_introspection_cpp.hpp
[0.617s] -- Up-to-date: /home/hidro/galactic_ws/install/odri_ros2_interfaces/include/odri_ros2_interfaces/msg/detail/master_board_state__rosidl_typesupport_introspection_cpp.hpp
[0.617s] -- Up-to-date: /home/hidro/galactic_ws/install/odri_ros2_interfaces/include/odri_ros2_interfaces/msg/detail/motor_command__type_support.cpp
[0.617s] -- Up-to-date: /home/hidro/galactic_ws/install/odri_ros2_interfaces/include/odri_ros2_interfaces/msg/detail/robot_command__type_support.cpp
[0.617s] -- Up-to-date: /home/hidro/galactic_ws/install/odri_ros2_interfaces/include/odri_ros2_interfaces/msg/detail/motor_command__rosidl_typesupport_introspection_cpp.hpp
[0.618s] -- Up-to-date: /home/hidro/galactic_ws/install/odri_ros2_interfaces/include/odri_ros2_interfaces/msg/detail/master_board_command__rosidl_typesupport_introspection_cpp.hpp
[0.618s] -- Up-to-date: /home/hidro/galactic_ws/install/odri_ros2_interfaces/include/odri_ros2_interfaces/msg/detail/master_board_command__type_support.cpp
[0.618s] -- Up-to-date: /home/hidro/galactic_ws/install/odri_ros2_interfaces/include/odri_ros2_interfaces/msg/detail/driver_command__type_support.cpp
[0.618s] -- Up-to-date: /home/hidro/galactic_ws/install/odri_ros2_interfaces/include/odri_ros2_interfaces/msg/detail/robot_command__rosidl_typesupport_introspection_cpp.hpp
[0.618s] -- Up-to-date: /home/hidro/galactic_ws/install/odri_ros2_interfaces/include/odri_ros2_interfaces/msg/detail/master_board_state__type_support.cpp
[0.619s] -- Up-to-date: /home/hidro/galactic_ws/install/odri_ros2_interfaces/include/odri_ros2_interfaces/msg/detail/state_command__rosidl_typesupport_introspection_cpp.hpp
[0.619s] -- Up-to-date: /home/hidro/galactic_ws/install/odri_ros2_interfaces/include/odri_ros2_interfaces/msg/detail/robot_state__type_support.cpp
[0.619s] -- Up-to-date: /home/hidro/galactic_ws/install/odri_ros2_interfaces/include/odri_ros2_interfaces/msg/detail/driver_state__rosidl_typesupport_introspection_cpp.hpp
[0.619s] -- Up-to-date: /home/hidro/galactic_ws/install/odri_ros2_interfaces/include/odri_ros2_interfaces/msg/detail/state_command__type_support.cpp
[0.619s] -- Up-to-date: /home/hidro/galactic_ws/install/odri_ros2_interfaces/include/odri_ros2_interfaces/msg/detail/driver_state__type_support.cpp
[0.619s] -- Up-to-date: /home/hidro/galactic_ws/install/odri_ros2_interfaces/include/odri_ros2_interfaces/msg/detail/motor_state__type_support.cpp
[0.620s] -- Up-to-date: /home/hidro/galactic_ws/install/odri_ros2_interfaces/include/odri_ros2_interfaces/msg/detail/robot_state__rosidl_typesupport_introspection_cpp.hpp
[0.620s] -- Up-to-date: /home/hidro/galactic_ws/install/odri_ros2_interfaces/lib/libodri_ros2_interfaces__rosidl_typesupport_introspection_cpp.so
[0.620s] -- Up-to-date: /home/hidro/galactic_ws/install/odri_ros2_interfaces/lib/libodri_ros2_interfaces__rosidl_typesupport_cpp.so
[0.620s] -- Up-to-date: /home/hidro/galactic_ws/install/odri_ros2_interfaces/share/odri_ros2_interfaces/environment/pythonpath.sh
[0.620s] -- Up-to-date: /home/hidro/galactic_ws/install/odri_ros2_interfaces/share/odri_ros2_interfaces/environment/pythonpath.dsv
[0.620s] -- Up-to-date: /home/hidro/galactic_ws/install/odri_ros2_interfaces/lib/python3.8/site-packages/odri_ros2_interfaces/__init__.py
[0.651s] -- Up-to-date: /home/hidro/galactic_ws/install/odri_ros2_interfaces/lib/python3.8/site-packages/odri_ros2_interfaces/msg
[0.651s] -- Up-to-date: /home/hidro/galactic_ws/install/odri_ros2_interfaces/lib/python3.8/site-packages/odri_ros2_interfaces/msg/_robot_command_s.c
[0.651s] -- Up-to-date: /home/hidro/galactic_ws/install/odri_ros2_interfaces/lib/python3.8/site-packages/odri_ros2_interfaces/msg/__init__.py
[0.651s] -- Up-to-date: /home/hidro/galactic_ws/install/odri_ros2_interfaces/lib/python3.8/site-packages/odri_ros2_interfaces/msg/_motor_command.py
[0.652s] -- Up-to-date: /home/hidro/galactic_ws/install/odri_ros2_interfaces/lib/python3.8/site-packages/odri_ros2_interfaces/msg/_motor_state_s.c
[0.652s] -- Up-to-date: /home/hidro/galactic_ws/install/odri_ros2_interfaces/lib/python3.8/site-packages/odri_ros2_interfaces/msg/_master_board_state_s.c
[0.652s] -- Up-to-date: /home/hidro/galactic_ws/install/odri_ros2_interfaces/lib/python3.8/site-packages/odri_ros2_interfaces/msg/_driver_command.py
[0.653s] -- Up-to-date: /home/hidro/galactic_ws/install/odri_ros2_interfaces/lib/python3.8/site-packages/odri_ros2_interfaces/msg/_driver_state_s.c
[0.653s] -- Up-to-date: /home/hidro/galactic_ws/install/odri_ros2_interfaces/lib/python3.8/site-packages/odri_ros2_interfaces/msg/_state_command.py
[0.653s] -- Up-to-date: /home/hidro/galactic_ws/install/odri_ros2_interfaces/lib/python3.8/site-packages/odri_ros2_interfaces/msg/_motor_command_s.c
[0.654s] -- Up-to-date: /home/hidro/galactic_ws/install/odri_ros2_interfaces/lib/python3.8/site-packages/odri_ros2_interfaces/msg/_robot_command.py
[0.654s] -- Up-to-date: /home/hidro/galactic_ws/install/odri_ros2_interfaces/lib/python3.8/site-packages/odri_ros2_interfaces/msg/_master_board_command.py
[0.654s] -- Up-to-date: /home/hidro/galactic_ws/install/odri_ros2_interfaces/lib/python3.8/site-packages/odri_ros2_interfaces/msg/_robot_state_s.c
[0.655s] -- Up-to-date: /home/hidro/galactic_ws/install/odri_ros2_interfaces/lib/python3.8/site-packages/odri_ros2_interfaces/msg/_motor_state.py
[0.655s] -- Up-to-date: /home/hidro/galactic_ws/install/odri_ros2_interfaces/lib/python3.8/site-packages/odri_ros2_interfaces/msg/_master_board_command_s.c
[0.655s] -- Up-to-date: /home/hidro/galactic_ws/install/odri_ros2_interfaces/lib/python3.8/site-packages/odri_ros2_interfaces/msg/_master_board_state.py
[0.655s] -- Up-to-date: /home/hidro/galactic_ws/install/odri_ros2_interfaces/lib/python3.8/site-packages/odri_ros2_interfaces/msg/_state_command_s.c
[0.656s] -- Up-to-date: /home/hidro/galactic_ws/install/odri_ros2_interfaces/lib/python3.8/site-packages/odri_ros2_interfaces/msg/_robot_state.py
[0.656s] -- Up-to-date: /home/hidro/galactic_ws/install/odri_ros2_interfaces/lib/python3.8/site-packages/odri_ros2_interfaces/msg/_driver_command_s.c
[0.656s] -- Up-to-date: /home/hidro/galactic_ws/install/odri_ros2_interfaces/lib/python3.8/site-packages/odri_ros2_interfaces/msg/_driver_state.py
[0.656s] -- Up-to-date: /home/hidro/galactic_ws/install/odri_ros2_interfaces/lib/python3.8/site-packages/odri_ros2_interfaces/odri_ros2_interfaces_s__rosidl_typesupport_introspection_c.cpython-38-x86_64-linux-gnu.so
[0.656s] -- Up-to-date: /home/hidro/galactic_ws/install/odri_ros2_interfaces/lib/python3.8/site-packages/odri_ros2_interfaces/odri_ros2_interfaces_s__rosidl_typesupport_c.cpython-38-x86_64-linux-gnu.so
[0.657s] -- Up-to-date: /home/hidro/galactic_ws/install/odri_ros2_interfaces/lib/libodri_ros2_interfaces__python.so
[0.659s] -- Up-to-date: /home/hidro/galactic_ws/install/odri_ros2_interfaces/share/odri_ros2_interfaces/msg/MotorState.idl
[0.659s] -- Up-to-date: /home/hidro/galactic_ws/install/odri_ros2_interfaces/share/odri_ros2_interfaces/msg/DriverState.idl
[0.660s] -- Up-to-date: /home/hidro/galactic_ws/install/odri_ros2_interfaces/share/odri_ros2_interfaces/msg/MasterBoardState.idl
[0.660s] -- Up-to-date: /home/hidro/galactic_ws/install/odri_ros2_interfaces/share/odri_ros2_interfaces/msg/MotorCommand.idl
[0.661s] -- Up-to-date: /home/hidro/galactic_ws/install/odri_ros2_interfaces/share/odri_ros2_interfaces/msg/DriverCommand.idl
[0.661s] -- Up-to-date: /home/hidro/galactic_ws/install/odri_ros2_interfaces/share/odri_ros2_interfaces/msg/MasterBoardCommand.idl
[0.662s] -- Up-to-date: /home/hidro/galactic_ws/install/odri_ros2_interfaces/share/odri_ros2_interfaces/msg/RobotCommand.idl
[0.662s] -- Up-to-date: /home/hidro/galactic_ws/install/odri_ros2_interfaces/share/odri_ros2_interfaces/msg/RobotState.idl
[0.664s] -- Up-to-date: /home/hidro/galactic_ws/install/odri_ros2_interfaces/share/odri_ros2_interfaces/msg/StateCommand.idl
[0.664s] -- Up-to-date: /home/hidro/galactic_ws/install/odri_ros2_interfaces/share/odri_ros2_interfaces/msg/MotorState.msg
[0.665s] -- Up-to-date: /home/hidro/galactic_ws/install/odri_ros2_interfaces/share/odri_ros2_interfaces/msg/DriverState.msg
[0.665s] -- Up-to-date: /home/hidro/galactic_ws/install/odri_ros2_interfaces/share/odri_ros2_interfaces/msg/MasterBoardState.msg
[0.665s] -- Up-to-date: /home/hidro/galactic_ws/install/odri_ros2_interfaces/share/odri_ros2_interfaces/msg/MotorCommand.msg
[0.666s] -- Up-to-date: /home/hidro/galactic_ws/install/odri_ros2_interfaces/share/odri_ros2_interfaces/msg/DriverCommand.msg
[0.666s] -- Up-to-date: /home/hidro/galactic_ws/install/odri_ros2_interfaces/share/odri_ros2_interfaces/msg/MasterBoardCommand.msg
[0.668s] -- Up-to-date: /home/hidro/galactic_ws/install/odri_ros2_interfaces/share/odri_ros2_interfaces/msg/RobotCommand.msg
[0.668s] -- Up-to-date: /home/hidro/galactic_ws/install/odri_ros2_interfaces/share/odri_ros2_interfaces/msg/RobotState.msg
[0.669s] -- Up-to-date: /home/hidro/galactic_ws/install/odri_ros2_interfaces/share/odri_ros2_interfaces/msg/StateCommand.msg
[0.669s] -- Up-to-date: /home/hidro/galactic_ws/install/odri_ros2_interfaces/share/ament_index/resource_index/package_run_dependencies/odri_ros2_interfaces
[0.669s] -- Up-to-date: /home/hidro/galactic_ws/install/odri_ros2_interfaces/share/ament_index/resource_index/parent_prefix_path/odri_ros2_interfaces
[0.669s] -- Up-to-date: /home/hidro/galactic_ws/install/odri_ros2_interfaces/share/odri_ros2_interfaces/environment/ament_prefix_path.sh
[0.670s] -- Up-to-date: /home/hidro/galactic_ws/install/odri_ros2_interfaces/share/odri_ros2_interfaces/environment/ament_prefix_path.dsv
[0.670s] -- Up-to-date: /home/hidro/galactic_ws/install/odri_ros2_interfaces/share/odri_ros2_interfaces/environment/path.sh
[0.672s] -- Up-to-date: /home/hidro/galactic_ws/install/odri_ros2_interfaces/share/odri_ros2_interfaces/environment/path.dsv
[0.673s] -- Up-to-date: /home/hidro/galactic_ws/install/odri_ros2_interfaces/share/odri_ros2_interfaces/local_setup.bash
[0.674s] -- Up-to-date: /home/hidro/galactic_ws/install/odri_ros2_interfaces/share/odri_ros2_interfaces/local_setup.sh
[0.675s] -- Up-to-date: /home/hidro/galactic_ws/install/odri_ros2_interfaces/share/odri_ros2_interfaces/local_setup.zsh
[0.675s] -- Up-to-date: /home/hidro/galactic_ws/install/odri_ros2_interfaces/share/odri_ros2_interfaces/local_setup.dsv
[0.676s] -- Installing: /home/hidro/galactic_ws/install/odri_ros2_interfaces/share/odri_ros2_interfaces/package.dsv
[0.676s] -- Up-to-date: /home/hidro/galactic_ws/install/odri_ros2_interfaces/share/ament_index/resource_index/packages/odri_ros2_interfaces
[0.676s] -- Up-to-date: /home/hidro/galactic_ws/install/odri_ros2_interfaces/share/odri_ros2_interfaces/cmake/odri_ros2_interfaces__rosidl_generator_cExport.cmake
[0.677s] -- Up-to-date: /home/hidro/galactic_ws/install/odri_ros2_interfaces/share/odri_ros2_interfaces/cmake/odri_ros2_interfaces__rosidl_generator_cExport-release.cmake
[0.677s] -- Up-to-date: /home/hidro/galactic_ws/install/odri_ros2_interfaces/share/odri_ros2_interfaces/cmake/odri_ros2_interfaces__rosidl_typesupport_introspection_cExport.cmake
[0.677s] -- Up-to-date: /home/hidro/galactic_ws/install/odri_ros2_interfaces/share/odri_ros2_interfaces/cmake/odri_ros2_interfaces__rosidl_typesupport_introspection_cExport-release.cmake
[0.678s] -- Up-to-date: /home/hidro/galactic_ws/install/odri_ros2_interfaces/share/odri_ros2_interfaces/cmake/odri_ros2_interfaces__rosidl_typesupport_cExport.cmake
[0.678s] -- Up-to-date: /home/hidro/galactic_ws/install/odri_ros2_interfaces/share/odri_ros2_interfaces/cmake/odri_ros2_interfaces__rosidl_typesupport_cExport-release.cmake
[0.682s] -- Up-to-date: /home/hidro/galactic_ws/install/odri_ros2_interfaces/share/odri_ros2_interfaces/cmake/odri_ros2_interfaces__rosidl_generator_cppExport.cmake
[0.682s] -- Up-to-date: /home/hidro/galactic_ws/install/odri_ros2_interfaces/share/odri_ros2_interfaces/cmake/odri_ros2_interfaces__rosidl_typesupport_introspection_cppExport.cmake
[0.683s] -- Up-to-date: /home/hidro/galactic_ws/install/odri_ros2_interfaces/share/odri_ros2_interfaces/cmake/odri_ros2_interfaces__rosidl_typesupport_introspection_cppExport-release.cmake
[0.683s] -- Up-to-date: /home/hidro/galactic_ws/install/odri_ros2_interfaces/share/odri_ros2_interfaces/cmake/odri_ros2_interfaces__rosidl_typesupport_cppExport.cmake
[0.683s] -- Up-to-date: /home/hidro/galactic_ws/install/odri_ros2_interfaces/share/odri_ros2_interfaces/cmake/odri_ros2_interfaces__rosidl_typesupport_cppExport-release.cmake
[0.683s] -- Up-to-date: /home/hidro/galactic_ws/install/odri_ros2_interfaces/share/odri_ros2_interfaces/cmake/rosidl_cmake-extras.cmake
[0.684s] -- Up-to-date: /home/hidro/galactic_ws/install/odri_ros2_interfaces/share/odri_ros2_interfaces/cmake/ament_cmake_export_dependencies-extras.cmake
[0.684s] -- Up-to-date: /home/hidro/galactic_ws/install/odri_ros2_interfaces/share/odri_ros2_interfaces/cmake/ament_cmake_export_libraries-extras.cmake
[0.684s] -- Up-to-date: /home/hidro/galactic_ws/install/odri_ros2_interfaces/share/odri_ros2_interfaces/cmake/ament_cmake_export_targets-extras.cmake
[0.684s] -- Up-to-date: /home/hidro/galactic_ws/install/odri_ros2_interfaces/share/odri_ros2_interfaces/cmake/ament_cmake_export_include_directories-extras.cmake
[0.684s] -- Up-to-date: /home/hidro/galactic_ws/install/odri_ros2_interfaces/share/odri_ros2_interfaces/cmake/rosidl_cmake_export_typesupport_targets-extras.cmake
[0.685s] -- Up-to-date: /home/hidro/galactic_ws/install/odri_ros2_interfaces/share/odri_ros2_interfaces/cmake/odri_ros2_interfacesConfig.cmake
[0.685s] -- Up-to-date: /home/hidro/galactic_ws/install/odri_ros2_interfaces/share/odri_ros2_interfaces/cmake/odri_ros2_interfacesConfig-version.cmake
[0.685s] -- Up-to-date: /home/hidro/galactic_ws/install/odri_ros2_interfaces/share/odri_ros2_interfaces/package.xml
[0.687s] Invoked command in '/home/hidro/galactic_ws/build/odri_ros2_interfaces' returned '0': CMAKE_PREFIX_PATH=${CMAKE_PREFIX_PATH}:/opt/ros/galactic /usr/bin/cmake --install /home/hidro/galactic_ws/build/odri_ros2_interfaces
