[0.036s] Invoking command in '/home/hidro/galactic_ws/build/solo12_bringup': CMAKE_PREFIX_PATH=${CMAKE_PREFIX_PATH}:/opt/ros/galactic /usr/bin/cmake --build /home/hidro/galactic_ws/build/solo12_bringup -- -j8 -l8
[0.101s] Invoked command in '/home/hidro/galactic_ws/build/solo12_bringup' returned '0': CMAKE_PREFIX_PATH=${CMAKE_PREFIX_PATH}:/opt/ros/galactic /usr/bin/cmake --build /home/hidro/galactic_ws/build/solo12_bringup -- -j8 -l8
[0.144s] Invoking command in '/home/hidro/galactic_ws/build/solo12_bringup': CMAKE_PREFIX_PATH=${CMAKE_PREFIX_PATH}:/opt/ros/galactic /usr/bin/cmake --install /home/hidro/galactic_ws/build/solo12_bringup
[0.224s] -- Install configuration: "Release"
[0.225s] -- Up-to-date: /home/hidro/galactic_ws/install/solo12_bringup/share/ament_index/resource_index/package_run_dependencies/solo12_bringup
[0.225s] -- Up-to-date: /home/hidro/galactic_ws/install/solo12_bringup/share/ament_index/resource_index/parent_prefix_path/solo12_bringup
[0.225s] -- Up-to-date: /home/hidro/galactic_ws/install/solo12_bringup/share/solo12_bringup/environment/ament_prefix_path.sh
[0.226s] -- Up-to-date: /home/hidro/galactic_ws/install/solo12_bringup/share/solo12_bringup/environment/ament_prefix_path.dsv
[0.226s] -- Up-to-date: /home/hidro/galactic_ws/install/solo12_bringup/share/solo12_bringup/environment/path.sh
[0.227s] -- Up-to-date: /home/hidro/galactic_ws/install/solo12_bringup/share/solo12_bringup/environment/path.dsv
[0.227s] -- Up-to-date: /home/hidro/galactic_ws/install/solo12_bringup/share/solo12_bringup/local_setup.bash
[0.227s] -- Up-to-date: /home/hidro/galactic_ws/install/solo12_bringup/share/solo12_bringup/local_setup.sh
[0.228s] -- Up-to-date: /home/hidro/galactic_ws/install/solo12_bringup/share/solo12_bringup/local_setup.zsh
[0.230s] -- Up-to-date: /home/hidro/galactic_ws/install/solo12_bringup/share/solo12_bringup/local_setup.dsv
[0.231s] -- Installing: /home/hidro/galactic_ws/install/solo12_bringup/share/solo12_bringup/package.dsv
[0.232s] -- Up-to-date: /home/hidro/galactic_ws/install/solo12_bringup/share/ament_index/resource_index/packages/solo12_bringup
[0.232s] -- Up-to-date: /home/hidro/galactic_ws/install/solo12_bringup/share/solo12_bringup/cmake/solo12_bringupConfig.cmake
[0.241s] -- Up-to-date: /home/hidro/galactic_ws/install/solo12_bringup/share/solo12_bringup/cmake/solo12_bringupConfig-version.cmake
[0.242s] -- Up-to-date: /home/hidro/galactic_ws/install/solo12_bringup/share/solo12_bringup/package.xml
[0.245s] Invoked command in '/home/hidro/galactic_ws/build/solo12_bringup' returned '0': CMAKE_PREFIX_PATH=${CMAKE_PREFIX_PATH}:/opt/ros/galactic /usr/bin/cmake --install /home/hidro/galactic_ws/build/solo12_bringup
