[0.012s] Invoking command in '/home/hidro/galactic_ws/build/odri_ros2_hardware': AMENT_PREFIX_PATH=/home/hidro/galactic_ws/install/odri_ros2_interfaces:/home/hidro/galactic_ws/install/hidro_ros2_utils CMAKE_PREFIX_PATH=/home/hidro/galactic_ws/install/odri_ros2_interfaces:/home/hidro/galactic_ws/install/hidro_ros2_utils:/opt/openrobots:/opt/openrobots LD_LIBRARY_PATH=/home/hidro/galactic_ws/install/odri_ros2_interfaces/lib:/home/hidro/galactic_ws/install/hidro_ros2_utils/lib:/opt/openrobots/lib:/usr/local/lib:/opt/openrobots/lib:/usr/local/lib PYTHONPATH=/home/hidro/galactic_ws/install/odri_ros2_interfaces/lib/python3.8/site-packages:/home/hidro/galactic_ws/install/hidro_ros2_utils/lib/python3.8/site-packages:/opt/openrobots/lib/python3.8/site-packages:/usr/local/lib/python3.8/site-packages:/opt/openrobots/lib/python3.8/site-packages:/usr/local/lib/python3.8/site-packages /usr/bin/cmake --build /home/hidro/galactic_ws/build/odri_ros2_hardware -- -j8 -l8
[0.079s] [100%] Built target robot_interface
[0.090s] Invoked command in '/home/hidro/galactic_ws/build/odri_ros2_hardware' returned '0': AMENT_PREFIX_PATH=/home/hidro/galactic_ws/install/odri_ros2_interfaces:/home/hidro/galactic_ws/install/hidro_ros2_utils CMAKE_PREFIX_PATH=/home/hidro/galactic_ws/install/odri_ros2_interfaces:/home/hidro/galactic_ws/install/hidro_ros2_utils:/opt/openrobots:/opt/openrobots LD_LIBRARY_PATH=/home/hidro/galactic_ws/install/odri_ros2_interfaces/lib:/home/hidro/galactic_ws/install/hidro_ros2_utils/lib:/opt/openrobots/lib:/usr/local/lib:/opt/openrobots/lib:/usr/local/lib PYTHONPATH=/home/hidro/galactic_ws/install/odri_ros2_interfaces/lib/python3.8/site-packages:/home/hidro/galactic_ws/install/hidro_ros2_utils/lib/python3.8/site-packages:/opt/openrobots/lib/python3.8/site-packages:/usr/local/lib/python3.8/site-packages:/opt/openrobots/lib/python3.8/site-packages:/usr/local/lib/python3.8/site-packages /usr/bin/cmake --build /home/hidro/galactic_ws/build/odri_ros2_hardware -- -j8 -l8
[0.114s] Invoking command in '/home/hidro/galactic_ws/build/odri_ros2_hardware': AMENT_PREFIX_PATH=/home/hidro/galactic_ws/install/odri_ros2_interfaces:/home/hidro/galactic_ws/install/hidro_ros2_utils CMAKE_PREFIX_PATH=/home/hidro/galactic_ws/install/odri_ros2_interfaces:/home/hidro/galactic_ws/install/hidro_ros2_utils:/opt/openrobots:/opt/openrobots LD_LIBRARY_PATH=/home/hidro/galactic_ws/install/odri_ros2_interfaces/lib:/home/hidro/galactic_ws/install/hidro_ros2_utils/lib:/opt/openrobots/lib:/usr/local/lib:/opt/openrobots/lib:/usr/local/lib PYTHONPATH=/home/hidro/galactic_ws/install/odri_ros2_interfaces/lib/python3.8/site-packages:/home/hidro/galactic_ws/install/hidro_ros2_utils/lib/python3.8/site-packages:/opt/openrobots/lib/python3.8/site-packages:/usr/local/lib/python3.8/site-packages:/opt/openrobots/lib/python3.8/site-packages:/usr/local/lib/python3.8/site-packages /usr/bin/cmake --install /home/hidro/galactic_ws/build/odri_ros2_hardware
[0.123s] -- Install configuration: "Release"
[0.125s] -- Up-to-date: /home/hidro/galactic_ws/install/odri_ros2_hardware/share/odri_ros2_hardware/launch
[0.125s] -- Up-to-date: /home/hidro/galactic_ws/install/odri_ros2_hardware/share/odri_ros2_hardware/launch/_robot_interface.launch.py
[0.125s] -- Up-to-date: /home/hidro/galactic_ws/install/odri_ros2_hardware/share/odri_ros2_hardware/config
[0.125s] -- Up-to-date: /home/hidro/galactic_ws/install/odri_ros2_hardware/share/odri_ros2_hardware/config/flying_arm_2.yaml
[0.125s] -- Up-to-date: /home/hidro/galactic_ws/install/odri_ros2_hardware/share/odri_ros2_hardware/config/solo12_out.yaml
[0.125s] -- Up-to-date: /home/hidro/galactic_ws/install/odri_ros2_hardware/share/odri_ros2_hardware/config/robots
[0.125s] -- Up-to-date: /home/hidro/galactic_ws/install/odri_ros2_hardware/share/odri_ros2_hardware/config/robots/flying_arm_2.yaml
[0.126s] -- Up-to-date: /home/hidro/galactic_ws/install/odri_ros2_hardware/share/odri_ros2_hardware/config/robots/solo12_in.yaml
[0.126s] -- Up-to-date: /home/hidro/galactic_ws/install/odri_ros2_hardware/lib/odri_ros2_hardware/robot_interface
[0.126s] -- Up-to-date: /home/hidro/galactic_ws/install/odri_ros2_hardware/share/ament_index/resource_index/package_run_dependencies/odri_ros2_hardware
[0.126s] -- Up-to-date: /home/hidro/galactic_ws/install/odri_ros2_hardware/share/ament_index/resource_index/parent_prefix_path/odri_ros2_hardware
[0.126s] -- Up-to-date: /home/hidro/galactic_ws/install/odri_ros2_hardware/share/odri_ros2_hardware/environment/ament_prefix_path.sh
[0.126s] -- Up-to-date: /home/hidro/galactic_ws/install/odri_ros2_hardware/share/odri_ros2_hardware/environment/ament_prefix_path.dsv
[0.126s] -- Up-to-date: /home/hidro/galactic_ws/install/odri_ros2_hardware/share/odri_ros2_hardware/environment/path.sh
[0.126s] -- Up-to-date: /home/hidro/galactic_ws/install/odri_ros2_hardware/share/odri_ros2_hardware/environment/path.dsv
[0.126s] -- Up-to-date: /home/hidro/galactic_ws/install/odri_ros2_hardware/share/odri_ros2_hardware/local_setup.bash
[0.127s] -- Up-to-date: /home/hidro/galactic_ws/install/odri_ros2_hardware/share/odri_ros2_hardware/local_setup.sh
[0.127s] -- Up-to-date: /home/hidro/galactic_ws/install/odri_ros2_hardware/share/odri_ros2_hardware/local_setup.zsh
[0.127s] -- Up-to-date: /home/hidro/galactic_ws/install/odri_ros2_hardware/share/odri_ros2_hardware/local_setup.dsv
[0.132s] -- Installing: /home/hidro/galactic_ws/install/odri_ros2_hardware/share/odri_ros2_hardware/package.dsv
[0.132s] -- Up-to-date: /home/hidro/galactic_ws/install/odri_ros2_hardware/share/ament_index/resource_index/packages/odri_ros2_hardware
[0.133s] -- Up-to-date: /home/hidro/galactic_ws/install/odri_ros2_hardware/share/odri_ros2_hardware/cmake/odri_ros2_hardwareConfig.cmake
[0.133s] -- Up-to-date: /home/hidro/galactic_ws/install/odri_ros2_hardware/share/odri_ros2_hardware/cmake/odri_ros2_hardwareConfig-version.cmake
[0.133s] -- Up-to-date: /home/hidro/galactic_ws/install/odri_ros2_hardware/share/odri_ros2_hardware/package.xml
[0.133s] Invoked command in '/home/hidro/galactic_ws/build/odri_ros2_hardware' returned '0': AMENT_PREFIX_PATH=/home/hidro/galactic_ws/install/odri_ros2_interfaces:/home/hidro/galactic_ws/install/hidro_ros2_utils CMAKE_PREFIX_PATH=/home/hidro/galactic_ws/install/odri_ros2_interfaces:/home/hidro/galactic_ws/install/hidro_ros2_utils:/opt/openrobots:/opt/openrobots LD_LIBRARY_PATH=/home/hidro/galactic_ws/install/odri_ros2_interfaces/lib:/home/hidro/galactic_ws/install/hidro_ros2_utils/lib:/opt/openrobots/lib:/usr/local/lib:/opt/openrobots/lib:/usr/local/lib PYTHONPATH=/home/hidro/galactic_ws/install/odri_ros2_interfaces/lib/python3.8/site-packages:/home/hidro/galactic_ws/install/hidro_ros2_utils/lib/python3.8/site-packages:/opt/openrobots/lib/python3.8/site-packages:/usr/local/lib/python3.8/site-packages:/opt/openrobots/lib/python3.8/site-packages:/usr/local/lib/python3.8/site-packages /usr/bin/cmake --install /home/hidro/galactic_ws/build/odri_ros2_hardware
