[0.015s] Invoking command in '/home/hidro/galactic_ws/build/odri_ros2_hardware': CMAKE_PREFIX_PATH=/home/hidro/galactic_ws/install/odri_ros2_interfaces:/home/hidro/galactic_ws/install/hidro_ros2_utils:/home/hidro/galactic_ws/install/vrpn_client_ros:/home/hidro/galactic_ws/install/solo12_bringup:/home/hidro/galactic_ws/install/offline_trajectory_publisher_state_machine_interface:/home/hidro/galactic_ws/install/odri_ros2_examples:/home/hidro/galactic_ws/install/odri_ros2_hardware:/home/hidro/galactic_ws/install/odri_ros2_gazebo:/home/hidro/galactic_ws/install/hidro_robots:/opt/openrobots:/opt/openrobots:/opt/ros/galactic LD_LIBRARY_PATH=/home/hidro/galactic_ws/install/odri_ros2_interfaces/lib:/home/hidro/galactic_ws/install/hidro_ros2_utils/lib:/home/hidro/galactic_ws/install/odri_ros2_gazebo/lib:/opt/ros/galactic/opt/yaml_cpp_vendor/lib:/opt/ros/galactic/lib/x86_64-linux-gnu:/opt/ros/galactic/lib:/opt/openrobots/lib:/usr/local/lib:/opt/openrobots/lib:/usr/local/lib PYTHONPATH=/home/hidro/galactic_ws/install/odri_ros2_interfaces/lib/python3.8/site-packages:/home/hidro/galactic_ws/install/hidro_ros2_utils/lib/python3.8/site-packages:/opt/ros/galactic/lib/python3.8/site-packages:/opt/openrobots/lib/python3.8/site-packages:/usr/local/lib/python3.8/site-packages:/opt/openrobots/lib/python3.8/site-packages:/usr/local/lib/python3.8/site-packages /usr/bin/cmake /home/hidro/galactic_ws/src/odri_ros2/odri_ros2_hardware -DCMAKE_EXPORT_COMPILE_COMMANDS=ON -DCMAKE_BUILD_TYPE=Release -DCMAKE_INSTALL_PREFIX=/home/hidro/galactic_ws/install/odri_ros2_hardware
[0.065s] -- The C compiler identification is GNU 9.4.0
[0.117s] -- The CXX compiler identification is GNU 9.4.0
[0.122s] -- Check for working C compiler: /usr/bin/cc
[0.187s] -- Check for working C compiler: /usr/bin/cc -- works
[0.187s] -- Detecting C compiler ABI info
[0.252s] -- Detecting C compiler ABI info - done
[0.263s] -- Detecting C compile features
[0.263s] -- Detecting C compile features - done
[0.265s] -- Check for working CXX compiler: /usr/bin/c++
[0.340s] -- Check for working CXX compiler: /usr/bin/c++ -- works
[0.340s] -- Detecting CXX compiler ABI info
[0.415s] -- Detecting CXX compiler ABI info - done
[0.426s] -- Detecting CXX compile features
[0.426s] -- Detecting CXX compile features - done
[0.428s] -- Found ament_cmake: 1.1.6 (/opt/ros/galactic/share/ament_cmake/cmake)
[0.446s] -- Found PythonInterp: /usr/bin/python3 (found suitable version "3.8.10", minimum required is "3") 
[0.446s] -- Using PYTHON_EXECUTABLE: /usr/bin/python3
[0.518s] -- Found hidro_ros2_utils: 0.0.0 (/home/hidro/galactic_ws/install/hidro_ros2_utils/share/hidro_ros2_utils/cmake)
[0.544s] -- Using single rosidl_typesupport_c: rosidl_typesupport_introspection_c
[0.551s] -- Found rosidl_adapter: 2.2.3 (/opt/ros/galactic/share/rosidl_adapter/cmake)
[0.570s] -- Using single rosidl_typesupport_cpp: rosidl_typesupport_introspection_cpp
[0.694s] -- Found rmw_implementation_cmake: 3.3.1 (/opt/ros/galactic/share/rmw_implementation_cmake/cmake)
[0.697s] -- Found rmw_cyclonedds_cpp: 0.22.6 (/opt/ros/galactic/share/rmw_cyclonedds_cpp/cmake)
[0.716s] -- Using RMW implementation 'rmw_cyclonedds_cpp' as default
[0.717s] -- Looking for pthread.h
[0.785s] -- Looking for pthread.h - found
[0.785s] -- Performing Test CMAKE_HAVE_LIBC_PTHREAD
[0.854s] -- Performing Test CMAKE_HAVE_LIBC_PTHREAD - Failed
[0.854s] -- Looking for pthread_create in pthreads
[0.911s] -- Looking for pthread_create in pthreads - not found
[0.911s] -- Looking for pthread_create in pthread
[0.997s] -- Looking for pthread_create in pthread - found
[0.999s] -- Found Threads: TRUE  
[1.474s] -- Default C++ standard: 201402
[1.474s] -- Minimal C++ standard upgraded to 11
[1.475s] -- C++ standard sufficient: Minimal required 11, currently defined: 14
[1.476s] -- eigenpy FOUND. eigenpy at /opt/openrobots/lib/libeigenpy.so
[1.934s] -- Found Python3: /usr/bin/python3 (found version "3.8.10") found components: Interpreter NumPy Development 
[1.935s] -- PythonLibraryDirs: /usr/lib/x86_64-linux-gnu
[1.936s] -- PythonLibVersionString: 3.8.10
[1.962s] -- Python site lib: lib/python3/dist-packages
[1.962s] -- Python include dirs: /usr/include/python3.8
[2.014s] -- Checking for NumPy
[2.155s] --   NUMPY_INCLUDE_DIRS=/usr/lib/python3/dist-packages/numpy/core/include
[2.303s] --   NUMPY_VERSION=1.17.4
[2.303s] -- NumPy include dir: /usr/lib/python3/dist-packages/numpy/core/include
[2.369s] -- Found Boost: /usr/include (found version "1.71.0") found components: python38 
[2.370s] -- Boost_PYTHON_LIBRARY: /usr/lib/x86_64-linux-gnu/libboost_python38.so
[2.372s] -- C++ standard sufficient: Minimal required 11, currently defined: 14
[2.373s] -- Found odri_ros2_interfaces: 0.0.0 (/home/hidro/galactic_ws/install/odri_ros2_interfaces/share/odri_ros2_interfaces/cmake)
[2.466s] -- Configuring done
[2.475s] -- Generating done
[2.477s] -- Build files have been written to: /home/hidro/galactic_ws/build/odri_ros2_hardware
[2.485s] Invoked command in '/home/hidro/galactic_ws/build/odri_ros2_hardware' returned '0': CMAKE_PREFIX_PATH=/home/hidro/galactic_ws/install/odri_ros2_interfaces:/home/hidro/galactic_ws/install/hidro_ros2_utils:/home/hidro/galactic_ws/install/vrpn_client_ros:/home/hidro/galactic_ws/install/solo12_bringup:/home/hidro/galactic_ws/install/offline_trajectory_publisher_state_machine_interface:/home/hidro/galactic_ws/install/odri_ros2_examples:/home/hidro/galactic_ws/install/odri_ros2_hardware:/home/hidro/galactic_ws/install/odri_ros2_gazebo:/home/hidro/galactic_ws/install/hidro_robots:/opt/openrobots:/opt/openrobots:/opt/ros/galactic LD_LIBRARY_PATH=/home/hidro/galactic_ws/install/odri_ros2_interfaces/lib:/home/hidro/galactic_ws/install/hidro_ros2_utils/lib:/home/hidro/galactic_ws/install/odri_ros2_gazebo/lib:/opt/ros/galactic/opt/yaml_cpp_vendor/lib:/opt/ros/galactic/lib/x86_64-linux-gnu:/opt/ros/galactic/lib:/opt/openrobots/lib:/usr/local/lib:/opt/openrobots/lib:/usr/local/lib PYTHONPATH=/home/hidro/galactic_ws/install/odri_ros2_interfaces/lib/python3.8/site-packages:/home/hidro/galactic_ws/install/hidro_ros2_utils/lib/python3.8/site-packages:/opt/ros/galactic/lib/python3.8/site-packages:/opt/openrobots/lib/python3.8/site-packages:/usr/local/lib/python3.8/site-packages:/opt/openrobots/lib/python3.8/site-packages:/usr/local/lib/python3.8/site-packages /usr/bin/cmake /home/hidro/galactic_ws/src/odri_ros2/odri_ros2_hardware -DCMAKE_EXPORT_COMPILE_COMMANDS=ON -DCMAKE_BUILD_TYPE=Release -DCMAKE_INSTALL_PREFIX=/home/hidro/galactic_ws/install/odri_ros2_hardware
[2.488s] Invoking command in '/home/hidro/galactic_ws/build/odri_ros2_hardware': CMAKE_PREFIX_PATH=/home/hidro/galactic_ws/install/odri_ros2_interfaces:/home/hidro/galactic_ws/install/hidro_ros2_utils:/home/hidro/galactic_ws/install/vrpn_client_ros:/home/hidro/galactic_ws/install/solo12_bringup:/home/hidro/galactic_ws/install/offline_trajectory_publisher_state_machine_interface:/home/hidro/galactic_ws/install/odri_ros2_examples:/home/hidro/galactic_ws/install/odri_ros2_hardware:/home/hidro/galactic_ws/install/odri_ros2_gazebo:/home/hidro/galactic_ws/install/hidro_robots:/opt/openrobots:/opt/openrobots:/opt/ros/galactic LD_LIBRARY_PATH=/home/hidro/galactic_ws/install/odri_ros2_interfaces/lib:/home/hidro/galactic_ws/install/hidro_ros2_utils/lib:/home/hidro/galactic_ws/install/odri_ros2_gazebo/lib:/opt/ros/galactic/opt/yaml_cpp_vendor/lib:/opt/ros/galactic/lib/x86_64-linux-gnu:/opt/ros/galactic/lib:/opt/openrobots/lib:/usr/local/lib:/opt/openrobots/lib:/usr/local/lib PYTHONPATH=/home/hidro/galactic_ws/install/odri_ros2_interfaces/lib/python3.8/site-packages:/home/hidro/galactic_ws/install/hidro_ros2_utils/lib/python3.8/site-packages:/opt/ros/galactic/lib/python3.8/site-packages:/opt/openrobots/lib/python3.8/site-packages:/usr/local/lib/python3.8/site-packages:/opt/openrobots/lib/python3.8/site-packages:/usr/local/lib/python3.8/site-packages /usr/bin/cmake --build /home/hidro/galactic_ws/build/odri_ros2_hardware -- -j8 -l8
[2.532s] [35m[1mScanning dependencies of target robot_interface[0m
[2.601s] [ 50%] [32mBuilding CXX object CMakeFiles/robot_interface.dir/src/robot_interface.cpp.o[0m
[5.228s] [01m[K/home/hidro/galactic_ws/src/odri_ros2/odri_ros2_hardware/src/robot_interface.cpp:[m[K In member function ‘[01m[Kvirtual bool odri_interface::RobotInterface::transDisableCallback(std::string&)[m[K’:
[5.228s] [01m[K/home/hidro/galactic_ws/src/odri_ros2/odri_ros2_hardware/src/robot_interface.cpp:183:56:[m[K [01;35m[Kwarning: [m[Kunused parameter ‘[01m[Kmessage[m[K’ [[01;35m[K-Wunused-parameter[m[K]
[5.228s]   183 | bool RobotInterface::transDisableCallback([01;35m[Kstd::string& message[m[K) { return true; }
[5.228s]       |                                           [01;35m[K~~~~~~~~~~~~~^~~~~~~[m[K
[5.228s] [01m[K/home/hidro/galactic_ws/src/odri_ros2/odri_ros2_hardware/src/robot_interface.cpp:[m[K In member function ‘[01m[Kvirtual bool odri_interface::RobotInterface::transStartCallback(std::string&)[m[K’:
[5.228s] [01m[K/home/hidro/galactic_ws/src/odri_ros2/odri_ros2_hardware/src/robot_interface.cpp:185:54:[m[K [01;35m[Kwarning: [m[Kunused parameter ‘[01m[Kmessage[m[K’ [[01;35m[K-Wunused-parameter[m[K]
[5.228s]   185 | bool RobotInterface::transStartCallback([01;35m[Kstd::string& message[m[K) { return true; }
[5.228s]       |                                         [01;35m[K~~~~~~~~~~~~~^~~~~~~[m[K
[5.228s] [01m[K/home/hidro/galactic_ws/src/odri_ros2/odri_ros2_hardware/src/robot_interface.cpp:[m[K In member function ‘[01m[Kvirtual bool odri_interface::RobotInterface::transStopCallback(std::string&)[m[K’:
[5.229s] [01m[K/home/hidro/galactic_ws/src/odri_ros2/odri_ros2_hardware/src/robot_interface.cpp:187:53:[m[K [01;35m[Kwarning: [m[Kunused parameter ‘[01m[Kmessage[m[K’ [[01;35m[K-Wunused-parameter[m[K]
[5.229s]   187 | bool RobotInterface::transStopCallback([01;35m[Kstd::string& message[m[K) { return true; }
[5.229s]       |                                        [01;35m[K~~~~~~~~~~~~~^~~~~~~[m[K
[13.009s] [100%] [32m[1mLinking CXX executable robot_interface[0m
[13.165s] [100%] Built target robot_interface
[13.178s] Invoked command in '/home/hidro/galactic_ws/build/odri_ros2_hardware' returned '0': CMAKE_PREFIX_PATH=/home/hidro/galactic_ws/install/odri_ros2_interfaces:/home/hidro/galactic_ws/install/hidro_ros2_utils:/home/hidro/galactic_ws/install/vrpn_client_ros:/home/hidro/galactic_ws/install/solo12_bringup:/home/hidro/galactic_ws/install/offline_trajectory_publisher_state_machine_interface:/home/hidro/galactic_ws/install/odri_ros2_examples:/home/hidro/galactic_ws/install/odri_ros2_hardware:/home/hidro/galactic_ws/install/odri_ros2_gazebo:/home/hidro/galactic_ws/install/hidro_robots:/opt/openrobots:/opt/openrobots:/opt/ros/galactic LD_LIBRARY_PATH=/home/hidro/galactic_ws/install/odri_ros2_interfaces/lib:/home/hidro/galactic_ws/install/hidro_ros2_utils/lib:/home/hidro/galactic_ws/install/odri_ros2_gazebo/lib:/opt/ros/galactic/opt/yaml_cpp_vendor/lib:/opt/ros/galactic/lib/x86_64-linux-gnu:/opt/ros/galactic/lib:/opt/openrobots/lib:/usr/local/lib:/opt/openrobots/lib:/usr/local/lib PYTHONPATH=/home/hidro/galactic_ws/install/odri_ros2_interfaces/lib/python3.8/site-packages:/home/hidro/galactic_ws/install/hidro_ros2_utils/lib/python3.8/site-packages:/opt/ros/galactic/lib/python3.8/site-packages:/opt/openrobots/lib/python3.8/site-packages:/usr/local/lib/python3.8/site-packages:/opt/openrobots/lib/python3.8/site-packages:/usr/local/lib/python3.8/site-packages /usr/bin/cmake --build /home/hidro/galactic_ws/build/odri_ros2_hardware -- -j8 -l8
[13.209s] Invoking command in '/home/hidro/galactic_ws/build/odri_ros2_hardware': CMAKE_PREFIX_PATH=/home/hidro/galactic_ws/install/odri_ros2_interfaces:/home/hidro/galactic_ws/install/hidro_ros2_utils:/home/hidro/galactic_ws/install/vrpn_client_ros:/home/hidro/galactic_ws/install/solo12_bringup:/home/hidro/galactic_ws/install/offline_trajectory_publisher_state_machine_interface:/home/hidro/galactic_ws/install/odri_ros2_examples:/home/hidro/galactic_ws/install/odri_ros2_hardware:/home/hidro/galactic_ws/install/odri_ros2_gazebo:/home/hidro/galactic_ws/install/hidro_robots:/opt/openrobots:/opt/openrobots:/opt/ros/galactic LD_LIBRARY_PATH=/home/hidro/galactic_ws/install/odri_ros2_interfaces/lib:/home/hidro/galactic_ws/install/hidro_ros2_utils/lib:/home/hidro/galactic_ws/install/odri_ros2_gazebo/lib:/opt/ros/galactic/opt/yaml_cpp_vendor/lib:/opt/ros/galactic/lib/x86_64-linux-gnu:/opt/ros/galactic/lib:/opt/openrobots/lib:/usr/local/lib:/opt/openrobots/lib:/usr/local/lib PYTHONPATH=/home/hidro/galactic_ws/install/odri_ros2_interfaces/lib/python3.8/site-packages:/home/hidro/galactic_ws/install/hidro_ros2_utils/lib/python3.8/site-packages:/opt/ros/galactic/lib/python3.8/site-packages:/opt/openrobots/lib/python3.8/site-packages:/usr/local/lib/python3.8/site-packages:/opt/openrobots/lib/python3.8/site-packages:/usr/local/lib/python3.8/site-packages /usr/bin/cmake --install /home/hidro/galactic_ws/build/odri_ros2_hardware
[13.218s] -- Install configuration: "Release"
[13.218s] -- Installing: /home/hidro/galactic_ws/install/odri_ros2_hardware/share/odri_ros2_hardware/launch
[13.218s] -- Installing: /home/hidro/galactic_ws/install/odri_ros2_hardware/share/odri_ros2_hardware/launch/_robot_interface.launch.py
[13.219s] -- Installing: /home/hidro/galactic_ws/install/odri_ros2_hardware/share/odri_ros2_hardware/config
[13.219s] -- Installing: /home/hidro/galactic_ws/install/odri_ros2_hardware/share/odri_ros2_hardware/config/flying_arm_2.yaml
[13.219s] -- Installing: /home/hidro/galactic_ws/install/odri_ros2_hardware/share/odri_ros2_hardware/config/solo12_out.yaml
[13.219s] -- Installing: /home/hidro/galactic_ws/install/odri_ros2_hardware/share/odri_ros2_hardware/config/robots
[13.219s] -- Installing: /home/hidro/galactic_ws/install/odri_ros2_hardware/share/odri_ros2_hardware/config/robots/flying_arm_2.yaml
[13.219s] -- Installing: /home/hidro/galactic_ws/install/odri_ros2_hardware/share/odri_ros2_hardware/config/robots/solo12_in.yaml
[13.220s] -- Installing: /home/hidro/galactic_ws/install/odri_ros2_hardware/lib/odri_ros2_hardware/robot_interface
[13.221s] -- Set runtime path of "/home/hidro/galactic_ws/install/odri_ros2_hardware/lib/odri_ros2_hardware/robot_interface" to ""
[13.221s] -- Installing: /home/hidro/galactic_ws/install/odri_ros2_hardware/share/ament_index/resource_index/package_run_dependencies/odri_ros2_hardware
[13.221s] -- Installing: /home/hidro/galactic_ws/install/odri_ros2_hardware/share/ament_index/resource_index/parent_prefix_path/odri_ros2_hardware
[13.221s] -- Installing: /home/hidro/galactic_ws/install/odri_ros2_hardware/share/odri_ros2_hardware/environment/ament_prefix_path.sh
[13.222s] -- Installing: /home/hidro/galactic_ws/install/odri_ros2_hardware/share/odri_ros2_hardware/environment/ament_prefix_path.dsv
[13.222s] -- Installing: /home/hidro/galactic_ws/install/odri_ros2_hardware/share/odri_ros2_hardware/environment/path.sh
[13.222s] -- Installing: /home/hidro/galactic_ws/install/odri_ros2_hardware/share/odri_ros2_hardware/environment/path.dsv
[13.222s] -- Installing: /home/hidro/galactic_ws/install/odri_ros2_hardware/share/odri_ros2_hardware/local_setup.bash
[13.222s] -- Installing: /home/hidro/galactic_ws/install/odri_ros2_hardware/share/odri_ros2_hardware/local_setup.sh
[13.222s] -- Installing: /home/hidro/galactic_ws/install/odri_ros2_hardware/share/odri_ros2_hardware/local_setup.zsh
[13.223s] -- Installing: /home/hidro/galactic_ws/install/odri_ros2_hardware/share/odri_ros2_hardware/local_setup.dsv
[13.223s] -- Installing: /home/hidro/galactic_ws/install/odri_ros2_hardware/share/odri_ros2_hardware/package.dsv
[13.223s] -- Installing: /home/hidro/galactic_ws/install/odri_ros2_hardware/share/ament_index/resource_index/packages/odri_ros2_hardware
[13.223s] -- Installing: /home/hidro/galactic_ws/install/odri_ros2_hardware/share/odri_ros2_hardware/cmake/odri_ros2_hardwareConfig.cmake
[13.223s] -- Installing: /home/hidro/galactic_ws/install/odri_ros2_hardware/share/odri_ros2_hardware/cmake/odri_ros2_hardwareConfig-version.cmake
[13.224s] -- Installing: /home/hidro/galactic_ws/install/odri_ros2_hardware/share/odri_ros2_hardware/package.xml
[13.229s] Invoked command in '/home/hidro/galactic_ws/build/odri_ros2_hardware' returned '0': CMAKE_PREFIX_PATH=/home/hidro/galactic_ws/install/odri_ros2_interfaces:/home/hidro/galactic_ws/install/hidro_ros2_utils:/home/hidro/galactic_ws/install/vrpn_client_ros:/home/hidro/galactic_ws/install/solo12_bringup:/home/hidro/galactic_ws/install/offline_trajectory_publisher_state_machine_interface:/home/hidro/galactic_ws/install/odri_ros2_examples:/home/hidro/galactic_ws/install/odri_ros2_hardware:/home/hidro/galactic_ws/install/odri_ros2_gazebo:/home/hidro/galactic_ws/install/hidro_robots:/opt/openrobots:/opt/openrobots:/opt/ros/galactic LD_LIBRARY_PATH=/home/hidro/galactic_ws/install/odri_ros2_interfaces/lib:/home/hidro/galactic_ws/install/hidro_ros2_utils/lib:/home/hidro/galactic_ws/install/odri_ros2_gazebo/lib:/opt/ros/galactic/opt/yaml_cpp_vendor/lib:/opt/ros/galactic/lib/x86_64-linux-gnu:/opt/ros/galactic/lib:/opt/openrobots/lib:/usr/local/lib:/opt/openrobots/lib:/usr/local/lib PYTHONPATH=/home/hidro/galactic_ws/install/odri_ros2_interfaces/lib/python3.8/site-packages:/home/hidro/galactic_ws/install/hidro_ros2_utils/lib/python3.8/site-packages:/opt/ros/galactic/lib/python3.8/site-packages:/opt/openrobots/lib/python3.8/site-packages:/usr/local/lib/python3.8/site-packages:/opt/openrobots/lib/python3.8/site-packages:/usr/local/lib/python3.8/site-packages /usr/bin/cmake --install /home/hidro/galactic_ws/build/odri_ros2_hardware
