[0.039s] Invoking command in '/home/hidro/galactic_ws/build/hidro_ros2_utils': CMAKE_PREFIX_PATH=${CMAKE_PREFIX_PATH}:/opt/ros/galactic /usr/bin/cmake --build /home/hidro/galactic_ws/build/hidro_ros2_utils -- -j8 -l8
[0.111s] [  3%] Built target hidro_ros2_utils__cpp
[0.117s] [ 16%] Built target hidro_ros2_utils__rosidl_generator_c
[0.148s] [ 29%] Built target hidro_ros2_utils__rosidl_typesupport_introspection_c
[0.154s] [ 41%] Built target hidro_ros2_utils__rosidl_typesupport_introspection_cpp
[0.222s] [ 54%] Built target hidro_ros2_utils__rosidl_typesupport_c
[0.225s] [ 67%] Built target hidro_ros2_utils__rosidl_typesupport_cpp
[0.229s] [ 67%] Built target hidro_ros2_utils
[0.263s] [ 70%] Built target hidro_ros2_utils__py
[0.264s] [ 77%] Built target hidro_ros2_utils_lib
[0.288s] [ 87%] Built target hidro_ros2_utils__python
[0.320s] [ 93%] Built target hidro_ros2_utils__rosidl_typesupport_c__pyext
[0.328s] [100%] Built target hidro_ros2_utils__rosidl_typesupport_introspection_c__pyext
[0.341s] Invoked command in '/home/hidro/galactic_ws/build/hidro_ros2_utils' returned '0': CMAKE_PREFIX_PATH=${CMAKE_PREFIX_PATH}:/opt/ros/galactic /usr/bin/cmake --build /home/hidro/galactic_ws/build/hidro_ros2_utils -- -j8 -l8
[0.399s] Invoking command in '/home/hidro/galactic_ws/build/hidro_ros2_utils': CMAKE_PREFIX_PATH=${CMAKE_PREFIX_PATH}:/opt/ros/galactic /usr/bin/cmake --install /home/hidro/galactic_ws/build/hidro_ros2_utils
[0.411s] -- Install configuration: "Release"
[0.412s] -- Up-to-date: /home/hidro/galactic_ws/install/hidro_ros2_utils/share/ament_index/resource_index/rosidl_interfaces/hidro_ros2_utils
[0.412s] -- Up-to-date: /home/hidro/galactic_ws/install/hidro_ros2_utils/include/hidro_ros2_utils
[0.412s] -- Up-to-date: /home/hidro/galactic_ws/install/hidro_ros2_utils/include/hidro_ros2_utils/srv
[0.412s] -- Up-to-date: /home/hidro/galactic_ws/install/hidro_ros2_utils/include/hidro_ros2_utils/srv/transition_command.h
[0.412s] -- Up-to-date: /home/hidro/galactic_ws/install/hidro_ros2_utils/include/hidro_ros2_utils/srv/detail
[0.412s] -- Up-to-date: /home/hidro/galactic_ws/install/hidro_ros2_utils/include/hidro_ros2_utils/srv/detail/transition_command__type_support.h
[0.413s] -- Up-to-date: /home/hidro/galactic_ws/install/hidro_ros2_utils/include/hidro_ros2_utils/srv/detail/transition_command__functions.h
[0.413s] -- Up-to-date: /home/hidro/galactic_ws/install/hidro_ros2_utils/include/hidro_ros2_utils/srv/detail/transition_command__struct.h
[0.413s] -- Up-to-date: /home/hidro/galactic_ws/install/hidro_ros2_utils/include/hidro_ros2_utils/srv/detail/transition_command__functions.c
[0.413s] -- Up-to-date: /home/hidro/galactic_ws/install/hidro_ros2_utils/include/hidro_ros2_utils/msg
[0.413s] -- Up-to-date: /home/hidro/galactic_ws/install/hidro_ros2_utils/include/hidro_ros2_utils/msg/state_machine_status.h
[0.413s] -- Up-to-date: /home/hidro/galactic_ws/install/hidro_ros2_utils/include/hidro_ros2_utils/msg/rosidl_generator_c__visibility_control.h
[0.413s] -- Up-to-date: /home/hidro/galactic_ws/install/hidro_ros2_utils/include/hidro_ros2_utils/msg/detail
[0.414s] -- Up-to-date: /home/hidro/galactic_ws/install/hidro_ros2_utils/include/hidro_ros2_utils/msg/detail/state_machine_status__functions.c
[0.414s] -- Up-to-date: /home/hidro/galactic_ws/install/hidro_ros2_utils/include/hidro_ros2_utils/msg/detail/state_machine_status__type_support.h
[0.414s] -- Up-to-date: /home/hidro/galactic_ws/install/hidro_ros2_utils/include/hidro_ros2_utils/msg/detail/state_machine_status__functions.h
[0.414s] -- Up-to-date: /home/hidro/galactic_ws/install/hidro_ros2_utils/include/hidro_ros2_utils/msg/detail/state_machine_status__struct.h
[0.415s] -- Up-to-date: /home/hidro/galactic_ws/install/hidro_ros2_utils/share/hidro_ros2_utils/environment/library_path.sh
[0.415s] -- Up-to-date: /home/hidro/galactic_ws/install/hidro_ros2_utils/share/hidro_ros2_utils/environment/library_path.dsv
[0.415s] -- Up-to-date: /home/hidro/galactic_ws/install/hidro_ros2_utils/lib/libhidro_ros2_utils__rosidl_generator_c.so
[0.415s] -- Up-to-date: /home/hidro/galactic_ws/install/hidro_ros2_utils/include/hidro_ros2_utils
[0.415s] -- Up-to-date: /home/hidro/galactic_ws/install/hidro_ros2_utils/include/hidro_ros2_utils/srv
[0.415s] -- Up-to-date: /home/hidro/galactic_ws/install/hidro_ros2_utils/include/hidro_ros2_utils/srv/detail
[0.415s] -- Up-to-date: /home/hidro/galactic_ws/install/hidro_ros2_utils/include/hidro_ros2_utils/srv/detail/transition_command__type_support.c
[0.416s] -- Up-to-date: /home/hidro/galactic_ws/install/hidro_ros2_utils/include/hidro_ros2_utils/srv/detail/transition_command__rosidl_typesupport_introspection_c.h
[0.416s] -- Up-to-date: /home/hidro/galactic_ws/install/hidro_ros2_utils/include/hidro_ros2_utils/msg
[0.416s] -- Up-to-date: /home/hidro/galactic_ws/install/hidro_ros2_utils/include/hidro_ros2_utils/msg/rosidl_typesupport_introspection_c__visibility_control.h
[0.416s] -- Up-to-date: /home/hidro/galactic_ws/install/hidro_ros2_utils/include/hidro_ros2_utils/msg/detail
[0.416s] -- Up-to-date: /home/hidro/galactic_ws/install/hidro_ros2_utils/include/hidro_ros2_utils/msg/detail/state_machine_status__type_support.c
[0.416s] -- Up-to-date: /home/hidro/galactic_ws/install/hidro_ros2_utils/include/hidro_ros2_utils/msg/detail/state_machine_status__rosidl_typesupport_introspection_c.h
[0.416s] -- Up-to-date: /home/hidro/galactic_ws/install/hidro_ros2_utils/lib/libhidro_ros2_utils__rosidl_typesupport_introspection_c.so
[0.417s] -- Up-to-date: /home/hidro/galactic_ws/install/hidro_ros2_utils/lib/libhidro_ros2_utils__rosidl_typesupport_c.so
[0.417s] -- Up-to-date: /home/hidro/galactic_ws/install/hidro_ros2_utils/include/hidro_ros2_utils
[0.417s] -- Up-to-date: /home/hidro/galactic_ws/install/hidro_ros2_utils/include/hidro_ros2_utils/srv
[0.417s] -- Up-to-date: /home/hidro/galactic_ws/install/hidro_ros2_utils/include/hidro_ros2_utils/srv/transition_command.hpp
[0.417s] -- Up-to-date: /home/hidro/galactic_ws/install/hidro_ros2_utils/include/hidro_ros2_utils/srv/detail
[0.417s] -- Up-to-date: /home/hidro/galactic_ws/install/hidro_ros2_utils/include/hidro_ros2_utils/srv/detail/transition_command__struct.hpp
[0.417s] -- Up-to-date: /home/hidro/galactic_ws/install/hidro_ros2_utils/include/hidro_ros2_utils/srv/detail/transition_command__traits.hpp
[0.418s] -- Up-to-date: /home/hidro/galactic_ws/install/hidro_ros2_utils/include/hidro_ros2_utils/srv/detail/transition_command__builder.hpp
[0.418s] -- Up-to-date: /home/hidro/galactic_ws/install/hidro_ros2_utils/include/hidro_ros2_utils/msg
[0.418s] -- Up-to-date: /home/hidro/galactic_ws/install/hidro_ros2_utils/include/hidro_ros2_utils/msg/state_machine_status.hpp
[0.418s] -- Up-to-date: /home/hidro/galactic_ws/install/hidro_ros2_utils/include/hidro_ros2_utils/msg/detail
[0.418s] -- Up-to-date: /home/hidro/galactic_ws/install/hidro_ros2_utils/include/hidro_ros2_utils/msg/detail/state_machine_status__traits.hpp
[0.419s] -- Up-to-date: /home/hidro/galactic_ws/install/hidro_ros2_utils/include/hidro_ros2_utils/msg/detail/state_machine_status__builder.hpp
[0.419s] -- Up-to-date: /home/hidro/galactic_ws/install/hidro_ros2_utils/include/hidro_ros2_utils/msg/detail/state_machine_status__struct.hpp
[0.419s] -- Up-to-date: /home/hidro/galactic_ws/install/hidro_ros2_utils/include/hidro_ros2_utils
[0.419s] -- Up-to-date: /home/hidro/galactic_ws/install/hidro_ros2_utils/include/hidro_ros2_utils/srv
[0.419s] -- Up-to-date: /home/hidro/galactic_ws/install/hidro_ros2_utils/include/hidro_ros2_utils/srv/detail
[0.420s] -- Up-to-date: /home/hidro/galactic_ws/install/hidro_ros2_utils/include/hidro_ros2_utils/srv/detail/transition_command__type_support.cpp
[0.420s] -- Up-to-date: /home/hidro/galactic_ws/install/hidro_ros2_utils/include/hidro_ros2_utils/srv/detail/transition_command__rosidl_typesupport_introspection_cpp.hpp
[0.420s] -- Up-to-date: /home/hidro/galactic_ws/install/hidro_ros2_utils/include/hidro_ros2_utils/msg
[0.420s] -- Up-to-date: /home/hidro/galactic_ws/install/hidro_ros2_utils/include/hidro_ros2_utils/msg/detail
[0.420s] -- Up-to-date: /home/hidro/galactic_ws/install/hidro_ros2_utils/include/hidro_ros2_utils/msg/detail/state_machine_status__rosidl_typesupport_introspection_cpp.hpp
[0.420s] -- Up-to-date: /home/hidro/galactic_ws/install/hidro_ros2_utils/include/hidro_ros2_utils/msg/detail/state_machine_status__type_support.cpp
[0.421s] -- Up-to-date: /home/hidro/galactic_ws/install/hidro_ros2_utils/lib/libhidro_ros2_utils__rosidl_typesupport_introspection_cpp.so
[0.421s] -- Up-to-date: /home/hidro/galactic_ws/install/hidro_ros2_utils/lib/libhidro_ros2_utils__rosidl_typesupport_cpp.so
[0.421s] -- Up-to-date: /home/hidro/galactic_ws/install/hidro_ros2_utils/share/hidro_ros2_utils/environment/pythonpath.sh
[0.421s] -- Up-to-date: /home/hidro/galactic_ws/install/hidro_ros2_utils/share/hidro_ros2_utils/environment/pythonpath.dsv
[0.421s] -- Up-to-date: /home/hidro/galactic_ws/install/hidro_ros2_utils/lib/python3.8/site-packages/hidro_ros2_utils/__init__.py
[0.451s] -- Up-to-date: /home/hidro/galactic_ws/install/hidro_ros2_utils/lib/python3.8/site-packages/hidro_ros2_utils/srv
[0.451s] -- Up-to-date: /home/hidro/galactic_ws/install/hidro_ros2_utils/lib/python3.8/site-packages/hidro_ros2_utils/srv/__init__.py
[0.451s] -- Up-to-date: /home/hidro/galactic_ws/install/hidro_ros2_utils/lib/python3.8/site-packages/hidro_ros2_utils/srv/_transition_command.py
[0.451s] -- Up-to-date: /home/hidro/galactic_ws/install/hidro_ros2_utils/lib/python3.8/site-packages/hidro_ros2_utils/srv/_transition_command_s.c
[0.451s] -- Up-to-date: /home/hidro/galactic_ws/install/hidro_ros2_utils/lib/python3.8/site-packages/hidro_ros2_utils/msg
[0.452s] -- Up-to-date: /home/hidro/galactic_ws/install/hidro_ros2_utils/lib/python3.8/site-packages/hidro_ros2_utils/msg/__init__.py
[0.452s] -- Up-to-date: /home/hidro/galactic_ws/install/hidro_ros2_utils/lib/python3.8/site-packages/hidro_ros2_utils/msg/_state_machine_status.py
[0.452s] -- Up-to-date: /home/hidro/galactic_ws/install/hidro_ros2_utils/lib/python3.8/site-packages/hidro_ros2_utils/msg/_state_machine_status_s.c
[0.452s] -- Up-to-date: /home/hidro/galactic_ws/install/hidro_ros2_utils/lib/python3.8/site-packages/hidro_ros2_utils/hidro_ros2_utils_s__rosidl_typesupport_introspection_c.cpython-38-x86_64-linux-gnu.so
[0.452s] -- Up-to-date: /home/hidro/galactic_ws/install/hidro_ros2_utils/lib/python3.8/site-packages/hidro_ros2_utils/hidro_ros2_utils_s__rosidl_typesupport_c.cpython-38-x86_64-linux-gnu.so
[0.453s] -- Up-to-date: /home/hidro/galactic_ws/install/hidro_ros2_utils/lib/libhidro_ros2_utils__python.so
[0.453s] -- Up-to-date: /home/hidro/galactic_ws/install/hidro_ros2_utils/share/hidro_ros2_utils/srv/TransitionCommand.idl
[0.453s] -- Up-to-date: /home/hidro/galactic_ws/install/hidro_ros2_utils/share/hidro_ros2_utils/msg/StateMachineStatus.idl
[0.453s] -- Up-to-date: /home/hidro/galactic_ws/install/hidro_ros2_utils/share/hidro_ros2_utils/srv/TransitionCommand.srv
[0.453s] -- Up-to-date: /home/hidro/galactic_ws/install/hidro_ros2_utils/share/hidro_ros2_utils/srv/TransitionCommand_Request.msg
[0.454s] -- Up-to-date: /home/hidro/galactic_ws/install/hidro_ros2_utils/share/hidro_ros2_utils/srv/TransitionCommand_Response.msg
[0.454s] -- Up-to-date: /home/hidro/galactic_ws/install/hidro_ros2_utils/share/hidro_ros2_utils/msg/StateMachineStatus.msg
[0.454s] -- Up-to-date: /home/hidro/galactic_ws/install/hidro_ros2_utils/include/hidro_ros2_utils
[0.454s] -- Up-to-date: /home/hidro/galactic_ws/install/hidro_ros2_utils/include/hidro_ros2_utils/state_machine_interface.hpp
[0.454s] -- Up-to-date: /home/hidro/galactic_ws/install/hidro_ros2_utils/lib/libhidro_ros2_utils_lib.so
[0.454s] -- Up-to-date: /home/hidro/galactic_ws/install/hidro_ros2_utils/share/ament_index/resource_index/package_run_dependencies/hidro_ros2_utils
[0.454s] -- Up-to-date: /home/hidro/galactic_ws/install/hidro_ros2_utils/share/ament_index/resource_index/parent_prefix_path/hidro_ros2_utils
[0.454s] -- Up-to-date: /home/hidro/galactic_ws/install/hidro_ros2_utils/share/hidro_ros2_utils/environment/ament_prefix_path.sh
[0.455s] -- Up-to-date: /home/hidro/galactic_ws/install/hidro_ros2_utils/share/hidro_ros2_utils/environment/ament_prefix_path.dsv
[0.455s] -- Up-to-date: /home/hidro/galactic_ws/install/hidro_ros2_utils/share/hidro_ros2_utils/environment/path.sh
[0.455s] -- Up-to-date: /home/hidro/galactic_ws/install/hidro_ros2_utils/share/hidro_ros2_utils/environment/path.dsv
[0.455s] -- Up-to-date: /home/hidro/galactic_ws/install/hidro_ros2_utils/share/hidro_ros2_utils/local_setup.bash
[0.455s] -- Up-to-date: /home/hidro/galactic_ws/install/hidro_ros2_utils/share/hidro_ros2_utils/local_setup.sh
[0.456s] -- Up-to-date: /home/hidro/galactic_ws/install/hidro_ros2_utils/share/hidro_ros2_utils/local_setup.zsh
[0.456s] -- Up-to-date: /home/hidro/galactic_ws/install/hidro_ros2_utils/share/hidro_ros2_utils/local_setup.dsv
[0.456s] -- Installing: /home/hidro/galactic_ws/install/hidro_ros2_utils/share/hidro_ros2_utils/package.dsv
[0.456s] -- Up-to-date: /home/hidro/galactic_ws/install/hidro_ros2_utils/share/ament_index/resource_index/packages/hidro_ros2_utils
[0.456s] -- Up-to-date: /home/hidro/galactic_ws/install/hidro_ros2_utils/share/hidro_ros2_utils/cmake/hidro_ros2_utils__rosidl_generator_cExport.cmake
[0.457s] -- Up-to-date: /home/hidro/galactic_ws/install/hidro_ros2_utils/share/hidro_ros2_utils/cmake/hidro_ros2_utils__rosidl_generator_cExport-release.cmake
[0.457s] -- Up-to-date: /home/hidro/galactic_ws/install/hidro_ros2_utils/share/hidro_ros2_utils/cmake/hidro_ros2_utils__rosidl_typesupport_introspection_cExport.cmake
[0.457s] -- Up-to-date: /home/hidro/galactic_ws/install/hidro_ros2_utils/share/hidro_ros2_utils/cmake/hidro_ros2_utils__rosidl_typesupport_introspection_cExport-release.cmake
[0.457s] -- Up-to-date: /home/hidro/galactic_ws/install/hidro_ros2_utils/share/hidro_ros2_utils/cmake/hidro_ros2_utils__rosidl_typesupport_cExport.cmake
[0.457s] -- Up-to-date: /home/hidro/galactic_ws/install/hidro_ros2_utils/share/hidro_ros2_utils/cmake/hidro_ros2_utils__rosidl_typesupport_cExport-release.cmake
[0.458s] -- Up-to-date: /home/hidro/galactic_ws/install/hidro_ros2_utils/share/hidro_ros2_utils/cmake/hidro_ros2_utils__rosidl_generator_cppExport.cmake
[0.458s] -- Up-to-date: /home/hidro/galactic_ws/install/hidro_ros2_utils/share/hidro_ros2_utils/cmake/hidro_ros2_utils__rosidl_typesupport_introspection_cppExport.cmake
[0.458s] -- Up-to-date: /home/hidro/galactic_ws/install/hidro_ros2_utils/share/hidro_ros2_utils/cmake/hidro_ros2_utils__rosidl_typesupport_introspection_cppExport-release.cmake
[0.458s] -- Up-to-date: /home/hidro/galactic_ws/install/hidro_ros2_utils/share/hidro_ros2_utils/cmake/hidro_ros2_utils__rosidl_typesupport_cppExport.cmake
[0.458s] -- Up-to-date: /home/hidro/galactic_ws/install/hidro_ros2_utils/share/hidro_ros2_utils/cmake/hidro_ros2_utils__rosidl_typesupport_cppExport-release.cmake
[0.458s] -- Up-to-date: /home/hidro/galactic_ws/install/hidro_ros2_utils/share/hidro_ros2_utils/cmake/hidro_ros2_utilsTargetsExport.cmake
[0.459s] -- Up-to-date: /home/hidro/galactic_ws/install/hidro_ros2_utils/share/hidro_ros2_utils/cmake/hidro_ros2_utilsTargetsExport-release.cmake
[0.459s] -- Up-to-date: /home/hidro/galactic_ws/install/hidro_ros2_utils/share/hidro_ros2_utils/cmake/rosidl_cmake-extras.cmake
[0.459s] -- Up-to-date: /home/hidro/galactic_ws/install/hidro_ros2_utils/share/hidro_ros2_utils/cmake/ament_cmake_export_dependencies-extras.cmake
[0.459s] -- Up-to-date: /home/hidro/galactic_ws/install/hidro_ros2_utils/share/hidro_ros2_utils/cmake/ament_cmake_export_libraries-extras.cmake
[0.459s] -- Up-to-date: /home/hidro/galactic_ws/install/hidro_ros2_utils/share/hidro_ros2_utils/cmake/ament_cmake_export_targets-extras.cmake
[0.460s] -- Up-to-date: /home/hidro/galactic_ws/install/hidro_ros2_utils/share/hidro_ros2_utils/cmake/ament_cmake_export_include_directories-extras.cmake
[0.464s] -- Up-to-date: /home/hidro/galactic_ws/install/hidro_ros2_utils/share/hidro_ros2_utils/cmake/rosidl_cmake_export_typesupport_targets-extras.cmake
[0.464s] -- Up-to-date: /home/hidro/galactic_ws/install/hidro_ros2_utils/share/hidro_ros2_utils/cmake/hidro_ros2_utilsConfig.cmake
[0.464s] -- Up-to-date: /home/hidro/galactic_ws/install/hidro_ros2_utils/share/hidro_ros2_utils/cmake/hidro_ros2_utilsConfig-version.cmake
[0.464s] -- Up-to-date: /home/hidro/galactic_ws/install/hidro_ros2_utils/share/hidro_ros2_utils/package.xml
[0.465s] Invoked command in '/home/hidro/galactic_ws/build/hidro_ros2_utils' returned '0': CMAKE_PREFIX_PATH=${CMAKE_PREFIX_PATH}:/opt/ros/galactic /usr/bin/cmake --install /home/hidro/galactic_ws/build/hidro_ros2_utils
