[0.020s] Invoking command in '/home/hidro/galactic_ws/build/odri_ros2_hardware': CMAKE_PREFIX_PATH=/home/hidro/galactic_ws/install/odri_ros2_interfaces:/home/hidro/galactic_ws/install/hidro_ros2_utils:/home/hidro/galactic_ws/install/vrpn_client_ros:/home/hidro/galactic_ws/install/solo12_bringup:/home/hidro/galactic_ws/install/offline_trajectory_publisher_state_machine_interface:/home/hidro/galactic_ws/install/odri_ros2_examples:/home/hidro/galactic_ws/install/odri_ros2_hardware:/home/hidro/galactic_ws/install/odri_ros2_gazebo:/home/hidro/galactic_ws/install/hidro_robots:/opt/openrobots:/opt/openrobots:/opt/ros/galactic LD_LIBRARY_PATH=/home/hidro/galactic_ws/install/odri_ros2_interfaces/lib:/home/hidro/galactic_ws/install/hidro_ros2_utils/lib:/home/hidro/galactic_ws/install/odri_ros2_gazebo/lib:/opt/ros/galactic/opt/yaml_cpp_vendor/lib:/opt/ros/galactic/lib/x86_64-linux-gnu:/opt/ros/galactic/lib:/opt/openrobots/lib:/usr/local/lib:/opt/openrobots/lib:/usr/local/lib PYTHONPATH=/home/hidro/galactic_ws/install/odri_ros2_interfaces/lib/python3.8/site-packages:/home/hidro/galactic_ws/install/hidro_ros2_utils/lib/python3.8/site-packages:/opt/ros/galactic/lib/python3.8/site-packages:/opt/openrobots/lib/python3.8/site-packages:/usr/local/lib/python3.8/site-packages:/opt/openrobots/lib/python3.8/site-packages:/usr/local/lib/python3.8/site-packages /usr/bin/cmake --build /home/hidro/galactic_ws/build/odri_ros2_hardware -- -j8 -l8
[0.078s] [100%] Built target robot_interface
[0.090s] Invoked command in '/home/hidro/galactic_ws/build/odri_ros2_hardware' returned '0': CMAKE_PREFIX_PATH=/home/hidro/galactic_ws/install/odri_ros2_interfaces:/home/hidro/galactic_ws/install/hidro_ros2_utils:/home/hidro/galactic_ws/install/vrpn_client_ros:/home/hidro/galactic_ws/install/solo12_bringup:/home/hidro/galactic_ws/install/offline_trajectory_publisher_state_machine_interface:/home/hidro/galactic_ws/install/odri_ros2_examples:/home/hidro/galactic_ws/install/odri_ros2_hardware:/home/hidro/galactic_ws/install/odri_ros2_gazebo:/home/hidro/galactic_ws/install/hidro_robots:/opt/openrobots:/opt/openrobots:/opt/ros/galactic LD_LIBRARY_PATH=/home/hidro/galactic_ws/install/odri_ros2_interfaces/lib:/home/hidro/galactic_ws/install/hidro_ros2_utils/lib:/home/hidro/galactic_ws/install/odri_ros2_gazebo/lib:/opt/ros/galactic/opt/yaml_cpp_vendor/lib:/opt/ros/galactic/lib/x86_64-linux-gnu:/opt/ros/galactic/lib:/opt/openrobots/lib:/usr/local/lib:/opt/openrobots/lib:/usr/local/lib PYTHONPATH=/home/hidro/galactic_ws/install/odri_ros2_interfaces/lib/python3.8/site-packages:/home/hidro/galactic_ws/install/hidro_ros2_utils/lib/python3.8/site-packages:/opt/ros/galactic/lib/python3.8/site-packages:/opt/openrobots/lib/python3.8/site-packages:/usr/local/lib/python3.8/site-packages:/opt/openrobots/lib/python3.8/site-packages:/usr/local/lib/python3.8/site-packages /usr/bin/cmake --build /home/hidro/galactic_ws/build/odri_ros2_hardware -- -j8 -l8
[0.119s] Invoking command in '/home/hidro/galactic_ws/build/odri_ros2_hardware': CMAKE_PREFIX_PATH=/home/hidro/galactic_ws/install/odri_ros2_interfaces:/home/hidro/galactic_ws/install/hidro_ros2_utils:/home/hidro/galactic_ws/install/vrpn_client_ros:/home/hidro/galactic_ws/install/solo12_bringup:/home/hidro/galactic_ws/install/offline_trajectory_publisher_state_machine_interface:/home/hidro/galactic_ws/install/odri_ros2_examples:/home/hidro/galactic_ws/install/odri_ros2_hardware:/home/hidro/galactic_ws/install/odri_ros2_gazebo:/home/hidro/galactic_ws/install/hidro_robots:/opt/openrobots:/opt/openrobots:/opt/ros/galactic LD_LIBRARY_PATH=/home/hidro/galactic_ws/install/odri_ros2_interfaces/lib:/home/hidro/galactic_ws/install/hidro_ros2_utils/lib:/home/hidro/galactic_ws/install/odri_ros2_gazebo/lib:/opt/ros/galactic/opt/yaml_cpp_vendor/lib:/opt/ros/galactic/lib/x86_64-linux-gnu:/opt/ros/galactic/lib:/opt/openrobots/lib:/usr/local/lib:/opt/openrobots/lib:/usr/local/lib PYTHONPATH=/home/hidro/galactic_ws/install/odri_ros2_interfaces/lib/python3.8/site-packages:/home/hidro/galactic_ws/install/hidro_ros2_utils/lib/python3.8/site-packages:/opt/ros/galactic/lib/python3.8/site-packages:/opt/openrobots/lib/python3.8/site-packages:/usr/local/lib/python3.8/site-packages:/opt/openrobots/lib/python3.8/site-packages:/usr/local/lib/python3.8/site-packages /usr/bin/cmake --install /home/hidro/galactic_ws/build/odri_ros2_hardware
[0.127s] -- Install configuration: "Release"
[0.127s] -- Up-to-date: /home/hidro/galactic_ws/install/odri_ros2_hardware/share/odri_ros2_hardware/launch
[0.127s] -- Up-to-date: /home/hidro/galactic_ws/install/odri_ros2_hardware/share/odri_ros2_hardware/launch/_robot_interface.launch.py
[0.128s] -- Up-to-date: /home/hidro/galactic_ws/install/odri_ros2_hardware/share/odri_ros2_hardware/config
[0.128s] -- Up-to-date: /home/hidro/galactic_ws/install/odri_ros2_hardware/share/odri_ros2_hardware/config/flying_arm_2.yaml
[0.128s] -- Up-to-date: /home/hidro/galactic_ws/install/odri_ros2_hardware/share/odri_ros2_hardware/config/solo12_out.yaml
[0.128s] -- Up-to-date: /home/hidro/galactic_ws/install/odri_ros2_hardware/share/odri_ros2_hardware/config/robots
[0.129s] -- Up-to-date: /home/hidro/galactic_ws/install/odri_ros2_hardware/share/odri_ros2_hardware/config/robots/flying_arm_2.yaml
[0.129s] -- Up-to-date: /home/hidro/galactic_ws/install/odri_ros2_hardware/share/odri_ros2_hardware/config/robots/solo12_in.yaml
[0.129s] -- Up-to-date: /home/hidro/galactic_ws/install/odri_ros2_hardware/lib/odri_ros2_hardware/robot_interface
[0.129s] -- Up-to-date: /home/hidro/galactic_ws/install/odri_ros2_hardware/share/ament_index/resource_index/package_run_dependencies/odri_ros2_hardware
[0.129s] -- Up-to-date: /home/hidro/galactic_ws/install/odri_ros2_hardware/share/ament_index/resource_index/parent_prefix_path/odri_ros2_hardware
[0.129s] -- Up-to-date: /home/hidro/galactic_ws/install/odri_ros2_hardware/share/odri_ros2_hardware/environment/ament_prefix_path.sh
[0.129s] -- Up-to-date: /home/hidro/galactic_ws/install/odri_ros2_hardware/share/odri_ros2_hardware/environment/ament_prefix_path.dsv
[0.130s] -- Up-to-date: /home/hidro/galactic_ws/install/odri_ros2_hardware/share/odri_ros2_hardware/environment/path.sh
[0.130s] -- Up-to-date: /home/hidro/galactic_ws/install/odri_ros2_hardware/share/odri_ros2_hardware/environment/path.dsv
[0.134s] -- Up-to-date: /home/hidro/galactic_ws/install/odri_ros2_hardware/share/odri_ros2_hardware/local_setup.bash
[0.134s] -- Up-to-date: /home/hidro/galactic_ws/install/odri_ros2_hardware/share/odri_ros2_hardware/local_setup.sh
[0.135s] -- Up-to-date: /home/hidro/galactic_ws/install/odri_ros2_hardware/share/odri_ros2_hardware/local_setup.zsh
[0.135s] -- Up-to-date: /home/hidro/galactic_ws/install/odri_ros2_hardware/share/odri_ros2_hardware/local_setup.dsv
[0.135s] -- Installing: /home/hidro/galactic_ws/install/odri_ros2_hardware/share/odri_ros2_hardware/package.dsv
[0.135s] -- Up-to-date: /home/hidro/galactic_ws/install/odri_ros2_hardware/share/ament_index/resource_index/packages/odri_ros2_hardware
[0.135s] -- Up-to-date: /home/hidro/galactic_ws/install/odri_ros2_hardware/share/odri_ros2_hardware/cmake/odri_ros2_hardwareConfig.cmake
[0.135s] -- Up-to-date: /home/hidro/galactic_ws/install/odri_ros2_hardware/share/odri_ros2_hardware/cmake/odri_ros2_hardwareConfig-version.cmake
[0.135s] -- Up-to-date: /home/hidro/galactic_ws/install/odri_ros2_hardware/share/odri_ros2_hardware/package.xml
[0.136s] Invoked command in '/home/hidro/galactic_ws/build/odri_ros2_hardware' returned '0': CMAKE_PREFIX_PATH=/home/hidro/galactic_ws/install/odri_ros2_interfaces:/home/hidro/galactic_ws/install/hidro_ros2_utils:/home/hidro/galactic_ws/install/vrpn_client_ros:/home/hidro/galactic_ws/install/solo12_bringup:/home/hidro/galactic_ws/install/offline_trajectory_publisher_state_machine_interface:/home/hidro/galactic_ws/install/odri_ros2_examples:/home/hidro/galactic_ws/install/odri_ros2_hardware:/home/hidro/galactic_ws/install/odri_ros2_gazebo:/home/hidro/galactic_ws/install/hidro_robots:/opt/openrobots:/opt/openrobots:/opt/ros/galactic LD_LIBRARY_PATH=/home/hidro/galactic_ws/install/odri_ros2_interfaces/lib:/home/hidro/galactic_ws/install/hidro_ros2_utils/lib:/home/hidro/galactic_ws/install/odri_ros2_gazebo/lib:/opt/ros/galactic/opt/yaml_cpp_vendor/lib:/opt/ros/galactic/lib/x86_64-linux-gnu:/opt/ros/galactic/lib:/opt/openrobots/lib:/usr/local/lib:/opt/openrobots/lib:/usr/local/lib PYTHONPATH=/home/hidro/galactic_ws/install/odri_ros2_interfaces/lib/python3.8/site-packages:/home/hidro/galactic_ws/install/hidro_ros2_utils/lib/python3.8/site-packages:/opt/ros/galactic/lib/python3.8/site-packages:/opt/openrobots/lib/python3.8/site-packages:/usr/local/lib/python3.8/site-packages:/opt/openrobots/lib/python3.8/site-packages:/usr/local/lib/python3.8/site-packages /usr/bin/cmake --install /home/hidro/galactic_ws/build/odri_ros2_hardware
