[0.016s] Invoking command in '/home/hidro/galactic_ws/build/odri_ros2_gazebo': CMAKE_PREFIX_PATH=/home/hidro/galactic_ws/install/odri_ros2_interfaces:/home/hidro/galactic_ws/install/vrpn_client_ros:/home/hidro/galactic_ws/install/solo12_bringup:/home/hidro/galactic_ws/install/offline_trajectory_publisher_state_machine_interface:/home/hidro/galactic_ws/install/odri_ros2_examples:/home/hidro/galactic_ws/install/odri_ros2_hardware:/home/hidro/galactic_ws/install/hidro_ros2_utils:/home/hidro/galactic_ws/install/hidro_robots:/opt/openrobots:/opt/openrobots:/opt/ros/galactic LD_LIBRARY_PATH=/home/hidro/galactic_ws/install/odri_ros2_interfaces/lib:/home/hidro/galactic_ws/install/hidro_ros2_utils/lib:/opt/ros/galactic/opt/yaml_cpp_vendor/lib:/opt/ros/galactic/lib/x86_64-linux-gnu:/opt/ros/galactic/lib:/opt/openrobots/lib:/usr/local/lib:/opt/openrobots/lib:/usr/local/lib PYTHONPATH=/home/hidro/galactic_ws/install/odri_ros2_interfaces/lib/python3.8/site-packages:/home/hidro/galactic_ws/install/hidro_ros2_utils/lib/python3.8/site-packages:/opt/ros/galactic/lib/python3.8/site-packages:/opt/openrobots/lib/python3.8/site-packages:/usr/local/lib/python3.8/site-packages:/opt/openrobots/lib/python3.8/site-packages:/usr/local/lib/python3.8/site-packages /usr/bin/cmake /home/hidro/galactic_ws/src/odri_ros2/odri_ros2_gazebo -DCMAKE_EXPORT_COMPILE_COMMANDS=ON -DCMAKE_BUILD_TYPE=Release -DCMAKE_INSTALL_PREFIX=/home/hidro/galactic_ws/install/odri_ros2_gazebo
[0.238s] -- The C compiler identification is GNU 9.4.0
[0.443s] -- The CXX compiler identification is GNU 9.4.0
[0.451s] -- Check for working C compiler: /usr/bin/cc
[0.517s] -- Check for working C compiler: /usr/bin/cc -- works
[0.519s] -- Detecting C compiler ABI info
[0.583s] -- Detecting C compiler ABI info - done
[0.593s] -- Detecting C compile features
[0.594s] -- Detecting C compile features - done
[0.597s] -- Check for working CXX compiler: /usr/bin/c++
[0.670s] -- Check for working CXX compiler: /usr/bin/c++ -- works
[0.670s] -- Detecting CXX compiler ABI info
[0.746s] -- Detecting CXX compiler ABI info - done
[0.758s] -- Detecting CXX compile features
[0.758s] -- Detecting CXX compile features - done
[0.762s] -- Found ament_cmake: 1.1.6 (/opt/ros/galactic/share/ament_cmake/cmake)
[0.784s] -- Found PythonInterp: /usr/bin/python3 (found suitable version "3.8.10", minimum required is "3") 
[0.784s] -- Using PYTHON_EXECUTABLE: /usr/bin/python3
[0.874s] -- Found PkgConfig: /usr/bin/pkg-config (found version "0.29.1") 
[0.878s] -- Checking for module 'bullet>=2.82'
[0.897s] --   Found bullet, version 2.88
[0.999s] -- Found ccd: /usr/include (found suitable version "2.0", minimum required is "2.0") 
[1.049s] -- Found fcl: /usr/include (found suitable version "0.5.0", minimum required is "0.3.2") 
[1.098s] -- Found assimp: /usr/include (found version "5.0.0") 
[1.126s] -- Found DART: /usr/include (Required is at least version "6.6") found components: dart 
[1.418s] -- Found Boost: /usr/lib/x86_64-linux-gnu/cmake/Boost-1.71.0/BoostConfig.cmake (found suitable version "1.71.0", minimum required is "1.40.0") found components: thread system filesystem program_options regex iostreams date_time 
[1.470s] -- Found Protobuf: /usr/lib/x86_64-linux-gnu/libprotobuf.so;-lpthread (found version "3.6.1") 
[1.493s] -- Looking for ignition-math6 -- found version 6.13.0
[1.509s] -- Searching for dependencies of ignition-math6
[1.512s] -- Looking for OGRE...
[1.513s] -- OGRE_PREFIX_WATCH changed.
[1.518s] -- Checking for module 'OGRE'
[1.532s] --   Found OGRE, version 1.9.0
[1.566s] -- Found Ogre Ghadamon (1.9.0)
[1.572s] -- Found OGRE: optimized;/usr/lib/x86_64-linux-gnu/libOgreMain.so;debug;/usr/lib/x86_64-linux-gnu/libOgreMain.so
[1.582s] -- Looking for OGRE_Paging...
[1.587s] -- Found OGRE_Paging: optimized;/usr/lib/x86_64-linux-gnu/libOgrePaging.so;debug;/usr/lib/x86_64-linux-gnu/libOgrePaging.so
[1.587s] -- Looking for OGRE_Terrain...
[1.591s] -- Found OGRE_Terrain: optimized;/usr/lib/x86_64-linux-gnu/libOgreTerrain.so;debug;/usr/lib/x86_64-linux-gnu/libOgreTerrain.so
[1.591s] -- Looking for OGRE_Property...
[1.596s] -- Found OGRE_Property: optimized;/usr/lib/x86_64-linux-gnu/libOgreProperty.so;debug;/usr/lib/x86_64-linux-gnu/libOgreProperty.so
[1.597s] -- Looking for OGRE_RTShaderSystem...
[1.601s] -- Found OGRE_RTShaderSystem: optimized;/usr/lib/x86_64-linux-gnu/libOgreRTShaderSystem.so;debug;/usr/lib/x86_64-linux-gnu/libOgreRTShaderSystem.so
[1.601s] -- Looking for OGRE_Volume...
[1.606s] -- Found OGRE_Volume: optimized;/usr/lib/x86_64-linux-gnu/libOgreVolume.so;debug;/usr/lib/x86_64-linux-gnu/libOgreVolume.so
[1.606s] -- Looking for OGRE_Overlay...
[1.610s] -- Found OGRE_Overlay: optimized;/usr/lib/x86_64-linux-gnu/libOgreOverlay.so;debug;/usr/lib/x86_64-linux-gnu/libOgreOverlay.so
[1.717s] -- Looking for ignition-math6 -- found version 6.13.0
[1.720s] -- Looking for ignition-transport8 -- found version 8.3.0
[1.720s] -- Searching for dependencies of ignition-transport8
[1.734s] -- Found Protobuf: /usr/lib/x86_64-linux-gnu/libprotobuf.so;-lpthread (found suitable version "3.6.1", minimum required is "3") 
[1.741s] -- Config-file not installed for ZeroMQ -- checking for pkg-config
[1.745s] -- Checking for module 'libzmq >= 4'
[1.760s] --   Found libzmq , version 4.3.2
[1.795s] -- Found ZeroMQ: TRUE (Required is at least version "4") 
[1.801s] -- Checking for module 'uuid'
[1.815s] --   Found uuid, version 2.34.0
[1.848s] -- Found UUID: TRUE  
[1.851s] -- Looking for ignition-msgs5 -- found version 5.10.0
[1.851s] -- Searching for dependencies of ignition-msgs5
[1.869s] -- Looking for ignition-math6 -- found version 6.13.0
[1.874s] -- Checking for module 'tinyxml2'
[1.888s] --   Found tinyxml2, version 6.2.0
[1.923s] -- Looking for ignition-msgs5 -- found version 5.10.0
[1.926s] -- Looking for ignition-common3 -- found version 3.14.2
[1.926s] -- Searching for dependencies of ignition-common3
[1.927s] -- Looking for dlfcn.h - found
[1.928s] -- Looking for libdl - found
[1.929s] -- Found DL: TRUE  
[1.937s] -- Searching for <ignition-common3> component [graphics]
[1.940s] -- Looking for ignition-common3-graphics -- found version 3.14.2
[1.940s] -- Searching for dependencies of ignition-common3-graphics
[1.941s] -- Looking for ignition-math6 -- found version 6.13.0
[1.944s] -- Looking for ignition-fuel_tools4 -- found version 4.6.0
[1.944s] -- Searching for dependencies of ignition-fuel_tools4
[2.010s] -- Found CURL: /usr/lib/x86_64-linux-gnu/libcurl.so (found version "7.68.0")  
[2.018s] -- Checking for module 'jsoncpp'
[2.032s] --   Found jsoncpp, version 1.7.4
[2.065s] -- Found JSONCPP: TRUE  
[2.072s] -- Checking for module 'libzip'
[2.086s] --   Found libzip, version 1.5.1
[2.120s] -- Found ZIP: TRUE  
[2.120s] -- Looking for ignition-common3 -- found version 3.14.2
[2.121s] -- Looking for ignition-math6 -- found version 6.13.0
[2.121s] -- Looking for ignition-msgs5 -- found version 5.10.0
[2.124s] -- Found gazebo_ros: 3.5.2 (/opt/ros/galactic/share/gazebo_ros/cmake)
[2.180s] -- Using single rosidl_typesupport_c: rosidl_typesupport_introspection_c
[2.188s] -- Found rosidl_adapter: 2.2.3 (/opt/ros/galactic/share/rosidl_adapter/cmake)
[2.212s] -- Using single rosidl_typesupport_cpp: rosidl_typesupport_introspection_cpp
[2.283s] -- Found rmw_implementation_cmake: 3.3.1 (/opt/ros/galactic/share/rmw_implementation_cmake/cmake)
[2.287s] -- Found rmw_cyclonedds_cpp: 0.22.6 (/opt/ros/galactic/share/rmw_cyclonedds_cpp/cmake)
[2.308s] -- Using RMW implementation 'rmw_cyclonedds_cpp' as default
[2.310s] -- Found Threads: TRUE  
[2.463s] -- Gazebo version: 11.11
[2.470s] -- Found odri_ros2_interfaces: 0.0.0 (/home/hidro/galactic_ws/install/odri_ros2_interfaces/share/odri_ros2_interfaces/cmake)
[2.499s] -- Found hidro_ros2_utils: 0.0.0 (/home/hidro/galactic_ws/install/hidro_ros2_utils/share/hidro_ros2_utils/cmake)
[2.623s] -- Configuring done
[2.705s] -- Generating done
[2.707s] -- Build files have been written to: /home/hidro/galactic_ws/build/odri_ros2_gazebo
[2.716s] Invoked command in '/home/hidro/galactic_ws/build/odri_ros2_gazebo' returned '0': CMAKE_PREFIX_PATH=/home/hidro/galactic_ws/install/odri_ros2_interfaces:/home/hidro/galactic_ws/install/vrpn_client_ros:/home/hidro/galactic_ws/install/solo12_bringup:/home/hidro/galactic_ws/install/offline_trajectory_publisher_state_machine_interface:/home/hidro/galactic_ws/install/odri_ros2_examples:/home/hidro/galactic_ws/install/odri_ros2_hardware:/home/hidro/galactic_ws/install/hidro_ros2_utils:/home/hidro/galactic_ws/install/hidro_robots:/opt/openrobots:/opt/openrobots:/opt/ros/galactic LD_LIBRARY_PATH=/home/hidro/galactic_ws/install/odri_ros2_interfaces/lib:/home/hidro/galactic_ws/install/hidro_ros2_utils/lib:/opt/ros/galactic/opt/yaml_cpp_vendor/lib:/opt/ros/galactic/lib/x86_64-linux-gnu:/opt/ros/galactic/lib:/opt/openrobots/lib:/usr/local/lib:/opt/openrobots/lib:/usr/local/lib PYTHONPATH=/home/hidro/galactic_ws/install/odri_ros2_interfaces/lib/python3.8/site-packages:/home/hidro/galactic_ws/install/hidro_ros2_utils/lib/python3.8/site-packages:/opt/ros/galactic/lib/python3.8/site-packages:/opt/openrobots/lib/python3.8/site-packages:/usr/local/lib/python3.8/site-packages:/opt/openrobots/lib/python3.8/site-packages:/usr/local/lib/python3.8/site-packages /usr/bin/cmake /home/hidro/galactic_ws/src/odri_ros2/odri_ros2_gazebo -DCMAKE_EXPORT_COMPILE_COMMANDS=ON -DCMAKE_BUILD_TYPE=Release -DCMAKE_INSTALL_PREFIX=/home/hidro/galactic_ws/install/odri_ros2_gazebo
[2.719s] Invoking command in '/home/hidro/galactic_ws/build/odri_ros2_gazebo': CMAKE_PREFIX_PATH=/home/hidro/galactic_ws/install/odri_ros2_interfaces:/home/hidro/galactic_ws/install/vrpn_client_ros:/home/hidro/galactic_ws/install/solo12_bringup:/home/hidro/galactic_ws/install/offline_trajectory_publisher_state_machine_interface:/home/hidro/galactic_ws/install/odri_ros2_examples:/home/hidro/galactic_ws/install/odri_ros2_hardware:/home/hidro/galactic_ws/install/hidro_ros2_utils:/home/hidro/galactic_ws/install/hidro_robots:/opt/openrobots:/opt/openrobots:/opt/ros/galactic LD_LIBRARY_PATH=/home/hidro/galactic_ws/install/odri_ros2_interfaces/lib:/home/hidro/galactic_ws/install/hidro_ros2_utils/lib:/opt/ros/galactic/opt/yaml_cpp_vendor/lib:/opt/ros/galactic/lib/x86_64-linux-gnu:/opt/ros/galactic/lib:/opt/openrobots/lib:/usr/local/lib:/opt/openrobots/lib:/usr/local/lib PYTHONPATH=/home/hidro/galactic_ws/install/odri_ros2_interfaces/lib/python3.8/site-packages:/home/hidro/galactic_ws/install/hidro_ros2_utils/lib/python3.8/site-packages:/opt/ros/galactic/lib/python3.8/site-packages:/opt/openrobots/lib/python3.8/site-packages:/usr/local/lib/python3.8/site-packages:/opt/openrobots/lib/python3.8/site-packages:/usr/local/lib/python3.8/site-packages /usr/bin/cmake --build /home/hidro/galactic_ws/build/odri_ros2_gazebo -- -j8 -l8
[2.761s] [35m[1mScanning dependencies of target odri_gazebo_plugin[0m
[3.120s] [ 50%] [32mBuilding CXX object CMakeFiles/odri_gazebo_plugin.dir/src/odri_gazebo_plugin.cpp.o[0m
[10.512s] [01m[K/home/hidro/galactic_ws/src/odri_ros2/odri_ros2_gazebo/src/odri_gazebo_plugin.cpp:[m[K In member function ‘[01m[Kvoid odri_ros2_gazebo_plugin::OdriGazeboPlugin::Update()[m[K’:
[10.512s] [01m[K/home/hidro/galactic_ws/src/odri_ros2/odri_ros2_gazebo/src/odri_gazebo_plugin.cpp:167:10:[m[K [01;35m[Kwarning: [m[Kunused variable ‘[01m[Kdt[m[K’ [[01;35m[K-Wunused-variable[m[K]
[10.512s]   167 |     auto [01;35m[Kdt[m[K = (cur_time - last_sim_time_).Double();
[10.512s]       |          [01;35m[K^~[m[K
[10.515s] [01m[K/home/hidro/galactic_ws/src/odri_ros2/odri_ros2_gazebo/src/odri_gazebo_plugin.cpp:[m[K In member function ‘[01m[Kvoid odri_ros2_gazebo_plugin::OdriGazeboPlugin::callbackRobotCommand(odri_ros2_interfaces::msg::RobotCommand_<std::allocator<void> >::SharedPtr)[m[K’:
[10.515s] [01m[K/home/hidro/galactic_ws/src/odri_ros2/odri_ros2_gazebo/src/odri_gazebo_plugin.cpp:212:35:[m[K [01;35m[Kwarning: [m[Kcomparison of integer expressions of different signedness: ‘[01m[Kstd::size_t[m[K’ {aka ‘[01m[Klong unsigned int[m[K’} and ‘[01m[Kint[m[K’ [[01;35m[K-Wsign-compare[m[K]
[10.515s]   212 |         for (std::size_t i = 0; [01;35m[Ki < nj[m[K; ++i)
[10.515s]       |                                 [01;35m[K~~^~~~[m[K
[23.496s] [100%] [32m[1mLinking CXX shared library libodri_gazebo_plugin.so[0m
[23.993s] [100%] Built target odri_gazebo_plugin
[24.006s] Invoked command in '/home/hidro/galactic_ws/build/odri_ros2_gazebo' returned '0': CMAKE_PREFIX_PATH=/home/hidro/galactic_ws/install/odri_ros2_interfaces:/home/hidro/galactic_ws/install/vrpn_client_ros:/home/hidro/galactic_ws/install/solo12_bringup:/home/hidro/galactic_ws/install/offline_trajectory_publisher_state_machine_interface:/home/hidro/galactic_ws/install/odri_ros2_examples:/home/hidro/galactic_ws/install/odri_ros2_hardware:/home/hidro/galactic_ws/install/hidro_ros2_utils:/home/hidro/galactic_ws/install/hidro_robots:/opt/openrobots:/opt/openrobots:/opt/ros/galactic LD_LIBRARY_PATH=/home/hidro/galactic_ws/install/odri_ros2_interfaces/lib:/home/hidro/galactic_ws/install/hidro_ros2_utils/lib:/opt/ros/galactic/opt/yaml_cpp_vendor/lib:/opt/ros/galactic/lib/x86_64-linux-gnu:/opt/ros/galactic/lib:/opt/openrobots/lib:/usr/local/lib:/opt/openrobots/lib:/usr/local/lib PYTHONPATH=/home/hidro/galactic_ws/install/odri_ros2_interfaces/lib/python3.8/site-packages:/home/hidro/galactic_ws/install/hidro_ros2_utils/lib/python3.8/site-packages:/opt/ros/galactic/lib/python3.8/site-packages:/opt/openrobots/lib/python3.8/site-packages:/usr/local/lib/python3.8/site-packages:/opt/openrobots/lib/python3.8/site-packages:/usr/local/lib/python3.8/site-packages /usr/bin/cmake --build /home/hidro/galactic_ws/build/odri_ros2_gazebo -- -j8 -l8
[24.036s] Invoking command in '/home/hidro/galactic_ws/build/odri_ros2_gazebo': CMAKE_PREFIX_PATH=/home/hidro/galactic_ws/install/odri_ros2_interfaces:/home/hidro/galactic_ws/install/vrpn_client_ros:/home/hidro/galactic_ws/install/solo12_bringup:/home/hidro/galactic_ws/install/offline_trajectory_publisher_state_machine_interface:/home/hidro/galactic_ws/install/odri_ros2_examples:/home/hidro/galactic_ws/install/odri_ros2_hardware:/home/hidro/galactic_ws/install/hidro_ros2_utils:/home/hidro/galactic_ws/install/hidro_robots:/opt/openrobots:/opt/openrobots:/opt/ros/galactic LD_LIBRARY_PATH=/home/hidro/galactic_ws/install/odri_ros2_interfaces/lib:/home/hidro/galactic_ws/install/hidro_ros2_utils/lib:/opt/ros/galactic/opt/yaml_cpp_vendor/lib:/opt/ros/galactic/lib/x86_64-linux-gnu:/opt/ros/galactic/lib:/opt/openrobots/lib:/usr/local/lib:/opt/openrobots/lib:/usr/local/lib PYTHONPATH=/home/hidro/galactic_ws/install/odri_ros2_interfaces/lib/python3.8/site-packages:/home/hidro/galactic_ws/install/hidro_ros2_utils/lib/python3.8/site-packages:/opt/ros/galactic/lib/python3.8/site-packages:/opt/openrobots/lib/python3.8/site-packages:/usr/local/lib/python3.8/site-packages:/opt/openrobots/lib/python3.8/site-packages:/usr/local/lib/python3.8/site-packages /usr/bin/cmake --install /home/hidro/galactic_ws/build/odri_ros2_gazebo
[24.044s] -- Install configuration: "Release"
[24.045s] -- Installing: /home/hidro/galactic_ws/install/odri_ros2_gazebo/share/odri_ros2_gazebo/environment/library_path.sh
[24.045s] -- Installing: /home/hidro/galactic_ws/install/odri_ros2_gazebo/share/odri_ros2_gazebo/environment/library_path.dsv
[24.045s] -- Installing: /home/hidro/galactic_ws/install/odri_ros2_gazebo/include/odri_ros2_gazebo
[24.045s] -- Installing: /home/hidro/galactic_ws/install/odri_ros2_gazebo/include/odri_ros2_gazebo/odri_gazebo_plugin.hpp
[24.045s] -- Installing: /home/hidro/galactic_ws/install/odri_ros2_gazebo/lib/libodri_gazebo_plugin.so
[24.047s] -- Set runtime path of "/home/hidro/galactic_ws/install/odri_ros2_gazebo/lib/libodri_gazebo_plugin.so" to ""
[24.047s] -- Installing: /home/hidro/galactic_ws/install/odri_ros2_gazebo/share/ament_index/resource_index/package_run_dependencies/odri_ros2_gazebo
[24.047s] -- Installing: /home/hidro/galactic_ws/install/odri_ros2_gazebo/share/ament_index/resource_index/parent_prefix_path/odri_ros2_gazebo
[24.047s] -- Installing: /home/hidro/galactic_ws/install/odri_ros2_gazebo/share/odri_ros2_gazebo/environment/ament_prefix_path.sh
[24.048s] -- Installing: /home/hidro/galactic_ws/install/odri_ros2_gazebo/share/odri_ros2_gazebo/environment/ament_prefix_path.dsv
[24.048s] -- Installing: /home/hidro/galactic_ws/install/odri_ros2_gazebo/share/odri_ros2_gazebo/environment/path.sh
[24.048s] -- Installing: /home/hidro/galactic_ws/install/odri_ros2_gazebo/share/odri_ros2_gazebo/environment/path.dsv
[24.048s] -- Installing: /home/hidro/galactic_ws/install/odri_ros2_gazebo/share/odri_ros2_gazebo/local_setup.bash
[24.048s] -- Installing: /home/hidro/galactic_ws/install/odri_ros2_gazebo/share/odri_ros2_gazebo/local_setup.sh
[24.048s] -- Installing: /home/hidro/galactic_ws/install/odri_ros2_gazebo/share/odri_ros2_gazebo/local_setup.zsh
[24.049s] -- Installing: /home/hidro/galactic_ws/install/odri_ros2_gazebo/share/odri_ros2_gazebo/local_setup.dsv
[24.049s] -- Installing: /home/hidro/galactic_ws/install/odri_ros2_gazebo/share/odri_ros2_gazebo/package.dsv
[24.049s] -- Installing: /home/hidro/galactic_ws/install/odri_ros2_gazebo/share/ament_index/resource_index/packages/odri_ros2_gazebo
[24.049s] -- Installing: /home/hidro/galactic_ws/install/odri_ros2_gazebo/share/odri_ros2_gazebo/cmake/odri_ros2_gazeboTargetsExport.cmake
[24.049s] -- Installing: /home/hidro/galactic_ws/install/odri_ros2_gazebo/share/odri_ros2_gazebo/cmake/odri_ros2_gazeboTargetsExport-release.cmake
[24.049s] -- Installing: /home/hidro/galactic_ws/install/odri_ros2_gazebo/share/odri_ros2_gazebo/cmake/ament_cmake_export_targets-extras.cmake
[24.050s] -- Installing: /home/hidro/galactic_ws/install/odri_ros2_gazebo/share/odri_ros2_gazebo/cmake/ament_cmake_export_dependencies-extras.cmake
[24.050s] -- Installing: /home/hidro/galactic_ws/install/odri_ros2_gazebo/share/odri_ros2_gazebo/cmake/odri_ros2_gazeboConfig.cmake
[24.050s] -- Installing: /home/hidro/galactic_ws/install/odri_ros2_gazebo/share/odri_ros2_gazebo/cmake/odri_ros2_gazeboConfig-version.cmake
[24.050s] -- Installing: /home/hidro/galactic_ws/install/odri_ros2_gazebo/share/odri_ros2_gazebo/package.xml
[24.055s] Invoked command in '/home/hidro/galactic_ws/build/odri_ros2_gazebo' returned '0': CMAKE_PREFIX_PATH=/home/hidro/galactic_ws/install/odri_ros2_interfaces:/home/hidro/galactic_ws/install/vrpn_client_ros:/home/hidro/galactic_ws/install/solo12_bringup:/home/hidro/galactic_ws/install/offline_trajectory_publisher_state_machine_interface:/home/hidro/galactic_ws/install/odri_ros2_examples:/home/hidro/galactic_ws/install/odri_ros2_hardware:/home/hidro/galactic_ws/install/hidro_ros2_utils:/home/hidro/galactic_ws/install/hidro_robots:/opt/openrobots:/opt/openrobots:/opt/ros/galactic LD_LIBRARY_PATH=/home/hidro/galactic_ws/install/odri_ros2_interfaces/lib:/home/hidro/galactic_ws/install/hidro_ros2_utils/lib:/opt/ros/galactic/opt/yaml_cpp_vendor/lib:/opt/ros/galactic/lib/x86_64-linux-gnu:/opt/ros/galactic/lib:/opt/openrobots/lib:/usr/local/lib:/opt/openrobots/lib:/usr/local/lib PYTHONPATH=/home/hidro/galactic_ws/install/odri_ros2_interfaces/lib/python3.8/site-packages:/home/hidro/galactic_ws/install/hidro_ros2_utils/lib/python3.8/site-packages:/opt/ros/galactic/lib/python3.8/site-packages:/opt/openrobots/lib/python3.8/site-packages:/usr/local/lib/python3.8/site-packages:/opt/openrobots/lib/python3.8/site-packages:/usr/local/lib/python3.8/site-packages /usr/bin/cmake --install /home/hidro/galactic_ws/build/odri_ros2_gazebo
