[0.037s] Invoking command in '/home/hidro/galactic_ws/build/odri_ros2_interfaces': CMAKE_PREFIX_PATH=${CMAKE_PREFIX_PATH}:/opt/ros/galactic /usr/bin/cmake /home/hidro/galactic_ws/src/odri_ros2/odri_ros2_interfaces -DCMAKE_EXPORT_COMPILE_COMMANDS=ON -DCMAKE_BUILD_TYPE=Release -DCMAKE_INSTALL_PREFIX=/home/hidro/galactic_ws/install/odri_ros2_interfaces
[0.104s] -- The C compiler identification is GNU 9.4.0
[0.180s] -- The CXX compiler identification is GNU 9.4.0
[0.186s] -- Check for working C compiler: /usr/bin/cc
[0.273s] -- Check for working C compiler: /usr/bin/cc -- works
[0.275s] -- Detecting C compiler ABI info
[0.379s] -- Detecting C compiler ABI info - done
[0.401s] -- Detecting C compile features
[0.402s] -- Detecting C compile features - done
[0.407s] -- Check for working CXX compiler: /usr/bin/c++
[0.525s] -- Check for working CXX compiler: /usr/bin/c++ -- works
[0.526s] -- Detecting CXX compiler ABI info
[0.626s] -- Detecting CXX compiler ABI info - done
[0.650s] -- Detecting CXX compile features
[0.650s] -- Detecting CXX compile features - done
[0.654s] -- Found ament_cmake: 1.1.6 (/opt/ros/galactic/share/ament_cmake/cmake)
[0.684s] -- Found PythonInterp: /usr/bin/python3 (found suitable version "3.8.10", minimum required is "3") 
[0.685s] -- Using PYTHON_EXECUTABLE: /usr/bin/python3
[0.788s] -- Found rclcpp: 9.2.2 (/opt/ros/galactic/share/rclcpp/cmake)
[0.838s] -- Using single rosidl_typesupport_c: rosidl_typesupport_introspection_c
[0.849s] -- Found rosidl_adapter: 2.2.3 (/opt/ros/galactic/share/rosidl_adapter/cmake)
[0.890s] -- Using single rosidl_typesupport_cpp: rosidl_typesupport_introspection_cpp
[0.986s] -- Found rmw_implementation_cmake: 3.3.1 (/opt/ros/galactic/share/rmw_implementation_cmake/cmake)
[0.987s] -- Found rmw_cyclonedds_cpp: 0.22.6 (/opt/ros/galactic/share/rmw_cyclonedds_cpp/cmake)
[1.025s] -- Using RMW implementation 'rmw_cyclonedds_cpp' as default
[1.033s] -- Looking for pthread.h
[1.122s] -- Looking for pthread.h - found
[1.122s] -- Performing Test CMAKE_HAVE_LIBC_PTHREAD
[1.195s] -- Performing Test CMAKE_HAVE_LIBC_PTHREAD - Failed
[1.195s] -- Looking for pthread_create in pthreads
[1.253s] -- Looking for pthread_create in pthreads - not found
[1.253s] -- Looking for pthread_create in pthread
[1.323s] -- Looking for pthread_create in pthread - found
[1.324s] -- Found Threads: TRUE  
[1.469s] -- Found rosidl_default_generators: 1.1.1 (/opt/ros/galactic/share/rosidl_default_generators/cmake)
[1.498s] -- Found PythonInterp: /usr/bin/python3 (found version "3.8.10") 
[1.734s] -- Using single rosidl_typesupport_c: rosidl_typesupport_introspection_c
[1.797s] -- Using single rosidl_typesupport_cpp: rosidl_typesupport_introspection_cpp
[1.817s] -- Found PythonInterp: /usr/bin/python3 (found suitable version "3.8.10", minimum required is "3.5") 
[1.818s] -- Found python_cmake_module: 0.8.1 (/opt/ros/galactic/share/python_cmake_module/cmake)
[1.839s] -- Found PythonLibs: /usr/lib/x86_64-linux-gnu/libpython3.8.so (found suitable version "3.8.10", minimum required is "3.5") 
[1.839s] -- Using PYTHON_EXECUTABLE: /usr/bin/python3
[1.839s] -- Using PYTHON_INCLUDE_DIRS: /usr/include/python3.8
[1.839s] -- Using PYTHON_LIBRARIES: /usr/lib/x86_64-linux-gnu/libpython3.8.so
[1.854s] -- Found PythonExtra: .so  
[1.924s] -- Found ament_lint_auto: 0.10.7 (/opt/ros/galactic/share/ament_lint_auto/cmake)
[1.952s] -- Added test 'copyright' to check source files copyright and LICENSE
[1.956s] -- Added test 'lint_cmake' to check CMake code style
[1.958s] -- Added test 'xmllint' to check XML markup files
[1.968s] -- Configuring done
[2.032s] -- Generating done
[2.035s] -- Build files have been written to: /home/hidro/galactic_ws/build/odri_ros2_interfaces
[2.043s] Invoked command in '/home/hidro/galactic_ws/build/odri_ros2_interfaces' returned '0': CMAKE_PREFIX_PATH=${CMAKE_PREFIX_PATH}:/opt/ros/galactic /usr/bin/cmake /home/hidro/galactic_ws/src/odri_ros2/odri_ros2_interfaces -DCMAKE_EXPORT_COMPILE_COMMANDS=ON -DCMAKE_BUILD_TYPE=Release -DCMAKE_INSTALL_PREFIX=/home/hidro/galactic_ws/install/odri_ros2_interfaces
[2.047s] Invoking command in '/home/hidro/galactic_ws/build/odri_ros2_interfaces': CMAKE_PREFIX_PATH=${CMAKE_PREFIX_PATH}:/opt/ros/galactic /usr/bin/cmake --build /home/hidro/galactic_ws/build/odri_ros2_interfaces -- -j8 -l8
[2.098s] [  1%] [34m[1mGenerating C code for ROS interfaces[0m
[2.102s] [35m[1mScanning dependencies of target odri_ros2_interfaces__cpp[0m
[2.120s] [  2%] [34m[1mGenerating C++ code for ROS interfaces[0m
[3.238s] [  2%] Built target odri_ros2_interfaces__cpp
[3.258s] [  4%] [34m[1mGenerating C++ introspection for ROS interfaces[0m
[3.403s] [35m[1mScanning dependencies of target odri_ros2_interfaces__rosidl_generator_c[0m
[3.427s] [  5%] [32mBuilding C object CMakeFiles/odri_ros2_interfaces__rosidl_generator_c.dir/rosidl_generator_c/odri_ros2_interfaces/msg/detail/motor_state__functions.c.o[0m
[3.428s] [  8%] [32mBuilding C object CMakeFiles/odri_ros2_interfaces__rosidl_generator_c.dir/rosidl_generator_c/odri_ros2_interfaces/msg/detail/master_board_state__functions.c.o[0m
[3.428s] [  7%] [32mBuilding C object CMakeFiles/odri_ros2_interfaces__rosidl_generator_c.dir/rosidl_generator_c/odri_ros2_interfaces/msg/detail/driver_state__functions.c.o[0m
[3.431s] [  9%] [32mBuilding C object CMakeFiles/odri_ros2_interfaces__rosidl_generator_c.dir/rosidl_generator_c/odri_ros2_interfaces/msg/detail/motor_command__functions.c.o[0m
[3.442s] [ 11%] [32mBuilding C object CMakeFiles/odri_ros2_interfaces__rosidl_generator_c.dir/rosidl_generator_c/odri_ros2_interfaces/msg/detail/driver_command__functions.c.o[0m
[3.444s] [ 12%] [32mBuilding C object CMakeFiles/odri_ros2_interfaces__rosidl_generator_c.dir/rosidl_generator_c/odri_ros2_interfaces/msg/detail/master_board_command__functions.c.o[0m
[3.472s] [ 14%] [32mBuilding C object CMakeFiles/odri_ros2_interfaces__rosidl_generator_c.dir/rosidl_generator_c/odri_ros2_interfaces/msg/detail/robot_command__functions.c.o[0m
[3.603s] [ 15%] [32mBuilding C object CMakeFiles/odri_ros2_interfaces__rosidl_generator_c.dir/rosidl_generator_c/odri_ros2_interfaces/msg/detail/robot_state__functions.c.o[0m
[3.610s] [ 16%] [32mBuilding C object CMakeFiles/odri_ros2_interfaces__rosidl_generator_c.dir/rosidl_generator_c/odri_ros2_interfaces/msg/detail/state_command__functions.c.o[0m
[3.761s] [ 18%] [32m[1mLinking C shared library libodri_ros2_interfaces__rosidl_generator_c.so[0m
[3.804s] [ 18%] Built target odri_ros2_interfaces__rosidl_generator_c
[3.817s] [ 19%] [34m[1mGenerating C introspection for ROS interfaces[0m
[3.988s] [35m[1mScanning dependencies of target odri_ros2_interfaces__rosidl_typesupport_introspection_cpp[0m
[4.015s] [ 21%] [32mBuilding CXX object CMakeFiles/odri_ros2_interfaces__rosidl_typesupport_introspection_cpp.dir/rosidl_typesupport_introspection_cpp/odri_ros2_interfaces/msg/detail/motor_state__type_support.cpp.o[0m
[4.016s] [ 26%] [32mBuilding CXX object CMakeFiles/odri_ros2_interfaces__rosidl_typesupport_introspection_cpp.dir/rosidl_typesupport_introspection_cpp/odri_ros2_interfaces/msg/detail/driver_command__type_support.cpp.o[0m
[4.017s] [ 22%] [32mBuilding CXX object CMakeFiles/odri_ros2_interfaces__rosidl_typesupport_introspection_cpp.dir/rosidl_typesupport_introspection_cpp/odri_ros2_interfaces/msg/detail/motor_command__type_support.cpp.o[0m
[4.017s] [ 23%] [32mBuilding CXX object CMakeFiles/odri_ros2_interfaces__rosidl_typesupport_introspection_cpp.dir/rosidl_typesupport_introspection_cpp/odri_ros2_interfaces/msg/detail/robot_command__type_support.cpp.o[0m
[4.018s] [ 25%] [32mBuilding CXX object CMakeFiles/odri_ros2_interfaces__rosidl_typesupport_introspection_cpp.dir/rosidl_typesupport_introspection_cpp/odri_ros2_interfaces/msg/detail/master_board_command__type_support.cpp.o[0m
[4.025s] [ 28%] [32mBuilding CXX object CMakeFiles/odri_ros2_interfaces__rosidl_typesupport_introspection_cpp.dir/rosidl_typesupport_introspection_cpp/odri_ros2_interfaces/msg/detail/driver_state__type_support.cpp.o[0m
[4.029s] [ 29%] [32mBuilding CXX object CMakeFiles/odri_ros2_interfaces__rosidl_typesupport_introspection_cpp.dir/rosidl_typesupport_introspection_cpp/odri_ros2_interfaces/msg/detail/master_board_state__type_support.cpp.o[0m
[4.572s] [ 30%] [32mBuilding CXX object CMakeFiles/odri_ros2_interfaces__rosidl_typesupport_introspection_cpp.dir/rosidl_typesupport_introspection_cpp/odri_ros2_interfaces/msg/detail/robot_state__type_support.cpp.o[0m
[4.664s] [ 32%] [32mBuilding CXX object CMakeFiles/odri_ros2_interfaces__rosidl_typesupport_introspection_cpp.dir/rosidl_typesupport_introspection_cpp/odri_ros2_interfaces/msg/detail/state_command__type_support.cpp.o[0m
[4.939s] [35m[1mScanning dependencies of target odri_ros2_interfaces__rosidl_typesupport_introspection_c[0m
[4.972s] [ 35%] [32mBuilding C object CMakeFiles/odri_ros2_interfaces__rosidl_typesupport_introspection_c.dir/rosidl_typesupport_introspection_c/odri_ros2_interfaces/msg/detail/motor_state__type_support.c.o[0m
[4.972s] [ 35%] [32mBuilding C object CMakeFiles/odri_ros2_interfaces__rosidl_typesupport_introspection_c.dir/rosidl_typesupport_introspection_c/odri_ros2_interfaces/msg/detail/driver_state__type_support.c.o[0m
[4.973s] [ 36%] [32mBuilding C object CMakeFiles/odri_ros2_interfaces__rosidl_typesupport_introspection_c.dir/rosidl_typesupport_introspection_c/odri_ros2_interfaces/msg/detail/master_board_state__type_support.c.o[0m
[4.986s] [ 38%] [32mBuilding C object CMakeFiles/odri_ros2_interfaces__rosidl_typesupport_introspection_c.dir/rosidl_typesupport_introspection_c/odri_ros2_interfaces/msg/detail/motor_command__type_support.c.o[0m
[5.014s] [ 39%] [32mBuilding C object CMakeFiles/odri_ros2_interfaces__rosidl_typesupport_introspection_c.dir/rosidl_typesupport_introspection_c/odri_ros2_interfaces/msg/detail/driver_command__type_support.c.o[0m
[5.039s] [ 40%] [32mBuilding C object CMakeFiles/odri_ros2_interfaces__rosidl_typesupport_introspection_c.dir/rosidl_typesupport_introspection_c/odri_ros2_interfaces/msg/detail/master_board_command__type_support.c.o[0m
[5.052s] [ 42%] [32mBuilding C object CMakeFiles/odri_ros2_interfaces__rosidl_typesupport_introspection_c.dir/rosidl_typesupport_introspection_c/odri_ros2_interfaces/msg/detail/robot_command__type_support.c.o[0m
[5.076s] [ 43%] [32mBuilding C object CMakeFiles/odri_ros2_interfaces__rosidl_typesupport_introspection_c.dir/rosidl_typesupport_introspection_c/odri_ros2_interfaces/msg/detail/robot_state__type_support.c.o[0m
[5.098s] [ 45%] [32mBuilding C object CMakeFiles/odri_ros2_interfaces__rosidl_typesupport_introspection_c.dir/rosidl_typesupport_introspection_c/odri_ros2_interfaces/msg/detail/state_command__type_support.c.o[0m
[5.170s] [ 46%] [32m[1mLinking C shared library libodri_ros2_interfaces__rosidl_typesupport_introspection_c.so[0m
[5.212s] [ 46%] Built target odri_ros2_interfaces__rosidl_typesupport_introspection_c
[5.225s] [ 47%] [34m[1mGenerating C type support dispatch for ROS interfaces[0m
[5.254s] [ 49%] [32m[1mLinking CXX shared library libodri_ros2_interfaces__rosidl_typesupport_introspection_cpp.so[0m
[5.334s] [ 49%] Built target odri_ros2_interfaces__rosidl_typesupport_introspection_cpp
[5.348s] [ 50%] [34m[1mGenerating C++ type support dispatch for ROS interfaces[0m
[5.620s] [35m[1mScanning dependencies of target odri_ros2_interfaces__rosidl_typesupport_c[0m
[5.647s] [ 52%] [32mBuilding CXX object CMakeFiles/odri_ros2_interfaces__rosidl_typesupport_c.dir/rosidl_typesupport_c/odri_ros2_interfaces/msg/motor_state__type_support.cpp.o[0m
[5.648s] [ 53%] [32mBuilding CXX object CMakeFiles/odri_ros2_interfaces__rosidl_typesupport_c.dir/rosidl_typesupport_c/odri_ros2_interfaces/msg/driver_state__type_support.cpp.o[0m
[5.649s] [ 56%] [32mBuilding CXX object CMakeFiles/odri_ros2_interfaces__rosidl_typesupport_c.dir/rosidl_typesupport_c/odri_ros2_interfaces/msg/master_board_command__type_support.cpp.o[0m
[5.649s] [ 56%] [32mBuilding CXX object CMakeFiles/odri_ros2_interfaces__rosidl_typesupport_c.dir/rosidl_typesupport_c/odri_ros2_interfaces/msg/robot_command__type_support.cpp.o[0m
[5.657s] [ 57%] [32mBuilding CXX object CMakeFiles/odri_ros2_interfaces__rosidl_typesupport_c.dir/rosidl_typesupport_c/odri_ros2_interfaces/msg/driver_command__type_support.cpp.o[0m
[5.658s] [ 59%] [32mBuilding CXX object CMakeFiles/odri_ros2_interfaces__rosidl_typesupport_c.dir/rosidl_typesupport_c/odri_ros2_interfaces/msg/motor_command__type_support.cpp.o[0m
[5.658s] [ 60%] [32mBuilding CXX object CMakeFiles/odri_ros2_interfaces__rosidl_typesupport_c.dir/rosidl_typesupport_c/odri_ros2_interfaces/msg/master_board_state__type_support.cpp.o[0m
[5.718s] [ 61%] [32mBuilding CXX object CMakeFiles/odri_ros2_interfaces__rosidl_typesupport_c.dir/rosidl_typesupport_c/odri_ros2_interfaces/msg/robot_state__type_support.cpp.o[0m
[5.728s] [ 63%] [32mBuilding CXX object CMakeFiles/odri_ros2_interfaces__rosidl_typesupport_c.dir/rosidl_typesupport_c/odri_ros2_interfaces/msg/state_command__type_support.cpp.o[0m
[5.764s] [ 64%] [32m[1mLinking CXX shared library libodri_ros2_interfaces__rosidl_typesupport_c.so[0m
[5.817s] [35m[1mScanning dependencies of target odri_ros2_interfaces__rosidl_typesupport_cpp[0m
[5.827s] [ 64%] Built target odri_ros2_interfaces__rosidl_typesupport_c
[5.839s] [ 66%] [32mBuilding CXX object CMakeFiles/odri_ros2_interfaces__rosidl_typesupport_cpp.dir/rosidl_typesupport_cpp/odri_ros2_interfaces/msg/motor_state__type_support.cpp.o[0m
[5.840s] [ 67%] [32mBuilding CXX object CMakeFiles/odri_ros2_interfaces__rosidl_typesupport_cpp.dir/rosidl_typesupport_cpp/odri_ros2_interfaces/msg/driver_state__type_support.cpp.o[0m
[5.841s] [ 69%] [32mBuilding CXX object CMakeFiles/odri_ros2_interfaces__rosidl_typesupport_cpp.dir/rosidl_typesupport_cpp/odri_ros2_interfaces/msg/master_board_state__type_support.cpp.o[0m
[5.843s] [ 70%] [32mBuilding CXX object CMakeFiles/odri_ros2_interfaces__rosidl_typesupport_cpp.dir/rosidl_typesupport_cpp/odri_ros2_interfaces/msg/motor_command__type_support.cpp.o[0m
[5.843s] [ 71%] [32mBuilding CXX object CMakeFiles/odri_ros2_interfaces__rosidl_typesupport_cpp.dir/rosidl_typesupport_cpp/odri_ros2_interfaces/msg/driver_command__type_support.cpp.o[0m
[5.855s] [ 73%] [32mBuilding CXX object CMakeFiles/odri_ros2_interfaces__rosidl_typesupport_cpp.dir/rosidl_typesupport_cpp/odri_ros2_interfaces/msg/master_board_command__type_support.cpp.o[0m
[5.872s] [ 74%] [32mBuilding CXX object CMakeFiles/odri_ros2_interfaces__rosidl_typesupport_cpp.dir/rosidl_typesupport_cpp/odri_ros2_interfaces/msg/robot_command__type_support.cpp.o[0m
[5.908s] [ 76%] [32mBuilding CXX object CMakeFiles/odri_ros2_interfaces__rosidl_typesupport_cpp.dir/rosidl_typesupport_cpp/odri_ros2_interfaces/msg/robot_state__type_support.cpp.o[0m
[6.484s] [ 77%] [32mBuilding CXX object CMakeFiles/odri_ros2_interfaces__rosidl_typesupport_cpp.dir/rosidl_typesupport_cpp/odri_ros2_interfaces/msg/state_command__type_support.cpp.o[0m
[6.845s] [ 78%] [32m[1mLinking CXX shared library libodri_ros2_interfaces__rosidl_typesupport_cpp.so[0m
[6.890s] [ 78%] Built target odri_ros2_interfaces__rosidl_typesupport_cpp
[6.901s] [35m[1mScanning dependencies of target odri_ros2_interfaces[0m
[6.913s] [ 78%] Built target odri_ros2_interfaces
[6.925s] [35m[1mScanning dependencies of target odri_ros2_interfaces__py[0m
[6.938s] [ 80%] [34m[1mGenerating Python code for ROS interfaces[0m
[8.013s] [ 80%] Built target odri_ros2_interfaces__py
[8.027s] [35m[1mScanning dependencies of target odri_ros2_interfaces__python[0m
[8.076s] [ 83%] [32mBuilding C object CMakeFiles/odri_ros2_interfaces__python.dir/rosidl_generator_py/odri_ros2_interfaces/msg/_master_board_state_s.c.o[0m
[8.077s] [ 84%] [32mBuilding C object CMakeFiles/odri_ros2_interfaces__python.dir/rosidl_generator_py/odri_ros2_interfaces/msg/_driver_state_s.c.o[0m
[8.077s] [ 83%] [32mBuilding C object CMakeFiles/odri_ros2_interfaces__python.dir/rosidl_generator_py/odri_ros2_interfaces/msg/_motor_command_s.c.o[0m
[8.078s] [ 85%] [32mBuilding C object CMakeFiles/odri_ros2_interfaces__python.dir/rosidl_generator_py/odri_ros2_interfaces/msg/_motor_state_s.c.o[0m
[8.079s] [ 87%] [32mBuilding C object CMakeFiles/odri_ros2_interfaces__python.dir/rosidl_generator_py/odri_ros2_interfaces/msg/_driver_command_s.c.o[0m
[8.081s] [ 88%] [32mBuilding C object CMakeFiles/odri_ros2_interfaces__python.dir/rosidl_generator_py/odri_ros2_interfaces/msg/_master_board_command_s.c.o[0m
[8.091s] [ 91%] [32mBuilding C object CMakeFiles/odri_ros2_interfaces__python.dir/rosidl_generator_py/odri_ros2_interfaces/msg/_robot_state_s.c.o[0m
[8.091s] [ 91%] [32mBuilding C object CMakeFiles/odri_ros2_interfaces__python.dir/rosidl_generator_py/odri_ros2_interfaces/msg/_robot_command_s.c.o[0m
[8.309s] [ 92%] [32mBuilding C object CMakeFiles/odri_ros2_interfaces__python.dir/rosidl_generator_py/odri_ros2_interfaces/msg/_state_command_s.c.o[0m
[8.441s] [ 94%] [32m[1mLinking C shared library rosidl_generator_py/odri_ros2_interfaces/libodri_ros2_interfaces__python.so[0m
[8.489s] [ 94%] Built target odri_ros2_interfaces__python
[8.500s] [35m[1mScanning dependencies of target odri_ros2_interfaces__rosidl_typesupport_c__pyext[0m
[8.500s] [35m[1mScanning dependencies of target odri_ros2_interfaces__rosidl_typesupport_introspection_c__pyext[0m
[8.525s] [ 97%] [32mBuilding C object CMakeFiles/odri_ros2_interfaces__rosidl_typesupport_c__pyext.dir/rosidl_generator_py/odri_ros2_interfaces/_odri_ros2_interfaces_s.ep.rosidl_typesupport_c.c.o[0m
[8.525s] [ 97%] [32mBuilding C object CMakeFiles/odri_ros2_interfaces__rosidl_typesupport_introspection_c__pyext.dir/rosidl_generator_py/odri_ros2_interfaces/_odri_ros2_interfaces_s.ep.rosidl_typesupport_introspection_c.c.o[0m
[8.718s] [100%] [32m[1mLinking C shared library rosidl_generator_py/odri_ros2_interfaces/odri_ros2_interfaces_s__rosidl_typesupport_introspection_c.cpython-38-x86_64-linux-gnu.so[0m
[8.718s] [100%] [32m[1mLinking C shared library rosidl_generator_py/odri_ros2_interfaces/odri_ros2_interfaces_s__rosidl_typesupport_c.cpython-38-x86_64-linux-gnu.so[0m
[8.761s] [100%] Built target odri_ros2_interfaces__rosidl_typesupport_introspection_c__pyext
[8.761s] [100%] Built target odri_ros2_interfaces__rosidl_typesupport_c__pyext
[8.774s] Invoked command in '/home/hidro/galactic_ws/build/odri_ros2_interfaces' returned '0': CMAKE_PREFIX_PATH=${CMAKE_PREFIX_PATH}:/opt/ros/galactic /usr/bin/cmake --build /home/hidro/galactic_ws/build/odri_ros2_interfaces -- -j8 -l8
[8.915s] Invoking command in '/home/hidro/galactic_ws/build/odri_ros2_interfaces': CMAKE_PREFIX_PATH=${CMAKE_PREFIX_PATH}:/opt/ros/galactic /usr/bin/cmake --install /home/hidro/galactic_ws/build/odri_ros2_interfaces
[8.924s] -- Install configuration: "Release"
[8.925s] -- Installing: /home/hidro/galactic_ws/install/odri_ros2_interfaces/share/ament_index/resource_index/rosidl_interfaces/odri_ros2_interfaces
[8.925s] -- Installing: /home/hidro/galactic_ws/install/odri_ros2_interfaces/include/odri_ros2_interfaces
[8.925s] -- Installing: /home/hidro/galactic_ws/install/odri_ros2_interfaces/include/odri_ros2_interfaces/msg
[8.925s] -- Installing: /home/hidro/galactic_ws/install/odri_ros2_interfaces/include/odri_ros2_interfaces/msg/master_board_command.h
[8.926s] -- Installing: /home/hidro/galactic_ws/install/odri_ros2_interfaces/include/odri_ros2_interfaces/msg/state_command.h
[8.926s] -- Installing: /home/hidro/galactic_ws/install/odri_ros2_interfaces/include/odri_ros2_interfaces/msg/driver_command.h
[8.926s] -- Installing: /home/hidro/galactic_ws/install/odri_ros2_interfaces/include/odri_ros2_interfaces/msg/driver_state.h
[8.926s] -- Installing: /home/hidro/galactic_ws/install/odri_ros2_interfaces/include/odri_ros2_interfaces/msg/motor_command.h
[8.926s] -- Installing: /home/hidro/galactic_ws/install/odri_ros2_interfaces/include/odri_ros2_interfaces/msg/master_board_state.h
[8.926s] -- Installing: /home/hidro/galactic_ws/install/odri_ros2_interfaces/include/odri_ros2_interfaces/msg/motor_state.h
[8.926s] -- Installing: /home/hidro/galactic_ws/install/odri_ros2_interfaces/include/odri_ros2_interfaces/msg/robot_command.h
[8.927s] -- Installing: /home/hidro/galactic_ws/install/odri_ros2_interfaces/include/odri_ros2_interfaces/msg/robot_state.h
[8.927s] -- Installing: /home/hidro/galactic_ws/install/odri_ros2_interfaces/include/odri_ros2_interfaces/msg/rosidl_generator_c__visibility_control.h
[8.927s] -- Installing: /home/hidro/galactic_ws/install/odri_ros2_interfaces/include/odri_ros2_interfaces/msg/detail
[8.927s] -- Installing: /home/hidro/galactic_ws/install/odri_ros2_interfaces/include/odri_ros2_interfaces/msg/detail/driver_command__functions.c
[8.927s] -- Installing: /home/hidro/galactic_ws/install/odri_ros2_interfaces/include/odri_ros2_interfaces/msg/detail/master_board_command__type_support.h
[8.928s] -- Installing: /home/hidro/galactic_ws/install/odri_ros2_interfaces/include/odri_ros2_interfaces/msg/detail/master_board_command__functions.c
[8.928s] -- Installing: /home/hidro/galactic_ws/install/odri_ros2_interfaces/include/odri_ros2_interfaces/msg/detail/robot_state__functions.h
[8.928s] -- Installing: /home/hidro/galactic_ws/install/odri_ros2_interfaces/include/odri_ros2_interfaces/msg/detail/robot_state__struct.h
[8.928s] -- Installing: /home/hidro/galactic_ws/install/odri_ros2_interfaces/include/odri_ros2_interfaces/msg/detail/driver_state__struct.h
[8.928s] -- Installing: /home/hidro/galactic_ws/install/odri_ros2_interfaces/include/odri_ros2_interfaces/msg/detail/master_board_command__struct.h
[8.928s] -- Installing: /home/hidro/galactic_ws/install/odri_ros2_interfaces/include/odri_ros2_interfaces/msg/detail/motor_command__functions.h
[8.929s] -- Installing: /home/hidro/galactic_ws/install/odri_ros2_interfaces/include/odri_ros2_interfaces/msg/detail/driver_state__functions.c
[8.929s] -- Installing: /home/hidro/galactic_ws/install/odri_ros2_interfaces/include/odri_ros2_interfaces/msg/detail/state_command__functions.c
[8.929s] -- Installing: /home/hidro/galactic_ws/install/odri_ros2_interfaces/include/odri_ros2_interfaces/msg/detail/state_command__struct.h
[8.929s] -- Installing: /home/hidro/galactic_ws/install/odri_ros2_interfaces/include/odri_ros2_interfaces/msg/detail/driver_command__functions.h
[8.929s] -- Installing: /home/hidro/galactic_ws/install/odri_ros2_interfaces/include/odri_ros2_interfaces/msg/detail/driver_state__functions.h
[8.929s] -- Installing: /home/hidro/galactic_ws/install/odri_ros2_interfaces/include/odri_ros2_interfaces/msg/detail/driver_command__type_support.h
[8.930s] -- Installing: /home/hidro/galactic_ws/install/odri_ros2_interfaces/include/odri_ros2_interfaces/msg/detail/motor_command__functions.c
[8.930s] -- Installing: /home/hidro/galactic_ws/install/odri_ros2_interfaces/include/odri_ros2_interfaces/msg/detail/robot_command__functions.c
[8.930s] -- Installing: /home/hidro/galactic_ws/install/odri_ros2_interfaces/include/odri_ros2_interfaces/msg/detail/state_command__type_support.h
[8.930s] -- Installing: /home/hidro/galactic_ws/install/odri_ros2_interfaces/include/odri_ros2_interfaces/msg/detail/motor_state__struct.h
[8.930s] -- Installing: /home/hidro/galactic_ws/install/odri_ros2_interfaces/include/odri_ros2_interfaces/msg/detail/master_board_state__struct.h
[8.931s] -- Installing: /home/hidro/galactic_ws/install/odri_ros2_interfaces/include/odri_ros2_interfaces/msg/detail/motor_state__type_support.h
[8.931s] -- Installing: /home/hidro/galactic_ws/install/odri_ros2_interfaces/include/odri_ros2_interfaces/msg/detail/motor_command__struct.h
[8.931s] -- Installing: /home/hidro/galactic_ws/install/odri_ros2_interfaces/include/odri_ros2_interfaces/msg/detail/driver_state__type_support.h
[8.931s] -- Installing: /home/hidro/galactic_ws/install/odri_ros2_interfaces/include/odri_ros2_interfaces/msg/detail/state_command__functions.h
[8.931s] -- Installing: /home/hidro/galactic_ws/install/odri_ros2_interfaces/include/odri_ros2_interfaces/msg/detail/robot_command__type_support.h
[8.931s] -- Installing: /home/hidro/galactic_ws/install/odri_ros2_interfaces/include/odri_ros2_interfaces/msg/detail/master_board_state__functions.h
[8.931s] -- Installing: /home/hidro/galactic_ws/install/odri_ros2_interfaces/include/odri_ros2_interfaces/msg/detail/motor_command__type_support.h
[8.932s] -- Installing: /home/hidro/galactic_ws/install/odri_ros2_interfaces/include/odri_ros2_interfaces/msg/detail/master_board_state__functions.c
[8.932s] -- Installing: /home/hidro/galactic_ws/install/odri_ros2_interfaces/include/odri_ros2_interfaces/msg/detail/robot_command__functions.h
[8.932s] -- Installing: /home/hidro/galactic_ws/install/odri_ros2_interfaces/include/odri_ros2_interfaces/msg/detail/master_board_command__functions.h
[8.932s] -- Installing: /home/hidro/galactic_ws/install/odri_ros2_interfaces/include/odri_ros2_interfaces/msg/detail/robot_state__functions.c
[8.932s] -- Installing: /home/hidro/galactic_ws/install/odri_ros2_interfaces/include/odri_ros2_interfaces/msg/detail/robot_state__type_support.h
[8.932s] -- Installing: /home/hidro/galactic_ws/install/odri_ros2_interfaces/include/odri_ros2_interfaces/msg/detail/driver_command__struct.h
[8.933s] -- Installing: /home/hidro/galactic_ws/install/odri_ros2_interfaces/include/odri_ros2_interfaces/msg/detail/robot_command__struct.h
[8.933s] -- Installing: /home/hidro/galactic_ws/install/odri_ros2_interfaces/include/odri_ros2_interfaces/msg/detail/master_board_state__type_support.h
[8.933s] -- Installing: /home/hidro/galactic_ws/install/odri_ros2_interfaces/include/odri_ros2_interfaces/msg/detail/motor_state__functions.c
[8.933s] -- Installing: /home/hidro/galactic_ws/install/odri_ros2_interfaces/include/odri_ros2_interfaces/msg/detail/motor_state__functions.h
[8.933s] -- Installing: /home/hidro/galactic_ws/install/odri_ros2_interfaces/share/odri_ros2_interfaces/environment/library_path.sh
[8.933s] -- Installing: /home/hidro/galactic_ws/install/odri_ros2_interfaces/share/odri_ros2_interfaces/environment/library_path.dsv
[8.934s] -- Installing: /home/hidro/galactic_ws/install/odri_ros2_interfaces/lib/libodri_ros2_interfaces__rosidl_generator_c.so
[8.934s] -- Set runtime path of "/home/hidro/galactic_ws/install/odri_ros2_interfaces/lib/libodri_ros2_interfaces__rosidl_generator_c.so" to ""
[8.934s] -- Up-to-date: /home/hidro/galactic_ws/install/odri_ros2_interfaces/include/odri_ros2_interfaces
[8.934s] -- Up-to-date: /home/hidro/galactic_ws/install/odri_ros2_interfaces/include/odri_ros2_interfaces/msg
[8.934s] -- Installing: /home/hidro/galactic_ws/install/odri_ros2_interfaces/include/odri_ros2_interfaces/msg/rosidl_typesupport_introspection_c__visibility_control.h
[8.934s] -- Up-to-date: /home/hidro/galactic_ws/install/odri_ros2_interfaces/include/odri_ros2_interfaces/msg/detail
[8.935s] -- Installing: /home/hidro/galactic_ws/install/odri_ros2_interfaces/include/odri_ros2_interfaces/msg/detail/driver_command__rosidl_typesupport_introspection_c.h
[8.935s] -- Installing: /home/hidro/galactic_ws/install/odri_ros2_interfaces/include/odri_ros2_interfaces/msg/detail/master_board_command__rosidl_typesupport_introspection_c.h
[8.935s] -- Installing: /home/hidro/galactic_ws/install/odri_ros2_interfaces/include/odri_ros2_interfaces/msg/detail/driver_state__type_support.c
[8.935s] -- Installing: /home/hidro/galactic_ws/install/odri_ros2_interfaces/include/odri_ros2_interfaces/msg/detail/motor_state__rosidl_typesupport_introspection_c.h
[8.935s] -- Installing: /home/hidro/galactic_ws/install/odri_ros2_interfaces/include/odri_ros2_interfaces/msg/detail/robot_state__rosidl_typesupport_introspection_c.h
[8.935s] -- Installing: /home/hidro/galactic_ws/install/odri_ros2_interfaces/include/odri_ros2_interfaces/msg/detail/master_board_state__type_support.c
[8.935s] -- Installing: /home/hidro/galactic_ws/install/odri_ros2_interfaces/include/odri_ros2_interfaces/msg/detail/motor_state__type_support.c
[8.936s] -- Installing: /home/hidro/galactic_ws/install/odri_ros2_interfaces/include/odri_ros2_interfaces/msg/detail/robot_command__type_support.c
[8.936s] -- Installing: /home/hidro/galactic_ws/install/odri_ros2_interfaces/include/odri_ros2_interfaces/msg/detail/robot_state__type_support.c
[8.936s] -- Installing: /home/hidro/galactic_ws/install/odri_ros2_interfaces/include/odri_ros2_interfaces/msg/detail/robot_command__rosidl_typesupport_introspection_c.h
[8.936s] -- Installing: /home/hidro/galactic_ws/install/odri_ros2_interfaces/include/odri_ros2_interfaces/msg/detail/master_board_command__type_support.c
[8.936s] -- Installing: /home/hidro/galactic_ws/install/odri_ros2_interfaces/include/odri_ros2_interfaces/msg/detail/motor_command__type_support.c
[8.936s] -- Installing: /home/hidro/galactic_ws/install/odri_ros2_interfaces/include/odri_ros2_interfaces/msg/detail/driver_state__rosidl_typesupport_introspection_c.h
[8.936s] -- Installing: /home/hidro/galactic_ws/install/odri_ros2_interfaces/include/odri_ros2_interfaces/msg/detail/state_command__type_support.c
[8.937s] -- Installing: /home/hidro/galactic_ws/install/odri_ros2_interfaces/include/odri_ros2_interfaces/msg/detail/state_command__rosidl_typesupport_introspection_c.h
[8.937s] -- Installing: /home/hidro/galactic_ws/install/odri_ros2_interfaces/include/odri_ros2_interfaces/msg/detail/motor_command__rosidl_typesupport_introspection_c.h
[8.937s] -- Installing: /home/hidro/galactic_ws/install/odri_ros2_interfaces/include/odri_ros2_interfaces/msg/detail/master_board_state__rosidl_typesupport_introspection_c.h
[8.937s] -- Installing: /home/hidro/galactic_ws/install/odri_ros2_interfaces/include/odri_ros2_interfaces/msg/detail/driver_command__type_support.c
[8.937s] -- Installing: /home/hidro/galactic_ws/install/odri_ros2_interfaces/lib/libodri_ros2_interfaces__rosidl_typesupport_introspection_c.so
[8.937s] -- Set runtime path of "/home/hidro/galactic_ws/install/odri_ros2_interfaces/lib/libodri_ros2_interfaces__rosidl_typesupport_introspection_c.so" to ""
[8.938s] -- Installing: /home/hidro/galactic_ws/install/odri_ros2_interfaces/lib/libodri_ros2_interfaces__rosidl_typesupport_c.so
[8.938s] -- Set runtime path of "/home/hidro/galactic_ws/install/odri_ros2_interfaces/lib/libodri_ros2_interfaces__rosidl_typesupport_c.so" to ""
[8.938s] -- Up-to-date: /home/hidro/galactic_ws/install/odri_ros2_interfaces/include/odri_ros2_interfaces
[8.938s] -- Up-to-date: /home/hidro/galactic_ws/install/odri_ros2_interfaces/include/odri_ros2_interfaces/msg
[8.938s] -- Installing: /home/hidro/galactic_ws/install/odri_ros2_interfaces/include/odri_ros2_interfaces/msg/motor_state.hpp
[8.939s] -- Installing: /home/hidro/galactic_ws/install/odri_ros2_interfaces/include/odri_ros2_interfaces/msg/master_board_state.hpp
[8.939s] -- Installing: /home/hidro/galactic_ws/install/odri_ros2_interfaces/include/odri_ros2_interfaces/msg/state_command.hpp
[8.939s] -- Installing: /home/hidro/galactic_ws/install/odri_ros2_interfaces/include/odri_ros2_interfaces/msg/driver_state.hpp
[8.939s] -- Installing: /home/hidro/galactic_ws/install/odri_ros2_interfaces/include/odri_ros2_interfaces/msg/driver_command.hpp
[8.939s] -- Installing: /home/hidro/galactic_ws/install/odri_ros2_interfaces/include/odri_ros2_interfaces/msg/robot_state.hpp
[8.940s] -- Installing: /home/hidro/galactic_ws/install/odri_ros2_interfaces/include/odri_ros2_interfaces/msg/motor_command.hpp
[8.940s] -- Installing: /home/hidro/galactic_ws/install/odri_ros2_interfaces/include/odri_ros2_interfaces/msg/master_board_command.hpp
[8.940s] -- Installing: /home/hidro/galactic_ws/install/odri_ros2_interfaces/include/odri_ros2_interfaces/msg/robot_command.hpp
[8.940s] -- Up-to-date: /home/hidro/galactic_ws/install/odri_ros2_interfaces/include/odri_ros2_interfaces/msg/detail
[8.940s] -- Installing: /home/hidro/galactic_ws/install/odri_ros2_interfaces/include/odri_ros2_interfaces/msg/detail/robot_state__traits.hpp
[8.940s] -- Installing: /home/hidro/galactic_ws/install/odri_ros2_interfaces/include/odri_ros2_interfaces/msg/detail/motor_state__traits.hpp
[8.941s] -- Installing: /home/hidro/galactic_ws/install/odri_ros2_interfaces/include/odri_ros2_interfaces/msg/detail/state_command__traits.hpp
[8.941s] -- Installing: /home/hidro/galactic_ws/install/odri_ros2_interfaces/include/odri_ros2_interfaces/msg/detail/motor_state__builder.hpp
[8.941s] -- Installing: /home/hidro/galactic_ws/install/odri_ros2_interfaces/include/odri_ros2_interfaces/msg/detail/driver_state__struct.hpp
[8.941s] -- Installing: /home/hidro/galactic_ws/install/odri_ros2_interfaces/include/odri_ros2_interfaces/msg/detail/driver_command__struct.hpp
[8.941s] -- Installing: /home/hidro/galactic_ws/install/odri_ros2_interfaces/include/odri_ros2_interfaces/msg/detail/motor_command__builder.hpp
[8.942s] -- Installing: /home/hidro/galactic_ws/install/odri_ros2_interfaces/include/odri_ros2_interfaces/msg/detail/driver_command__builder.hpp
[8.942s] -- Installing: /home/hidro/galactic_ws/install/odri_ros2_interfaces/include/odri_ros2_interfaces/msg/detail/state_command__builder.hpp
[8.942s] -- Installing: /home/hidro/galactic_ws/install/odri_ros2_interfaces/include/odri_ros2_interfaces/msg/detail/robot_state__struct.hpp
[8.942s] -- Installing: /home/hidro/galactic_ws/install/odri_ros2_interfaces/include/odri_ros2_interfaces/msg/detail/driver_command__traits.hpp
[8.942s] -- Installing: /home/hidro/galactic_ws/install/odri_ros2_interfaces/include/odri_ros2_interfaces/msg/detail/master_board_state__builder.hpp
[8.942s] -- Installing: /home/hidro/galactic_ws/install/odri_ros2_interfaces/include/odri_ros2_interfaces/msg/detail/driver_state__traits.hpp
[8.943s] -- Installing: /home/hidro/galactic_ws/install/odri_ros2_interfaces/include/odri_ros2_interfaces/msg/detail/master_board_command__traits.hpp
[8.943s] -- Installing: /home/hidro/galactic_ws/install/odri_ros2_interfaces/include/odri_ros2_interfaces/msg/detail/master_board_command__struct.hpp
[8.943s] -- Installing: /home/hidro/galactic_ws/install/odri_ros2_interfaces/include/odri_ros2_interfaces/msg/detail/driver_state__builder.hpp
[8.943s] -- Installing: /home/hidro/galactic_ws/install/odri_ros2_interfaces/include/odri_ros2_interfaces/msg/detail/robot_state__builder.hpp
[8.943s] -- Installing: /home/hidro/galactic_ws/install/odri_ros2_interfaces/include/odri_ros2_interfaces/msg/detail/robot_command__builder.hpp
[8.943s] -- Installing: /home/hidro/galactic_ws/install/odri_ros2_interfaces/include/odri_ros2_interfaces/msg/detail/master_board_state__struct.hpp
[8.944s] -- Installing: /home/hidro/galactic_ws/install/odri_ros2_interfaces/include/odri_ros2_interfaces/msg/detail/motor_command__traits.hpp
[8.944s] -- Installing: /home/hidro/galactic_ws/install/odri_ros2_interfaces/include/odri_ros2_interfaces/msg/detail/robot_command__struct.hpp
[8.944s] -- Installing: /home/hidro/galactic_ws/install/odri_ros2_interfaces/include/odri_ros2_interfaces/msg/detail/motor_state__struct.hpp
[8.944s] -- Installing: /home/hidro/galactic_ws/install/odri_ros2_interfaces/include/odri_ros2_interfaces/msg/detail/master_board_state__traits.hpp
[8.944s] -- Installing: /home/hidro/galactic_ws/install/odri_ros2_interfaces/include/odri_ros2_interfaces/msg/detail/motor_command__struct.hpp
[8.944s] -- Installing: /home/hidro/galactic_ws/install/odri_ros2_interfaces/include/odri_ros2_interfaces/msg/detail/state_command__struct.hpp
[8.945s] -- Installing: /home/hidro/galactic_ws/install/odri_ros2_interfaces/include/odri_ros2_interfaces/msg/detail/robot_command__traits.hpp
[8.945s] -- Installing: /home/hidro/galactic_ws/install/odri_ros2_interfaces/include/odri_ros2_interfaces/msg/detail/master_board_command__builder.hpp
[8.945s] -- Up-to-date: /home/hidro/galactic_ws/install/odri_ros2_interfaces/include/odri_ros2_interfaces
[8.945s] -- Up-to-date: /home/hidro/galactic_ws/install/odri_ros2_interfaces/include/odri_ros2_interfaces/msg
[8.945s] -- Up-to-date: /home/hidro/galactic_ws/install/odri_ros2_interfaces/include/odri_ros2_interfaces/msg/detail
[8.945s] -- Installing: /home/hidro/galactic_ws/install/odri_ros2_interfaces/include/odri_ros2_interfaces/msg/detail/driver_command__rosidl_typesupport_introspection_cpp.hpp
[8.945s] -- Installing: /home/hidro/galactic_ws/install/odri_ros2_interfaces/include/odri_ros2_interfaces/msg/detail/motor_state__rosidl_typesupport_introspection_cpp.hpp
[8.946s] -- Installing: /home/hidro/galactic_ws/install/odri_ros2_interfaces/include/odri_ros2_interfaces/msg/detail/master_board_state__rosidl_typesupport_introspection_cpp.hpp
[8.946s] -- Installing: /home/hidro/galactic_ws/install/odri_ros2_interfaces/include/odri_ros2_interfaces/msg/detail/motor_command__type_support.cpp
[8.946s] -- Installing: /home/hidro/galactic_ws/install/odri_ros2_interfaces/include/odri_ros2_interfaces/msg/detail/robot_command__type_support.cpp
[8.946s] -- Installing: /home/hidro/galactic_ws/install/odri_ros2_interfaces/include/odri_ros2_interfaces/msg/detail/motor_command__rosidl_typesupport_introspection_cpp.hpp
[8.946s] -- Installing: /home/hidro/galactic_ws/install/odri_ros2_interfaces/include/odri_ros2_interfaces/msg/detail/master_board_command__rosidl_typesupport_introspection_cpp.hpp
[8.946s] -- Installing: /home/hidro/galactic_ws/install/odri_ros2_interfaces/include/odri_ros2_interfaces/msg/detail/master_board_command__type_support.cpp
[8.946s] -- Installing: /home/hidro/galactic_ws/install/odri_ros2_interfaces/include/odri_ros2_interfaces/msg/detail/driver_command__type_support.cpp
[8.947s] -- Installing: /home/hidro/galactic_ws/install/odri_ros2_interfaces/include/odri_ros2_interfaces/msg/detail/robot_command__rosidl_typesupport_introspection_cpp.hpp
[8.947s] -- Installing: /home/hidro/galactic_ws/install/odri_ros2_interfaces/include/odri_ros2_interfaces/msg/detail/master_board_state__type_support.cpp
[8.947s] -- Installing: /home/hidro/galactic_ws/install/odri_ros2_interfaces/include/odri_ros2_interfaces/msg/detail/state_command__rosidl_typesupport_introspection_cpp.hpp
[8.947s] -- Installing: /home/hidro/galactic_ws/install/odri_ros2_interfaces/include/odri_ros2_interfaces/msg/detail/robot_state__type_support.cpp
[8.947s] -- Installing: /home/hidro/galactic_ws/install/odri_ros2_interfaces/include/odri_ros2_interfaces/msg/detail/driver_state__rosidl_typesupport_introspection_cpp.hpp
[8.947s] -- Installing: /home/hidro/galactic_ws/install/odri_ros2_interfaces/include/odri_ros2_interfaces/msg/detail/state_command__type_support.cpp
[8.948s] -- Installing: /home/hidro/galactic_ws/install/odri_ros2_interfaces/include/odri_ros2_interfaces/msg/detail/driver_state__type_support.cpp
[8.948s] -- Installing: /home/hidro/galactic_ws/install/odri_ros2_interfaces/include/odri_ros2_interfaces/msg/detail/motor_state__type_support.cpp
[8.948s] -- Installing: /home/hidro/galactic_ws/install/odri_ros2_interfaces/include/odri_ros2_interfaces/msg/detail/robot_state__rosidl_typesupport_introspection_cpp.hpp
[8.948s] -- Installing: /home/hidro/galactic_ws/install/odri_ros2_interfaces/lib/libodri_ros2_interfaces__rosidl_typesupport_introspection_cpp.so
[8.948s] -- Set runtime path of "/home/hidro/galactic_ws/install/odri_ros2_interfaces/lib/libodri_ros2_interfaces__rosidl_typesupport_introspection_cpp.so" to ""
[8.948s] -- Installing: /home/hidro/galactic_ws/install/odri_ros2_interfaces/lib/libodri_ros2_interfaces__rosidl_typesupport_cpp.so
[8.948s] -- Set runtime path of "/home/hidro/galactic_ws/install/odri_ros2_interfaces/lib/libodri_ros2_interfaces__rosidl_typesupport_cpp.so" to ""
[8.949s] -- Installing: /home/hidro/galactic_ws/install/odri_ros2_interfaces/share/odri_ros2_interfaces/environment/pythonpath.sh
[8.949s] -- Installing: /home/hidro/galactic_ws/install/odri_ros2_interfaces/share/odri_ros2_interfaces/environment/pythonpath.dsv
[8.949s] -- Installing: /home/hidro/galactic_ws/install/odri_ros2_interfaces/lib/python3.8/site-packages/odri_ros2_interfaces/__init__.py
[8.977s] Compiling '/home/hidro/galactic_ws/install/odri_ros2_interfaces/lib/python3.8/site-packages/odri_ros2_interfaces/__init__.py'...
[8.982s] -- Installing: /home/hidro/galactic_ws/install/odri_ros2_interfaces/lib/python3.8/site-packages/odri_ros2_interfaces/msg
[8.982s] -- Installing: /home/hidro/galactic_ws/install/odri_ros2_interfaces/lib/python3.8/site-packages/odri_ros2_interfaces/msg/_robot_command_s.c
[8.982s] -- Installing: /home/hidro/galactic_ws/install/odri_ros2_interfaces/lib/python3.8/site-packages/odri_ros2_interfaces/msg/__init__.py
[8.983s] -- Installing: /home/hidro/galactic_ws/install/odri_ros2_interfaces/lib/python3.8/site-packages/odri_ros2_interfaces/msg/_motor_command.py
[8.983s] -- Installing: /home/hidro/galactic_ws/install/odri_ros2_interfaces/lib/python3.8/site-packages/odri_ros2_interfaces/msg/_motor_state_s.c
[8.983s] -- Installing: /home/hidro/galactic_ws/install/odri_ros2_interfaces/lib/python3.8/site-packages/odri_ros2_interfaces/msg/_master_board_state_s.c
[8.983s] -- Installing: /home/hidro/galactic_ws/install/odri_ros2_interfaces/lib/python3.8/site-packages/odri_ros2_interfaces/msg/_driver_command.py
[8.983s] -- Installing: /home/hidro/galactic_ws/install/odri_ros2_interfaces/lib/python3.8/site-packages/odri_ros2_interfaces/msg/_driver_state_s.c
[8.983s] -- Installing: /home/hidro/galactic_ws/install/odri_ros2_interfaces/lib/python3.8/site-packages/odri_ros2_interfaces/msg/_state_command.py
[8.984s] -- Installing: /home/hidro/galactic_ws/install/odri_ros2_interfaces/lib/python3.8/site-packages/odri_ros2_interfaces/msg/_motor_command_s.c
[8.984s] -- Installing: /home/hidro/galactic_ws/install/odri_ros2_interfaces/lib/python3.8/site-packages/odri_ros2_interfaces/msg/_robot_command.py
[8.984s] -- Installing: /home/hidro/galactic_ws/install/odri_ros2_interfaces/lib/python3.8/site-packages/odri_ros2_interfaces/msg/_master_board_command.py
[8.984s] -- Installing: /home/hidro/galactic_ws/install/odri_ros2_interfaces/lib/python3.8/site-packages/odri_ros2_interfaces/msg/_robot_state_s.c
[8.984s] -- Installing: /home/hidro/galactic_ws/install/odri_ros2_interfaces/lib/python3.8/site-packages/odri_ros2_interfaces/msg/_motor_state.py
[8.984s] -- Installing: /home/hidro/galactic_ws/install/odri_ros2_interfaces/lib/python3.8/site-packages/odri_ros2_interfaces/msg/_master_board_command_s.c
[8.985s] -- Installing: /home/hidro/galactic_ws/install/odri_ros2_interfaces/lib/python3.8/site-packages/odri_ros2_interfaces/msg/_master_board_state.py
[8.985s] -- Installing: /home/hidro/galactic_ws/install/odri_ros2_interfaces/lib/python3.8/site-packages/odri_ros2_interfaces/msg/_state_command_s.c
[8.985s] -- Installing: /home/hidro/galactic_ws/install/odri_ros2_interfaces/lib/python3.8/site-packages/odri_ros2_interfaces/msg/_robot_state.py
[8.985s] -- Installing: /home/hidro/galactic_ws/install/odri_ros2_interfaces/lib/python3.8/site-packages/odri_ros2_interfaces/msg/_driver_command_s.c
[8.985s] -- Installing: /home/hidro/galactic_ws/install/odri_ros2_interfaces/lib/python3.8/site-packages/odri_ros2_interfaces/msg/_driver_state.py
[8.985s] -- Installing: /home/hidro/galactic_ws/install/odri_ros2_interfaces/lib/python3.8/site-packages/odri_ros2_interfaces/odri_ros2_interfaces_s__rosidl_typesupport_introspection_c.cpython-38-x86_64-linux-gnu.so
[8.986s] -- Set runtime path of "/home/hidro/galactic_ws/install/odri_ros2_interfaces/lib/python3.8/site-packages/odri_ros2_interfaces/odri_ros2_interfaces_s__rosidl_typesupport_introspection_c.cpython-38-x86_64-linux-gnu.so" to ""
[8.987s] -- Installing: /home/hidro/galactic_ws/install/odri_ros2_interfaces/lib/python3.8/site-packages/odri_ros2_interfaces/odri_ros2_interfaces_s__rosidl_typesupport_c.cpython-38-x86_64-linux-gnu.so
[8.987s] -- Set runtime path of "/home/hidro/galactic_ws/install/odri_ros2_interfaces/lib/python3.8/site-packages/odri_ros2_interfaces/odri_ros2_interfaces_s__rosidl_typesupport_c.cpython-38-x86_64-linux-gnu.so" to ""
[8.988s] -- Installing: /home/hidro/galactic_ws/install/odri_ros2_interfaces/lib/libodri_ros2_interfaces__python.so
[8.988s] -- Set runtime path of "/home/hidro/galactic_ws/install/odri_ros2_interfaces/lib/libodri_ros2_interfaces__python.so" to ""
[8.989s] -- Installing: /home/hidro/galactic_ws/install/odri_ros2_interfaces/share/odri_ros2_interfaces/msg/MotorState.idl
[8.989s] -- Installing: /home/hidro/galactic_ws/install/odri_ros2_interfaces/share/odri_ros2_interfaces/msg/DriverState.idl
[8.989s] -- Installing: /home/hidro/galactic_ws/install/odri_ros2_interfaces/share/odri_ros2_interfaces/msg/MasterBoardState.idl
[8.989s] -- Installing: /home/hidro/galactic_ws/install/odri_ros2_interfaces/share/odri_ros2_interfaces/msg/MotorCommand.idl
[8.989s] -- Installing: /home/hidro/galactic_ws/install/odri_ros2_interfaces/share/odri_ros2_interfaces/msg/DriverCommand.idl
[8.990s] -- Installing: /home/hidro/galactic_ws/install/odri_ros2_interfaces/share/odri_ros2_interfaces/msg/MasterBoardCommand.idl
[8.990s] -- Installing: /home/hidro/galactic_ws/install/odri_ros2_interfaces/share/odri_ros2_interfaces/msg/RobotCommand.idl
[8.990s] -- Installing: /home/hidro/galactic_ws/install/odri_ros2_interfaces/share/odri_ros2_interfaces/msg/RobotState.idl
[8.990s] -- Installing: /home/hidro/galactic_ws/install/odri_ros2_interfaces/share/odri_ros2_interfaces/msg/StateCommand.idl
[8.990s] -- Installing: /home/hidro/galactic_ws/install/odri_ros2_interfaces/share/odri_ros2_interfaces/msg/MotorState.msg
[8.991s] -- Installing: /home/hidro/galactic_ws/install/odri_ros2_interfaces/share/odri_ros2_interfaces/msg/DriverState.msg
[8.991s] -- Installing: /home/hidro/galactic_ws/install/odri_ros2_interfaces/share/odri_ros2_interfaces/msg/MasterBoardState.msg
[8.991s] -- Installing: /home/hidro/galactic_ws/install/odri_ros2_interfaces/share/odri_ros2_interfaces/msg/MotorCommand.msg
[8.991s] -- Installing: /home/hidro/galactic_ws/install/odri_ros2_interfaces/share/odri_ros2_interfaces/msg/DriverCommand.msg
[8.992s] -- Installing: /home/hidro/galactic_ws/install/odri_ros2_interfaces/share/odri_ros2_interfaces/msg/MasterBoardCommand.msg
[8.992s] -- Installing: /home/hidro/galactic_ws/install/odri_ros2_interfaces/share/odri_ros2_interfaces/msg/RobotCommand.msg
[8.992s] -- Installing: /home/hidro/galactic_ws/install/odri_ros2_interfaces/share/odri_ros2_interfaces/msg/RobotState.msg
[8.992s] -- Installing: /home/hidro/galactic_ws/install/odri_ros2_interfaces/share/odri_ros2_interfaces/msg/StateCommand.msg
[8.992s] -- Installing: /home/hidro/galactic_ws/install/odri_ros2_interfaces/share/ament_index/resource_index/package_run_dependencies/odri_ros2_interfaces
[8.993s] -- Installing: /home/hidro/galactic_ws/install/odri_ros2_interfaces/share/ament_index/resource_index/parent_prefix_path/odri_ros2_interfaces
[8.993s] -- Installing: /home/hidro/galactic_ws/install/odri_ros2_interfaces/share/odri_ros2_interfaces/environment/ament_prefix_path.sh
[8.993s] -- Installing: /home/hidro/galactic_ws/install/odri_ros2_interfaces/share/odri_ros2_interfaces/environment/ament_prefix_path.dsv
[8.993s] -- Installing: /home/hidro/galactic_ws/install/odri_ros2_interfaces/share/odri_ros2_interfaces/environment/path.sh
[8.994s] -- Installing: /home/hidro/galactic_ws/install/odri_ros2_interfaces/share/odri_ros2_interfaces/environment/path.dsv
[8.994s] -- Installing: /home/hidro/galactic_ws/install/odri_ros2_interfaces/share/odri_ros2_interfaces/local_setup.bash
[8.994s] -- Installing: /home/hidro/galactic_ws/install/odri_ros2_interfaces/share/odri_ros2_interfaces/local_setup.sh
[8.994s] -- Installing: /home/hidro/galactic_ws/install/odri_ros2_interfaces/share/odri_ros2_interfaces/local_setup.zsh
[8.995s] -- Installing: /home/hidro/galactic_ws/install/odri_ros2_interfaces/share/odri_ros2_interfaces/local_setup.dsv
[8.995s] -- Installing: /home/hidro/galactic_ws/install/odri_ros2_interfaces/share/odri_ros2_interfaces/package.dsv
[8.995s] -- Installing: /home/hidro/galactic_ws/install/odri_ros2_interfaces/share/ament_index/resource_index/packages/odri_ros2_interfaces
[8.995s] -- Installing: /home/hidro/galactic_ws/install/odri_ros2_interfaces/share/odri_ros2_interfaces/cmake/odri_ros2_interfaces__rosidl_generator_cExport.cmake
[8.996s] -- Installing: /home/hidro/galactic_ws/install/odri_ros2_interfaces/share/odri_ros2_interfaces/cmake/odri_ros2_interfaces__rosidl_generator_cExport-release.cmake
[8.996s] -- Installing: /home/hidro/galactic_ws/install/odri_ros2_interfaces/share/odri_ros2_interfaces/cmake/odri_ros2_interfaces__rosidl_typesupport_introspection_cExport.cmake
[8.996s] -- Installing: /home/hidro/galactic_ws/install/odri_ros2_interfaces/share/odri_ros2_interfaces/cmake/odri_ros2_interfaces__rosidl_typesupport_introspection_cExport-release.cmake
[8.996s] -- Installing: /home/hidro/galactic_ws/install/odri_ros2_interfaces/share/odri_ros2_interfaces/cmake/odri_ros2_interfaces__rosidl_typesupport_cExport.cmake
[8.997s] -- Installing: /home/hidro/galactic_ws/install/odri_ros2_interfaces/share/odri_ros2_interfaces/cmake/odri_ros2_interfaces__rosidl_typesupport_cExport-release.cmake
[8.997s] -- Installing: /home/hidro/galactic_ws/install/odri_ros2_interfaces/share/odri_ros2_interfaces/cmake/odri_ros2_interfaces__rosidl_generator_cppExport.cmake
[8.997s] -- Installing: /home/hidro/galactic_ws/install/odri_ros2_interfaces/share/odri_ros2_interfaces/cmake/odri_ros2_interfaces__rosidl_typesupport_introspection_cppExport.cmake
[8.998s] -- Installing: /home/hidro/galactic_ws/install/odri_ros2_interfaces/share/odri_ros2_interfaces/cmake/odri_ros2_interfaces__rosidl_typesupport_introspection_cppExport-release.cmake
[8.998s] -- Installing: /home/hidro/galactic_ws/install/odri_ros2_interfaces/share/odri_ros2_interfaces/cmake/odri_ros2_interfaces__rosidl_typesupport_cppExport.cmake
[8.998s] -- Installing: /home/hidro/galactic_ws/install/odri_ros2_interfaces/share/odri_ros2_interfaces/cmake/odri_ros2_interfaces__rosidl_typesupport_cppExport-release.cmake
[8.998s] -- Installing: /home/hidro/galactic_ws/install/odri_ros2_interfaces/share/odri_ros2_interfaces/cmake/rosidl_cmake-extras.cmake
[8.999s] -- Installing: /home/hidro/galactic_ws/install/odri_ros2_interfaces/share/odri_ros2_interfaces/cmake/ament_cmake_export_dependencies-extras.cmake
[8.999s] -- Installing: /home/hidro/galactic_ws/install/odri_ros2_interfaces/share/odri_ros2_interfaces/cmake/ament_cmake_export_libraries-extras.cmake
[8.999s] -- Installing: /home/hidro/galactic_ws/install/odri_ros2_interfaces/share/odri_ros2_interfaces/cmake/ament_cmake_export_targets-extras.cmake
[8.999s] -- Installing: /home/hidro/galactic_ws/install/odri_ros2_interfaces/share/odri_ros2_interfaces/cmake/ament_cmake_export_include_directories-extras.cmake
[9.000s] -- Installing: /home/hidro/galactic_ws/install/odri_ros2_interfaces/share/odri_ros2_interfaces/cmake/rosidl_cmake_export_typesupport_targets-extras.cmake
[9.000s] -- Installing: /home/hidro/galactic_ws/install/odri_ros2_interfaces/share/odri_ros2_interfaces/cmake/odri_ros2_interfacesConfig.cmake
[9.000s] -- Installing: /home/hidro/galactic_ws/install/odri_ros2_interfaces/share/odri_ros2_interfaces/cmake/odri_ros2_interfacesConfig-version.cmake
[9.000s] -- Installing: /home/hidro/galactic_ws/install/odri_ros2_interfaces/share/odri_ros2_interfaces/package.xml
[9.006s] Invoked command in '/home/hidro/galactic_ws/build/odri_ros2_interfaces' returned '0': CMAKE_PREFIX_PATH=${CMAKE_PREFIX_PATH}:/opt/ros/galactic /usr/bin/cmake --install /home/hidro/galactic_ws/build/odri_ros2_interfaces
