[0.036s] Invoking command in '/home/hidro/galactic_ws/build/vrpn_client_ros': CMAKE_PREFIX_PATH=${CMAKE_PREFIX_PATH}:/opt/ros/galactic /usr/bin/cmake --build /home/hidro/galactic_ws/build/vrpn_client_ros -- -j8 -l8
[0.134s] [ 33%] Built target vrpn_client_ros
[0.185s] [ 66%] Built target vrpn_client_node
[0.190s] [100%] Built target vrpn_tracker_node
[0.223s] Invoked command in '/home/hidro/galactic_ws/build/vrpn_client_ros' returned '0': CMAKE_PREFIX_PATH=${CMAKE_PREFIX_PATH}:/opt/ros/galactic /usr/bin/cmake --build /home/hidro/galactic_ws/build/vrpn_client_ros -- -j8 -l8
[0.269s] Invoking command in '/home/hidro/galactic_ws/build/vrpn_client_ros': CMAKE_PREFIX_PATH=${CMAKE_PREFIX_PATH}:/opt/ros/galactic /usr/bin/cmake --install /home/hidro/galactic_ws/build/vrpn_client_ros
[0.276s] -- Install configuration: "Release"
[0.276s] -- Up-to-date: /home/hidro/galactic_ws/install/vrpn_client_ros/share/vrpn_client_ros//launch
[0.277s] -- Up-to-date: /home/hidro/galactic_ws/install/vrpn_client_ros/share/vrpn_client_ros//launch/sample.launch.py
[0.277s] -- Up-to-date: /home/hidro/galactic_ws/install/vrpn_client_ros/share/vrpn_client_ros//config
[0.277s] -- Up-to-date: /home/hidro/galactic_ws/install/vrpn_client_ros/share/vrpn_client_ros//config/sample.params.yaml
[0.277s] -- Up-to-date: /home/hidro/galactic_ws/install/vrpn_client_ros/lib/libvrpn_client_ros.a
[0.277s] -- Up-to-date: /home/hidro/galactic_ws/install/vrpn_client_ros/lib/vrpn_client_ros/vrpn_tracker_node
[0.278s] -- Up-to-date: /home/hidro/galactic_ws/install/vrpn_client_ros/lib/vrpn_client_ros/vrpn_client_node
[0.278s] -- Up-to-date: /home/hidro/galactic_ws/install/vrpn_client_ros/share/ament_index/resource_index/package_run_dependencies/vrpn_client_ros
[0.278s] -- Up-to-date: /home/hidro/galactic_ws/install/vrpn_client_ros/share/ament_index/resource_index/parent_prefix_path/vrpn_client_ros
[0.278s] -- Up-to-date: /home/hidro/galactic_ws/install/vrpn_client_ros/share/vrpn_client_ros/environment/ament_prefix_path.sh
[0.278s] -- Up-to-date: /home/hidro/galactic_ws/install/vrpn_client_ros/share/vrpn_client_ros/environment/ament_prefix_path.dsv
[0.279s] -- Up-to-date: /home/hidro/galactic_ws/install/vrpn_client_ros/share/vrpn_client_ros/environment/path.sh
[0.279s] -- Up-to-date: /home/hidro/galactic_ws/install/vrpn_client_ros/share/vrpn_client_ros/environment/path.dsv
[0.279s] -- Up-to-date: /home/hidro/galactic_ws/install/vrpn_client_ros/share/vrpn_client_ros/local_setup.bash
[0.279s] -- Up-to-date: /home/hidro/galactic_ws/install/vrpn_client_ros/share/vrpn_client_ros/local_setup.sh
[0.279s] -- Up-to-date: /home/hidro/galactic_ws/install/vrpn_client_ros/share/vrpn_client_ros/local_setup.zsh
[0.280s] -- Up-to-date: /home/hidro/galactic_ws/install/vrpn_client_ros/share/vrpn_client_ros/local_setup.dsv
[0.280s] -- Installing: /home/hidro/galactic_ws/install/vrpn_client_ros/share/vrpn_client_ros/package.dsv
[0.280s] -- Up-to-date: /home/hidro/galactic_ws/install/vrpn_client_ros/share/ament_index/resource_index/packages/vrpn_client_ros
[0.280s] -- Up-to-date: /home/hidro/galactic_ws/install/vrpn_client_ros/share/vrpn_client_ros/cmake/vrpn_client_rosConfig.cmake
[0.280s] -- Up-to-date: /home/hidro/galactic_ws/install/vrpn_client_ros/share/vrpn_client_ros/cmake/vrpn_client_rosConfig-version.cmake
[0.280s] -- Up-to-date: /home/hidro/galactic_ws/install/vrpn_client_ros/share/vrpn_client_ros/package.xml
[0.284s] Invoked command in '/home/hidro/galactic_ws/build/vrpn_client_ros' returned '0': CMAKE_PREFIX_PATH=${CMAKE_PREFIX_PATH}:/opt/ros/galactic /usr/bin/cmake --install /home/hidro/galactic_ws/build/vrpn_client_ros
