-- The C compiler identification is GNU 9.4.0
-- The CXX compiler identification is GNU 9.4.0
-- Check for working C compiler: /usr/bin/cc
-- Check for working C compiler: /usr/bin/cc -- works
-- Detecting C compiler ABI info
-- Detecting C compiler ABI info - done
-- Detecting C compile features
-- Detecting C compile features - done
-- Check for working CXX compiler: /usr/bin/c++
-- Check for working CXX compiler: /usr/bin/c++ -- works
-- Detecting CXX compiler ABI info
-- Detecting CXX compiler ABI info - done
-- Detecting CXX compile features
-- Detecting CXX compile features - done
-- Found ament_cmake: 1.1.6 (/opt/ros/galactic/share/ament_cmake/cmake)
-- Found PythonInterp: /usr/bin/python3 (found suitable version "3.8.10", minimum required is "3") 
-- Using PYTHON_EXECUTABLE: /usr/bin/python3
-- Found rclcpp: 9.2.2 (/opt/ros/galactic/share/rclcpp/cmake)
-- Using single rosidl_typesupport_c: rosidl_typesupport_introspection_c
-- Found rosidl_adapter: 2.2.3 (/opt/ros/galactic/share/rosidl_adapter/cmake)
-- Using single rosidl_typesupport_cpp: rosidl_typesupport_introspection_cpp
-- Found rmw_implementation_cmake: 3.3.1 (/opt/ros/galactic/share/rmw_implementation_cmake/cmake)
-- Found rmw_cyclonedds_cpp: 0.22.6 (/opt/ros/galactic/share/rmw_cyclonedds_cpp/cmake)
-- Using RMW implementation 'rmw_cyclonedds_cpp' as default
-- Looking for pthread.h
-- Looking for pthread.h - found
-- Performing Test CMAKE_HAVE_LIBC_PTHREAD
-- Performing Test CMAKE_HAVE_LIBC_PTHREAD - Failed
-- Looking for pthread_create in pthreads
-- Looking for pthread_create in pthreads - not found
-- Looking for pthread_create in pthread
-- Looking for pthread_create in pthread - found
-- Found Threads: TRUE  
-- Found hidro_ros2_utils: 0.0.0 (/home/hidro/galactic_ws/install/hidro_ros2_utils/share/hidro_ros2_utils/cmake)
-- Found odri_ros2_interfaces: 0.0.0 (/home/hidro/galactic_ws/install/odri_ros2_interfaces/share/odri_ros2_interfaces/cmake)
-- Found ament_lint_auto: 0.10.7 (/opt/ros/galactic/share/ament_lint_auto/cmake)
-- Added test 'copyright' to check source files copyright and LICENSE
-- Added test 'cppcheck' to perform static code analysis on C / C++ code
-- Configured cppcheck include dirs: $<BUILD_INTERFACE:/home/hidro/galactic_ws/src/odri_ros2/odri_ros2_examples/include>
-- Configured cppcheck exclude dirs and/or files: 
-- Added test 'cpplint' to check C / C++ code against the Google style
-- Configured cpplint exclude dirs and/or files: 
-- Added test 'flake8' to check Python code syntax and style conventions
-- Added test 'lint_cmake' to check CMake code style
-- Added test 'pep257' to check Python code against some of the style conventions in PEP 257
-- Added test 'uncrustify' to check C / C++ code style
-- Configured uncrustify additional arguments: 
-- Added test 'xmllint' to check XML markup files
-- Configuring done
-- Generating done
-- Build files have been written to: /home/hidro/galactic_ws/build/odri_ros2_examples
[35m[1mScanning dependencies of target example_robot[0m
[ 50%] [32mBuilding CXX object CMakeFiles/example_robot.dir/src/example_robot.cpp.o[0m
[100%] [32m[1mLinking CXX executable example_robot[0m
[100%] Built target example_robot
-- Install configuration: "Release"
-- Installing: /home/hidro/galactic_ws/install/odri_ros2_examples/lib/odri_ros2_examples/example_robot
-- Set runtime path of "/home/hidro/galactic_ws/install/odri_ros2_examples/lib/odri_ros2_examples/example_robot" to ""
-- Up-to-date: /home/hidro/galactic_ws/install/odri_ros2_examples/lib/odri_ros2_examples/example_robot
-- Installing: /home/hidro/galactic_ws/install/odri_ros2_examples/share/odri_ros2_examples/launch
-- Installing: /home/hidro/galactic_ws/install/odri_ros2_examples/share/odri_ros2_examples/launch/example_robot.launch.py
-- Installing: /home/hidro/galactic_ws/install/odri_ros2_examples/share/ament_index/resource_index/package_run_dependencies/odri_ros2_examples
-- Installing: /home/hidro/galactic_ws/install/odri_ros2_examples/share/ament_index/resource_index/parent_prefix_path/odri_ros2_examples
-- Installing: /home/hidro/galactic_ws/install/odri_ros2_examples/share/odri_ros2_examples/environment/ament_prefix_path.sh
-- Installing: /home/hidro/galactic_ws/install/odri_ros2_examples/share/odri_ros2_examples/environment/ament_prefix_path.dsv
-- Installing: /home/hidro/galactic_ws/install/odri_ros2_examples/share/odri_ros2_examples/environment/path.sh
-- Installing: /home/hidro/galactic_ws/install/odri_ros2_examples/share/odri_ros2_examples/environment/path.dsv
-- Installing: /home/hidro/galactic_ws/install/odri_ros2_examples/share/odri_ros2_examples/local_setup.bash
-- Installing: /home/hidro/galactic_ws/install/odri_ros2_examples/share/odri_ros2_examples/local_setup.sh
-- Installing: /home/hidro/galactic_ws/install/odri_ros2_examples/share/odri_ros2_examples/local_setup.zsh
-- Installing: /home/hidro/galactic_ws/install/odri_ros2_examples/share/odri_ros2_examples/local_setup.dsv
-- Installing: /home/hidro/galactic_ws/install/odri_ros2_examples/share/odri_ros2_examples/package.dsv
-- Installing: /home/hidro/galactic_ws/install/odri_ros2_examples/share/ament_index/resource_index/packages/odri_ros2_examples
-- Installing: /home/hidro/galactic_ws/install/odri_ros2_examples/share/odri_ros2_examples/cmake/odri_ros2_examplesConfig.cmake
-- Installing: /home/hidro/galactic_ws/install/odri_ros2_examples/share/odri_ros2_examples/cmake/odri_ros2_examplesConfig-version.cmake
-- Installing: /home/hidro/galactic_ws/install/odri_ros2_examples/share/odri_ros2_examples/package.xml
