[0.016s] Invoking command in '/home/hidro/galactic_ws/build/odri_ros2_examples': AMENT_PREFIX_PATH=/home/hidro/galactic_ws/install/odri_ros2_hardware:/home/hidro/galactic_ws/install/odri_ros2_gazebo:/home/hidro/galactic_ws/install/odri_ros2_interfaces:/home/hidro/galactic_ws/install/hidro_ros2_utils CMAKE_PREFIX_PATH=/home/hidro/galactic_ws/install/odri_ros2_hardware:/home/hidro/galactic_ws/install/odri_ros2_gazebo:/home/hidro/galactic_ws/install/odri_ros2_interfaces:/home/hidro/galactic_ws/install/hidro_ros2_utils:/opt/openrobots:/opt/openrobots LD_LIBRARY_PATH=/home/hidro/galactic_ws/install/odri_ros2_gazebo/lib:/home/hidro/galactic_ws/install/odri_ros2_interfaces/lib:/home/hidro/galactic_ws/install/hidro_ros2_utils/lib:/opt/openrobots/lib:/usr/local/lib:/opt/openrobots/lib:/usr/local/lib PYTHONPATH=/home/hidro/galactic_ws/install/odri_ros2_interfaces/lib/python3.8/site-packages:/home/hidro/galactic_ws/install/hidro_ros2_utils/lib/python3.8/site-packages:/opt/openrobots/lib/python3.8/site-packages:/usr/local/lib/python3.8/site-packages:/opt/openrobots/lib/python3.8/site-packages:/usr/local/lib/python3.8/site-packages /usr/bin/cmake --build /home/hidro/galactic_ws/build/odri_ros2_examples -- -j8 -l8
[0.120s] [100%] Built target example_robot
[0.138s] Invoked command in '/home/hidro/galactic_ws/build/odri_ros2_examples' returned '0': AMENT_PREFIX_PATH=/home/hidro/galactic_ws/install/odri_ros2_hardware:/home/hidro/galactic_ws/install/odri_ros2_gazebo:/home/hidro/galactic_ws/install/odri_ros2_interfaces:/home/hidro/galactic_ws/install/hidro_ros2_utils CMAKE_PREFIX_PATH=/home/hidro/galactic_ws/install/odri_ros2_hardware:/home/hidro/galactic_ws/install/odri_ros2_gazebo:/home/hidro/galactic_ws/install/odri_ros2_interfaces:/home/hidro/galactic_ws/install/hidro_ros2_utils:/opt/openrobots:/opt/openrobots LD_LIBRARY_PATH=/home/hidro/galactic_ws/install/odri_ros2_gazebo/lib:/home/hidro/galactic_ws/install/odri_ros2_interfaces/lib:/home/hidro/galactic_ws/install/hidro_ros2_utils/lib:/opt/openrobots/lib:/usr/local/lib:/opt/openrobots/lib:/usr/local/lib PYTHONPATH=/home/hidro/galactic_ws/install/odri_ros2_interfaces/lib/python3.8/site-packages:/home/hidro/galactic_ws/install/hidro_ros2_utils/lib/python3.8/site-packages:/opt/openrobots/lib/python3.8/site-packages:/usr/local/lib/python3.8/site-packages:/opt/openrobots/lib/python3.8/site-packages:/usr/local/lib/python3.8/site-packages /usr/bin/cmake --build /home/hidro/galactic_ws/build/odri_ros2_examples -- -j8 -l8
[0.166s] Invoking command in '/home/hidro/galactic_ws/build/odri_ros2_examples': AMENT_PREFIX_PATH=/home/hidro/galactic_ws/install/odri_ros2_hardware:/home/hidro/galactic_ws/install/odri_ros2_gazebo:/home/hidro/galactic_ws/install/odri_ros2_interfaces:/home/hidro/galactic_ws/install/hidro_ros2_utils CMAKE_PREFIX_PATH=/home/hidro/galactic_ws/install/odri_ros2_hardware:/home/hidro/galactic_ws/install/odri_ros2_gazebo:/home/hidro/galactic_ws/install/odri_ros2_interfaces:/home/hidro/galactic_ws/install/hidro_ros2_utils:/opt/openrobots:/opt/openrobots LD_LIBRARY_PATH=/home/hidro/galactic_ws/install/odri_ros2_gazebo/lib:/home/hidro/galactic_ws/install/odri_ros2_interfaces/lib:/home/hidro/galactic_ws/install/hidro_ros2_utils/lib:/opt/openrobots/lib:/usr/local/lib:/opt/openrobots/lib:/usr/local/lib PYTHONPATH=/home/hidro/galactic_ws/install/odri_ros2_interfaces/lib/python3.8/site-packages:/home/hidro/galactic_ws/install/hidro_ros2_utils/lib/python3.8/site-packages:/opt/openrobots/lib/python3.8/site-packages:/usr/local/lib/python3.8/site-packages:/opt/openrobots/lib/python3.8/site-packages:/usr/local/lib/python3.8/site-packages /usr/bin/cmake --install /home/hidro/galactic_ws/build/odri_ros2_examples
[0.178s] -- Install configuration: "Release"
[0.182s] -- Up-to-date: /home/hidro/galactic_ws/install/odri_ros2_examples/lib/odri_ros2_examples/example_robot
[0.185s] -- Up-to-date: /home/hidro/galactic_ws/install/odri_ros2_examples/lib/odri_ros2_examples/example_robot
[0.187s] -- Up-to-date: /home/hidro/galactic_ws/install/odri_ros2_examples/share/odri_ros2_examples/launch
[0.188s] -- Up-to-date: /home/hidro/galactic_ws/install/odri_ros2_examples/share/odri_ros2_examples/launch/example_robot.launch.py
[0.189s] -- Up-to-date: /home/hidro/galactic_ws/install/odri_ros2_examples/share/ament_index/resource_index/package_run_dependencies/odri_ros2_examples
[0.190s] -- Up-to-date: /home/hidro/galactic_ws/install/odri_ros2_examples/share/ament_index/resource_index/parent_prefix_path/odri_ros2_examples
[0.191s] -- Up-to-date: /home/hidro/galactic_ws/install/odri_ros2_examples/share/odri_ros2_examples/environment/ament_prefix_path.sh
[0.191s] -- Up-to-date: /home/hidro/galactic_ws/install/odri_ros2_examples/share/odri_ros2_examples/environment/ament_prefix_path.dsv
[0.191s] -- Up-to-date: /home/hidro/galactic_ws/install/odri_ros2_examples/share/odri_ros2_examples/environment/path.sh
[0.192s] -- Up-to-date: /home/hidro/galactic_ws/install/odri_ros2_examples/share/odri_ros2_examples/environment/path.dsv
[0.192s] -- Up-to-date: /home/hidro/galactic_ws/install/odri_ros2_examples/share/odri_ros2_examples/local_setup.bash
[0.192s] -- Up-to-date: /home/hidro/galactic_ws/install/odri_ros2_examples/share/odri_ros2_examples/local_setup.sh
[0.192s] -- Up-to-date: /home/hidro/galactic_ws/install/odri_ros2_examples/share/odri_ros2_examples/local_setup.zsh
[0.193s] -- Up-to-date: /home/hidro/galactic_ws/install/odri_ros2_examples/share/odri_ros2_examples/local_setup.dsv
[0.193s] -- Installing: /home/hidro/galactic_ws/install/odri_ros2_examples/share/odri_ros2_examples/package.dsv
[0.193s] -- Up-to-date: /home/hidro/galactic_ws/install/odri_ros2_examples/share/ament_index/resource_index/packages/odri_ros2_examples
[0.194s] -- Up-to-date: /home/hidro/galactic_ws/install/odri_ros2_examples/share/odri_ros2_examples/cmake/odri_ros2_examplesConfig.cmake
[0.194s] -- Up-to-date: /home/hidro/galactic_ws/install/odri_ros2_examples/share/odri_ros2_examples/cmake/odri_ros2_examplesConfig-version.cmake
[0.195s] -- Up-to-date: /home/hidro/galactic_ws/install/odri_ros2_examples/share/odri_ros2_examples/package.xml
[0.203s] Invoked command in '/home/hidro/galactic_ws/build/odri_ros2_examples' returned '0': AMENT_PREFIX_PATH=/home/hidro/galactic_ws/install/odri_ros2_hardware:/home/hidro/galactic_ws/install/odri_ros2_gazebo:/home/hidro/galactic_ws/install/odri_ros2_interfaces:/home/hidro/galactic_ws/install/hidro_ros2_utils CMAKE_PREFIX_PATH=/home/hidro/galactic_ws/install/odri_ros2_hardware:/home/hidro/galactic_ws/install/odri_ros2_gazebo:/home/hidro/galactic_ws/install/odri_ros2_interfaces:/home/hidro/galactic_ws/install/hidro_ros2_utils:/opt/openrobots:/opt/openrobots LD_LIBRARY_PATH=/home/hidro/galactic_ws/install/odri_ros2_gazebo/lib:/home/hidro/galactic_ws/install/odri_ros2_interfaces/lib:/home/hidro/galactic_ws/install/hidro_ros2_utils/lib:/opt/openrobots/lib:/usr/local/lib:/opt/openrobots/lib:/usr/local/lib PYTHONPATH=/home/hidro/galactic_ws/install/odri_ros2_interfaces/lib/python3.8/site-packages:/home/hidro/galactic_ws/install/hidro_ros2_utils/lib/python3.8/site-packages:/opt/openrobots/lib/python3.8/site-packages:/usr/local/lib/python3.8/site-packages:/opt/openrobots/lib/python3.8/site-packages:/usr/local/lib/python3.8/site-packages /usr/bin/cmake --install /home/hidro/galactic_ws/build/odri_ros2_examples
