[0.033s] Invoking command in '/home/hidro/galactic_ws/build/vrpn_client_ros': CMAKE_PREFIX_PATH=${CMAKE_PREFIX_PATH}:/opt/ros/galactic /usr/bin/cmake /home/hidro/galactic_ws/src/vrpn_client_ros -DCMAKE_EXPORT_COMPILE_COMMANDS=ON -DCMAKE_BUILD_TYPE=Release -DCMAKE_INSTALL_PREFIX=/home/hidro/galactic_ws/install/vrpn_client_ros
[0.109s] -- The C compiler identification is GNU 9.4.0
[0.192s] -- The CXX compiler identification is GNU 9.4.0
[0.201s] -- Check for working C compiler: /usr/bin/cc
[0.287s] -- Check for working C compiler: /usr/bin/cc -- works
[0.288s] -- Detecting C compiler ABI info
[0.371s] -- Detecting C compiler ABI info - done
[0.390s] -- Detecting C compile features
[0.390s] -- Detecting C compile features - done
[0.394s] -- Check for working CXX compiler: /usr/bin/c++
[0.492s] -- Check for working CXX compiler: /usr/bin/c++ -- works
[0.494s] -- Detecting CXX compiler ABI info
[0.607s] -- Detecting CXX compiler ABI info - done
[0.630s] -- Detecting CXX compile features
[0.631s] -- Detecting CXX compile features - done
[0.635s] -- Found ament_cmake: 1.1.6 (/opt/ros/galactic/share/ament_cmake/cmake)
[0.658s] -- Found PythonInterp: /usr/bin/python3 (found suitable version "3.8.10", minimum required is "3") 
[0.658s] -- Using PYTHON_EXECUTABLE: /usr/bin/python3
[0.749s] -- Found quatlib: /usr/local/lib/libquat.a  
[0.751s] -- Looking for pthread.h
[0.835s] -- Looking for pthread.h - found
[0.835s] -- Performing Test CMAKE_HAVE_LIBC_PTHREAD
[0.939s] -- Performing Test CMAKE_HAVE_LIBC_PTHREAD - Failed
[0.939s] -- Looking for pthread_create in pthreads
[1.032s] -- Looking for pthread_create in pthreads - not found
[1.032s] -- Looking for pthread_create in pthread
[1.109s] -- Looking for pthread_create in pthread - found
[1.110s] -- Found Threads: TRUE  
[1.111s] -- Found VRPN: /usr/local/lib/libvrpn.a  
[1.112s] -- Found rclcpp: 9.2.2 (/opt/ros/galactic/share/rclcpp/cmake)
[1.155s] -- Using single rosidl_typesupport_c: rosidl_typesupport_introspection_c
[1.164s] -- Found rosidl_adapter: 2.2.3 (/opt/ros/galactic/share/rosidl_adapter/cmake)
[1.185s] -- Using single rosidl_typesupport_cpp: rosidl_typesupport_introspection_cpp
[1.253s] -- Found rmw_implementation_cmake: 3.3.1 (/opt/ros/galactic/share/rmw_implementation_cmake/cmake)
[1.256s] -- Found rmw_cyclonedds_cpp: 0.22.6 (/opt/ros/galactic/share/rmw_cyclonedds_cpp/cmake)
[1.275s] -- Using RMW implementation 'rmw_cyclonedds_cpp' as default
[1.422s] -- Found geometry_msgs: 2.2.4 (/opt/ros/galactic/share/geometry_msgs/cmake)
[1.457s] -- Found tf2: 0.17.5 (/opt/ros/galactic/share/tf2/cmake)
[1.468s] -- Found tf2_ros: 0.17.5 (/opt/ros/galactic/share/tf2_ros/cmake)
[1.807s] -- Found tf2_kdl: 0.17.5 (/opt/ros/galactic/share/tf2_kdl/cmake)
[1.818s] -- Found eigen3_cmake_module: 0.1.1 (/opt/ros/galactic/share/eigen3_cmake_module/cmake)
[1.821s] -- Found Eigen3: TRUE (found version "3.3.7") 
[1.829s] -- Found tf2_geometry_msgs: 0.17.5 (/opt/ros/galactic/share/tf2_geometry_msgs/cmake)
[1.861s] -- Found ament_lint_auto: 0.10.7 (/opt/ros/galactic/share/ament_lint_auto/cmake)
[2.027s] -- Added test 'copyright' to check source files copyright and LICENSE
[2.027s] -- Added test 'cppcheck' to perform static code analysis on C / C++ code
[2.028s] -- Configured cppcheck include dirs: /home/hidro/galactic_ws/src/vrpn_client_ros/include
[2.028s] -- Configured cppcheck exclude dirs and/or files: 
[2.032s] -- Added test 'cpplint' to check C / C++ code against the Google style
[2.032s] -- Configured cpplint exclude dirs and/or files: 
[2.033s] -- Added test 'flake8' to check Python code syntax and style conventions
[2.035s] -- Added test 'lint_cmake' to check CMake code style
[2.036s] -- Added test 'pep257' to check Python code against some of the style conventions in PEP 257
[2.040s] -- Added test 'uncrustify' to check C / C++ code style
[2.040s] -- Configured uncrustify additional arguments: 
[2.041s] -- Added test 'xmllint' to check XML markup files
[2.046s] -- Configuring done
[2.086s] -- Generating done
[2.090s] -- Build files have been written to: /home/hidro/galactic_ws/build/vrpn_client_ros
[2.101s] Invoked command in '/home/hidro/galactic_ws/build/vrpn_client_ros' returned '0': CMAKE_PREFIX_PATH=${CMAKE_PREFIX_PATH}:/opt/ros/galactic /usr/bin/cmake /home/hidro/galactic_ws/src/vrpn_client_ros -DCMAKE_EXPORT_COMPILE_COMMANDS=ON -DCMAKE_BUILD_TYPE=Release -DCMAKE_INSTALL_PREFIX=/home/hidro/galactic_ws/install/vrpn_client_ros
[2.104s] Invoking command in '/home/hidro/galactic_ws/build/vrpn_client_ros': CMAKE_PREFIX_PATH=${CMAKE_PREFIX_PATH}:/opt/ros/galactic /usr/bin/cmake --build /home/hidro/galactic_ws/build/vrpn_client_ros -- -j8 -l8
[2.151s] [35m[1mScanning dependencies of target vrpn_client_ros[0m
[2.209s] [ 16%] [32mBuilding CXX object CMakeFiles/vrpn_client_ros.dir/src/vrpn_client_ros.cpp.o[0m
[12.426s] [ 33%] [32m[1mLinking CXX static library libvrpn_client_ros.a[0m
[12.465s] [ 33%] Built target vrpn_client_ros
[12.475s] [35m[1mScanning dependencies of target vrpn_tracker_node[0m
[12.475s] [35m[1mScanning dependencies of target vrpn_client_node[0m
[12.538s] [ 66%] [32mBuilding CXX object CMakeFiles/vrpn_tracker_node.dir/src/vrpn_tracker_node.cpp.o[0m
[12.538s] [ 66%] [32mBuilding CXX object CMakeFiles/vrpn_client_node.dir/src/vrpn_client_node.cpp.o[0m
[15.188s] [ 83%] [32m[1mLinking CXX executable vrpn_client_node[0m
[15.284s] [100%] [32m[1mLinking CXX executable vrpn_tracker_node[0m
[15.391s] [100%] Built target vrpn_client_node
[15.502s] [100%] Built target vrpn_tracker_node
[15.517s] Invoked command in '/home/hidro/galactic_ws/build/vrpn_client_ros' returned '0': CMAKE_PREFIX_PATH=${CMAKE_PREFIX_PATH}:/opt/ros/galactic /usr/bin/cmake --build /home/hidro/galactic_ws/build/vrpn_client_ros -- -j8 -l8
[15.551s] Invoking command in '/home/hidro/galactic_ws/build/vrpn_client_ros': CMAKE_PREFIX_PATH=${CMAKE_PREFIX_PATH}:/opt/ros/galactic /usr/bin/cmake --install /home/hidro/galactic_ws/build/vrpn_client_ros
[15.560s] -- Install configuration: "Release"
[15.560s] -- Installing: /home/hidro/galactic_ws/install/vrpn_client_ros/share/vrpn_client_ros//launch
[15.561s] -- Installing: /home/hidro/galactic_ws/install/vrpn_client_ros/share/vrpn_client_ros//launch/sample.launch.py
[15.561s] -- Installing: /home/hidro/galactic_ws/install/vrpn_client_ros/share/vrpn_client_ros//config
[15.561s] -- Installing: /home/hidro/galactic_ws/install/vrpn_client_ros/share/vrpn_client_ros//config/sample.params.yaml
[15.561s] -- Installing: /home/hidro/galactic_ws/install/vrpn_client_ros/lib/libvrpn_client_ros.a
[15.562s] -- Installing: /home/hidro/galactic_ws/install/vrpn_client_ros/lib/vrpn_client_ros/vrpn_tracker_node
[15.563s] -- Set runtime path of "/home/hidro/galactic_ws/install/vrpn_client_ros/lib/vrpn_client_ros/vrpn_tracker_node" to ""
[15.563s] -- Installing: /home/hidro/galactic_ws/install/vrpn_client_ros/lib/vrpn_client_ros/vrpn_client_node
[15.564s] -- Set runtime path of "/home/hidro/galactic_ws/install/vrpn_client_ros/lib/vrpn_client_ros/vrpn_client_node" to ""
[15.564s] -- Installing: /home/hidro/galactic_ws/install/vrpn_client_ros/share/ament_index/resource_index/package_run_dependencies/vrpn_client_ros
[15.565s] -- Installing: /home/hidro/galactic_ws/install/vrpn_client_ros/share/ament_index/resource_index/parent_prefix_path/vrpn_client_ros
[15.565s] -- Installing: /home/hidro/galactic_ws/install/vrpn_client_ros/share/vrpn_client_ros/environment/ament_prefix_path.sh
[15.565s] -- Installing: /home/hidro/galactic_ws/install/vrpn_client_ros/share/vrpn_client_ros/environment/ament_prefix_path.dsv
[15.565s] -- Installing: /home/hidro/galactic_ws/install/vrpn_client_ros/share/vrpn_client_ros/environment/path.sh
[15.565s] -- Installing: /home/hidro/galactic_ws/install/vrpn_client_ros/share/vrpn_client_ros/environment/path.dsv
[15.566s] -- Installing: /home/hidro/galactic_ws/install/vrpn_client_ros/share/vrpn_client_ros/local_setup.bash
[15.566s] -- Installing: /home/hidro/galactic_ws/install/vrpn_client_ros/share/vrpn_client_ros/local_setup.sh
[15.566s] -- Installing: /home/hidro/galactic_ws/install/vrpn_client_ros/share/vrpn_client_ros/local_setup.zsh
[15.566s] -- Installing: /home/hidro/galactic_ws/install/vrpn_client_ros/share/vrpn_client_ros/local_setup.dsv
[15.566s] -- Installing: /home/hidro/galactic_ws/install/vrpn_client_ros/share/vrpn_client_ros/package.dsv
[15.566s] -- Installing: /home/hidro/galactic_ws/install/vrpn_client_ros/share/ament_index/resource_index/packages/vrpn_client_ros
[15.567s] -- Installing: /home/hidro/galactic_ws/install/vrpn_client_ros/share/vrpn_client_ros/cmake/vrpn_client_rosConfig.cmake
[15.567s] -- Installing: /home/hidro/galactic_ws/install/vrpn_client_ros/share/vrpn_client_ros/cmake/vrpn_client_rosConfig-version.cmake
[15.567s] -- Installing: /home/hidro/galactic_ws/install/vrpn_client_ros/share/vrpn_client_ros/package.xml
[15.572s] Invoked command in '/home/hidro/galactic_ws/build/vrpn_client_ros' returned '0': CMAKE_PREFIX_PATH=${CMAKE_PREFIX_PATH}:/opt/ros/galactic /usr/bin/cmake --install /home/hidro/galactic_ws/build/vrpn_client_ros
